<?xml version="1.0" encoding="UTF-8"?>
<!DOCTYPE coverage SYSTEM "https://raw.githubusercontent.com/cobertura/cobertura/master/cobertura/src/site/htdocs/xml/coverage-04.dtd">
<coverage line-rate="0.953438831405965" branch-rate="0" lines-covered="3133" lines-valid="3286" branches-covered="0" branches-valid="0" complexity="0" version="3.6.4" timestamp="2024-08-20 00:23:55.307237">
  <sources>
    <source>/__w/cardx/cardx/cardx</source>
  </sources>
  <packages>
    <package name="cardx" line-rate="0.953438831405965" branch-rate="0" complexity="0">
      <classes>
        <class name="ard_aod_wald_test.R" filename="R/ard_aod_wald_test.R" line-rate="0.897435897435897" branch-rate="0" complexity="0">
          <methods>
            <method name="ard_aod_wald_test" signature="" line-rate="0.891891891891892" branch-rate="0" complexity="0">
              <lines>
                <line number="18" hits="1" branch="false"/>
                <line number="19" hits="1" branch="false"/>
                <line number="22" hits="1" branch="false"/>
                <line number="25" hits="1" branch="false"/>
                <line number="28" hits="1" branch="false"/>
                <line number="29" hits="1" branch="false"/>
                <line number="30" hits="1" branch="false"/>
                <line number="31" hits="1" branch="false"/>
                <line number="32" hits="1" branch="false"/>
                <line number="33" hits="1" branch="false"/>
                <line number="34" hits="1" branch="false"/>
                <line number="35" hits="1" branch="false"/>
                <line number="36" hits="1" branch="false"/>
                <line number="38" hits="1" branch="false"/>
                <line number="39" hits="0" branch="false"/>
                <line number="40" hits="0" branch="false"/>
                <line number="41" hits="0" branch="false"/>
                <line number="42" hits="0" branch="false"/>
                <line number="43" hits="0" branch="false"/>
                <line number="44" hits="0" branch="false"/>
                <line number="46" hits="1" branch="false"/>
                <line number="47" hits="1" branch="false"/>
                <line number="48" hits="1" branch="false"/>
                <line number="49" hits="1" branch="false"/>
                <line number="50" hits="1" branch="false"/>
                <line number="51" hits="1" branch="false"/>
                <line number="52" hits="1" branch="false"/>
                <line number="53" hits="1" branch="false"/>
                <line number="54" hits="1" branch="false"/>
                <line number="55" hits="1" branch="false"/>
                <line number="56" hits="1" branch="false"/>
                <line number="57" hits="1" branch="false"/>
                <line number="58" hits="1" branch="false"/>
                <line number="60" hits="1" branch="false"/>
                <line number="61" hits="1" branch="false"/>
                <line number="62" hits="1" branch="false"/>
                <line number="63" hits="1" branch="false"/>
                <line number="64" hits="1" branch="false"/>
                <line number="65" hits="1" branch="false"/>
                <line number="66" hits="1" branch="false"/>
                <line number="69" hits="1" branch="false"/>
                <line number="71" hits="1" branch="false"/>
                <line number="72" hits="1" branch="false"/>
                <line number="73" hits="1" branch="false"/>
                <line number="74" hits="1" branch="false"/>
                <line number="75" hits="1" branch="false"/>
                <line number="76" hits="1" branch="false"/>
                <line number="77" hits="1" branch="false"/>
                <line number="78" hits="1" branch="false"/>
                <line number="79" hits="1" branch="false"/>
                <line number="80" hits="1" branch="false"/>
                <line number="81" hits="1" branch="false"/>
                <line number="82" hits="1" branch="false"/>
                <line number="83" hits="1" branch="false"/>
                <line number="84" hits="1" branch="false"/>
                <line number="85" hits="1" branch="false"/>
                <line number="86" hits="1" branch="false"/>
                <line number="87" hits="1" branch="false"/>
                <line number="88" hits="1" branch="false"/>
                <line number="89" hits="1" branch="false"/>
                <line number="90" hits="1" branch="false"/>
                <line number="91" hits="1" branch="false"/>
                <line number="92" hits="1" branch="false"/>
                <line number="94" hits="0" branch="false"/>
                <line number="95" hits="1" branch="false"/>
                <line number="97" hits="0" branch="false"/>
                <line number="98" hits="1" branch="false"/>
                <line number="99" hits="1" branch="false"/>
                <line number="100" hits="1" branch="false"/>
                <line number="101" hits="1" branch="false"/>
                <line number="102" hits="1" branch="false"/>
                <line number="103" hits="1" branch="false"/>
                <line number="104" hits="1" branch="false"/>
                <line number="105" hits="1" branch="false"/>
              </lines>
            </method>
            <method name=".extract_wald_results" signature="" line-rate="1" branch-rate="0" complexity="0">
              <lines>
                <line number="115" hits="2" branch="false"/>
                <line number="116" hits="2" branch="false"/>
                <line number="117" hits="2" branch="false"/>
                <line number="118" hits="2" branch="false"/>
              </lines>
            </method>
          </methods>
          <lines>
            <line number="18" hits="1" branch="false"/>
            <line number="19" hits="1" branch="false"/>
            <line number="22" hits="1" branch="false"/>
            <line number="25" hits="1" branch="false"/>
            <line number="28" hits="1" branch="false"/>
            <line number="29" hits="1" branch="false"/>
            <line number="30" hits="1" branch="false"/>
            <line number="31" hits="1" branch="false"/>
            <line number="32" hits="1" branch="false"/>
            <line number="33" hits="1" branch="false"/>
            <line number="34" hits="1" branch="false"/>
            <line number="35" hits="1" branch="false"/>
            <line number="36" hits="1" branch="false"/>
            <line number="38" hits="1" branch="false"/>
            <line number="39" hits="0" branch="false"/>
            <line number="40" hits="0" branch="false"/>
            <line number="41" hits="0" branch="false"/>
            <line number="42" hits="0" branch="false"/>
            <line number="43" hits="0" branch="false"/>
            <line number="44" hits="0" branch="false"/>
            <line number="46" hits="1" branch="false"/>
            <line number="47" hits="1" branch="false"/>
            <line number="48" hits="1" branch="false"/>
            <line number="49" hits="1" branch="false"/>
            <line number="50" hits="1" branch="false"/>
            <line number="51" hits="1" branch="false"/>
            <line number="52" hits="1" branch="false"/>
            <line number="53" hits="1" branch="false"/>
            <line number="54" hits="1" branch="false"/>
            <line number="55" hits="1" branch="false"/>
            <line number="56" hits="1" branch="false"/>
            <line number="57" hits="1" branch="false"/>
            <line number="58" hits="1" branch="false"/>
            <line number="60" hits="1" branch="false"/>
            <line number="61" hits="1" branch="false"/>
            <line number="62" hits="1" branch="false"/>
            <line number="63" hits="1" branch="false"/>
            <line number="64" hits="1" branch="false"/>
            <line number="65" hits="1" branch="false"/>
            <line number="66" hits="1" branch="false"/>
            <line number="69" hits="1" branch="false"/>
            <line number="71" hits="1" branch="false"/>
            <line number="72" hits="1" branch="false"/>
            <line number="73" hits="1" branch="false"/>
            <line number="74" hits="1" branch="false"/>
            <line number="75" hits="1" branch="false"/>
            <line number="76" hits="1" branch="false"/>
            <line number="77" hits="1" branch="false"/>
            <line number="78" hits="1" branch="false"/>
            <line number="79" hits="1" branch="false"/>
            <line number="80" hits="1" branch="false"/>
            <line number="81" hits="1" branch="false"/>
            <line number="82" hits="1" branch="false"/>
            <line number="83" hits="1" branch="false"/>
            <line number="84" hits="1" branch="false"/>
            <line number="85" hits="1" branch="false"/>
            <line number="86" hits="1" branch="false"/>
            <line number="87" hits="1" branch="false"/>
            <line number="88" hits="1" branch="false"/>
            <line number="89" hits="1" branch="false"/>
            <line number="90" hits="1" branch="false"/>
            <line number="91" hits="1" branch="false"/>
            <line number="92" hits="1" branch="false"/>
            <line number="94" hits="0" branch="false"/>
            <line number="95" hits="1" branch="false"/>
            <line number="97" hits="0" branch="false"/>
            <line number="98" hits="1" branch="false"/>
            <line number="99" hits="1" branch="false"/>
            <line number="100" hits="1" branch="false"/>
            <line number="101" hits="1" branch="false"/>
            <line number="102" hits="1" branch="false"/>
            <line number="103" hits="1" branch="false"/>
            <line number="104" hits="1" branch="false"/>
            <line number="105" hits="1" branch="false"/>
            <line number="115" hits="2" branch="false"/>
            <line number="116" hits="2" branch="false"/>
            <line number="117" hits="2" branch="false"/>
            <line number="118" hits="2" branch="false"/>
          </lines>
        </class>
        <class name="ard_attributes.survey.design.R" filename="R/ard_attributes.survey.design.R" line-rate="1" branch-rate="0" complexity="0">
          <methods>
            <method name="ard_attributes.survey.design" signature="" line-rate="1" branch-rate="0" complexity="0">
              <lines>
                <line number="34" hits="1" branch="false"/>
                <line number="36" hits="1" branch="false"/>
              </lines>
            </method>
          </methods>
          <lines>
            <line number="34" hits="1" branch="false"/>
            <line number="36" hits="1" branch="false"/>
          </lines>
        </class>
        <class name="ard_car_anova.R" filename="R/ard_car_anova.R" line-rate="0.955555555555556" branch-rate="0" complexity="0">
          <methods>
            <method name="ard_car_anova" signature="" line-rate="0.955555555555556" branch-rate="0" complexity="0">
              <lines>
                <line number="18" hits="2" branch="false"/>
                <line number="21" hits="2" branch="false"/>
                <line number="24" hits="2" branch="false"/>
                <line number="27" hits="2" branch="false"/>
                <line number="29" hits="2" branch="false"/>
                <line number="30" hits="1" branch="false"/>
                <line number="31" hits="1" branch="false"/>
                <line number="32" hits="1" branch="false"/>
                <line number="33" hits="1" branch="false"/>
                <line number="34" hits="1" branch="false"/>
                <line number="35" hits="1" branch="false"/>
                <line number="36" hits="1" branch="false"/>
                <line number="39" hits="1" branch="false"/>
                <line number="40" hits="1" branch="false"/>
                <line number="41" hits="1" branch="false"/>
                <line number="42" hits="1" branch="false"/>
                <line number="43" hits="1" branch="false"/>
                <line number="44" hits="1" branch="false"/>
                <line number="45" hits="1" branch="false"/>
                <line number="46" hits="1" branch="false"/>
                <line number="47" hits="1" branch="false"/>
                <line number="48" hits="1" branch="false"/>
                <line number="49" hits="1" branch="false"/>
                <line number="50" hits="1" branch="false"/>
                <line number="51" hits="1" branch="false"/>
                <line number="52" hits="1" branch="false"/>
                <line number="53" hits="1" branch="false"/>
                <line number="54" hits="1" branch="false"/>
                <line number="55" hits="1" branch="false"/>
                <line number="56" hits="1" branch="false"/>
                <line number="57" hits="1" branch="false"/>
                <line number="58" hits="1" branch="false"/>
                <line number="59" hits="1" branch="false"/>
                <line number="60" hits="1" branch="false"/>
                <line number="62" hits="0" branch="false"/>
                <line number="63" hits="1" branch="false"/>
                <line number="65" hits="0" branch="false"/>
                <line number="66" hits="1" branch="false"/>
                <line number="67" hits="1" branch="false"/>
                <line number="68" hits="1" branch="false"/>
                <line number="69" hits="1" branch="false"/>
                <line number="70" hits="1" branch="false"/>
                <line number="71" hits="1" branch="false"/>
                <line number="72" hits="1" branch="false"/>
                <line number="73" hits="1" branch="false"/>
              </lines>
            </method>
          </methods>
          <lines>
            <line number="18" hits="2" branch="false"/>
            <line number="21" hits="2" branch="false"/>
            <line number="24" hits="2" branch="false"/>
            <line number="27" hits="2" branch="false"/>
            <line number="29" hits="2" branch="false"/>
            <line number="30" hits="1" branch="false"/>
            <line number="31" hits="1" branch="false"/>
            <line number="32" hits="1" branch="false"/>
            <line number="33" hits="1" branch="false"/>
            <line number="34" hits="1" branch="false"/>
            <line number="35" hits="1" branch="false"/>
            <line number="36" hits="1" branch="false"/>
            <line number="39" hits="1" branch="false"/>
            <line number="40" hits="1" branch="false"/>
            <line number="41" hits="1" branch="false"/>
            <line number="42" hits="1" branch="false"/>
            <line number="43" hits="1" branch="false"/>
            <line number="44" hits="1" branch="false"/>
            <line number="45" hits="1" branch="false"/>
            <line number="46" hits="1" branch="false"/>
            <line number="47" hits="1" branch="false"/>
            <line number="48" hits="1" branch="false"/>
            <line number="49" hits="1" branch="false"/>
            <line number="50" hits="1" branch="false"/>
            <line number="51" hits="1" branch="false"/>
            <line number="52" hits="1" branch="false"/>
            <line number="53" hits="1" branch="false"/>
            <line number="54" hits="1" branch="false"/>
            <line number="55" hits="1" branch="false"/>
            <line number="56" hits="1" branch="false"/>
            <line number="57" hits="1" branch="false"/>
            <line number="58" hits="1" branch="false"/>
            <line number="59" hits="1" branch="false"/>
            <line number="60" hits="1" branch="false"/>
            <line number="62" hits="0" branch="false"/>
            <line number="63" hits="1" branch="false"/>
            <line number="65" hits="0" branch="false"/>
            <line number="66" hits="1" branch="false"/>
            <line number="67" hits="1" branch="false"/>
            <line number="68" hits="1" branch="false"/>
            <line number="69" hits="1" branch="false"/>
            <line number="70" hits="1" branch="false"/>
            <line number="71" hits="1" branch="false"/>
            <line number="72" hits="1" branch="false"/>
            <line number="73" hits="1" branch="false"/>
          </lines>
        </class>
        <class name="ard_car_vif.R" filename="R/ard_car_vif.R" line-rate="0.967213114754098" branch-rate="0" complexity="0">
          <methods>
            <method name="ard_car_vif" signature="" line-rate="0.967213114754098" branch-rate="0" complexity="0">
              <lines>
                <line number="21" hits="3" branch="false"/>
                <line number="24" hits="3" branch="false"/>
                <line number="27" hits="3" branch="false"/>
                <line number="29" hits="3" branch="false"/>
                <line number="32" hits="3" branch="false"/>
                <line number="34" hits="2" branch="false"/>
                <line number="36" hits="2" branch="false"/>
                <line number="37" hits="1" branch="false"/>
                <line number="38" hits="1" branch="false"/>
                <line number="39" hits="1" branch="false"/>
                <line number="40" hits="1" branch="false"/>
                <line number="42" hits="1" branch="false"/>
                <line number="43" hits="1" branch="false"/>
                <line number="44" hits="1" branch="false"/>
                <line number="45" hits="1" branch="false"/>
                <line number="46" hits="1" branch="false"/>
                <line number="47" hits="1" branch="false"/>
                <line number="48" hits="1" branch="false"/>
                <line number="51" hits="1" branch="false"/>
                <line number="52" hits="0" branch="false"/>
                <line number="55" hits="1" branch="false"/>
                <line number="56" hits="1" branch="false"/>
                <line number="57" hits="1" branch="false"/>
                <line number="58" hits="1" branch="false"/>
                <line number="59" hits="1" branch="false"/>
                <line number="60" hits="1" branch="false"/>
                <line number="61" hits="1" branch="false"/>
                <line number="62" hits="1" branch="false"/>
                <line number="63" hits="1" branch="false"/>
                <line number="64" hits="1" branch="false"/>
                <line number="68" hits="2" branch="false"/>
                <line number="69" hits="2" branch="false"/>
                <line number="70" hits="2" branch="false"/>
                <line number="71" hits="2" branch="false"/>
                <line number="72" hits="2" branch="false"/>
                <line number="73" hits="2" branch="false"/>
                <line number="74" hits="2" branch="false"/>
                <line number="75" hits="2" branch="false"/>
                <line number="76" hits="2" branch="false"/>
                <line number="77" hits="2" branch="false"/>
                <line number="78" hits="2" branch="false"/>
                <line number="79" hits="2" branch="false"/>
                <line number="80" hits="2" branch="false"/>
                <line number="81" hits="2" branch="false"/>
                <line number="82" hits="2" branch="false"/>
                <line number="83" hits="2" branch="false"/>
                <line number="84" hits="2" branch="false"/>
                <line number="86" hits="0" branch="false"/>
                <line number="87" hits="2" branch="false"/>
                <line number="89" hits="2" branch="false"/>
                <line number="90" hits="2" branch="false"/>
                <line number="91" hits="2" branch="false"/>
                <line number="92" hits="2" branch="false"/>
                <line number="95" hits="2" branch="false"/>
                <line number="96" hits="2" branch="false"/>
                <line number="97" hits="2" branch="false"/>
                <line number="98" hits="2" branch="false"/>
                <line number="99" hits="2" branch="false"/>
                <line number="102" hits="2" branch="false"/>
                <line number="103" hits="2" branch="false"/>
                <line number="104" hits="2" branch="false"/>
              </lines>
            </method>
          </methods>
          <lines>
            <line number="21" hits="3" branch="false"/>
            <line number="24" hits="3" branch="false"/>
            <line number="27" hits="3" branch="false"/>
            <line number="29" hits="3" branch="false"/>
            <line number="32" hits="3" branch="false"/>
            <line number="34" hits="2" branch="false"/>
            <line number="36" hits="2" branch="false"/>
            <line number="37" hits="1" branch="false"/>
            <line number="38" hits="1" branch="false"/>
            <line number="39" hits="1" branch="false"/>
            <line number="40" hits="1" branch="false"/>
            <line number="42" hits="1" branch="false"/>
            <line number="43" hits="1" branch="false"/>
            <line number="44" hits="1" branch="false"/>
            <line number="45" hits="1" branch="false"/>
            <line number="46" hits="1" branch="false"/>
            <line number="47" hits="1" branch="false"/>
            <line number="48" hits="1" branch="false"/>
            <line number="51" hits="1" branch="false"/>
            <line number="52" hits="0" branch="false"/>
            <line number="55" hits="1" branch="false"/>
            <line number="56" hits="1" branch="false"/>
            <line number="57" hits="1" branch="false"/>
            <line number="58" hits="1" branch="false"/>
            <line number="59" hits="1" branch="false"/>
            <line number="60" hits="1" branch="false"/>
            <line number="61" hits="1" branch="false"/>
            <line number="62" hits="1" branch="false"/>
            <line number="63" hits="1" branch="false"/>
            <line number="64" hits="1" branch="false"/>
            <line number="68" hits="2" branch="false"/>
            <line number="69" hits="2" branch="false"/>
            <line number="70" hits="2" branch="false"/>
            <line number="71" hits="2" branch="false"/>
            <line number="72" hits="2" branch="false"/>
            <line number="73" hits="2" branch="false"/>
            <line number="74" hits="2" branch="false"/>
            <line number="75" hits="2" branch="false"/>
            <line number="76" hits="2" branch="false"/>
            <line number="77" hits="2" branch="false"/>
            <line number="78" hits="2" branch="false"/>
            <line number="79" hits="2" branch="false"/>
            <line number="80" hits="2" branch="false"/>
            <line number="81" hits="2" branch="false"/>
            <line number="82" hits="2" branch="false"/>
            <line number="83" hits="2" branch="false"/>
            <line number="84" hits="2" branch="false"/>
            <line number="86" hits="0" branch="false"/>
            <line number="87" hits="2" branch="false"/>
            <line number="89" hits="2" branch="false"/>
            <line number="90" hits="2" branch="false"/>
            <line number="91" hits="2" branch="false"/>
            <line number="92" hits="2" branch="false"/>
            <line number="95" hits="2" branch="false"/>
            <line number="96" hits="2" branch="false"/>
            <line number="97" hits="2" branch="false"/>
            <line number="98" hits="2" branch="false"/>
            <line number="99" hits="2" branch="false"/>
            <line number="102" hits="2" branch="false"/>
            <line number="103" hits="2" branch="false"/>
            <line number="104" hits="2" branch="false"/>
          </lines>
        </class>
        <class name="ard_categorical_ci.R" filename="R/ard_categorical_ci.R" line-rate="0.946236559139785" branch-rate="0" complexity="0">
          <methods>
            <method name="ard_categorical_ci" signature="" line-rate="1" branch-rate="0" complexity="0">
              <lines>
                <line number="41" hits="22" branch="false"/>
                <line number="42" hits="22" branch="false"/>
              </lines>
            </method>
            <method name="ard_categorical_ci.data.frame" signature="" line-rate="1" branch-rate="0" complexity="0">
              <lines>
                <line number="62" hits="10" branch="false"/>
                <line number="63" hits="10" branch="false"/>
                <line number="66" hits="10" branch="false"/>
                <line number="69" hits="10" branch="false"/>
                <line number="70" hits="10" branch="false"/>
                <line number="71" hits="10" branch="false"/>
                <line number="72" hits="1" branch="false"/>
                <line number="73" hits="1" branch="false"/>
                <line number="75" hits="10" branch="false"/>
                <line number="76" hits="10" branch="false"/>
                <line number="77" hits="10" branch="false"/>
                <line number="78" hits="10" branch="false"/>
                <line number="81" hits="10" branch="false"/>
                <line number="82" hits="10" branch="false"/>
                <line number="83" hits="10" branch="false"/>
                <line number="84" hits="10" branch="false"/>
                <line number="86" hits="10" branch="false"/>
                <line number="87" hits="10" branch="false"/>
                <line number="88" hits="10" branch="false"/>
                <line number="89" hits="10" branch="false"/>
                <line number="90" hits="10" branch="false"/>
                <line number="91" hits="10" branch="false"/>
                <line number="92" hits="10" branch="false"/>
                <line number="93" hits="10" branch="false"/>
                <line number="94" hits="10" branch="false"/>
                <line number="95" hits="10" branch="false"/>
                <line number="97" hits="10" branch="false"/>
                <line number="98" hits="10" branch="false"/>
                <line number="99" hits="10" branch="false"/>
                <line number="100" hits="10" branch="false"/>
                <line number="101" hits="10" branch="false"/>
                <line number="102" hits="10" branch="false"/>
                <line number="104" hits="10" branch="false"/>
                <line number="105" hits="10" branch="false"/>
                <line number="106" hits="10" branch="false"/>
                <line number="107" hits="10" branch="false"/>
                <line number="108" hits="10" branch="false"/>
              </lines>
            </method>
            <method name=".calculate_ard_proportion" signature="" line-rate="0.857142857142857" branch-rate="0" complexity="0">
              <lines>
                <line number="112" hits="17" branch="false"/>
                <line number="113" hits="17" branch="false"/>
                <line number="114" hits="17" branch="false"/>
                <line number="115" hits="17" branch="false"/>
                <line number="116" hits="17" branch="false"/>
                <line number="117" hits="17" branch="false"/>
                <line number="118" hits="17" branch="false"/>
                <line number="119" hits="17" branch="false"/>
                <line number="120" hits="17" branch="false"/>
                <line number="121" hits="17" branch="false"/>
                <line number="122" hits="17" branch="false"/>
                <line number="123" hits="17" branch="false"/>
                <line number="124" hits="17" branch="false"/>
                <line number="125" hits="17" branch="false"/>
                <line number="126" hits="17" branch="false"/>
                <line number="127" hits="17" branch="false"/>
                <line number="128" hits="0" branch="false"/>
                <line number="129" hits="0" branch="false"/>
                <line number="130" hits="0" branch="false"/>
                <line number="131" hits="0" branch="false"/>
                <line number="132" hits="0" branch="false"/>
                <line number="133" hits="17" branch="false"/>
                <line number="134" hits="17" branch="false"/>
                <line number="135" hits="1" branch="false"/>
                <line number="136" hits="1" branch="false"/>
                <line number="137" hits="1" branch="false"/>
                <line number="138" hits="1" branch="false"/>
                <line number="139" hits="1" branch="false"/>
                <line number="140" hits="17" branch="false"/>
                <line number="141" hits="17" branch="false"/>
                <line number="142" hits="17" branch="false"/>
                <line number="143" hits="17" branch="false"/>
                <line number="144" hits="17" branch="false"/>
                <line number="145" hits="17" branch="false"/>
                <line number="146" hits="17" branch="false"/>
              </lines>
            </method>
            <method name=".unique_values_sort" signature="" line-rate="1" branch-rate="0" complexity="0">
              <lines>
                <line number="150" hits="233" branch="false"/>
                <line number="152" hits="233" branch="false"/>
                <line number="153" hits="233" branch="false"/>
                <line number="154" hits="233" branch="false"/>
                <line number="157" hits="233" branch="false"/>
                <line number="158" hits="1" branch="false"/>
                <line number="159" hits="1" branch="false"/>
                <line number="160" hits="1" branch="false"/>
                <line number="161" hits="1" branch="false"/>
                <line number="162" hits="1" branch="false"/>
                <line number="163" hits="1" branch="false"/>
                <line number="164" hits="1" branch="false"/>
                <line number="166" hits="233" branch="false"/>
                <line number="167" hits="16" branch="false"/>
                <line number="170" hits="233" branch="false"/>
              </lines>
            </method>
            <method name=".as_dummy" signature="" line-rate="1" branch-rate="0" complexity="0">
              <lines>
                <line number="175" hits="17" branch="false"/>
                <line number="176" hits="17" branch="false"/>
                <line number="177" hits="17" branch="false"/>
                <line number="178" hits="17" branch="false"/>
              </lines>
            </method>
          </methods>
          <lines>
            <line number="41" hits="22" branch="false"/>
            <line number="42" hits="22" branch="false"/>
            <line number="62" hits="10" branch="false"/>
            <line number="63" hits="10" branch="false"/>
            <line number="66" hits="10" branch="false"/>
            <line number="69" hits="10" branch="false"/>
            <line number="70" hits="10" branch="false"/>
            <line number="71" hits="10" branch="false"/>
            <line number="72" hits="1" branch="false"/>
            <line number="73" hits="1" branch="false"/>
            <line number="75" hits="10" branch="false"/>
            <line number="76" hits="10" branch="false"/>
            <line number="77" hits="10" branch="false"/>
            <line number="78" hits="10" branch="false"/>
            <line number="81" hits="10" branch="false"/>
            <line number="82" hits="10" branch="false"/>
            <line number="83" hits="10" branch="false"/>
            <line number="84" hits="10" branch="false"/>
            <line number="86" hits="10" branch="false"/>
            <line number="87" hits="10" branch="false"/>
            <line number="88" hits="10" branch="false"/>
            <line number="89" hits="10" branch="false"/>
            <line number="90" hits="10" branch="false"/>
            <line number="91" hits="10" branch="false"/>
            <line number="92" hits="10" branch="false"/>
            <line number="93" hits="10" branch="false"/>
            <line number="94" hits="10" branch="false"/>
            <line number="95" hits="10" branch="false"/>
            <line number="97" hits="10" branch="false"/>
            <line number="98" hits="10" branch="false"/>
            <line number="99" hits="10" branch="false"/>
            <line number="100" hits="10" branch="false"/>
            <line number="101" hits="10" branch="false"/>
            <line number="102" hits="10" branch="false"/>
            <line number="104" hits="10" branch="false"/>
            <line number="105" hits="10" branch="false"/>
            <line number="106" hits="10" branch="false"/>
            <line number="107" hits="10" branch="false"/>
            <line number="108" hits="10" branch="false"/>
            <line number="112" hits="17" branch="false"/>
            <line number="113" hits="17" branch="false"/>
            <line number="114" hits="17" branch="false"/>
            <line number="115" hits="17" branch="false"/>
            <line number="116" hits="17" branch="false"/>
            <line number="117" hits="17" branch="false"/>
            <line number="118" hits="17" branch="false"/>
            <line number="119" hits="17" branch="false"/>
            <line number="120" hits="17" branch="false"/>
            <line number="121" hits="17" branch="false"/>
            <line number="122" hits="17" branch="false"/>
            <line number="123" hits="17" branch="false"/>
            <line number="124" hits="17" branch="false"/>
            <line number="125" hits="17" branch="false"/>
            <line number="126" hits="17" branch="false"/>
            <line number="127" hits="17" branch="false"/>
            <line number="128" hits="0" branch="false"/>
            <line number="129" hits="0" branch="false"/>
            <line number="130" hits="0" branch="false"/>
            <line number="131" hits="0" branch="false"/>
            <line number="132" hits="0" branch="false"/>
            <line number="133" hits="17" branch="false"/>
            <line number="134" hits="17" branch="false"/>
            <line number="135" hits="1" branch="false"/>
            <line number="136" hits="1" branch="false"/>
            <line number="137" hits="1" branch="false"/>
            <line number="138" hits="1" branch="false"/>
            <line number="139" hits="1" branch="false"/>
            <line number="140" hits="17" branch="false"/>
            <line number="141" hits="17" branch="false"/>
            <line number="142" hits="17" branch="false"/>
            <line number="143" hits="17" branch="false"/>
            <line number="144" hits="17" branch="false"/>
            <line number="145" hits="17" branch="false"/>
            <line number="146" hits="17" branch="false"/>
            <line number="150" hits="233" branch="false"/>
            <line number="152" hits="233" branch="false"/>
            <line number="153" hits="233" branch="false"/>
            <line number="154" hits="233" branch="false"/>
            <line number="157" hits="233" branch="false"/>
            <line number="158" hits="1" branch="false"/>
            <line number="159" hits="1" branch="false"/>
            <line number="160" hits="1" branch="false"/>
            <line number="161" hits="1" branch="false"/>
            <line number="162" hits="1" branch="false"/>
            <line number="163" hits="1" branch="false"/>
            <line number="164" hits="1" branch="false"/>
            <line number="166" hits="233" branch="false"/>
            <line number="167" hits="16" branch="false"/>
            <line number="170" hits="233" branch="false"/>
            <line number="175" hits="17" branch="false"/>
            <line number="176" hits="17" branch="false"/>
            <line number="177" hits="17" branch="false"/>
            <line number="178" hits="17" branch="false"/>
          </lines>
        </class>
        <class name="ard_categorical_ci.survey.design.R" filename="R/ard_categorical_ci.survey.design.R" line-rate="0.976377952755906" branch-rate="0" complexity="0">
          <methods>
            <method name="ard_categorical_ci.survey.design" signature="" line-rate="1" branch-rate="0" complexity="0">
              <lines>
                <line number="32" hits="12" branch="false"/>
                <line number="33" hits="12" branch="false"/>
                <line number="36" hits="12" branch="false"/>
                <line number="37" hits="12" branch="false"/>
                <line number="38" hits="12" branch="false"/>
                <line number="40" hits="12" branch="false"/>
                <line number="41" hits="12" branch="false"/>
                <line number="42" hits="12" branch="false"/>
                <line number="43" hits="12" branch="false"/>
                <line number="44" hits="12" branch="false"/>
                <line number="45" hits="12" branch="false"/>
                <line number="46" hits="12" branch="false"/>
                <line number="47" hits="12" branch="false"/>
                <line number="48" hits="12" branch="false"/>
                <line number="49" hits="12" branch="false"/>
                <line number="50" hits="12" branch="false"/>
                <line number="51" hits="12" branch="false"/>
                <line number="54" hits="12" branch="false"/>
                <line number="55" hits="12" branch="false"/>
                <line number="56" hits="12" branch="false"/>
                <line number="57" hits="12" branch="false"/>
                <line number="58" hits="12" branch="false"/>
                <line number="59" hits="12" branch="false"/>
                <line number="60" hits="12" branch="false"/>
                <line number="61" hits="12" branch="false"/>
                <line number="62" hits="12" branch="false"/>
                <line number="63" hits="12" branch="false"/>
                <line number="64" hits="12" branch="false"/>
              </lines>
            </method>
            <method name=".calculate_ard_onesample_survey_ci" signature="" line-rate="1" branch-rate="0" complexity="0">
              <lines>
                <line number="69" hits="1" branch="false"/>
                <line number="72" hits="11" branch="false"/>
                <line number="73" hits="11" branch="false"/>
                <line number="74" hits="11" branch="false"/>
                <line number="75" hits="11" branch="false"/>
                <line number="76" hits="11" branch="false"/>
                <line number="77" hits="11" branch="false"/>
                <line number="78" hits="11" branch="false"/>
                <line number="79" hits="11" branch="false"/>
                <line number="80" hits="11" branch="false"/>
                <line number="81" hits="11" branch="false"/>
                <line number="82" hits="11" branch="false"/>
                <line number="83" hits="11" branch="false"/>
                <line number="84" hits="11" branch="false"/>
                <line number="85" hits="11" branch="false"/>
                <line number="86" hits="11" branch="false"/>
              </lines>
            </method>
            <method name=".calculate_one_ard_categorical_survey_ci" signature="" line-rate="0.966101694915254" branch-rate="0" complexity="0">
              <lines>
                <line number="90" hits="18" branch="false"/>
                <line number="91" hits="18" branch="false"/>
                <line number="92" hits="6" branch="false"/>
                <line number="93" hits="6" branch="false"/>
                <line number="94" hits="6" branch="false"/>
                <line number="95" hits="6" branch="false"/>
                <line number="96" hits="6" branch="false"/>
                <line number="97" hits="6" branch="false"/>
                <line number="98" hits="6" branch="false"/>
                <line number="101" hits="18" branch="false"/>
                <line number="102" hits="18" branch="false"/>
                <line number="103" hits="18" branch="false"/>
                <line number="104" hits="18" branch="false"/>
                <line number="105" hits="18" branch="false"/>
                <line number="106" hits="18" branch="false"/>
                <line number="107" hits="18" branch="false"/>
                <line number="108" hits="18" branch="false"/>
                <line number="109" hits="18" branch="false"/>
                <line number="110" hits="18" branch="false"/>
                <line number="111" hits="18" branch="false"/>
                <line number="112" hits="18" branch="false"/>
                <line number="113" hits="18" branch="false"/>
                <line number="114" hits="18" branch="false"/>
                <line number="115" hits="18" branch="false"/>
                <line number="116" hits="18" branch="false"/>
                <line number="117" hits="18" branch="false"/>
                <line number="118" hits="18" branch="false"/>
                <line number="119" hits="18" branch="false"/>
                <line number="120" hits="18" branch="false"/>
                <line number="121" hits="18" branch="false"/>
                <line number="122" hits="18" branch="false"/>
                <line number="123" hits="18" branch="false"/>
                <line number="124" hits="18" branch="false"/>
                <line number="125" hits="18" branch="false"/>
                <line number="126" hits="18" branch="false"/>
                <line number="127" hits="18" branch="false"/>
                <line number="128" hits="18" branch="false"/>
                <line number="129" hits="18" branch="false"/>
                <line number="130" hits="18" branch="false"/>
                <line number="131" hits="18" branch="false"/>
                <line number="132" hits="18" branch="false"/>
                <line number="133" hits="18" branch="false"/>
                <line number="134" hits="18" branch="false"/>
                <line number="135" hits="18" branch="false"/>
                <line number="136" hits="18" branch="false"/>
                <line number="137" hits="18" branch="false"/>
                <line number="138" hits="18" branch="false"/>
                <line number="139" hits="18" branch="false"/>
                <line number="140" hits="18" branch="false"/>
                <line number="141" hits="18" branch="false"/>
                <line number="142" hits="18" branch="false"/>
                <line number="143" hits="18" branch="false"/>
                <line number="144" hits="18" branch="false"/>
                <line number="145" hits="18" branch="false"/>
                <line number="146" hits="18" branch="false"/>
                <line number="149" hits="18" branch="false"/>
                <line number="150" hits="0" branch="false"/>
                <line number="151" hits="0" branch="false"/>
                <line number="154" hits="18" branch="false"/>
              </lines>
            </method>
            <method name=".svyciprop_wrapper" signature="" line-rate="0.947368421052632" branch-rate="0" complexity="0">
              <lines>
                <line number="159" hits="48" branch="false"/>
                <line number="160" hits="48" branch="false"/>
                <line number="161" hits="48" branch="false"/>
                <line number="162" hits="48" branch="false"/>
                <line number="163" hits="48" branch="false"/>
                <line number="164" hits="48" branch="false"/>
                <line number="165" hits="48" branch="false"/>
                <line number="166" hits="48" branch="false"/>
                <line number="167" hits="48" branch="false"/>
                <line number="168" hits="48" branch="false"/>
                <line number="169" hits="48" branch="false"/>
                <line number="170" hits="48" branch="false"/>
                <line number="171" hits="48" branch="false"/>
                <line number="172" hits="48" branch="false"/>
                <line number="173" hits="48" branch="false"/>
                <line number="176" hits="48" branch="false"/>
                <line number="177" hits="0" branch="false"/>
                <line number="181" hits="48" branch="false"/>
                <line number="184" hits="48" branch="false"/>
              </lines>
            </method>
            <method name="case_switch" signature="" line-rate="1" branch-rate="0" complexity="0">
              <lines>
                <line number="189" hits="668" branch="false"/>
                <line number="191" hits="668" branch="false"/>
                <line number="192" hits="873" branch="false"/>
                <line number="193" hits="539" branch="false"/>
                <line number="197" hits="129" branch="false"/>
              </lines>
            </method>
          </methods>
          <lines>
            <line number="32" hits="12" branch="false"/>
            <line number="33" hits="12" branch="false"/>
            <line number="36" hits="12" branch="false"/>
            <line number="37" hits="12" branch="false"/>
            <line number="38" hits="12" branch="false"/>
            <line number="40" hits="12" branch="false"/>
            <line number="41" hits="12" branch="false"/>
            <line number="42" hits="12" branch="false"/>
            <line number="43" hits="12" branch="false"/>
            <line number="44" hits="12" branch="false"/>
            <line number="45" hits="12" branch="false"/>
            <line number="46" hits="12" branch="false"/>
            <line number="47" hits="12" branch="false"/>
            <line number="48" hits="12" branch="false"/>
            <line number="49" hits="12" branch="false"/>
            <line number="50" hits="12" branch="false"/>
            <line number="51" hits="12" branch="false"/>
            <line number="54" hits="12" branch="false"/>
            <line number="55" hits="12" branch="false"/>
            <line number="56" hits="12" branch="false"/>
            <line number="57" hits="12" branch="false"/>
            <line number="58" hits="12" branch="false"/>
            <line number="59" hits="12" branch="false"/>
            <line number="60" hits="12" branch="false"/>
            <line number="61" hits="12" branch="false"/>
            <line number="62" hits="12" branch="false"/>
            <line number="63" hits="12" branch="false"/>
            <line number="64" hits="12" branch="false"/>
            <line number="69" hits="1" branch="false"/>
            <line number="72" hits="11" branch="false"/>
            <line number="73" hits="11" branch="false"/>
            <line number="74" hits="11" branch="false"/>
            <line number="75" hits="11" branch="false"/>
            <line number="76" hits="11" branch="false"/>
            <line number="77" hits="11" branch="false"/>
            <line number="78" hits="11" branch="false"/>
            <line number="79" hits="11" branch="false"/>
            <line number="80" hits="11" branch="false"/>
            <line number="81" hits="11" branch="false"/>
            <line number="82" hits="11" branch="false"/>
            <line number="83" hits="11" branch="false"/>
            <line number="84" hits="11" branch="false"/>
            <line number="85" hits="11" branch="false"/>
            <line number="86" hits="11" branch="false"/>
            <line number="90" hits="18" branch="false"/>
            <line number="91" hits="18" branch="false"/>
            <line number="92" hits="6" branch="false"/>
            <line number="93" hits="6" branch="false"/>
            <line number="94" hits="6" branch="false"/>
            <line number="95" hits="6" branch="false"/>
            <line number="96" hits="6" branch="false"/>
            <line number="97" hits="6" branch="false"/>
            <line number="98" hits="6" branch="false"/>
            <line number="101" hits="18" branch="false"/>
            <line number="102" hits="18" branch="false"/>
            <line number="103" hits="18" branch="false"/>
            <line number="104" hits="18" branch="false"/>
            <line number="105" hits="18" branch="false"/>
            <line number="106" hits="18" branch="false"/>
            <line number="107" hits="18" branch="false"/>
            <line number="108" hits="18" branch="false"/>
            <line number="109" hits="18" branch="false"/>
            <line number="110" hits="18" branch="false"/>
            <line number="111" hits="18" branch="false"/>
            <line number="112" hits="18" branch="false"/>
            <line number="113" hits="18" branch="false"/>
            <line number="114" hits="18" branch="false"/>
            <line number="115" hits="18" branch="false"/>
            <line number="116" hits="18" branch="false"/>
            <line number="117" hits="18" branch="false"/>
            <line number="118" hits="18" branch="false"/>
            <line number="119" hits="18" branch="false"/>
            <line number="120" hits="18" branch="false"/>
            <line number="121" hits="18" branch="false"/>
            <line number="122" hits="18" branch="false"/>
            <line number="123" hits="18" branch="false"/>
            <line number="124" hits="18" branch="false"/>
            <line number="125" hits="18" branch="false"/>
            <line number="126" hits="18" branch="false"/>
            <line number="127" hits="18" branch="false"/>
            <line number="128" hits="18" branch="false"/>
            <line number="129" hits="18" branch="false"/>
            <line number="130" hits="18" branch="false"/>
            <line number="131" hits="18" branch="false"/>
            <line number="132" hits="18" branch="false"/>
            <line number="133" hits="18" branch="false"/>
            <line number="134" hits="18" branch="false"/>
            <line number="135" hits="18" branch="false"/>
            <line number="136" hits="18" branch="false"/>
            <line number="137" hits="18" branch="false"/>
            <line number="138" hits="18" branch="false"/>
            <line number="139" hits="18" branch="false"/>
            <line number="140" hits="18" branch="false"/>
            <line number="141" hits="18" branch="false"/>
            <line number="142" hits="18" branch="false"/>
            <line number="143" hits="18" branch="false"/>
            <line number="144" hits="18" branch="false"/>
            <line number="145" hits="18" branch="false"/>
            <line number="146" hits="18" branch="false"/>
            <line number="149" hits="18" branch="false"/>
            <line number="150" hits="0" branch="false"/>
            <line number="151" hits="0" branch="false"/>
            <line number="154" hits="18" branch="false"/>
            <line number="159" hits="48" branch="false"/>
            <line number="160" hits="48" branch="false"/>
            <line number="161" hits="48" branch="false"/>
            <line number="162" hits="48" branch="false"/>
            <line number="163" hits="48" branch="false"/>
            <line number="164" hits="48" branch="false"/>
            <line number="165" hits="48" branch="false"/>
            <line number="166" hits="48" branch="false"/>
            <line number="167" hits="48" branch="false"/>
            <line number="168" hits="48" branch="false"/>
            <line number="169" hits="48" branch="false"/>
            <line number="170" hits="48" branch="false"/>
            <line number="171" hits="48" branch="false"/>
            <line number="172" hits="48" branch="false"/>
            <line number="173" hits="48" branch="false"/>
            <line number="176" hits="48" branch="false"/>
            <line number="177" hits="0" branch="false"/>
            <line number="181" hits="48" branch="false"/>
            <line number="184" hits="48" branch="false"/>
            <line number="189" hits="668" branch="false"/>
            <line number="191" hits="668" branch="false"/>
            <line number="192" hits="873" branch="false"/>
            <line number="193" hits="539" branch="false"/>
            <line number="197" hits="129" branch="false"/>
          </lines>
        </class>
        <class name="ard_categorical.survey.design.R" filename="R/ard_categorical.survey.design.R" line-rate="0.96640826873385" branch-rate="0" complexity="0">
          <methods>
            <method name="ard_categorical.survey.design" signature="" line-rate="0.948717948717949" branch-rate="0" complexity="0">
              <lines>
                <line number="60" hits="71" branch="false"/>
                <line number="61" hits="71" branch="false"/>
                <line number="62" hits="71" branch="false"/>
                <line number="63" hits="71" branch="false"/>
                <line number="66" hits="71" branch="false"/>
                <line number="67" hits="71" branch="false"/>
                <line number="68" hits="71" branch="false"/>
                <line number="69" hits="71" branch="false"/>
                <line number="70" hits="71" branch="false"/>
                <line number="71" hits="71" branch="false"/>
                <line number="72" hits="71" branch="false"/>
                <line number="73" hits="71" branch="false"/>
                <line number="76" hits="0" branch="false"/>
                <line number="78" hits="71" branch="false"/>
                <line number="80" hits="71" branch="false"/>
                <line number="81" hits="71" branch="false"/>
                <line number="82" hits="71" branch="false"/>
                <line number="83" hits="71" branch="false"/>
                <line number="84" hits="71" branch="false"/>
                <line number="85" hits="71" branch="false"/>
                <line number="86" hits="71" branch="false"/>
                <line number="87" hits="71" branch="false"/>
                <line number="88" hits="71" branch="false"/>
                <line number="89" hits="71" branch="false"/>
                <line number="90" hits="71" branch="false"/>
                <line number="91" hits="71" branch="false"/>
                <line number="92" hits="71" branch="false"/>
                <line number="93" hits="71" branch="false"/>
                <line number="94" hits="71" branch="false"/>
                <line number="95" hits="71" branch="false"/>
                <line number="96" hits="71" branch="false"/>
                <line number="97" hits="71" branch="false"/>
                <line number="98" hits="71" branch="false"/>
                <line number="101" hits="71" branch="false"/>
                <line number="102" hits="0" branch="false"/>
                <line number="106" hits="71" branch="false"/>
                <line number="107" hits="71" branch="false"/>
                <line number="108" hits="71" branch="false"/>
                <line number="109" hits="71" branch="false"/>
                <line number="110" hits="1" branch="false"/>
                <line number="111" hits="1" branch="false"/>
                <line number="112" hits="1" branch="false"/>
                <line number="113" hits="1" branch="false"/>
                <line number="114" hits="1" branch="false"/>
                <line number="115" hits="1" branch="false"/>
                <line number="116" hits="71" branch="false"/>
                <line number="117" hits="71" branch="false"/>
                <line number="118" hits="71" branch="false"/>
                <line number="121" hits="70" branch="false"/>
                <line number="122" hits="1" branch="false"/>
                <line number="123" hits="1" branch="false"/>
                <line number="124" hits="1" branch="false"/>
                <line number="125" hits="1" branch="false"/>
                <line number="128" hits="69" branch="false"/>
                <line number="129" hits="0" branch="false"/>
                <line number="130" hits="0" branch="false"/>
                <line number="131" hits="0" branch="false"/>
                <line number="132" hits="0" branch="false"/>
                <line number="139" hits="69" branch="false"/>
                <line number="142" hits="69" branch="false"/>
                <line number="145" hits="69" branch="false"/>
                <line number="146" hits="69" branch="false"/>
                <line number="148" hits="69" branch="false"/>
                <line number="149" hits="69" branch="false"/>
                <line number="150" hits="69" branch="false"/>
                <line number="151" hits="69" branch="false"/>
                <line number="153" hits="69" branch="false"/>
                <line number="154" hits="69" branch="false"/>
                <line number="155" hits="69" branch="false"/>
                <line number="156" hits="69" branch="false"/>
                <line number="157" hits="69" branch="false"/>
                <line number="158" hits="69" branch="false"/>
                <line number="160" hits="69" branch="false"/>
                <line number="161" hits="69" branch="false"/>
                <line number="162" hits="69" branch="false"/>
                <line number="163" hits="69" branch="false"/>
                <line number="166" hits="69" branch="false"/>
                <line number="167" hits="69" branch="false"/>
                <line number="168" hits="69" branch="false"/>
                <line number="169" hits="69" branch="false"/>
                <line number="170" hits="69" branch="false"/>
                <line number="171" hits="69" branch="false"/>
                <line number="172" hits="69" branch="false"/>
                <line number="174" hits="69" branch="false"/>
                <line number="175" hits="69" branch="false"/>
                <line number="176" hits="69" branch="false"/>
                <line number="177" hits="69" branch="false"/>
                <line number="178" hits="69" branch="false"/>
                <line number="179" hits="69" branch="false"/>
                <line number="180" hits="69" branch="false"/>
                <line number="181" hits="69" branch="false"/>
                <line number="182" hits="69" branch="false"/>
                <line number="183" hits="69" branch="false"/>
                <line number="184" hits="69" branch="false"/>
                <line number="185" hits="69" branch="false"/>
                <line number="188" hits="69" branch="false"/>
                <line number="189" hits="69" branch="false"/>
                <line number="190" hits="69" branch="false"/>
                <line number="191" hits="69" branch="false"/>
                <line number="192" hits="69" branch="false"/>
                <line number="193" hits="69" branch="false"/>
                <line number="196" hits="69" branch="false"/>
                <line number="197" hits="69" branch="false"/>
                <line number="198" hits="69" branch="false"/>
                <line number="199" hits="69" branch="false"/>
                <line number="200" hits="69" branch="false"/>
                <line number="201" hits="69" branch="false"/>
                <line number="202" hits="69" branch="false"/>
                <line number="205" hits="69" branch="false"/>
                <line number="206" hits="69" branch="false"/>
                <line number="207" hits="69" branch="false"/>
                <line number="208" hits="69" branch="false"/>
                <line number="209" hits="69" branch="false"/>
                <line number="210" hits="69" branch="false"/>
                <line number="211" hits="69" branch="false"/>
                <line number="212" hits="69" branch="false"/>
                <line number="213" hits="69" branch="false"/>
              </lines>
            </method>
            <method name="check_na_factor_levels" signature="" line-rate="0.636363636363636" branch-rate="0" complexity="0">
              <lines>
                <line number="218" hits="119" branch="false"/>
                <line number="219" hits="119" branch="false"/>
                <line number="220" hits="119" branch="false"/>
                <line number="221" hits="119" branch="false"/>
                <line number="222" hits="0" branch="false"/>
                <line number="223" hits="0" branch="false"/>
                <line number="224" hits="0" branch="false"/>
                <line number="225" hits="0" branch="false"/>
                <line number="226" hits="119" branch="false"/>
                <line number="227" hits="119" branch="false"/>
                <line number="228" hits="119" branch="false"/>
              </lines>
            </method>
            <method name=".svytable_rate_stats" signature="" line-rate="0.981481481481482" branch-rate="0" complexity="0">
              <lines>
                <line number="233" hits="52" branch="false"/>
                <line number="234" hits="69" branch="false"/>
                <line number="235" hits="6" branch="false"/>
                <line number="236" hits="6" branch="false"/>
                <line number="237" hits="6" branch="false"/>
                <line number="238" hits="6" branch="false"/>
                <line number="239" hits="6" branch="false"/>
                <line number="241" hits="69" branch="false"/>
                <line number="242" hits="9" branch="false"/>
                <line number="244" hits="69" branch="false"/>
                <line number="245" hits="3" branch="false"/>
                <line number="248" hits="69" branch="false"/>
                <line number="249" hits="69" branch="false"/>
                <line number="250" hits="69" branch="false"/>
                <line number="252" hits="69" branch="false"/>
                <line number="253" hits="6" branch="false"/>
                <line number="254" hits="69" branch="false"/>
                <line number="257" hits="69" branch="false"/>
                <line number="258" hits="69" branch="false"/>
                <line number="259" hits="6" branch="false"/>
                <line number="260" hits="6" branch="false"/>
                <line number="261" hits="6" branch="false"/>
                <line number="262" hits="6" branch="false"/>
                <line number="263" hits="6" branch="false"/>
                <line number="264" hits="69" branch="false"/>
                <line number="265" hits="69" branch="false"/>
                <line number="266" hits="18" branch="false"/>
                <line number="267" hits="69" branch="false"/>
                <line number="268" hits="69" branch="false"/>
                <line number="269" hits="0" branch="false"/>
                <line number="270" hits="69" branch="false"/>
                <line number="273" hits="69" branch="false"/>
                <line number="274" hits="69" branch="false"/>
                <line number="276" hits="69" branch="false"/>
                <line number="277" hits="69" branch="false"/>
                <line number="279" hits="69" branch="false"/>
                <line number="280" hits="69" branch="false"/>
                <line number="282" hits="69" branch="false"/>
                <line number="283" hits="69" branch="false"/>
                <line number="285" hits="69" branch="false"/>
                <line number="286" hits="69" branch="false"/>
                <line number="288" hits="69" branch="false"/>
                <line number="289" hits="69" branch="false"/>
                <line number="290" hits="69" branch="false"/>
                <line number="293" hits="69" branch="false"/>
                <line number="294" hits="6" branch="false"/>
                <line number="295" hits="69" branch="false"/>
                <line number="296" hits="69" branch="false"/>
                <line number="297" hits="12" branch="false"/>
                <line number="298" hits="69" branch="false"/>
                <line number="300" hits="69" branch="false"/>
                <line number="301" hits="69" branch="false"/>
                <line number="302" hits="69" branch="false"/>
                <line number="303" hits="69" branch="false"/>
              </lines>
            </method>
            <method name=".one_svytable_rates_no_by_row" signature="" line-rate="1" branch-rate="0" complexity="0">
              <lines>
                <line number="307" hits="10" branch="false"/>
                <line number="308" hits="10" branch="false"/>
                <line number="309" hits="10" branch="false"/>
                <line number="310" hits="10" branch="false"/>
                <line number="311" hits="10" branch="false"/>
                <line number="312" hits="10" branch="false"/>
                <line number="313" hits="10" branch="false"/>
              </lines>
            </method>
            <method name=".one_svytable_rates_no_by_column_and_cell" signature="" line-rate="1" branch-rate="0" complexity="0">
              <lines>
                <line number="317" hits="23" branch="false"/>
                <line number="318" hits="23" branch="false"/>
                <line number="319" hits="23" branch="false"/>
                <line number="320" hits="23" branch="false"/>
                <line number="321" hits="23" branch="false"/>
                <line number="322" hits="23" branch="false"/>
                <line number="323" hits="23" branch="false"/>
              </lines>
            </method>
            <method name=".one_svytable_rates_by_cell" signature="" line-rate="1" branch-rate="0" complexity="0">
              <lines>
                <line number="327" hits="20" branch="false"/>
                <line number="328" hits="20" branch="false"/>
                <line number="329" hits="20" branch="false"/>
                <line number="330" hits="20" branch="false"/>
                <line number="331" hits="20" branch="false"/>
                <line number="332" hits="20" branch="false"/>
                <line number="334" hits="20" branch="false"/>
                <line number="335" hits="20" branch="false"/>
                <line number="336" hits="20" branch="false"/>
                <line number="337" hits="20" branch="false"/>
                <line number="338" hits="20" branch="false"/>
                <line number="339" hits="20" branch="false"/>
                <line number="340" hits="20" branch="false"/>
                <line number="341" hits="20" branch="false"/>
                <line number="342" hits="20" branch="false"/>
                <line number="343" hits="20" branch="false"/>
                <line number="344" hits="20" branch="false"/>
                <line number="345" hits="20" branch="false"/>
              </lines>
            </method>
            <method name=".one_svytable_rates_by_row" signature="" line-rate="1" branch-rate="0" complexity="0">
              <lines>
                <line number="349" hits="56" branch="false"/>
                <line number="350" hits="56" branch="false"/>
                <line number="351" hits="56" branch="false"/>
                <line number="352" hits="56" branch="false"/>
                <line number="353" hits="56" branch="false"/>
                <line number="354" hits="56" branch="false"/>
                <line number="355" hits="56" branch="false"/>
                <line number="356" hits="56" branch="false"/>
                <line number="357" hits="56" branch="false"/>
                <line number="358" hits="56" branch="false"/>
                <line number="359" hits="56" branch="false"/>
                <line number="360" hits="56" branch="false"/>
                <line number="361" hits="56" branch="false"/>
                <line number="362" hits="56" branch="false"/>
                <line number="363" hits="56" branch="false"/>
                <line number="364" hits="56" branch="false"/>
                <line number="365" hits="56" branch="false"/>
                <line number="366" hits="56" branch="false"/>
                <line number="367" hits="56" branch="false"/>
                <line number="368" hits="56" branch="false"/>
                <line number="369" hits="56" branch="false"/>
                <line number="370" hits="56" branch="false"/>
                <line number="371" hits="56" branch="false"/>
                <line number="372" hits="56" branch="false"/>
                <line number="373" hits="56" branch="false"/>
                <line number="374" hits="56" branch="false"/>
                <line number="375" hits="56" branch="false"/>
                <line number="376" hits="56" branch="false"/>
                <line number="377" hits="56" branch="false"/>
                <line number="378" hits="56" branch="false"/>
              </lines>
            </method>
            <method name=".one_svytable_rates_by_column" signature="" line-rate="1" branch-rate="0" complexity="0">
              <lines>
                <line number="382" hits="23" branch="false"/>
                <line number="383" hits="23" branch="false"/>
                <line number="384" hits="23" branch="false"/>
                <line number="385" hits="23" branch="false"/>
                <line number="386" hits="23" branch="false"/>
                <line number="387" hits="23" branch="false"/>
                <line number="388" hits="23" branch="false"/>
                <line number="389" hits="23" branch="false"/>
                <line number="390" hits="23" branch="false"/>
                <line number="391" hits="23" branch="false"/>
                <line number="392" hits="23" branch="false"/>
                <line number="393" hits="23" branch="false"/>
                <line number="394" hits="23" branch="false"/>
                <line number="395" hits="23" branch="false"/>
                <line number="396" hits="23" branch="false"/>
                <line number="397" hits="23" branch="false"/>
                <line number="398" hits="23" branch="false"/>
                <line number="399" hits="23" branch="false"/>
                <line number="400" hits="23" branch="false"/>
                <line number="401" hits="23" branch="false"/>
                <line number="402" hits="23" branch="false"/>
                <line number="403" hits="23" branch="false"/>
                <line number="404" hits="23" branch="false"/>
                <line number="405" hits="23" branch="false"/>
                <line number="406" hits="23" branch="false"/>
                <line number="407" hits="23" branch="false"/>
                <line number="408" hits="23" branch="false"/>
                <line number="409" hits="23" branch="false"/>
                <line number="410" hits="23" branch="false"/>
                <line number="411" hits="23" branch="false"/>
              </lines>
            </method>
            <method name=".svytable_counts" signature="" line-rate="1" branch-rate="0" complexity="0">
              <lines>
                <line number="415" hits="69" branch="false"/>
                <line number="416" hits="69" branch="false"/>
                <line number="417" hits="69" branch="false"/>
                <line number="418" hits="69" branch="false"/>
                <line number="420" hits="69" branch="false"/>
                <line number="421" hits="69" branch="false"/>
                <line number="422" hits="69" branch="false"/>
                <line number="423" hits="69" branch="false"/>
                <line number="424" hits="33" branch="false"/>
                <line number="425" hits="33" branch="false"/>
                <line number="426" hits="69" branch="false"/>
                <line number="427" hits="69" branch="false"/>
                <line number="428" hits="69" branch="false"/>
                <line number="429" hits="69" branch="false"/>
                <line number="430" hits="69" branch="false"/>
                <line number="433" hits="69" branch="false"/>
                <line number="434" hits="69" branch="false"/>
                <line number="435" hits="69" branch="false"/>
                <line number="436" hits="69" branch="false"/>
                <line number="437" hits="69" branch="false"/>
                <line number="438" hits="69" branch="false"/>
                <line number="439" hits="69" branch="false"/>
                <line number="440" hits="69" branch="false"/>
                <line number="441" hits="69" branch="false"/>
                <line number="444" hits="69" branch="false"/>
                <line number="446" hits="19" branch="false"/>
                <line number="447" hits="19" branch="false"/>
                <line number="448" hits="19" branch="false"/>
                <line number="449" hits="19" branch="false"/>
                <line number="450" hits="19" branch="false"/>
                <line number="451" hits="19" branch="false"/>
                <line number="453" hits="35" branch="false"/>
                <line number="454" hits="35" branch="false"/>
                <line number="455" hits="35" branch="false"/>
                <line number="456" hits="35" branch="false"/>
                <line number="457" hits="35" branch="false"/>
                <line number="458" hits="35" branch="false"/>
                <line number="460" hits="15" branch="false"/>
                <line number="461" hits="15" branch="false"/>
                <line number="462" hits="15" branch="false"/>
                <line number="463" hits="15" branch="false"/>
                <line number="464" hits="15" branch="false"/>
                <line number="465" hits="15" branch="false"/>
              </lines>
            </method>
            <method name=".df_all_combos" signature="" line-rate="1" branch-rate="0" complexity="0">
              <lines>
                <line number="470" hits="152" branch="false"/>
                <line number="471" hits="152" branch="false"/>
                <line number="472" hits="152" branch="false"/>
                <line number="473" hits="152" branch="false"/>
                <line number="474" hits="152" branch="false"/>
                <line number="475" hits="152" branch="false"/>
                <line number="476" hits="152" branch="false"/>
                <line number="477" hits="152" branch="false"/>
                <line number="478" hits="119" branch="false"/>
                <line number="479" hits="152" branch="false"/>
                <line number="482" hits="152" branch="false"/>
                <line number="483" hits="152" branch="false"/>
                <line number="484" hits="152" branch="false"/>
                <line number="485" hits="152" branch="false"/>
                <line number="486" hits="152" branch="false"/>
                <line number="487" hits="152" branch="false"/>
                <line number="488" hits="152" branch="false"/>
              </lines>
            </method>
            <method name=".default_svy_cat_fmt_fn" signature="" line-rate="0.92" branch-rate="0" complexity="0">
              <lines>
                <line number="504" hits="73" branch="false"/>
                <line number="505" hits="73" branch="false"/>
                <line number="506" hits="73" branch="false"/>
                <line number="507" hits="73" branch="false"/>
                <line number="508" hits="73" branch="false"/>
                <line number="509" hits="73" branch="false"/>
                <line number="510" hits="73" branch="false"/>
                <line number="511" hits="0" branch="false"/>
                <line number="512" hits="73" branch="false"/>
                <line number="513" hits="73" branch="false"/>
                <line number="514" hits="73" branch="false"/>
                <line number="515" hits="73" branch="false"/>
                <line number="516" hits="73" branch="false"/>
                <line number="517" hits="73" branch="false"/>
                <line number="518" hits="73" branch="false"/>
                <line number="519" hits="73" branch="false"/>
                <line number="520" hits="27" branch="false"/>
                <line number="521" hits="73" branch="false"/>
                <line number="522" hits="73" branch="false"/>
                <line number="523" hits="73" branch="false"/>
                <line number="524" hits="73" branch="false"/>
                <line number="525" hits="0" branch="false"/>
                <line number="526" hits="73" branch="false"/>
                <line number="527" hits="73" branch="false"/>
                <line number="528" hits="73" branch="false"/>
              </lines>
            </method>
            <method name=".process_nested_list_as_df" signature="" line-rate="1" branch-rate="0" complexity="0">
              <lines>
                <line number="554" hits="146" branch="false"/>
                <line number="555" hits="146" branch="false"/>
                <line number="559" hits="146" branch="false"/>
                <line number="560" hits="73" branch="false"/>
                <line number="561" hits="73" branch="false"/>
                <line number="562" hits="73" branch="false"/>
                <line number="563" hits="73" branch="false"/>
                <line number="564" hits="73" branch="false"/>
                <line number="565" hits="73" branch="false"/>
                <line number="566" hits="73" branch="false"/>
                <line number="567" hits="73" branch="false"/>
                <line number="568" hits="73" branch="false"/>
                <line number="570" hits="73" branch="false"/>
                <line number="571" hits="73" branch="false"/>
                <line number="572" hits="73" branch="false"/>
                <line number="573" hits="73" branch="false"/>
                <line number="575" hits="73" branch="false"/>
                <line number="576" hits="73" branch="false"/>
                <line number="577" hits="73" branch="false"/>
                <line number="578" hits="73" branch="false"/>
                <line number="579" hits="73" branch="false"/>
                <line number="581" hits="73" branch="false"/>
                <line number="582" hits="73" branch="false"/>
                <line number="583" hits="73" branch="false"/>
                <line number="585" hits="73" branch="false"/>
                <line number="588" hits="146" branch="false"/>
                <line number="589" hits="73" branch="false"/>
                <line number="592" hits="146" branch="false"/>
              </lines>
            </method>
          </methods>
          <lines>
            <line number="60" hits="71" branch="false"/>
            <line number="61" hits="71" branch="false"/>
            <line number="62" hits="71" branch="false"/>
            <line number="63" hits="71" branch="false"/>
            <line number="66" hits="71" branch="false"/>
            <line number="67" hits="71" branch="false"/>
            <line number="68" hits="71" branch="false"/>
            <line number="69" hits="71" branch="false"/>
            <line number="70" hits="71" branch="false"/>
            <line number="71" hits="71" branch="false"/>
            <line number="72" hits="71" branch="false"/>
            <line number="73" hits="71" branch="false"/>
            <line number="76" hits="0" branch="false"/>
            <line number="78" hits="71" branch="false"/>
            <line number="80" hits="71" branch="false"/>
            <line number="81" hits="71" branch="false"/>
            <line number="82" hits="71" branch="false"/>
            <line number="83" hits="71" branch="false"/>
            <line number="84" hits="71" branch="false"/>
[...]
                <line number="163" hits="2" branch="false"/>
                <line number="164" hits="2" branch="false"/>
                <line number="165" hits="2" branch="false"/>
                <line number="166" hits="2" branch="false"/>
                <line number="167" hits="2" branch="false"/>
                <line number="169" hits="2" branch="false"/>
                <line number="170" hits="2" branch="false"/>
                <line number="171" hits="2" branch="false"/>
                <line number="172" hits="2" branch="false"/>
                <line number="173" hits="2" branch="false"/>
                <line number="174" hits="2" branch="false"/>
                <line number="175" hits="2" branch="false"/>
                <line number="176" hits="2" branch="false"/>
              </lines>
            </method>
            <method name="proportion_ci_jeffreys" signature="" line-rate="1" branch-rate="0" complexity="0">
              <lines>
                <line number="187" hits="3" branch="false"/>
                <line number="190" hits="3" branch="false"/>
                <line number="191" hits="3" branch="false"/>
                <line number="192" hits="3" branch="false"/>
                <line number="193" hits="3" branch="false"/>
                <line number="194" hits="3" branch="false"/>
                <line number="196" hits="3" branch="false"/>
                <line number="197" hits="3" branch="false"/>
                <line number="199" hits="3" branch="false"/>
                <line number="200" hits="3" branch="false"/>
                <line number="201" hits="3" branch="false"/>
                <line number="202" hits="3" branch="false"/>
                <line number="203" hits="3" branch="false"/>
                <line number="204" hits="3" branch="false"/>
                <line number="206" hits="3" branch="false"/>
                <line number="207" hits="3" branch="false"/>
                <line number="208" hits="3" branch="false"/>
                <line number="209" hits="3" branch="false"/>
                <line number="210" hits="3" branch="false"/>
                <line number="212" hits="3" branch="false"/>
                <line number="213" hits="3" branch="false"/>
                <line number="214" hits="3" branch="false"/>
                <line number="215" hits="3" branch="false"/>
                <line number="216" hits="3" branch="false"/>
                <line number="217" hits="3" branch="false"/>
                <line number="218" hits="3" branch="false"/>
                <line number="219" hits="3" branch="false"/>
              </lines>
            </method>
            <method name="proportion_ci_strat_wilson" signature="" line-rate="0.876923076923077" branch-rate="0" complexity="0">
              <lines>
                <line number="274" hits="2" branch="false"/>
                <line number="277" hits="2" branch="false"/>
                <line number="278" hits="2" branch="false"/>
                <line number="279" hits="2" branch="false"/>
                <line number="280" hits="2" branch="false"/>
                <line number="281" hits="2" branch="false"/>
                <line number="282" hits="2" branch="false"/>
                <line number="283" hits="2" branch="false"/>
                <line number="284" hits="2" branch="false"/>
                <line number="287" hits="2" branch="false"/>
                <line number="288" hits="2" branch="false"/>
                <line number="289" hits="2" branch="false"/>
                <line number="290" hits="0" branch="false"/>
                <line number="292" hits="2" branch="false"/>
                <line number="293" hits="0" branch="false"/>
                <line number="296" hits="2" branch="false"/>
                <line number="297" hits="2" branch="false"/>
                <line number="300" hits="2" branch="false"/>
                <line number="301" hits="2" branch="false"/>
                <line number="302" hits="0" branch="false"/>
                <line number="303" hits="0" branch="false"/>
                <line number="306" hits="0" branch="false"/>
                <line number="307" hits="0" branch="false"/>
                <line number="310" hits="2" branch="false"/>
                <line number="311" hits="2" branch="false"/>
                <line number="312" hits="2" branch="false"/>
                <line number="313" hits="2" branch="false"/>
                <line number="314" hits="2" branch="false"/>
                <line number="315" hits="0" branch="false"/>
                <line number="318" hits="2" branch="false"/>
                <line number="319" hits="2" branch="false"/>
                <line number="320" hits="2" branch="false"/>
                <line number="321" hits="2" branch="false"/>
                <line number="322" hits="2" branch="false"/>
                <line number="323" hits="2" branch="false"/>
                <line number="324" hits="2" branch="false"/>
                <line number="326" hits="2" branch="false"/>
                <line number="329" hits="2" branch="false"/>
                <line number="330" hits="0" branch="false"/>
                <line number="331" hits="2" branch="false"/>
                <line number="332" hits="2" branch="false"/>
                <line number="333" hits="2" branch="false"/>
                <line number="335" hits="2" branch="false"/>
                <line number="337" hits="2" branch="false"/>
                <line number="338" hits="2" branch="false"/>
                <line number="340" hits="2" branch="false"/>
                <line number="341" hits="2" branch="false"/>
                <line number="342" hits="2" branch="false"/>
                <line number="343" hits="2" branch="false"/>
                <line number="344" hits="2" branch="false"/>
                <line number="345" hits="2" branch="false"/>
                <line number="346" hits="2" branch="false"/>
                <line number="348" hits="2" branch="false"/>
                <line number="349" hits="2" branch="false"/>
                <line number="352" hits="2" branch="false"/>
                <line number="353" hits="2" branch="false"/>
                <line number="354" hits="2" branch="false"/>
                <line number="355" hits="2" branch="false"/>
                <line number="356" hits="2" branch="false"/>
                <line number="357" hits="2" branch="false"/>
                <line number="358" hits="2" branch="false"/>
                <line number="359" hits="2" branch="false"/>
                <line number="360" hits="2" branch="false"/>
                <line number="361" hits="2" branch="false"/>
                <line number="362" hits="2" branch="false"/>
              </lines>
            </method>
            <method name="is_binary" signature="" line-rate="1" branch-rate="0" complexity="0">
              <lines>
                <line number="369" hits="484" branch="false"/>
              </lines>
            </method>
            <method name=".strata_normal_quantile" signature="" line-rate="1" branch-rate="0" complexity="0">
              <lines>
                <line number="399" hits="2" branch="false"/>
                <line number="401" hits="2" branch="false"/>
              </lines>
            </method>
            <method name=".update_weights_strat_wilson" signature="" line-rate="0" branch-rate="0" complexity="0">
              <lines>
                <line number="438" hits="0" branch="false"/>
                <line number="439" hits="0" branch="false"/>
                <line number="441" hits="0" branch="false"/>
                <line number="442" hits="0" branch="false"/>
                <line number="443" hits="0" branch="false"/>
                <line number="444" hits="0" branch="false"/>
                <line number="445" hits="0" branch="false"/>
                <line number="446" hits="0" branch="false"/>
                <line number="447" hits="0" branch="false"/>
                <line number="448" hits="0" branch="false"/>
                <line number="449" hits="0" branch="false"/>
                <line number="450" hits="0" branch="false"/>
                <line number="451" hits="0" branch="false"/>
                <line number="453" hits="0" branch="false"/>
                <line number="454" hits="0" branch="false"/>
                <line number="457" hits="0" branch="false"/>
                <line number="458" hits="0" branch="false"/>
                <line number="459" hits="0" branch="false"/>
                <line number="460" hits="0" branch="false"/>
                <line number="461" hits="0" branch="false"/>
              </lines>
            </method>
          </methods>
          <lines>
            <line number="32" hits="15" branch="false"/>
            <line number="35" hits="15" branch="false"/>
            <line number="36" hits="15" branch="false"/>
            <line number="37" hits="15" branch="false"/>
            <line number="38" hits="15" branch="false"/>
            <line number="39" hits="15" branch="false"/>
            <line number="40" hits="15" branch="false"/>
            <line number="42" hits="15" branch="false"/>
            <line number="44" hits="15" branch="false"/>
            <line number="45" hits="15" branch="false"/>
            <line number="46" hits="15" branch="false"/>
            <line number="47" hits="15" branch="false"/>
            <line number="48" hits="15" branch="false"/>
            <line number="50" hits="15" branch="false"/>
            <line number="51" hits="15" branch="false"/>
            <line number="52" hits="15" branch="false"/>
            <line number="54" hits="15" branch="false"/>
            <line number="55" hits="15" branch="false"/>
            <line number="56" hits="15" branch="false"/>
            <line number="57" hits="15" branch="false"/>
            <line number="58" hits="15" branch="false"/>
            <line number="59" hits="15" branch="false"/>
            <line number="60" hits="15" branch="false"/>
            <line number="61" hits="15" branch="false"/>
            <line number="62" hits="15" branch="false"/>
            <line number="75" hits="5" branch="false"/>
            <line number="78" hits="5" branch="false"/>
            <line number="81" hits="5" branch="false"/>
            <line number="82" hits="5" branch="false"/>
            <line number="83" hits="5" branch="false"/>
            <line number="84" hits="5" branch="false"/>
            <line number="85" hits="5" branch="false"/>
            <line number="86" hits="5" branch="false"/>
            <line number="88" hits="5" branch="false"/>
            <line number="90" hits="5" branch="false"/>
            <line number="91" hits="5" branch="false"/>
            <line number="93" hits="5" branch="false"/>
            <line number="94" hits="5" branch="false"/>
            <line number="95" hits="5" branch="false"/>
            <line number="96" hits="5" branch="false"/>
            <line number="97" hits="5" branch="false"/>
            <line number="98" hits="5" branch="false"/>
            <line number="99" hits="5" branch="false"/>
            <line number="100" hits="5" branch="false"/>
            <line number="113" hits="2" branch="false"/>
            <line number="116" hits="2" branch="false"/>
            <line number="119" hits="2" branch="false"/>
            <line number="120" hits="2" branch="false"/>
            <line number="121" hits="2" branch="false"/>
            <line number="122" hits="2" branch="false"/>
            <line number="124" hits="2" branch="false"/>
            <line number="125" hits="2" branch="false"/>
            <line number="127" hits="2" branch="false"/>
            <line number="129" hits="2" branch="false"/>
            <line number="130" hits="2" branch="false"/>
            <line number="131" hits="2" branch="false"/>
            <line number="144" hits="2" branch="false"/>
            <line number="147" hits="2" branch="false"/>
            <line number="148" hits="2" branch="false"/>
            <line number="149" hits="2" branch="false"/>
            <line number="150" hits="2" branch="false"/>
            <line number="152" hits="2" branch="false"/>
            <line number="154" hits="2" branch="false"/>
            <line number="155" hits="2" branch="false"/>
            <line number="156" hits="2" branch="false"/>
            <line number="159" hits="2" branch="false"/>
            <line number="160" hits="2" branch="false"/>
            <line number="163" hits="2" branch="false"/>
            <line number="164" hits="2" branch="false"/>
            <line number="165" hits="2" branch="false"/>
            <line number="166" hits="2" branch="false"/>
            <line number="167" hits="2" branch="false"/>
            <line number="169" hits="2" branch="false"/>
            <line number="170" hits="2" branch="false"/>
            <line number="171" hits="2" branch="false"/>
            <line number="172" hits="2" branch="false"/>
            <line number="173" hits="2" branch="false"/>
            <line number="174" hits="2" branch="false"/>
            <line number="175" hits="2" branch="false"/>
            <line number="176" hits="2" branch="false"/>
            <line number="187" hits="3" branch="false"/>
            <line number="190" hits="3" branch="false"/>
            <line number="191" hits="3" branch="false"/>
            <line number="192" hits="3" branch="false"/>
            <line number="193" hits="3" branch="false"/>
            <line number="194" hits="3" branch="false"/>
            <line number="196" hits="3" branch="false"/>
            <line number="197" hits="3" branch="false"/>
            <line number="199" hits="3" branch="false"/>
            <line number="200" hits="3" branch="false"/>
            <line number="201" hits="3" branch="false"/>
            <line number="202" hits="3" branch="false"/>
            <line number="203" hits="3" branch="false"/>
            <line number="204" hits="3" branch="false"/>
            <line number="206" hits="3" branch="false"/>
            <line number="207" hits="3" branch="false"/>
            <line number="208" hits="3" branch="false"/>
            <line number="209" hits="3" branch="false"/>
            <line number="210" hits="3" branch="false"/>
            <line number="212" hits="3" branch="false"/>
            <line number="213" hits="3" branch="false"/>
            <line number="214" hits="3" branch="false"/>
            <line number="215" hits="3" branch="false"/>
            <line number="216" hits="3" branch="false"/>
            <line number="217" hits="3" branch="false"/>
            <line number="218" hits="3" branch="false"/>
            <line number="219" hits="3" branch="false"/>
            <line number="274" hits="2" branch="false"/>
            <line number="277" hits="2" branch="false"/>
            <line number="278" hits="2" branch="false"/>
            <line number="279" hits="2" branch="false"/>
            <line number="280" hits="2" branch="false"/>
            <line number="281" hits="2" branch="false"/>
            <line number="282" hits="2" branch="false"/>
            <line number="283" hits="2" branch="false"/>
            <line number="284" hits="2" branch="false"/>
            <line number="287" hits="2" branch="false"/>
            <line number="288" hits="2" branch="false"/>
            <line number="289" hits="2" branch="false"/>
            <line number="290" hits="0" branch="false"/>
            <line number="292" hits="2" branch="false"/>
            <line number="293" hits="0" branch="false"/>
            <line number="296" hits="2" branch="false"/>
            <line number="297" hits="2" branch="false"/>
            <line number="300" hits="2" branch="false"/>
            <line number="301" hits="2" branch="false"/>
            <line number="302" hits="0" branch="false"/>
            <line number="303" hits="0" branch="false"/>
            <line number="306" hits="0" branch="false"/>
            <line number="307" hits="0" branch="false"/>
            <line number="310" hits="2" branch="false"/>
            <line number="311" hits="2" branch="false"/>
            <line number="312" hits="2" branch="false"/>
            <line number="313" hits="2" branch="false"/>
            <line number="314" hits="2" branch="false"/>
            <line number="315" hits="0" branch="false"/>
            <line number="318" hits="2" branch="false"/>
            <line number="319" hits="2" branch="false"/>
            <line number="320" hits="2" branch="false"/>
            <line number="321" hits="2" branch="false"/>
            <line number="322" hits="2" branch="false"/>
            <line number="323" hits="2" branch="false"/>
            <line number="324" hits="2" branch="false"/>
            <line number="326" hits="2" branch="false"/>
            <line number="329" hits="2" branch="false"/>
            <line number="330" hits="0" branch="false"/>
            <line number="331" hits="2" branch="false"/>
            <line number="332" hits="2" branch="false"/>
            <line number="333" hits="2" branch="false"/>
            <line number="335" hits="2" branch="false"/>
            <line number="337" hits="2" branch="false"/>
            <line number="338" hits="2" branch="false"/>
            <line number="340" hits="2" branch="false"/>
            <line number="341" hits="2" branch="false"/>
            <line number="342" hits="2" branch="false"/>
            <line number="343" hits="2" branch="false"/>
            <line number="344" hits="2" branch="false"/>
            <line number="345" hits="2" branch="false"/>
            <line number="346" hits="2" branch="false"/>
            <line number="348" hits="2" branch="false"/>
            <line number="349" hits="2" branch="false"/>
            <line number="352" hits="2" branch="false"/>
            <line number="353" hits="2" branch="false"/>
            <line number="354" hits="2" branch="false"/>
            <line number="355" hits="2" branch="false"/>
            <line number="356" hits="2" branch="false"/>
            <line number="357" hits="2" branch="false"/>
            <line number="358" hits="2" branch="false"/>
            <line number="359" hits="2" branch="false"/>
            <line number="360" hits="2" branch="false"/>
            <line number="361" hits="2" branch="false"/>
            <line number="362" hits="2" branch="false"/>
            <line number="369" hits="484" branch="false"/>
            <line number="399" hits="2" branch="false"/>
            <line number="401" hits="2" branch="false"/>
            <line number="438" hits="0" branch="false"/>
            <line number="439" hits="0" branch="false"/>
            <line number="441" hits="0" branch="false"/>
            <line number="442" hits="0" branch="false"/>
            <line number="443" hits="0" branch="false"/>
            <line number="444" hits="0" branch="false"/>
            <line number="445" hits="0" branch="false"/>
            <line number="446" hits="0" branch="false"/>
            <line number="447" hits="0" branch="false"/>
            <line number="448" hits="0" branch="false"/>
            <line number="449" hits="0" branch="false"/>
            <line number="450" hits="0" branch="false"/>
            <line number="451" hits="0" branch="false"/>
            <line number="453" hits="0" branch="false"/>
            <line number="454" hits="0" branch="false"/>
            <line number="457" hits="0" branch="false"/>
            <line number="458" hits="0" branch="false"/>
            <line number="459" hits="0" branch="false"/>
            <line number="460" hits="0" branch="false"/>
            <line number="461" hits="0" branch="false"/>
          </lines>
        </class>
      </classes>
    </package>
  </packages>
</coverage>
