<?xml version="1.0" encoding="UTF-8"?>
<testsuites>
  <testsuite name="ard_aod_wald_test" timestamp="2024-04-15T19:05:25Z" hostname="dfa95dc81b6e" tests="3" skipped="1" failures="0" errors="0" time="1.377">
    <testcase time="1.352" classname="character(0)" name="ard_aod_wald_test_works"/>
    <testcase time="0.0189999999999997" classname="character(0)" name="ard_aod_wald_test_works"/>
    <testcase time="0.00600000000000023" classname="character(0)" name="ard_aod_wald_test_works">
      <skipped message="Reason: On CRAN ('test-ard_aod_wald_test.R:12:3')"/>
    </testcase>
  </testsuite>
  <testsuite name="ard_car_vif" timestamp="2024-04-15T19:05:25Z" hostname="dfa95dc81b6e" tests="1" skipped="1" failures="0" errors="0" time="0.282">
    <testcase time="0.282" classname="character(0)" name="ard_car_vif_works">
      <skipped message="Reason: On CRAN ('test-ard_car_vif.R:4:3')"/>
    </testcase>
  </testsuite>
  <testsuite name="ard_car_vif" timestamp="2024-04-15T19:05:25Z" hostname="dfa95dc81b6e" tests="1" skipped="1" failures="0" errors="0" time="0.023">
    <testcase time="0.0230000000000001" classname="character(0)" name="ard_car_vif_appropriate_errors_are_given_for_model_with_only_1_term">
      <skipped message="Reason: On CRAN ('test-ard_car_vif.R:18:3')"/>
    </testcase>
  </testsuite>
  <testsuite name="ard_car_vif" timestamp="2024-04-15T19:05:25Z" hostname="dfa95dc81b6e" tests="1" skipped="1" failures="0" errors="0" time="0.019">
    <testcase time="0.0189999999999997" classname="character(0)" name="ard_vif_issues_friendly_messaging_for_incorrect_object_passed_in_can_t_get_terms_of_model">
      <skipped message="Reason: On CRAN ('test-ard_car_vif.R:35:3')"/>
    </testcase>
  </testsuite>
  <testsuite name="ard_car_anova" timestamp="2024-04-15T19:05:26Z" hostname="dfa95dc81b6e" tests="3" skipped="1" failures="0" errors="0" time="0.302">
    <testcase time="0.3" classname="character(0)" name="ard_car_anova_works"/>
    <testcase time="0.00099999999999989" classname="character(0)" name="ard_car_anova_works"/>
    <testcase time="0.00099999999999989" classname="character(0)" name="ard_car_anova_works">
      <skipped message="Reason: On CRAN ('test-ard_car_anova.R:14:3')"/>
    </testcase>
  </testsuite>
  <testsuite name="ard_car_anova" timestamp="2024-04-15T19:05:26Z" hostname="dfa95dc81b6e" tests="1" skipped="1" failures="0" errors="0" time="0.014">
    <testcase time="0.0140000000000002" classname="character(0)" name="ard_car_anova_messaging">
      <skipped message="Reason: On CRAN ('test-ard_car_anova.R:18:3')"/>
    </testcase>
  </testsuite>
  <testsuite name="ard_effectsize_hedges_g" timestamp="2024-04-15T19:05:26Z" hostname="dfa95dc81b6e" tests="2" skipped="0" failures="1" errors="1" time="0.368">
    <testcase time="0.33" classname="character(0)" name="ard_effectsize_hedges_g_works">
      <failure type="failure" message="`... &lt;- NULL` threw an unexpected error. ('test-ard_effectsize_hedges_g.R:6:3')">`... &lt;- NULL` threw an unexpected error.
Message: 'check_pkg_installed' is not an exported object from 'namespace:cards'
Class:   simpleError/error/condition
Backtrace:
    ▆
 1. ├─testthat::expect_error(...) at test-ard_effectsize_hedges_g.R:6:3
 2. │ └─testthat:::expect_condition_matching(...)
 3. │   └─testthat:::quasi_capture(...)
 4. │     ├─testthat (local) .capture(...)
 5. │     │ └─base::withCallingHandlers(...)
 6. │     └─rlang::eval_bare(quo_get_expr(.quo), quo_get_env(.quo))
 7. └─cardx::ard_effectsize_hedges_g(...)</failure>
    </testcase>
    <testcase time="0.0379999999999998" classname="character(0)" name="ard_effectsize_hedges_g_works">
      <error type="error" message="Error in `eval(code, test_env)`: object 'ard_hedges_g' not found ('test-ard_effectsize_hedges_g.R:14:3')">Error in `eval(code, test_env)`: object 'ard_hedges_g' not found
Backtrace:
    ▆
 1. ├─testthat::expect_equal(...) at test-ard_effectsize_hedges_g.R:14:3
 2. │ └─testthat::quasi_label(enquo(object), label, arg = "object")
 3. │   └─rlang::eval_bare(expr, quo_get_env(quo))
 4. └─cards::get_ard_statistics(...)
 5.   └─dplyr::filter(x, ...)</error>
    </testcase>
  </testsuite>
  <testsuite name="ard_effectsize_hedges_g" timestamp="2024-04-15T19:05:26Z" hostname="dfa95dc81b6e" tests="2" skipped="0" failures="1" errors="1" time="0.047">
    <testcase time="0.0270000000000001" classname="character(0)" name="ard_effectsize_paired_hedges_g_works">
      <failure type="failure" message="`... &lt;- NULL` threw an unexpected error. ('test-ard_effectsize_hedges_g.R:56:3')">`... &lt;- NULL` threw an unexpected error.
Message: 'check_pkg_installed' is not an exported object from 'namespace:cards'
Class:   simpleError/error/condition
Backtrace:
    ▆
 1. ├─testthat::expect_error(...) at test-ard_effectsize_hedges_g.R:56:3
 2. │ └─testthat:::expect_condition_matching(...)
 3. │   └─testthat:::quasi_capture(...)
 4. │     ├─testthat (local) .capture(...)
 5. │     │ └─base::withCallingHandlers(...)
 6. │     └─rlang::eval_bare(quo_get_expr(.quo), quo_get_env(.quo))
 7. └─cardx::ard_effectsize_paired_hedges_g(...)</failure>
    </testcase>
    <testcase time="0.02" classname="character(0)" name="ard_effectsize_paired_hedges_g_works">
      <error type="error" message="Error in `eval(code, test_env)`: object 'ard_paired_hedges_g' not found ('test-ard_effectsize_hedges_g.R:63:3')">Error in `eval(code, test_env)`: object 'ard_paired_hedges_g' not found
Backtrace:
    ▆
 1. ├─testthat::expect_equal(...) at test-ard_effectsize_hedges_g.R:63:3
 2. │ └─testthat::quasi_label(enquo(object), label, arg = "object")
 3. │   └─rlang::eval_bare(expr, quo_get_env(quo))
 4. └─cards::get_ard_statistics(...)
 5.   └─dplyr::filter(x, ...)</error>
    </testcase>
  </testsuite>
  <testsuite name="ard_effectsize_cohens_d" timestamp="2024-04-15T19:05:27Z" hostname="dfa95dc81b6e" tests="2" skipped="0" failures="1" errors="1" time="0.622">
    <testcase time="0.587" classname="character(0)" name="ard_effectsize_cohens_d_works">
      <failure type="failure" message="`... &lt;- NULL` threw an unexpected error. ('test-ard_effectsize_cohens_d.R:7:3')">`... &lt;- NULL` threw an unexpected error.
Message: 'check_pkg_installed' is not an exported object from 'namespace:cards'
Class:   simpleError/error/condition
Backtrace:
    ▆
 1. ├─testthat::expect_error(...) at test-ard_effectsize_cohens_d.R:7:3
 2. │ └─testthat:::expect_condition_matching(...)
 3. │   └─testthat:::quasi_capture(...)
 4. │     ├─testthat (local) .capture(...)
 5. │     │ └─base::withCallingHandlers(...)
 6. │     └─rlang::eval_bare(quo_get_expr(.quo), quo_get_env(.quo))
 7. └─cardx::ard_effectsize_cohens_d(...)</failure>
    </testcase>
    <testcase time="0.0350000000000001" classname="character(0)" name="ard_effectsize_cohens_d_works">
      <error type="error" message="Error in `eval(code, test_env)`: object 'ard_cohens_d' not found ('test-ard_effectsize_cohens_d.R:15:3')">Error in `eval(code, test_env)`: object 'ard_cohens_d' not found
Backtrace:
    ▆
 1. ├─testthat::expect_equal(...) at test-ard_effectsize_cohens_d.R:15:3
 2. │ └─testthat::quasi_label(enquo(object), label, arg = "object")
 3. │   └─rlang::eval_bare(expr, quo_get_env(quo))
 4. └─cards::get_ard_statistics(...)
 5.   └─dplyr::filter(x, ...)</error>
    </testcase>
  </testsuite>
  <testsuite name="ard_effectsize_cohens_d" timestamp="2024-04-15T19:05:27Z" hostname="dfa95dc81b6e" tests="2" skipped="0" failures="1" errors="1" time="0.043">
    <testcase time="0.0259999999999998" classname="character(0)" name="ard_effectsize_paired_cohens_d_works">
      <failure type="failure" message="`... &lt;- NULL` threw an unexpected error. ('test-ard_effectsize_cohens_d.R:56:3')">`... &lt;- NULL` threw an unexpected error.
Message: 'check_pkg_installed' is not an exported object from 'namespace:cards'
Class:   simpleError/error/condition
Backtrace:
    ▆
 1. ├─testthat::expect_error(...) at test-ard_effectsize_cohens_d.R:56:3
 2. │ └─testthat:::expect_condition_matching(...)
 3. │   └─testthat:::quasi_capture(...)
 4. │     ├─testthat (local) .capture(...)
 5. │     │ └─base::withCallingHandlers(...)
 6. │     └─rlang::eval_bare(quo_get_expr(.quo), quo_get_env(.quo))
 7. └─cardx::ard_effectsize_paired_cohens_d(...)</failure>
    </testcase>
    <testcase time="0.0170000000000003" classname="character(0)" name="ard_effectsize_paired_cohens_d_works">
      <error type="error" message="Error in `UseMethod(&quot;filter&quot;)`: no applicable method for 'filter' applied to an object of class &quot;function&quot; ('test-ard_effectsize_cohens_d.R:63:3')">Error in `UseMethod("filter")`: no applicable method for 'filter' applied to an object of class "function"
Backtrace:
    ▆
 1. ├─testthat::expect_equal(...) at test-ard_effectsize_cohens_d.R:63:3
 2. │ └─testthat::quasi_label(enquo(object), label, arg = "object")
 3. │   └─rlang::eval_bare(expr, quo_get_env(quo))
 4. └─cards::get_ard_statistics(...)
 5.   └─dplyr::filter(x, ...)</error>
    </testcase>
  </testsuite>
  <testsuite name="ard_proportion_ci" timestamp="2024-04-15T19:05:27Z" hostname="dfa95dc81b6e" tests="1" skipped="0" failures="0" errors="0" time="0.09">
    <testcase time="0.0899999999999999" classname="character(0)" name="ard_proportion_ci_works"/>
  </testsuite>
  <testsuite name="ard_proportion_ci" timestamp="2024-04-15T19:05:27Z" hostname="dfa95dc81b6e" tests="2" skipped="1" failures="0" errors="0" time="0.004">
    <testcase time="0.00300000000000011" classname="character(0)" name="ard_proportion_ci_method_strat_wilson_works"/>
    <testcase time="0.000999999999999446" classname="character(0)" name="ard_proportion_ci_method_strat_wilson_works">
      <skipped message="Reason: On CRAN ('test-ard_proportion_ci.R:52:3')"/>
    </testcase>
  </testsuite>
  <testsuite name="ard_regression_basic" timestamp="2024-04-15T19:05:27Z" hostname="dfa95dc81b6e" tests="2" skipped="1" failures="0" errors="0" time="0.484">
    <testcase time="0.483000000000001" classname="character(0)" name="ard_regression_basic_works"/>
    <testcase time="0.000999999999999446" classname="character(0)" name="ard_regression_basic_works">
      <skipped message="Reason: On CRAN ('test-ard_regression_basic.R:10:3')"/>
    </testcase>
  </testsuite>
  <testsuite name="ard_regression" timestamp="2024-04-15T19:05:28Z" hostname="dfa95dc81b6e" tests="1" skipped="1" failures="0" errors="0" time="0.363">
    <testcase time="0.363" classname="character(0)" name="ard_regression_works">
      <skipped message="Reason: On CRAN ('test-ard_regression.R:4:3')"/>
    </testcase>
  </testsuite>
  <testsuite name="ard_smd_smd" timestamp="2024-04-15T19:05:28Z" hostname="dfa95dc81b6e" tests="2" skipped="0" failures="1" errors="1" time="0.051">
    <testcase time="0.024" classname="character(0)" name="ard_smd_smd_works">
      <failure type="failure" message="`ard_smd &lt;- ard_smd_smd(mtcars, by = vs, variables = am, std.error = TRUE)` threw an unexpected error. ('test-ard_smd_smd.R:4:3')">`ard_smd &lt;- ard_smd_smd(mtcars, by = vs, variables = am, std.error = TRUE)` threw an unexpected error.
Message: 'check_pkg_installed' is not an exported object from 'namespace:cards'
Class:   simpleError/error/condition
Backtrace:
    ▆
 1. ├─testthat::expect_error(...) at test-ard_smd_smd.R:4:3
 2. │ └─testthat:::expect_condition_matching(...)
 3. │   └─testthat:::quasi_capture(...)
 4. │     ├─testthat (local) .capture(...)
 5. │     │ └─base::withCallingHandlers(...)
 6. │     └─rlang::eval_bare(quo_get_expr(.quo), quo_get_env(.quo))
 7. └─cardx::ard_smd_smd(mtcars, by = vs, variables = am, std.error = TRUE)</failure>
    </testcase>
    <testcase time="0.0270000000000001" classname="character(0)" name="ard_smd_smd_works">
      <error type="error" message="Error in `eval(code, test_env)`: object 'ard_smd' not found ('test-ard_smd_smd.R:11:3')">Error in `eval(code, test_env)`: object 'ard_smd' not found
Backtrace:
    ▆
 1. ├─testthat::expect_equal(...) at test-ard_smd_smd.R:11:3
 2. │ └─testthat::quasi_label(enquo(object), label, arg = "object")
 3. │   └─rlang::eval_bare(expr, quo_get_env(quo))
 4. └─cards::get_ard_statistics(...)
 5.   └─dplyr::filter(x, ...)</error>
    </testcase>
  </testsuite>
  <testsuite name="ard_smd_smd" timestamp="2024-04-15T19:05:28Z" hostname="dfa95dc81b6e" tests="2" skipped="0" failures="1" errors="1" time="0.036">
    <testcase time="0.0190000000000001" classname="character(0)" name="ard_smd_works_with_survey_data">
      <failure type="failure" message="`ard_smd &lt;- ard_smd_smd(dclus1, by = both, variable = api00, std.error = TRUE)` threw an unexpected error. ('test-ard_smd_smd.R:38:3')">`ard_smd &lt;- ard_smd_smd(dclus1, by = both, variable = api00, std.error = TRUE)` threw an unexpected error.
Message: 'check_pkg_installed' is not an exported object from 'namespace:cards'
Class:   simpleError/error/condition
Backtrace:
    ▆
 1. ├─testthat::expect_error(...) at test-ard_smd_smd.R:38:3
 2. │ └─testthat:::expect_condition_matching(...)
 3. │   └─testthat:::quasi_capture(...)
 4. │     ├─testthat (local) .capture(...)
 5. │     │ └─base::withCallingHandlers(...)
 6. │     └─rlang::eval_bare(quo_get_expr(.quo), quo_get_env(.quo))
 7. └─cardx::ard_smd_smd(dclus1, by = both, variable = api00, std.error = TRUE)</failure>
    </testcase>
    <testcase time="0.0169999999999995" classname="character(0)" name="ard_smd_works_with_survey_data">
      <error type="error" message="Error in `eval(code, test_env)`: object 'ard_smd' not found ('test-ard_smd_smd.R:45:3')">Error in `eval(code, test_env)`: object 'ard_smd' not found
Backtrace:
    ▆
 1. ├─testthat::expect_equal(...) at test-ard_smd_smd.R:45:3
 2. │ └─testthat::quasi_label(enquo(object), label, arg = "object")
 3. │   └─rlang::eval_bare(expr, quo_get_env(quo))
 4. └─cards::get_ard_statistics(...)
 5.   └─dplyr::filter(x, ...)</error>
    </testcase>
  </testsuite>
  <testsuite name="ard_smd_smd" timestamp="2024-04-15T19:05:28Z" hostname="dfa95dc81b6e" tests="2" skipped="0" failures="1" errors="1" time="0.038">
    <testcase time="0.0180000000000007" classname="character(0)" name="ard_proptest_error_messaging">
      <failure type="failure" message="`... &lt;- NULL` threw an unexpected error. ('test-ard_smd_smd.R:57:3')">`... &lt;- NULL` threw an unexpected error.
Message: 'check_pkg_installed' is not an exported object from 'namespace:cards'
Class:   simpleError/error/condition
Backtrace:
    ▆
 1. ├─testthat::expect_error(...) at test-ard_smd_smd.R:57:3
 2. │ └─testthat:::expect_condition_matching(...)
 3. │   └─testthat:::quasi_capture(...)
 4. │     ├─testthat (local) .capture(...)
 5. │     │ └─base::withCallingHandlers(...)
 6. │     └─rlang::eval_bare(quo_get_expr(.quo), quo_get_env(.quo))
 7. ├─base::as.data.frame(...)
 8. └─cardx::ard_smd_smd(...)</failure>
    </testcase>
    <testcase time="0.0199999999999996" classname="character(0)" name="ard_proptest_error_messaging">
      <error type="error" message="Error in `eval(code, test_env)`: object 'bad_gref' not found ('test-ard_smd_smd.R:64:3')">Error in `eval(code, test_env)`: object 'bad_gref' not found
Backtrace:
    ▆
 1. ├─testthat::expect_equal(nrow(bad_gref), 3L) at test-ard_smd_smd.R:64:3
 2. │ └─testthat::quasi_label(enquo(object), label, arg = "object")
 3. │   └─rlang::eval_bare(expr, quo_get_env(quo))
 4. └─base::nrow(bad_gref)</error>
    </testcase>
  </testsuite>
  <testsuite name="ard_stats_aov" timestamp="2024-04-15T19:05:28Z" hostname="dfa95dc81b6e" tests="2" skipped="0" failures="1" errors="1" time="0.155">
    <testcase time="0.123" classname="character(0)" name="ard_aov_works">
      <failure type="failure" message="`ard_aov &lt;- ard_stats_aov(AGE ~ ARM, data = cards::ADSL)` threw an unexpected error. ('test-ard_stats_aov.R:4:3')">`ard_aov &lt;- ard_stats_aov(AGE ~ ARM, data = cards::ADSL)` threw an unexpected error.
Message: 'check_pkg_installed' is not an exported object from 'namespace:cards'
Class:   simpleError/error/condition
Backtrace:
    ▆
 1. ├─testthat::expect_error(...) at test-ard_stats_aov.R:4:3
 2. │ └─testthat:::expect_condition_matching(...)
 3. │   └─testthat:::quasi_capture(...)
 4. │     ├─testthat (local) .capture(...)
 5. │     │ └─base::withCallingHandlers(...)
 6. │     └─rlang::eval_bare(quo_get_expr(.quo), quo_get_env(.quo))
 7. └─cardx::ard_stats_aov(AGE ~ ARM, data = cards::ADSL)</failure>
    </testcase>
    <testcase time="0.032" classname="character(0)" name="ard_aov_works">
      <error type="error" message="Error in `eval(code, test_env)`: object 'ard_aov' not found ('test-ard_stats_aov.R:10:3')">Error in `eval(code, test_env)`: object 'ard_aov' not found
Backtrace:
    ▆
 1. ├─testthat::expect_equal(...) at test-ard_stats_aov.R:10:3
 2. │ └─testthat::quasi_label(enquo(object), label, arg = "object")
 3. │   └─rlang::eval_bare(expr, quo_get_env(quo))
 4. └─cards::get_ard_statistics(...)
 5.   └─dplyr::filter(x, ...)</error>
    </testcase>
  </testsuite>
  <testsuite name="ard_stats_anova" timestamp="2024-04-15T19:05:28Z" hostname="dfa95dc81b6e" tests="1" skipped="0" failures="0" errors="1" time="0.12">
    <testcase time="0.12" classname="character(0)" name="ard_stats_anova.anova_works">
      <error type="error" message="Error: 'check_pkg_installed' is not an exported object from 'namespace:cards' ('test-ard_stats_anova.R:4:3')">Error: 'check_pkg_installed' is not an exported object from 'namespace:cards'
Backtrace:
    ▆
 1. ├─testthat::expect_equal(...) at test-ard_stats_anova.R:4:3
 2. │ └─testthat::quasi_label(enquo(object), label, arg = "object")
 3. │   └─rlang::eval_bare(expr, quo_get_env(quo))
 4. ├─dplyr::filter(...)
 5. ├─dplyr::select(...)
 6. ├─cardx::ard_stats_anova(...)
 7. └─cardx:::ard_stats_anova.anova(...)</error>
    </testcase>
  </testsuite>
  <testsuite name="ard_stats_anova" timestamp="2024-04-15T19:05:28Z" hostname="dfa95dc81b6e" tests="1" skipped="0" failures="0" errors="1" time="0.018">
    <testcase time="0.0179999999999998" classname="character(0)" name="ard_stats_anova.data.frame_works">
      <error type="error" message="Error: 'check_pkg_installed' is not an exported object from 'namespace:cards' ('test-ard_stats_anova.R:32:3')">Error: 'check_pkg_installed' is not an exported object from 'namespace:cards'
Backtrace:
    ▆
 1. ├─testthat::expect_equal(...) at test-ard_stats_anova.R:32:3
 2. │ └─testthat::quasi_label(enquo(object), label, arg = "object")
 3. │   └─rlang::eval_bare(expr, quo_get_env(quo))
 4. ├─cardx::ard_stats_anova(...)
 5. └─cardx:::ard_stats_anova.anova(...)</error>
    </testcase>
  </testsuite>
  <testsuite name="ard_stats_chisq_test" timestamp="2024-04-15T19:05:28Z" hostname="dfa95dc81b6e" tests="2" skipped="0" failures="1" errors="1" time="0.074">
    <testcase time="0.0469999999999997" classname="character(0)" name="ard_stats_chisq_test_works">
      <failure type="failure" message="`... &lt;- NULL` threw an unexpected error. ('test-ard_stats_chisq_test.R:4:3')">`... &lt;- NULL` threw an unexpected error.
Message: 'check_pkg_installed' is not an exported object from 'namespace:cards'
Class:   simpleError/error/condition
Backtrace:
    ▆
 1. ├─testthat::expect_error(...) at test-ard_stats_chisq_test.R:4:3
 2. │ └─testthat:::expect_condition_matching(...)
 3. │   └─testthat:::quasi_capture(...)
 4. │     ├─testthat (local) .capture(...)
 5. │     │ └─base::withCallingHandlers(...)
 6. │     └─rlang::eval_bare(quo_get_expr(.quo), quo_get_env(.quo))
 7. └─cardx::ard_stats_chisq_test(cards::ADSL, by = ARM, variables = AGEGR1)</failure>
    </testcase>
    <testcase time="0.0270000000000001" classname="character(0)" name="ard_stats_chisq_test_works">
      <error type="error" message="Error in `eval(code, test_env)`: object 'ard_chisqtest' not found ('test-ard_stats_chisq_test.R:11:3')">Error in `eval(code, test_env)`: object 'ard_chisqtest' not found
Backtrace:
    ▆
 1. ├─testthat::expect_equal(...) at test-ard_stats_chisq_test.R:11:3
 2. │ └─testthat::quasi_label(enquo(object), label, arg = "object")
 3. │   └─rlang::eval_bare(expr, quo_get_env(quo))
 4. └─cards::get_ard_statistics(...)
 5.   └─dplyr::filter(x, ...)</error>
    </testcase>
  </testsuite>
  <testsuite name="ard_stats_chisq_test" timestamp="2024-04-15T19:05:28Z" hostname="dfa95dc81b6e" tests="1" skipped="0" failures="0" errors="1" time="0.021">
    <testcase time="0.0209999999999999" classname="character(0)" name="shuffle_ard_fills_missing_group_levels_if_the_group_is_meaningful">
      <error type="error" message="Error: 'check_pkg_installed' is not an exported object from 'namespace:cards' ('test-ard_stats_chisq_test.R:36:3')">Error: 'check_pkg_installed' is not an exported object from 'namespace:cards'
Backtrace:
    ▆
 1. └─testthat::expect_snapshot(...) at test-ard_stats_chisq_test.R:36:3
 2.   └─rlang::cnd_signal(state$error)</error>
    </testcase>
  </testsuite>
  <testsuite name="ard_stats_fisher_test" timestamp="2024-04-15T19:05:28Z" hostname="dfa95dc81b6e" tests="2" skipped="0" failures="1" errors="1" time="0.059">
    <testcase time="0.0419999999999998" classname="character(0)" name="ard_stats_fisher_test_works">
      <failure type="failure" message="`... &lt;- NULL` threw an unexpected error. ('test-ard_stats_fisher_test.R:4:3')">`... &lt;- NULL` threw an unexpected error.
Message: 'check_pkg_installed' is not an exported object from 'namespace:cards'
Class:   simpleError/error/condition
Backtrace:
    ▆
 1. ├─testthat::expect_error(...) at test-ard_stats_fisher_test.R:4:3
 2. │ └─testthat:::expect_condition_matching(...)
 3. │   └─testthat:::quasi_capture(...)
 4. │     ├─testthat (local) .capture(...)
 5. │     │ └─base::withCallingHandlers(...)
 6. │     └─rlang::eval_bare(quo_get_expr(.quo), quo_get_env(.quo))
 7. └─cardx::ard_stats_fisher_test(cards::ADSL[1:20, ], by = ARM, variables = AGEGR1)</failure>
    </testcase>
    <testcase time="0.0170000000000003" classname="character(0)" name="ard_stats_fisher_test_works">
      <error type="error" message="Error in `eval(code, test_env)`: object 'ard_fishertest' not found ('test-ard_stats_fisher_test.R:11:3')">Error in `eval(code, test_env)`: object 'ard_fishertest' not found
Backtrace:
    ▆
 1. ├─testthat::expect_equal(...) at test-ard_stats_fisher_test.R:11:3
 2. │ └─testthat::quasi_label(enquo(object), label, arg = "object")
 3. │   └─rlang::eval_bare(expr, quo_get_env(quo))
 4. └─cards::get_ard_statistics(...)
 5.   └─dplyr::filter(x, ...)</error>
    </testcase>
  </testsuite>
  <testsuite name="ard_stats_kruskal_test" timestamp="2024-04-15T19:05:28Z" hostname="dfa95dc81b6e" tests="2" skipped="0" failures="1" errors="1" time="0.069">
    <testcase time="0.0529999999999999" classname="character(0)" name="ard_stats_kruskal_test_works">
      <failure type="failure" message="`... &lt;- NULL` threw an unexpected error. ('test-ard_stats_kruskal_test.R:4:3')">`... &lt;- NULL` threw an unexpected error.
Message: 'check_pkg_installed' is not an exported object from 'namespace:cards'
Class:   simpleError/error/condition
Backtrace:
    ▆
 1. ├─testthat::expect_error(...) at test-ard_stats_kruskal_test.R:4:3
 2. │ └─testthat:::expect_condition_matching(...)
 3. │   └─testthat:::quasi_capture(...)
 4. │     ├─testthat (local) .capture(...)
 5. │     │ └─base::withCallingHandlers(...)
 6. │     └─rlang::eval_bare(quo_get_expr(.quo), quo_get_env(.quo))
 7. └─cardx::ard_stats_kruskal_test(cards::ADSL, by = ARM, variables = AGE)</failure>
    </testcase>
    <testcase time="0.016" classname="character(0)" name="ard_stats_kruskal_test_works">
      <error type="error" message="Error in `eval(code, test_env)`: object 'ard_kruskaltest' not found ('test-ard_stats_kruskal_test.R:11:3')">Error in `eval(code, test_env)`: object 'ard_kruskaltest' not found
Backtrace:
    ▆
 1. ├─testthat::expect_equal(...) at test-ard_stats_kruskal_test.R:11:3
 2. │ └─testthat::quasi_label(enquo(object), label, arg = "object")
 3. │   └─rlang::eval_bare(expr, quo_get_env(quo))
 4. └─cards::get_ard_statistics(...)
 5.   └─dplyr::filter(x, ...)</error>
    </testcase>
  </testsuite>
  <testsuite name="ard_stats_mcnemar_test" timestamp="2024-04-15T19:05:28Z" hostname="dfa95dc81b6e" tests="2" skipped="0" failures="1" errors="1" time="0.062">
    <testcase time="0.0449999999999999" classname="character(0)" name="ard_stats_mcnemar_test_works">
      <failure type="failure" message="`... &lt;- NULL` threw an unexpected error. ('test-ard_stats_mcnemar_test.R:4:3')">`... &lt;- NULL` threw an unexpected error.
Message: 'check_pkg_installed' is not an exported object from 'namespace:cards'
Class:   simpleError/error/condition
Backtrace:
    ▆
 1. ├─testthat::expect_error(...) at test-ard_stats_mcnemar_test.R:4:3
 2. │ └─testthat:::expect_condition_matching(...)
 3. │   └─testthat:::quasi_capture(...)
 4. │     ├─testthat (local) .capture(...)
 5. │     │ └─base::withCallingHandlers(...)
 6. │     └─rlang::eval_bare(quo_get_expr(.quo), quo_get_env(.quo))
 7. └─cardx::ard_stats_mcnemar_test(cards::ADSL, by = SEX, variables = EFFFL)</failure>
    </testcase>
    <testcase time="0.0169999999999995" classname="character(0)" name="ard_stats_mcnemar_test_works">
      <error type="error" message="Error in `eval(code, test_env)`: object 'ard_mcnemartest' not found ('test-ard_stats_mcnemar_test.R:11:3')">Error in `eval(code, test_env)`: object 'ard_mcnemartest' not found
Backtrace:
    ▆
 1. ├─testthat::expect_equal(...) at test-ard_stats_mcnemar_test.R:11:3
 2. │ └─testthat::quasi_label(enquo(object), label, arg = "object")
 3. │   └─rlang::eval_bare(expr, quo_get_env(quo))
 4. └─cards::get_ard_statistics(...)
 5.   └─dplyr::filter(x, ...)</error>
    </testcase>
  </testsuite>
  <testsuite name="ard_stats_mood_test" timestamp="2024-04-15T19:05:28Z" hostname="dfa95dc81b6e" tests="2" skipped="0" failures="1" errors="1" time="0.069">
    <testcase time="0.0520000000000005" classname="character(0)" name="ard_stats_mood_test_works">
      <failure type="failure" message="`ard_moodtest &lt;- ard_stats_mood_test(cards::ADSL, by = SEX, variable = AGE)` threw an unexpected error. ('test-ard_stats_mood_test.R:4:3')">`ard_moodtest &lt;- ard_stats_mood_test(cards::ADSL, by = SEX, variable = AGE)` threw an unexpected error.
Message: 'check_pkg_installed' is not an exported object from 'namespace:cards'
Class:   simpleError/error/condition
Backtrace:
    ▆
 1. ├─testthat::expect_error(...) at test-ard_stats_mood_test.R:4:3
 2. │ └─testthat:::expect_condition_matching(...)
 3. │   └─testthat:::quasi_capture(...)
 4. │     ├─testthat (local) .capture(...)
 5. │     │ └─base::withCallingHandlers(...)
 6. │     └─rlang::eval_bare(quo_get_expr(.quo), quo_get_env(.quo))
 7. └─cardx::ard_stats_mood_test(cards::ADSL, by = SEX, variable = AGE)</failure>
    </testcase>
    <testcase time="0.0169999999999995" classname="character(0)" name="ard_stats_mood_test_works">
      <error type="error" message="Error in `eval(code, test_env)`: object 'ard_moodtest' not found ('test-ard_stats_mood_test.R:11:3')">Error in `eval(code, test_env)`: object 'ard_moodtest' not found
Backtrace:
    ▆
 1. ├─testthat::expect_equal(...) at test-ard_stats_mood_test.R:11:3
 2. │ └─testthat::quasi_label(enquo(object), label, arg = "object")
 3. │   └─rlang::eval_bare(expr, quo_get_env(quo))
 4. └─cards::get_ard_statistics(...)
 5.   └─dplyr::filter(x, ...)</error>
    </testcase>
  </testsuite>
  <testsuite name="ard_stats_oneway_test" timestamp="2024-04-15T19:05:28Z" hostname="dfa95dc81b6e" tests="2" skipped="0" failures="1" errors="1" time="0.068">
    <testcase time="0.048" classname="character(0)" name="ard_stats_oneway_test_works">
      <failure type="failure" message="`ard_onewaytest &lt;- ard_stats_oneway_test(AGE ~ ARM, data = cards::ADSL)` threw an unexpected error. ('test-ard_stats_oneway_test.R:4:3')">`ard_onewaytest &lt;- ard_stats_oneway_test(AGE ~ ARM, data = cards::ADSL)` threw an unexpected error.
Message: 'check_pkg_installed' is not an exported object from 'namespace:cards'
Class:   simpleError/error/condition
Backtrace:
    ▆
 1. ├─testthat::expect_error(...) at test-ard_stats_oneway_test.R:4:3
 2. │ └─testthat:::expect_condition_matching(...)
 3. │   └─testthat:::quasi_capture(...)
 4. │     ├─testthat (local) .capture(...)
 5. │     │ └─base::withCallingHandlers(...)
 6. │     └─rlang::eval_bare(quo_get_expr(.quo), quo_get_env(.quo))
 7. └─cardx::ard_stats_oneway_test(AGE ~ ARM, data = cards::ADSL)</failure>
    </testcase>
    <testcase time="0.0200000000000005" classname="character(0)" name="ard_stats_oneway_test_works">
      <error type="error" message="Error in `eval(code, test_env)`: object 'ard_onewaytest' not found ('test-ard_stats_oneway_test.R:9:3')">Error in `eval(code, test_env)`: object 'ard_onewaytest' not found
Backtrace:
    ▆
 1. ├─testthat::expect_equal(...) at test-ard_stats_oneway_test.R:9:3
 2. │ └─testthat::quasi_label(enquo(object), label, arg = "object")
 3. │   └─rlang::eval_bare(expr, quo_get_env(quo))
 4. └─cards::get_ard_statistics(...)
 5.   └─dplyr::filter(x, ...)</error>
    </testcase>
  </testsuite>
  <testsuite name="ard_stats_t_test" timestamp="2024-04-15T19:05:29Z" hostname="dfa95dc81b6e" tests="2" skipped="0" failures="1" errors="1" time="0.162">
    <testcase time="0.141" classname="character(0)" name="ard_stats_t_test_works">
      <failure type="failure" message="`ard_single &lt;- ard_stats_t_test(cards::ADSL, variable = AGE, var.equal = TRUE)` threw an unexpected error. ('test-ard_stats_t_test.R:5:3')">`ard_single &lt;- ard_stats_t_test(cards::ADSL, variable = AGE, var.equal = TRUE)` threw an unexpected error.
Message: 'check_pkg_installed' is not an exported object from 'namespace:cards'
Class:   simpleError/error/condition
Backtrace:
    ▆
 1. ├─testthat::expect_error(...) at test-ard_stats_t_test.R:5:3
 2. │ └─testthat:::expect_condition_matching(...)
 3. │   └─testthat:::quasi_capture(...)
 4. │     ├─testthat (local) .capture(...)
 5. │     │ └─base::withCallingHandlers(...)
 6. │     └─rlang::eval_bare(quo_get_expr(.quo), quo_get_env(.quo))
 7. └─cardx::ard_stats_t_test(cards::ADSL, variable = AGE, var.equal = TRUE)</failure>
    </testcase>
    <testcase time="0.0209999999999999" classname="character(0)" name="ard_stats_t_test_works">
      <error type="error" message="Error in `eval(code, test_env)`: object 'ard_single' not found ('test-ard_stats_t_test.R:10:3')">Error in `eval(code, test_env)`: object 'ard_single' not found
Backtrace:
    ▆
 1. ├─testthat::expect_equal(...) at test-ard_stats_t_test.R:10:3
 2. │ └─testthat::quasi_label(enquo(object), label, arg = "object")
 3. │   └─rlang::eval_bare(expr, quo_get_env(quo))
 4. └─cards::get_ard_statistics(...)
 5.   └─dplyr::filter(x, ...)</error>
    </testcase>
  </testsuite>
  <testsuite name="ard_stats_t_test" timestamp="2024-04-15T19:05:29Z" hostname="dfa95dc81b6e" tests="2" skipped="0" failures="1" errors="1" time="0.037">
    <testcase time="0.0179999999999998" classname="character(0)" name="ard_stats_paired_t_test_works">
      <failure type="failure" message="`... &lt;- NULL` threw an unexpected error. ('test-ard_stats_t_test.R:73:3')">`... &lt;- NULL` threw an unexpected error.
Message: 'check_pkg_installed' is not an exported object from 'namespace:cards'
Class:   simpleError/error/condition
Backtrace:
    ▆
 1. ├─testthat::expect_error(...) at test-ard_stats_t_test.R:73:3
 2. │ └─testthat:::expect_condition_matching(...)
 3. │   └─testthat:::quasi_capture(...)
 4. │     ├─testthat (local) .capture(...)
 5. │     │ └─base::withCallingHandlers(...)
 6. │     └─rlang::eval_bare(quo_get_expr(.quo), quo_get_env(.quo))
 7. └─cardx::ard_stats_paired_t_test(...)</failure>
    </testcase>
    <testcase time="0.0190000000000001" classname="character(0)" name="ard_stats_paired_t_test_works">
      <error type="error" message="Error in `eval(code, test_env)`: object 'ard_paired_ttest' not found ('test-ard_stats_t_test.R:80:3')">Error in `eval(code, test_env)`: object 'ard_paired_ttest' not found
Backtrace:
    ▆
 1. ├─testthat::expect_equal(...) at test-ard_stats_t_test.R:80:3
 2. │ └─testthat::quasi_label(enquo(object), label, arg = "object")
 3. │   └─rlang::eval_bare(expr, quo_get_env(quo))
 4. └─cards::get_ard_statistics(...)
 5.   └─dplyr::filter(x, ...)</error>
    </testcase>
  </testsuite>
  <testsuite name="ard_stats_wilcox_test" timestamp="2024-04-15T19:05:29Z" hostname="dfa95dc81b6e" tests="2" skipped="0" failures="1" errors="1" time="0.154">
    <testcase time="0.134" classname="character(0)" name="ard_stats_wilcox_test_works">
      <failure type="failure" message="`ard_single &lt;- ard_stats_wilcox_test(cards::ADSL, variable = AGE)` threw an unexpected error. ('test-ard_stats_wilcox_test.R:5:3')">`ard_single &lt;- ard_stats_wilcox_test(cards::ADSL, variable = AGE)` threw an unexpected error.
Message: 'check_pkg_installed' is not an exported object from 'namespace:cards'
Class:   simpleError/error/condition
Backtrace:
    ▆
 1. ├─testthat::expect_error(...) at test-ard_stats_wilcox_test.R:5:3
 2. │ └─testthat:::expect_condition_matching(...)
 3. │   └─testthat:::quasi_capture(...)
 4. │     ├─testthat (local) .capture(...)
 5. │     │ └─base::withCallingHandlers(...)
 6. │     └─rlang::eval_bare(quo_get_expr(.quo), quo_get_env(.quo))
 7. └─cardx::ard_stats_wilcox_test(cards::ADSL, variable = AGE)</failure>
    </testcase>
    <testcase time="0.0199999999999996" classname="character(0)" name="ard_stats_wilcox_test_works">
      <error type="error" message="Error in `eval(code, test_env)`: object 'ard_single' not found ('test-ard_stats_wilcox_test.R:10:3')">Error in `eval(code, test_env)`: object 'ard_single' not found
Backtrace:
    ▆
 1. ├─testthat::expect_equal(...) at test-ard_stats_wilcox_test.R:10:3
 2. │ └─testthat::quasi_label(enquo(object), label, arg = "object")
 3. │   └─rlang::eval_bare(expr, quo_get_env(quo))
 4. └─cards::get_ard_statistics(...)
 5.   └─dplyr::filter(x, ...)</error>
    </testcase>
  </testsuite>
  <testsuite name="ard_stats_wilcox_test" timestamp="2024-04-15T19:05:29Z" hostname="dfa95dc81b6e" tests="2" skipped="0" failures="1" errors="1" time="0.034">
    <testcase time="0.0170000000000003" classname="character(0)" name="ard_stats_paired_wilcox_test_works">
      <failure type="failure" message="`... &lt;- NULL` threw an unexpected error. ('test-ard_stats_wilcox_test.R:75:3')">`... &lt;- NULL` threw an unexpected error.
Message: 'check_pkg_installed' is not an exported object from 'namespace:cards'
Class:   simpleError/error/condition
Backtrace:
    ▆
 1. ├─testthat::expect_error(...) at test-ard_stats_wilcox_test.R:75:3
 2. │ └─testthat:::expect_condition_matching(...)
 3. │   └─testthat:::quasi_capture(...)
 4. │     ├─testthat (local) .capture(...)
 5. │     │ └─base::withCallingHandlers(...)
 6. │     └─rlang::eval_bare(quo_get_expr(.quo), quo_get_env(.quo))
 7. └─cardx::ard_stats_paired_wilcox_test(...)</failure>
    </testcase>
    <testcase time="0.0169999999999995" classname="character(0)" name="ard_stats_paired_wilcox_test_works">
      <error type="error" message="Error in `eval(code, test_env)`: object 'ard_paired_wilcoxtest' not found ('test-ard_stats_wilcox_test.R:85:3')">Error in `eval(code, test_env)`: object 'ard_paired_wilcoxtest' not found
Backtrace:
    ▆
 1. ├─testthat::expect_equal(...) at test-ard_stats_wilcox_test.R:85:3
 2. │ └─testthat::quasi_label(enquo(object), label, arg = "object")
 3. │   └─rlang::eval_bare(expr, quo_get_env(quo))
 4. └─cards::get_ard_statistics(...)
 5.   └─dplyr::filter(x, ...)</error>
    </testcase>
  </testsuite>
  <testsuite name="ard_stats_prop_test" timestamp="2024-04-15T19:05:29Z" hostname="dfa95dc81b6e" tests="3" skipped="0" failures="0" errors="0" time="0.051">
    <testcase time="0.0500000000000007" classname="character(0)" name="ard_stats_prop_test_works"/>
    <testcase time="0" classname="character(0)" name="ard_stats_prop_test_works"/>
    <testcase time="0.000999999999999446" classname="character(0)" name="ard_stats_prop_test_works"/>
  </testsuite>
  <testsuite name="ard_stats_prop_test" timestamp="2024-04-15T19:05:29Z" hostname="dfa95dc81b6e" tests="8" skipped="0" failures="0" errors="0" time="0.005">
    <testcase time="0.00100000000000033" classname="character(0)" name="ard_stats_prop_test_error_messaging"/>
    <testcase time="0.000999999999999446" classname="character(0)" name="ard_stats_prop_test_error_messaging"/>
    <testcase time="0" classname="character(0)" name="ard_stats_prop_test_error_messaging"/>
    <testcase time="0.00100000000000033" classname="character(0)" name="ard_stats_prop_test_error_messaging"/>
    <testcase time="0" classname="character(0)" name="ard_stats_prop_test_error_messaging"/>
    <testcase time="0.00100000000000033" classname="character(0)" name="ard_stats_prop_test_error_messaging"/>
    <testcase time="0" classname="character(0)" name="ard_stats_prop_test_error_messaging"/>
    <testcase time="0.000999999999999446" classname="character(0)" name="ard_stats_prop_test_error_messaging"/>
  </testsuite>
  <testsuite name="ard_survey_svychisq" timestamp="2024-04-15T19:05:29Z" hostname="dfa95dc81b6e" tests="2" skipped="0" failures="1" errors="1" time="0.224">
    <testcase time="0.196000000000001" classname="character(0)" name="ard_survey_svychisq_works">
      <failure type="failure" message="`... &lt;- NULL` threw an unexpected error. ('test-ard_survey_svychisq.R:7:3')">`... &lt;- NULL` threw an unexpected error.
Message: 'check_pkg_installed' is not an exported object from 'namespace:cards'
Class:   simpleError/error/condition
Backtrace:
    ▆
 1. ├─testthat::expect_error(...) at test-ard_survey_svychisq.R:7:3
 2. │ └─testthat:::expect_condition_matching(...)
 3. │   └─testthat:::quasi_capture(...)
 4. │     ├─testthat (local) .capture(...)
 5. │     │ └─base::withCallingHandlers(...)
 6. │     └─rlang::eval_bare(quo_get_expr(.quo), quo_get_env(.quo))
 7. └─cardx::ard_survey_svychisq(...)</failure>
    </testcase>
    <testcase time="0.0279999999999996" classname="character(0)" name="ard_survey_svychisq_works">
      <error type="error" message="Error in `eval(code, test_env)`: object 'ard_svychisq' not found ('test-ard_survey_svychisq.R:18:3')">Error in `eval(code, test_env)`: object 'ard_svychisq' not found
Backtrace:
    ▆
 1. ├─testthat::expect_equal(...) at test-ard_survey_svychisq.R:18:3
 2. │ └─testthat::quasi_label(enquo(object), label, arg = "object")
 3. │   └─rlang::eval_bare(expr, quo_get_env(quo))
 4. └─cards::get_ard_statistics(...)
 5.   └─dplyr::filter(x, ...)</error>
    </testcase>
  </testsuite>
  <testsuite name="ard_survey_svyranktest" timestamp="2024-04-15T19:05:29Z" hostname="dfa95dc81b6e" tests="1" skipped="0" failures="0" errors="1" time="0.201">
    <testcase time="0.201" classname="character(0)" name="ard_survey_svyranktest_works">
      <error type="error" message="Error: 'check_pkg_installed' is not an exported object from 'namespace:cards' ('test-ard_survey_svyranktest.R:9:7')">Error: 'check_pkg_installed' is not an exported object from 'namespace:cards'
Backtrace:
    ▆
 1. └─base::lapply(...) at test-ard_survey_svyranktest.R:6:3
 2.   └─cardx (local) FUN(X[[i]], ...)
 3.     └─cardx::ard_survey_svyranktest(...) at test-ard_survey_svyranktest.R:9:7</error>
    </testcase>
  </testsuite>
  <testsuite name="ard_survey_svyranktest" timestamp="2024-04-15T19:05:29Z" hostname="dfa95dc81b6e" tests="1" skipped="0" failures="0" errors="1" time="0.017">
    <testcase time="0.0170000000000003" classname="character(0)" name="exact_values_match_for_ard_svyranktest_works">
      <error type="error" message="Error: 'check_pkg_installed' is not an exported object from 'namespace:cards' ('test-ard_survey_svyranktest.R:27:3')">Error: 'check_pkg_installed' is not an exported object from 'namespace:cards'
Backtrace:
    ▆
 1. └─cardx::ard_survey_svyranktest(...) at test-ard_survey_svyranktest.R:27:3</error>
    </testcase>
  </testsuite>
  <testsuite name="ard_survey_svyttest" timestamp="2024-04-15T19:05:30Z" hostname="dfa95dc81b6e" tests="2" skipped="0" failures="1" errors="1" time="0.226">
    <testcase time="0.205" classname="character(0)" name="ard_survey_svyttest_works">
      <failure type="failure" message="`... &lt;- NULL` threw an unexpected error. ('test-ard_survey_svyttest.R:7:3')">`... &lt;- NULL` threw an unexpected error.
Message: 'check_pkg_installed' is not an exported object from 'namespace:cards'
Class:   simpleError/error/condition
Backtrace:
    ▆
 1. ├─testthat::expect_error(...) at test-ard_survey_svyttest.R:7:3
 2. │ └─testthat:::expect_condition_matching(...)
 3. │   └─testthat:::quasi_capture(...)
 4. │     ├─testthat (local) .capture(...)
 5. │     │ └─base::withCallingHandlers(...)
 6. │     └─rlang::eval_bare(quo_get_expr(.quo), quo_get_env(.quo))
 7. └─cardx::ard_survey_svyttest(...)</failure>
    </testcase>
    <testcase time="0.0209999999999999" classname="character(0)" name="ard_survey_svyttest_works">
      <error type="error" message="Error in `eval(code, test_env)`: object 'ard_svyttest' not found ('test-ard_survey_svyttest.R:18:3')">Error in `eval(code, test_env)`: object 'ard_svyttest' not found
Backtrace:
    ▆
 1. ├─testthat::expect_equal(...) at test-ard_survey_svyttest.R:18:3
 2. │ └─testthat::quasi_label(enquo(object), label, arg = "object")
 3. │   └─rlang::eval_bare(expr, quo_get_env(quo))
 4. └─cards::get_ard_statistics(...)
 5.   └─dplyr::filter(x, ...)</error>
    </testcase>
  </testsuite>
  <testsuite name="ard_survey_svyttest" timestamp="2024-04-15T19:05:30Z" hostname="dfa95dc81b6e" tests="2" skipped="0" failures="1" errors="1" time="0.038">
    <testcase time="0.0200000000000005" classname="character(0)" name="ard_survey_svyttest_messaging">
      <failure type="failure" message="`... &lt;- NULL` threw an unexpected error. ('test-ard_survey_svyttest.R:62:3')">`... &lt;- NULL` threw an unexpected error.
Message: 'check_pkg_installed' is not an exported object from 'namespace:cards'
Class:   simpleError/error/condition
Backtrace:
    ▆
 1. ├─testthat::expect_error(...) at test-ard_survey_svyttest.R:62:3
 2. │ └─testthat:::expect_condition_matching(...)
 3. │   └─testthat:::quasi_capture(...)
 4. │     ├─testthat (local) .capture(...)
 5. │     │ └─base::withCallingHandlers(...)
 6. │     └─rlang::eval_bare(quo_get_expr(.quo), quo_get_env(.quo))
 7. └─cardx::ard_survey_svyttest(dclus2, variable = enroll, by = stype)</failure>
    </testcase>
    <testcase time="0.0179999999999998" classname="character(0)" name="ard_survey_svyttest_messaging">
      <error type="error" message="Error in `eval(code, test_env)`: object 'ard_svyttest' not found ('test-ard_survey_svyttest.R:71:3')">Error in `eval(code, test_env)`: object 'ard_svyttest' not found
Backtrace:
    ▆
 1. ├─testthat::expect_equal(unlist(unique(ard_svyttest$error)), "group must be binary") at test-ard_survey_svyttest.R:71:3
 2. │ └─testthat::quasi_label(enquo(object), label, arg = "object")
 3. │   └─rlang::eval_bare(expr, quo_get_env(quo))
 4. ├─base::unlist(unique(ard_svyttest$error))
 5. └─base::unique(ard_svyttest$error)</error>
    </testcase>
  </testsuite>
  <testsuite name="ard_survival_survfit" timestamp="2024-04-15T19:05:30Z" hostname="dfa95dc81b6e" tests="1" skipped="0" failures="0" errors="1" time="0.529">
    <testcase time="0.529" classname="character(0)" name="ard_survival_survfit_works_with_times_provided">
      <error type="error" message="Error: 'check_pkg_installed' is not an exported object from 'namespace:cards' ('test-ard_survival_survfit.R:4:3')">Error: 'check_pkg_installed' is not an exported object from 'namespace:cards'
Backtrace:
    ▆
 1. └─testthat::expect_snapshot(...) at test-ard_survival_survfit.R:4:3
 2.   └─rlang::cnd_signal(state$error)</error>
    </testcase>
  </testsuite>
  <testsuite name="ard_survival_survfit" timestamp="2024-04-15T19:05:30Z" hostname="dfa95dc81b6e" tests="1" skipped="0" failures="0" errors="1" time="0.02">
    <testcase time="0.0199999999999996" classname="character(0)" name="ard_survival_survfit_works_with_different_type">
      <error type="error" message="Error: 'check_pkg_installed' is not an exported object from 'namespace:cards' ('test-ard_survival_survfit.R:15:3')">Error: 'check_pkg_installed' is not an exported object from 'namespace:cards'
Backtrace:
    ▆
 1. └─testthat::expect_snapshot(...) at test-ard_survival_survfit.R:15:3
 2.   └─rlang::cnd_signal(state$error)</error>
    </testcase>
  </testsuite>
  <testsuite name="ard_survival_survfit" timestamp="2024-04-15T19:05:30Z" hostname="dfa95dc81b6e" tests="1" skipped="0" failures="0" errors="1" time="0.016">
    <testcase time="0.016" classname="character(0)" name="ard_survival_survfit_works_with_probs_provided">
      <error type="error" message="Error: 'check_pkg_installed' is not an exported object from 'namespace:cards' ('test-ard_survival_survfit.R:26:3')">Error: 'check_pkg_installed' is not an exported object from 'namespace:cards'
Backtrace:
    ▆
 1. └─testthat::expect_snapshot(...) at test-ard_survival_survfit.R:26:3
 2.   └─rlang::cnd_signal(state$error)</error>
    </testcase>
  </testsuite>
  <testsuite name="ard_survival_survfit" timestamp="2024-04-15T19:05:30Z" hostname="dfa95dc81b6e" tests="1" skipped="0" failures="0" errors="1" time="0.017">
    <testcase time="0.0170000000000003" classname="character(0)" name="ard_survival_survfit_works_with_unstratified_model">
      <error type="error" message="Error: 'check_pkg_installed' is not an exported object from 'namespace:cards' ('test-ard_survival_survfit.R:37:3')">Error: 'check_pkg_installed' is not an exported object from 'namespace:cards'
Backtrace:
    ▆
 1. └─testthat::expect_snapshot(...) at test-ard_survival_survfit.R:37:3
 2.   └─rlang::cnd_signal(state$error)</error>
    </testcase>
  </testsuite>
  <testsuite name="ard_survival_survfit" timestamp="2024-04-15T19:05:30Z" hostname="dfa95dc81b6e" tests="1" skipped="0" failures="0" errors="1" time="0.02">
    <testcase time="0.0199999999999996" classname="character(0)" name="ard_survival_survfit_works_with_multiple_stratification_variables">
      <error type="error" message="Error: 'check_pkg_installed' is not an exported object from 'namespace:cards' ('test-ard_survival_survfit.R:57:3')">Error: 'check_pkg_installed' is not an exported object from 'namespace:cards'
Backtrace:
    ▆
 1. └─testthat::expect_snapshot(...) at test-ard_survival_survfit.R:57:3
 2.   └─rlang::cnd_signal(state$error)</error>
    </testcase>
  </testsuite>
  <testsuite name="ard_survival_survfit" timestamp="2024-04-15T19:05:30Z" hostname="dfa95dc81b6e" tests="1" skipped="0" failures="0" errors="1" time="0.016">
    <testcase time="0.016" classname="character(0)" name="ard_survival_survfit_works_with_competing_risks">
      <error type="error" message="Error: 'check_pkg_installed' is not an exported object from 'namespace:cards' ('test-ard_survival_survfit.R:91:3')">Error: 'check_pkg_installed' is not an exported object from 'namespace:cards'
Backtrace:
    ▆
 1. └─testthat::expect_snapshot(...) at test-ard_survival_survfit.R:91:3
 2.   └─rlang::cnd_signal(state$error)</error>
    </testcase>
  </testsuite>
  <testsuite name="ard_survival_survfit" timestamp="2024-04-15T19:05:30Z" hostname="dfa95dc81b6e" tests="1" skipped="1" failures="0" errors="0" time="0.017">
    <testcase time="0.0170000000000003" classname="character(0)" name="ard_survival_survfit_errors_are_properly_handled">
      <skipped message="Reason: On CRAN ('test-ard_survival_survfit.R:102:3')"/>
    </testcase>
  </testsuite>
  <testsuite name="ard_survival_survfit" timestamp="2024-04-15T19:05:30Z" hostname="dfa95dc81b6e" tests="1" skipped="0" failures="0" errors="1" time="0.014">
    <testcase time="0.0140000000000002" classname="character(0)" name="ard_survival_survfit_works_with_non_syntactic_names">
      <error type="error" message="Error: 'check_pkg_installed' is not an exported object from 'namespace:cards' ('test-ard_survival_survfit.R:121:3')">Error: 'check_pkg_installed' is not an exported object from 'namespace:cards'
Backtrace:
    ▆
 1. ├─testthat::expect_equal(...) at test-ard_survival_survfit.R:121:3
 2. │ └─testthat::quasi_label(enquo(object), label, arg = "object")
 3. │   └─rlang::eval_bare(expr, quo_get_env(quo))
 4. ├─dplyr::mutate(...)
 5. └─cardx::ard_survival_survfit(...)</error>
    </testcase>
  </testsuite>
  <testsuite name="ard_survival_survfit" timestamp="2024-04-15T19:05:30Z" hostname="dfa95dc81b6e" tests="1" skipped="1" failures="0" errors="0" time="0.019">
    <testcase time="0.0190000000000001" classname="character(0)" name="ard_survival_survfit_errors_with_stratified_Cox_model">
      <skipped message="Reason: On CRAN ('test-ard_survival_survfit.R:137:3')"/>
    </testcase>
  </testsuite>
  <testsuite name="proportion_ci" timestamp="2024-04-15T19:05:30Z" hostname="dfa95dc81b6e" tests="1" skipped="1" failures="0" errors="0" time="0.141">
    <testcase time="0.141" classname="character(0)" name="check_the_proportion_ci__functions_work">
      <skipped message="Reason: On CRAN ('test-proportion_ci.R:12:3')"/>
    </testcase>
  </testsuite>
  <testsuite name="proportion_ci" timestamp="2024-04-15T19:05:30Z" hostname="dfa95dc81b6e" tests="1" skipped="1" failures="0" errors="0" time="0.014">
    <testcase time="0.0139999999999993" classname="character(0)" name="check_the_proportion_ci_strat_wilson_function_works">
      <skipped message="Reason: On CRAN ('test-proportion_ci.R:138:3')"/>
    </testcase>
  </testsuite>
  <testsuite name="ard_survey_svycontinuous" timestamp="2024-04-15T19:05:31Z" hostname="dfa95dc81b6e" tests="12" skipped="1" failures="0" errors="0" time="0.505">
    <testcase time="0.500000000000001" classname="character(0)" name="unstratified_ard_survey_svycontinuous_works"/>
    <testcase time="0" classname="character(0)" name="unstratified_ard_survey_svycontinuous_works"/>
    <testcase time="0.000999999999999446" classname="character(0)" name="unstratified_ard_survey_svycontinuous_works"/>
    <testcase time="0" classname="character(0)" name="unstratified_ard_survey_svycontinuous_works"/>
    <testcase time="0.000999999999999446" classname="character(0)" name="unstratified_ard_survey_svycontinuous_works"/>
    <testcase time="0" classname="character(0)" name="unstratified_ard_survey_svycontinuous_works"/>
    <testcase time="0.00100000000000122" classname="character(0)" name="unstratified_ard_survey_svycontinuous_works"/>
    <testcase time="0" classname="character(0)" name="unstratified_ard_survey_svycontinuous_works"/>
    <testcase time="0.000999999999999446" classname="character(0)" name="unstratified_ard_survey_svycontinuous_works"/>
    <testcase time="0" classname="character(0)" name="unstratified_ard_survey_svycontinuous_works"/>
    <testcase time="0.000999999999999446" classname="character(0)" name="unstratified_ard_survey_svycontinuous_works"/>
    <testcase time="0" classname="character(0)" name="unstratified_ard_survey_svycontinuous_works">
      <skipped message="Reason: On CRAN ('test-ard_survey_svycontinuous.R:70:3')"/>
    </testcase>
  </testsuite>
  <testsuite name="ard_survey_svycontinuous" timestamp="2024-04-15T19:05:31Z" hostname="dfa95dc81b6e" tests="11" skipped="0" failures="0" errors="0" time="0.02">
    <testcase time="0.0150000000000006" classname="character(0)" name="stratified_ard_survey_svycontinuous_works"/>
    <testcase time="0" classname="character(0)" name="stratified_ard_survey_svycontinuous_works"/>
    <testcase time="0.000999999999999446" classname="character(0)" name="stratified_ard_survey_svycontinuous_works"/>
    <testcase time="0" classname="character(0)" name="stratified_ard_survey_svycontinuous_works"/>
    <testcase time="0.00100000000000122" classname="character(0)" name="stratified_ard_survey_svycontinuous_works"/>
    <testcase time="0" classname="character(0)" name="stratified_ard_survey_svycontinuous_works"/>
    <testcase time="0.000999999999999446" classname="character(0)" name="stratified_ard_survey_svycontinuous_works"/>
    <testcase time="0" classname="character(0)" name="stratified_ard_survey_svycontinuous_works"/>
    <testcase time="0.000999999999999446" classname="character(0)" name="stratified_ard_survey_svycontinuous_works"/>
    <testcase time="0" classname="character(0)" name="stratified_ard_survey_svycontinuous_works"/>
    <testcase time="0.000999999999999446" classname="character(0)" name="stratified_ard_survey_svycontinuous_works"/>
  </testsuite>
  <testsuite name="ard_survey_svycontinuous" timestamp="2024-04-15T19:05:31Z" hostname="dfa95dc81b6e" tests="4" skipped="0" failures="0" errors="0" time="0.003">
    <testcase time="0.00100000000000122" classname="character(0)" name="ard_survey_svycontinuous_NA_handling"/>
    <testcase time="0.000999999999999446" classname="character(0)" name="ard_survey_svycontinuous_NA_handling"/>
    <testcase time="0" classname="character(0)" name="ard_survey_svycontinuous_NA_handling"/>
    <testcase time="0.000999999999999446" classname="character(0)" name="ard_survey_svycontinuous_NA_handling"/>
  </testsuite>
  <testsuite name="ard_survey_svycontinuous" timestamp="2024-04-15T19:05:31Z" hostname="dfa95dc81b6e" tests="2" skipped="0" failures="0" errors="0" time="0.002">
    <testcase time="0.00100000000000122" classname="character(0)" name="ard_survey_svycontinuous_error_handling"/>
    <testcase time="0.000999999999999446" classname="character(0)" name="ard_survey_svycontinuous_error_handling"/>
  </testsuite>
  <testsuite name="ard_survey_svycontinuous" timestamp="2024-04-15T19:05:31Z" hostname="dfa95dc81b6e" tests="1" skipped="1" failures="0" errors="0" time="0.001">
    <testcase time="0.000999999999999446" classname="character(0)" name="ard_survey_svycontinuous_fmt_fn_">
      <skipped message="Reason: On CRAN ('test-ard_survey_svycontinuous.R:322:3')"/>
    </testcase>
  </testsuite>
  <testsuite name="ard_survey_svycontinuous" timestamp="2024-04-15T19:05:31Z" hostname="dfa95dc81b6e" tests="1" skipped="1" failures="0" errors="0" time="0.011">
    <testcase time="0.011000000000001" classname="character(0)" name="ard_survey_svycontinuous_stat_label_">
      <skipped message="Reason: On CRAN ('test-ard_survey_svycontinuous.R:336:3')"/>
    </testcase>
  </testsuite>
  <testsuite name="ard_survey_svycontinuous" timestamp="2024-04-15T19:05:31Z" hostname="dfa95dc81b6e" tests="2" skipped="0" failures="0" errors="0" time="0.012">
    <testcase time="0.0109999999999992" classname="character(0)" name="ard_survey_svycontinuous_by_unobserved_levels_combinations"/>
    <testcase time="0.00100000000000122" classname="character(0)" name="ard_survey_svycontinuous_by_unobserved_levels_combinations"/>
  </testsuite>
</testsuites>
