<?xml version="1.0" encoding="UTF-8"?>
<testsuites>
  <testsuite name="ard_chisqtest" timestamp="2024-02-23T17:03:42Z" hostname="5bbbb5e772cc" tests="2" skipped="0" failures="0" errors="0" time="0.881">
    <testcase time="0.853" classname="character(0)" name="ard_chisqtest_works"/>
    <testcase time="0.028" classname="character(0)" name="ard_chisqtest_works"/>
  </testsuite>
  <testsuite name="ard_chisqtest" timestamp="2024-02-23T17:03:42Z" hostname="5bbbb5e772cc" tests="1" skipped="1" failures="0" errors="0" time="0.007">
    <testcase time="0.00700000000000012" classname="character(0)" name="shuffle_ard_fills_missing_group_levels_if_the_group_is_meaningful">
      <skipped message="Reason: On CRAN ('test-ard_chisqtest.R:23:3')"/>
    </testcase>
  </testsuite>
  <testsuite name="ard_fishertest" timestamp="2024-02-23T17:03:42Z" hostname="5bbbb5e772cc" tests="2" skipped="0" failures="0" errors="0" time="0.144">
    <testcase time="0.144" classname="character(0)" name="ard_fishertest_works"/>
    <testcase time="0" classname="character(0)" name="ard_fishertest_works"/>
  </testsuite>
  <testsuite name="ard_cohensd" timestamp="2024-02-23T17:03:42Z" hostname="5bbbb5e772cc" tests="2" skipped="0" failures="1" errors="1" time="0.587">
    <testcase time="0.561" classname="character(0)" name="ard_cohensd_works">
      <failure type="failure" message="`... &lt;- NULL` threw an unexpected error. ('test-ard_cohensd.R:2:3')">`... &lt;- NULL` threw an unexpected error.
Message: could not find function "check_class_data_frame"
Class:   simpleError/error/condition
Backtrace:
    ▆
 1. ├─testthat::expect_error(...) at test-ard_cohensd.R:2:3
 2. │ └─testthat:::expect_condition_matching(...)
 3. │   └─testthat:::quasi_capture(...)
 4. │     ├─testthat (local) .capture(...)
 5. │     │ └─base::withCallingHandlers(...)
 6. │     └─rlang::eval_bare(quo_get_expr(.quo), quo_get_env(.quo))
 7. └─cardx::ard_cohensd(...)</failure>
    </testcase>
    <testcase time="0.0259999999999998" classname="character(0)" name="ard_cohensd_works">
      <error type="error" message="Error in `UseMethod(&quot;filter&quot;)`: no applicable method for 'filter' applied to an object of class &quot;function&quot; ('test-ard_cohensd.R:10:3')">Error in `UseMethod("filter")`: no applicable method for 'filter' applied to an object of class "function"
Backtrace:
    ▆
 1. ├─testthat::expect_equal(...) at test-ard_cohensd.R:10:3
 2. │ └─testthat::quasi_label(enquo(object), label, arg = "object")
 3. │   └─rlang::eval_bare(expr, quo_get_env(quo))
 4. └─cards::get_ard_statistics(...)
 5.   └─dplyr::filter(x, ...)</error>
    </testcase>
  </testsuite>
  <testsuite name="ard_cohensd" timestamp="2024-02-23T17:03:43Z" hostname="5bbbb5e772cc" tests="2" skipped="0" failures="1" errors="1" time="0.033">
    <testcase time="0.0180000000000002" classname="character(0)" name="ard_paired_cohensd_works">
      <failure type="failure" message="`... &lt;- NULL` threw an unexpected error. ('test-ard_cohensd.R:39:3')">`... &lt;- NULL` threw an unexpected error.
Message: could not find function "check_class_data_frame"
Class:   simpleError/error/condition
Backtrace:
    ▆
 1. ├─testthat::expect_error(...) at test-ard_cohensd.R:39:3
 2. │ └─testthat:::expect_condition_matching(...)
 3. │   └─testthat:::quasi_capture(...)
 4. │     ├─testthat (local) .capture(...)
 5. │     │ └─base::withCallingHandlers(...)
 6. │     └─rlang::eval_bare(quo_get_expr(.quo), quo_get_env(.quo))
 7. └─cardx::ard_paired_cohensd(...)</failure>
    </testcase>
    <testcase time="0.0149999999999997" classname="character(0)" name="ard_paired_cohensd_works">
      <error type="error" message="Error in `UseMethod(&quot;filter&quot;)`: no applicable method for 'filter' applied to an object of class &quot;function&quot; ('test-ard_cohensd.R:46:3')">Error in `UseMethod("filter")`: no applicable method for 'filter' applied to an object of class "function"
Backtrace:
    ▆
 1. ├─testthat::expect_equal(...) at test-ard_cohensd.R:46:3
 2. │ └─testthat::quasi_label(enquo(object), label, arg = "object")
 3. │   └─rlang::eval_bare(expr, quo_get_env(quo))
 4. └─cards::get_ard_statistics(...)
 5.   └─dplyr::filter(x, ...)</error>
    </testcase>
  </testsuite>
  <testsuite name="ard_kruskaltest" timestamp="2024-02-23T17:03:43Z" hostname="5bbbb5e772cc" tests="3" skipped="1" failures="0" errors="0" time="0.26">
    <testcase time="0.26" classname="character(0)" name="ard_kurskaltest_works"/>
    <testcase time="0" classname="character(0)" name="ard_kurskaltest_works"/>
    <testcase time="0" classname="character(0)" name="ard_kurskaltest_works">
      <skipped message="Reason: On CRAN ('test-ard_kruskaltest.R:20:3')"/>
    </testcase>
  </testsuite>
  <testsuite name="ard_hedgesg" timestamp="2024-02-23T17:03:43Z" hostname="5bbbb5e772cc" tests="2" skipped="0" failures="1" errors="1" time="0.15">
    <testcase time="0.134" classname="character(0)" name="ard_hedgesg_works">
      <failure type="failure" message="`... &lt;- NULL` threw an unexpected error. ('test-ard_hedgesg.R:2:3')">`... &lt;- NULL` threw an unexpected error.
Message: could not find function "check_class_data_frame"
Class:   simpleError/error/condition
Backtrace:
    ▆
 1. ├─testthat::expect_error(...) at test-ard_hedgesg.R:2:3
 2. │ └─testthat:::expect_condition_matching(...)
 3. │   └─testthat:::quasi_capture(...)
 4. │     ├─testthat (local) .capture(...)
 5. │     │ └─base::withCallingHandlers(...)
 6. │     └─rlang::eval_bare(quo_get_expr(.quo), quo_get_env(.quo))
 7. └─cardx::ard_hedgesg(...)</failure>
    </testcase>
    <testcase time="0.016" classname="character(0)" name="ard_hedgesg_works">
      <error type="error" message="Error in `UseMethod(&quot;filter&quot;)`: no applicable method for 'filter' applied to an object of class &quot;function&quot; ('test-ard_hedgesg.R:10:3')">Error in `UseMethod("filter")`: no applicable method for 'filter' applied to an object of class "function"
Backtrace:
    ▆
 1. ├─testthat::expect_equal(...) at test-ard_hedgesg.R:10:3
 2. │ └─testthat::quasi_label(enquo(object), label, arg = "object")
 3. │   └─rlang::eval_bare(expr, quo_get_env(quo))
 4. └─cards::get_ard_statistics(...)
 5.   └─dplyr::filter(x, ...)</error>
    </testcase>
  </testsuite>
  <testsuite name="ard_hedgesg" timestamp="2024-02-23T17:03:43Z" hostname="5bbbb5e772cc" tests="2" skipped="0" failures="1" errors="1" time="0.033">
    <testcase time="0.0180000000000002" classname="character(0)" name="ard_paired_hedgesg_works">
      <failure type="failure" message="`... &lt;- NULL` threw an unexpected error. ('test-ard_hedgesg.R:39:3')">`... &lt;- NULL` threw an unexpected error.
Message: could not find function "check_class_data_frame"
Class:   simpleError/error/condition
Backtrace:
    ▆
 1. ├─testthat::expect_error(...) at test-ard_hedgesg.R:39:3
 2. │ └─testthat:::expect_condition_matching(...)
 3. │   └─testthat:::quasi_capture(...)
 4. │     ├─testthat (local) .capture(...)
 5. │     │ └─base::withCallingHandlers(...)
 6. │     └─rlang::eval_bare(quo_get_expr(.quo), quo_get_env(.quo))
 7. └─cardx::ard_paired_hedgesg(...)</failure>
    </testcase>
    <testcase time="0.0149999999999997" classname="character(0)" name="ard_paired_hedgesg_works">
      <error type="error" message="Error in `UseMethod(&quot;filter&quot;)`: no applicable method for 'filter' applied to an object of class &quot;function&quot; ('test-ard_hedgesg.R:46:3')">Error in `UseMethod("filter")`: no applicable method for 'filter' applied to an object of class "function"
Backtrace:
    ▆
 1. ├─testthat::expect_equal(...) at test-ard_hedgesg.R:46:3
 2. │ └─testthat::quasi_label(enquo(object), label, arg = "object")
 3. │   └─rlang::eval_bare(expr, quo_get_env(quo))
 4. └─cards::get_ard_statistics(...)
 5.   └─dplyr::filter(x, ...)</error>
    </testcase>
  </testsuite>
  <testsuite name="ard_mcnemartest" timestamp="2024-02-23T17:03:43Z" hostname="5bbbb5e772cc" tests="4" skipped="0" failures="0" errors="0" time="0.027">
    <testcase time="0.0220000000000002" classname="character(0)" name="ard_mcnemartest_works"/>
    <testcase time="0.00099999999999989" classname="character(0)" name="ard_mcnemartest_works"/>
    <testcase time="0" classname="character(0)" name="ard_mcnemartest_works"/>
    <testcase time="0.004" classname="character(0)" name="ard_mcnemartest_works"/>
  </testsuite>
  <testsuite name="ard_moodtest" timestamp="2024-02-23T17:03:43Z" hostname="5bbbb5e772cc" tests="3" skipped="1" failures="0" errors="0" time="0.117">
    <testcase time="0.115" classname="character(0)" name="ard_moodtest_works"/>
    <testcase time="0.00099999999999989" classname="character(0)" name="ard_moodtest_works"/>
    <testcase time="0.00099999999999989" classname="character(0)" name="ard_moodtest_works">
      <skipped message="Reason: On CRAN ('test-ard_moodtest.R:20:3')"/>
    </testcase>
  </testsuite>
  <testsuite name="ard_proportion_ci" timestamp="2024-02-23T17:03:43Z" hostname="5bbbb5e772cc" tests="1" skipped="0" failures="0" errors="0" time="0.313">
    <testcase time="0.313" classname="character(0)" name="ard_proportion_ci_works"/>
  </testsuite>
  <testsuite name="ard_proportion_ci" timestamp="2024-02-23T17:03:43Z" hostname="5bbbb5e772cc" tests="2" skipped="1" failures="0" errors="0" time="0.003">
    <testcase time="0.00300000000000011" classname="character(0)" name="ard_proportion_ci_method_strat_wilson_works"/>
    <testcase time="0" classname="character(0)" name="ard_proportion_ci_method_strat_wilson_works">
      <skipped message="Reason: On CRAN ('test-ard_proportion_ci.R:50:3')"/>
    </testcase>
  </testsuite>
  <testsuite name="ard_ttest" timestamp="2024-02-23T17:03:44Z" hostname="5bbbb5e772cc" tests="3" skipped="1" failures="0" errors="0" time="0.463">
    <testcase time="0.461" classname="character(0)" name="ard_ttest_works"/>
    <testcase time="0.00099999999999989" classname="character(0)" name="ard_ttest_works"/>
    <testcase time="0.00100000000000033" classname="character(0)" name="ard_ttest_works">
      <skipped message="Reason: On CRAN ('test-ard_ttest.R:25:3')"/>
    </testcase>
  </testsuite>
  <testsuite name="ard_ttest" timestamp="2024-02-23T17:03:44Z" hostname="5bbbb5e772cc" tests="3" skipped="1" failures="0" errors="0" time="0.016">
    <testcase time="0.0149999999999997" classname="character(0)" name="ard_paired_ttest_works"/>
    <testcase time="0" classname="character(0)" name="ard_paired_ttest_works"/>
    <testcase time="0.00100000000000033" classname="character(0)" name="ard_paired_ttest_works">
      <skipped message="Reason: On CRAN ('test-ard_ttest.R:70:3')"/>
    </testcase>
  </testsuite>
  <testsuite name="ard_regression" timestamp="2024-02-23T17:03:44Z" hostname="5bbbb5e772cc" tests="1" skipped="1" failures="0" errors="0" time="0.015">
    <testcase time="0.0149999999999997" classname="character(0)" name="ard_regression_works">
      <skipped message="Reason: On CRAN ('test-ard_regression.R:2:3')"/>
    </testcase>
  </testsuite>
  <testsuite name="proportion_ci" timestamp="2024-02-23T17:03:44Z" hostname="5bbbb5e772cc" tests="1" skipped="1" failures="0" errors="0" time="0.108">
    <testcase time="0.108" classname="character(0)" name="check_the_proportion_ci__functions_work">
      <skipped message="Reason: On CRAN ('test-proportion_ci.R:10:3')"/>
    </testcase>
  </testsuite>
  <testsuite name="proportion_ci" timestamp="2024-02-23T17:03:44Z" hostname="5bbbb5e772cc" tests="1" skipped="1" failures="0" errors="0" time="0.013">
    <testcase time="0.0129999999999999" classname="character(0)" name="check_the_proportion_ci_strat_wilson_function_works">
      <skipped message="Reason: On CRAN ('test-proportion_ci.R:136:3')"/>
    </testcase>
  </testsuite>
  <testsuite name="ard_wilcoxtest" timestamp="2024-02-23T17:03:44Z" hostname="5bbbb5e772cc" tests="3" skipped="0" failures="0" errors="0" time="0.193">
    <testcase time="0.192000000000001" classname="character(0)" name="ard_wilcoxtest_works"/>
    <testcase time="0.000999999999999446" classname="character(0)" name="ard_wilcoxtest_works"/>
    <testcase time="0" classname="character(0)" name="ard_wilcoxtest_works"/>
  </testsuite>
  <testsuite name="ard_wilcoxtest" timestamp="2024-02-23T17:03:44Z" hostname="5bbbb5e772cc" tests="3" skipped="0" failures="0" errors="0" time="0.003">
    <testcase time="0.00199999999999978" classname="character(0)" name="ard_paired_wilcoxtest_works"/>
    <testcase time="0" classname="character(0)" name="ard_paired_wilcoxtest_works"/>
    <testcase time="0.00100000000000033" classname="character(0)" name="ard_paired_wilcoxtest_works"/>
  </testsuite>
</testsuites>
