<?xml version="1.0" encoding="UTF-8"?>
<testsuites>
  <testsuite name="ard_attributes.survey.design" timestamp="2025-02-14T17:36:04Z" hostname="9ebf7e90108d" tests="1" skipped="0" failures="0" errors="0" time="1.586">
    <testcase time="1.586" classname="character(0)" name="ard_attributes.survey.design_works"/>
  </testsuite>
  <testsuite name="ard_car_anova" timestamp="2025-02-14T17:36:05Z" hostname="9ebf7e90108d" tests="3" skipped="0" failures="0" errors="0" time="0.776">
    <testcase time="0.77" classname="character(0)" name="ard_car_anova_works"/>
    <testcase time="0" classname="character(0)" name="ard_car_anova_works"/>
    <testcase time="0.00599999999999978" classname="character(0)" name="ard_car_anova_works"/>
  </testsuite>
  <testsuite name="ard_car_anova" timestamp="2025-02-14T17:36:05Z" hostname="9ebf7e90108d" tests="1" skipped="0" failures="0" errors="0" time="0.007">
    <testcase time="0.00700000000000012" classname="character(0)" name="ard_car_anova_messaging"/>
  </testsuite>
  <testsuite name="ard_car_anova" timestamp="2025-02-14T17:36:05Z" hostname="9ebf7e90108d" tests="1" skipped="0" failures="0" errors="0" time="0.004">
    <testcase time="0.004" classname="character(0)" name="ard_car_anova_follows_ard_structure"/>
  </testsuite>
  <testsuite name="ard_car_vif" timestamp="2025-02-14T17:36:05Z" hostname="9ebf7e90108d" tests="2" skipped="0" failures="0" errors="0" time="0.381">
    <testcase time="0.381" classname="character(0)" name="ard_car_vif_works"/>
    <testcase time="0" classname="character(0)" name="ard_car_vif_works"/>
  </testsuite>
  <testsuite name="ard_car_vif" timestamp="2025-02-14T17:36:05Z" hostname="9ebf7e90108d" tests="1" skipped="0" failures="0" errors="0" time="0.002">
    <testcase time="0.00199999999999978" classname="character(0)" name="ard_car_vif_appropriate_errors_are_given_for_model_with_only_1_term"/>
  </testsuite>
  <testsuite name="ard_car_vif" timestamp="2025-02-14T17:36:05Z" hostname="9ebf7e90108d" tests="1" skipped="0" failures="0" errors="0" time="0.001">
    <testcase time="0.00099999999999989" classname="character(0)" name="ard_vif_issues_friendly_messaging_for_incorrect_object_passed_in_can_t_get_terms_of_model"/>
  </testsuite>
  <testsuite name="ard_car_vif" timestamp="2025-02-14T17:36:05Z" hostname="9ebf7e90108d" tests="1" skipped="0" failures="0" errors="0" time="0.001">
    <testcase time="0.00100000000000033" classname="character(0)" name="ard_car_vif_follows_ard_structure"/>
  </testsuite>
  <testsuite name="ard_aod_wald_test" timestamp="2025-02-14T17:36:05Z" hostname="9ebf7e90108d" tests="4" skipped="0" failures="0" errors="0" time="0.124">
    <testcase time="0.121" classname="character(0)" name="ard_aod_wald_test_works"/>
    <testcase time="0.00099999999999989" classname="character(0)" name="ard_aod_wald_test_works"/>
    <testcase time="0.00099999999999989" classname="character(0)" name="ard_aod_wald_test_works"/>
    <testcase time="0.00099999999999989" classname="character(0)" name="ard_aod_wald_test_works"/>
  </testsuite>
  <testsuite name="ard_aod_wald_test" timestamp="2025-02-14T17:36:05Z" hostname="9ebf7e90108d" tests="1" skipped="0" failures="0" errors="0" time="0.002">
    <testcase time="0.00200000000000022" classname="character(0)" name="ard_aod_wald_test_follows_ard_structure"/>
  </testsuite>
  <testsuite name="ard_categorical_ci.data.frame" timestamp="2025-02-14T17:36:08Z" hostname="9ebf7e90108d" tests="1" skipped="0" failures="0" errors="0" time="2.294">
    <testcase time="2.294" classname="character(0)" name="ard_categorical_ci.data.frame_method_wald_"/>
  </testsuite>
  <testsuite name="ard_categorical_ci.data.frame" timestamp="2025-02-14T17:36:08Z" hostname="9ebf7e90108d" tests="1" skipped="0" failures="0" errors="0" time="0.002">
    <testcase time="0.00200000000000067" classname="character(0)" name="ard_categorical_ci.data.frame_method_waldcc_"/>
  </testsuite>
  <testsuite name="ard_categorical_ci.data.frame" timestamp="2025-02-14T17:36:08Z" hostname="9ebf7e90108d" tests="1" skipped="0" failures="0" errors="0" time="0.003">
    <testcase time="0.00300000000000011" classname="character(0)" name="ard_categorical_ci.data.frame_method_clopper_pearson_"/>
  </testsuite>
  <testsuite name="ard_categorical_ci.data.frame" timestamp="2025-02-14T17:36:08Z" hostname="9ebf7e90108d" tests="1" skipped="0" failures="0" errors="0" time="0.002">
    <testcase time="0.00199999999999978" classname="character(0)" name="ard_categorical_ci.data.frame_method_wilson_"/>
  </testsuite>
  <testsuite name="ard_categorical_ci.data.frame" timestamp="2025-02-14T17:36:08Z" hostname="9ebf7e90108d" tests="1" skipped="0" failures="0" errors="0" time="0.002">
    <testcase time="0.00199999999999978" classname="character(0)" name="ard_categorical_ci.data.frame_method_wilsoncc_"/>
  </testsuite>
  <testsuite name="ard_categorical_ci.data.frame" timestamp="2025-02-14T17:36:08Z" hostname="9ebf7e90108d" tests="3" skipped="0" failures="0" errors="0" time="0.004">
    <testcase time="0.00199999999999978" classname="character(0)" name="ard_categorical_ci.data.frame_method_strat_wilson_"/>
    <testcase time="0.00100000000000033" classname="character(0)" name="ard_categorical_ci.data.frame_method_strat_wilson_"/>
    <testcase time="0.00100000000000033" classname="character(0)" name="ard_categorical_ci.data.frame_method_strat_wilson_"/>
  </testsuite>
  <testsuite name="ard_categorical_ci.data.frame" timestamp="2025-02-14T17:36:08Z" hostname="9ebf7e90108d" tests="1" skipped="0" failures="0" errors="0" time="0.002">
    <testcase time="0.00199999999999978" classname="character(0)" name="ard_categorical_ci.data.frame_method_strat_wilsoncc_"/>
  </testsuite>
  <testsuite name="ard_categorical_ci.data.frame" timestamp="2025-02-14T17:36:08Z" hostname="9ebf7e90108d" tests="1" skipped="0" failures="0" errors="0" time="0.001">
    <testcase time="0.000999999999999446" classname="character(0)" name="ard_categorical_ci.data.frame_method_jeffreys_"/>
  </testsuite>
  <testsuite name="ard_categorical_ci.data.frame" timestamp="2025-02-14T17:36:08Z" hostname="9ebf7e90108d" tests="1" skipped="0" failures="0" errors="0" time="0.002">
    <testcase time="0.00200000000000067" classname="character(0)" name="ard_categorical_ci.data.frame_method_agresti_coull_"/>
  </testsuite>
  <testsuite name="ard_categorical_ci.data.frame" timestamp="2025-02-14T17:36:08Z" hostname="9ebf7e90108d" tests="1" skipped="0" failures="0" errors="0" time="0.001">
    <testcase time="0.000999999999999446" classname="character(0)" name="ard_continuous_ci.data.frame_follows_ard_structure"/>
  </testsuite>
  <testsuite name="ard_categorical_ci.data.frame" timestamp="2025-02-14T17:36:08Z" hostname="9ebf7e90108d" tests="6" skipped="0" failures="0" errors="0" time="0.004">
    <testcase time="0.00100000000000033" classname="character(0)" name="ard_continuous_ci.data.frame_denominator_row_"/>
    <testcase time="0.00100000000000033" classname="character(0)" name="ard_continuous_ci.data.frame_denominator_row_"/>
    <testcase time="0" classname="character(0)" name="ard_continuous_ci.data.frame_denominator_row_"/>
    <testcase time="0.000999999999999446" classname="character(0)" name="ard_continuous_ci.data.frame_denominator_row_"/>
    <testcase time="0" classname="character(0)" name="ard_continuous_ci.data.frame_denominator_row_"/>
    <testcase time="0.00100000000000033" classname="character(0)" name="ard_continuous_ci.data.frame_denominator_row_"/>
  </testsuite>
  <testsuite name="ard_categorical_ci.data.frame" timestamp="2025-02-14T17:36:08Z" hostname="9ebf7e90108d" tests="6" skipped="0" failures="0" errors="0" time="0.004">
    <testcase time="0.000999999999999446" classname="character(0)" name="ard_continuous_ci.data.frame_denominator_cell_"/>
    <testcase time="0.00100000000000033" classname="character(0)" name="ard_continuous_ci.data.frame_denominator_cell_"/>
    <testcase time="0" classname="character(0)" name="ard_continuous_ci.data.frame_denominator_cell_"/>
    <testcase time="0.00100000000000033" classname="character(0)" name="ard_continuous_ci.data.frame_denominator_cell_"/>
    <testcase time="0" classname="character(0)" name="ard_continuous_ci.data.frame_denominator_cell_"/>
    <testcase time="0.000999999999999446" classname="character(0)" name="ard_continuous_ci.data.frame_denominator_cell_"/>
  </testsuite>
  <testsuite name="ard_categorical_ci.survey.design" timestamp="2025-02-14T17:36:10Z" hostname="9ebf7e90108d" tests="1" skipped="0" failures="0" errors="0" time="1.78">
    <testcase time="1.78" classname="character(0)" name="ard_categorical_ci_data_"/>
  </testsuite>
  <testsuite name="ard_categorical_ci.survey.design" timestamp="2025-02-14T17:36:10Z" hostname="9ebf7e90108d" tests="5" skipped="0" failures="0" errors="0" time="0.006">
    <testcase time="0.00199999999999978" classname="character(0)" name="ard_categorical_ci_variables_"/>
    <testcase time="0.00100000000000033" classname="character(0)" name="ard_categorical_ci_variables_"/>
    <testcase time="0.00100000000000033" classname="character(0)" name="ard_categorical_ci_variables_"/>
    <testcase time="0.000999999999999446" classname="character(0)" name="ard_categorical_ci_variables_"/>
    <testcase time="0.00100000000000033" classname="character(0)" name="ard_categorical_ci_variables_"/>
  </testsuite>
  <testsuite name="ard_categorical_ci.survey.design" timestamp="2025-02-14T17:36:10Z" hostname="9ebf7e90108d" tests="4" skipped="0" failures="0" errors="0" time="0.005">
    <testcase time="0.00199999999999978" classname="character(0)" name="ard_categorical_ci_by_"/>
    <testcase time="0.00100000000000033" classname="character(0)" name="ard_categorical_ci_by_"/>
    <testcase time="0.000999999999999446" classname="character(0)" name="ard_categorical_ci_by_"/>
    <testcase time="0.00100000000000033" classname="character(0)" name="ard_categorical_ci_by_"/>
  </testsuite>
  <testsuite name="ard_categorical_ci.survey.design" timestamp="2025-02-14T17:36:10Z" hostname="9ebf7e90108d" tests="2" skipped="0" failures="0" errors="0" time="0.003">
    <testcase time="0.00199999999999978" classname="character(0)" name="ard_categorical_ci_conf.level_"/>
    <testcase time="0.00100000000000033" classname="character(0)" name="ard_categorical_ci_conf.level_"/>
  </testsuite>
  <testsuite name="ard_categorical_ci.survey.design" timestamp="2025-02-14T17:36:10Z" hostname="9ebf7e90108d" tests="3" skipped="0" failures="0" errors="0" time="0.002">
    <testcase time="0.000999999999999446" classname="character(0)" name="ard_categorical_ci_method_"/>
    <testcase time="0.00100000000000033" classname="character(0)" name="ard_categorical_ci_method_"/>
    <testcase time="0" classname="character(0)" name="ard_categorical_ci_method_"/>
  </testsuite>
  <testsuite name="ard_categorical_ci.survey.design" timestamp="2025-02-14T17:36:10Z" hostname="9ebf7e90108d" tests="2" skipped="0" failures="0" errors="0" time="0.002">
    <testcase time="0.00199999999999978" classname="character(0)" name="ard_categorical_ci_value_"/>
    <testcase time="0" classname="character(0)" name="ard_categorical_ci_value_"/>
  </testsuite>
  <testsuite name="ard_categorical_ci.survey.design" timestamp="2025-02-14T17:36:10Z" hostname="9ebf7e90108d" tests="1" skipped="0" failures="0" errors="0" time="0.002">
    <testcase time="0.00199999999999978" classname="character(0)" name="ard_categorical_ci.survey.design_follows_ard_structure"/>
  </testsuite>
  <testsuite name="ard_categorical_max" timestamp="2025-02-14T17:36:12Z" hostname="9ebf7e90108d" tests="8" skipped="0" failures="0" errors="0" time="2.629">
    <testcase time="2.623" classname="character(0)" name="ard_categorical_max_works_with_default_settings"/>
    <testcase time="0.000999999999999446" classname="character(0)" name="ard_categorical_max_works_with_default_settings"/>
    <testcase time="0.00100000000000122" classname="character(0)" name="ard_categorical_max_works_with_default_settings"/>
    <testcase time="0.000999999999999446" classname="character(0)" name="ard_categorical_max_works_with_default_settings"/>
    <testcase time="0.000999999999999446" classname="character(0)" name="ard_categorical_max_works_with_default_settings"/>
    <testcase time="0.00100000000000122" classname="character(0)" name="ard_categorical_max_works_with_default_settings"/>
    <testcase time="0.000999999999999446" classname="character(0)" name="ard_categorical_max_works_with_default_settings"/>
    <testcase time="0" classname="character(0)" name="ard_categorical_max_works_with_default_settings"/>
  </testsuite>
  <testsuite name="ard_categorical_max" timestamp="2025-02-14T17:36:12Z" hostname="9ebf7e90108d" tests="1" skipped="0" failures="0" errors="0" time="0.002">
    <testcase time="0.00200000000000067" classname="character(0)" name="ard_categorical_max_statistic_works"/>
  </testsuite>
  <testsuite name="ard_categorical_max" timestamp="2025-02-14T17:36:12Z" hostname="9ebf7e90108d" tests="2" skipped="0" failures="0" errors="0" time="0.003">
    <testcase time="0.00200000000000067" classname="character(0)" name="ard_categorical_max_denominator_works"/>
    <testcase time="0.000999999999999446" classname="character(0)" name="ard_categorical_max_denominator_works"/>
  </testsuite>
  <testsuite name="ard_categorical_max" timestamp="2025-02-14T17:36:12Z" hostname="9ebf7e90108d" tests="1" skipped="0" failures="0" errors="0" time="0.002">
    <testcase time="0.00200000000000067" classname="character(0)" name="ard_categorical_max_quiet_works"/>
  </testsuite>
  <testsuite name="ard_categorical_max" timestamp="2025-02-14T17:36:12Z" hostname="9ebf7e90108d" tests="13" skipped="0" failures="0" errors="0" time="0.007">
    <testcase time="0.000999999999999446" classname="character(0)" name="ard_categorical_max_works_with_pre_ordered_factor_variables"/>
    <testcase time="0.000999999999999446" classname="character(0)" name="ard_categorical_max_works_with_pre_ordered_factor_variables"/>
    <testcase time="0" classname="character(0)" name="ard_categorical_max_works_with_pre_ordered_factor_variables"/>
    <testcase time="0.000999999999999446" classname="character(0)" name="ard_categorical_max_works_with_pre_ordered_factor_variables"/>
    <testcase time="0" classname="character(0)" name="ard_categorical_max_works_with_pre_ordered_factor_variables"/>
    <testcase time="0.00100000000000122" classname="character(0)" name="ard_categorical_max_works_with_pre_ordered_factor_variables"/>
    <testcase time="0" classname="character(0)" name="ard_categorical_max_works_with_pre_ordered_factor_variables"/>
    <testcase time="0.000999999999999446" classname="character(0)" name="ard_categorical_max_works_with_pre_ordered_factor_variables"/>
    <testcase time="0" classname="character(0)" name="ard_categorical_max_works_with_pre_ordered_factor_variables"/>
    <testcase time="0.000999999999999446" classname="character(0)" name="ard_categorical_max_works_with_pre_ordered_factor_variables"/>
    <testcase time="0" classname="character(0)" name="ard_categorical_max_works_with_pre_ordered_factor_variables"/>
    <testcase time="0.00100000000000122" classname="character(0)" name="ard_categorical_max_works_with_pre_ordered_factor_variables"/>
    <testcase time="0" classname="character(0)" name="ard_categorical_max_works_with_pre_ordered_factor_variables"/>
  </testsuite>
  <testsuite name="ard_categorical_max" timestamp="2025-02-14T17:36:12Z" hostname="9ebf7e90108d" tests="2" skipped="0" failures="0" errors="0" time="0.002">
    <testcase time="0.00199999999999889" classname="character(0)" name="ard_categorical_max_errors_with_incomplete_factor_columns"/>
    <testcase time="0" classname="character(0)" name="ard_categorical_max_errors_with_incomplete_factor_columns"/>
  </testsuite>
  <testsuite name="ard_categorical_max" timestamp="2025-02-14T17:36:12Z" hostname="9ebf7e90108d" tests="1" skipped="0" failures="0" errors="0" time="0.002">
    <testcase time="0.00200000000000067" classname="character(0)" name="ard_categorical_max_works_without_any_variables"/>
  </testsuite>
  <testsuite name="ard_categorical_max" timestamp="2025-02-14T17:36:12Z" hostname="9ebf7e90108d" tests="1" skipped="0" failures="0" errors="0" time="0.001">
    <testcase time="0.000999999999999446" classname="character(0)" name="ard_categorical_max_follows_ard_structure"/>
  </testsuite>
  <testsuite name="ard_categorical.survey.design" timestamp="2025-02-14T17:37:10Z" hostname="9ebf7e90108d" tests="60" skipped="0" failures="0" errors="0" time="57.284">
    <testcase time="57.25" classname="character(0)" name="ard_categorical.survey.design_works"/>
    <testcase time="0.00100000000000477" classname="character(0)" name="ard_categorical.survey.design_works"/>
    <testcase time="0" classname="character(0)" name="ard_categorical.survey.design_works"/>
    <testcase time="0.000999999999990564" classname="character(0)" name="ard_categorical.survey.design_works"/>
    <testcase time="0" classname="character(0)" name="ard_categorical.survey.design_works"/>
    <testcase time="0.00100000000000477" classname="character(0)" name="ard_categorical.survey.design_works"/>
    <testcase time="0" classname="character(0)" name="ard_categorical.survey.design_works"/>
    <testcase time="0.00100000000000477" classname="character(0)" name="ard_categorical.survey.design_works"/>
    <testcase time="0" classname="character(0)" name="ard_categorical.survey.design_works"/>
    <testcase time="0.000999999999990564" classname="character(0)" name="ard_categorical.survey.design_works"/>
    <testcase time="0" classname="character(0)" name="ard_categorical.survey.design_works"/>
    <testcase time="0.00100000000000477" classname="character(0)" name="ard_categorical.survey.design_works"/>
    <testcase time="0" classname="character(0)" name="ard_categorical.survey.design_works"/>
    <testcase time="0.00100000000000477" classname="character(0)" name="ard_categorical.survey.design_works"/>
    <testcase time="0" classname="character(0)" name="ard_categorical.survey.design_works"/>
    <testcase time="0.000999999999990564" classname="character(0)" name="ard_categorical.survey.design_works"/>
    <testcase time="0" classname="character(0)" name="ard_categorical.survey.design_works"/>
    <testcase time="0.00100000000000477" classname="character(0)" name="ard_categorical.survey.design_works"/>
    <testcase time="0" classname="character(0)" name="ard_categorical.survey.design_works"/>
    <testcase time="0.00100000000000477" classname="character(0)" name="ard_categorical.survey.design_works"/>
    <testcase time="0" classname="character(0)" name="ard_categorical.survey.design_works"/>
    <testcase time="0.000999999999990564" classname="character(0)" name="ard_categorical.survey.design_works"/>
    <testcase time="0" classname="character(0)" name="ard_categorical.survey.design_works"/>
    <testcase time="0.00100000000000477" classname="character(0)" name="ard_categorical.survey.design_works"/>
    <testcase time="0" classname="character(0)" name="ard_categorical.survey.design_works"/>
    <testcase time="0.000999999999990564" classname="character(0)" name="ard_categorical.survey.design_works"/>
    <testcase time="0" classname="character(0)" name="ard_categorical.survey.design_works"/>
    <testcase time="0.00100000000000477" classname="character(0)" name="ard_categorical.survey.design_works"/>
    <testcase time="0" classname="character(0)" name="ard_categorical.survey.design_works"/>
    <testcase time="0.00100000000000477" classname="character(0)" name="ard_categorical.survey.design_works"/>
    <testcase time="0.000999999999990564" classname="character(0)" name="ard_categorical.survey.design_works"/>
    <testcase time="0" classname="character(0)" name="ard_categorical.survey.design_works"/>
    <testcase time="0.00100000000000477" classname="character(0)" name="ard_categorical.survey.design_works"/>
    <testcase time="0" classname="character(0)" name="ard_categorical.survey.design_works"/>
    <testcase time="0.00100000000000477" classname="character(0)" name="ard_categorical.survey.design_works"/>
    <testcase time="0" classname="character(0)" name="ard_categorical.survey.design_works"/>
    <testcase time="0.000999999999990564" classname="character(0)" name="ard_categorical.survey.design_works"/>
    <testcase time="0.00100000000000477" classname="character(0)" name="ard_categorical.survey.design_works"/>
    <testcase time="0" classname="character(0)" name="ard_categorical.survey.design_works"/>
    <testcase time="0.00100000000000477" classname="character(0)" name="ard_categorical.survey.design_works"/>
    <testcase time="0" classname="character(0)" name="ard_categorical.survey.design_works"/>
    <testcase time="0.000999999999990564" classname="character(0)" name="ard_categorical.survey.design_works"/>
    <testcase time="0.00100000000000477" classname="character(0)" name="ard_categorical.survey.design_works"/>
    <testcase time="0" classname="character(0)" name="ard_categorical.survey.design_works"/>
    <testcase time="0.00100000000000477" classname="character(0)" name="ard_categorical.survey.design_works"/>
    <testcase time="0" classname="character(0)" name="ard_categorical.survey.design_works"/>
    <testcase time="0.000999999999990564" classname="character(0)" name="ard_categorical.survey.design_works"/>
    <testcase time="0.00100000000000477" classname="character(0)" name="ard_categorical.survey.design_works"/>
    <testcase time="0" classname="character(0)" name="ard_categorical.survey.design_works"/>
    <testcase time="0.00100000000000477" classname="character(0)" name="ard_categorical.survey.design_works"/>
    <testcase time="0.000999999999990564" classname="character(0)" name="ard_categorical.survey.design_works"/>
    <testcase time="0" classname="character(0)" name="ard_categorical.survey.design_works"/>
    <testcase time="0.00100000000000477" classname="character(0)" name="ard_categorical.survey.design_works"/>
    <testcase time="0.00100000000000477" classname="character(0)" name="ard_categorical.survey.design_works"/>
    <testcase time="0" classname="character(0)" name="ard_categorical.survey.design_works"/>
    <testcase time="0.000999999999990564" classname="character(0)" name="ard_categorical.survey.design_works"/>
    <testcase time="0.00100000000000477" classname="character(0)" name="ard_categorical.survey.design_works"/>
    <testcase time="0" classname="character(0)" name="ard_categorical.survey.design_works"/>
    <testcase time="0.00100000000000477" classname="character(0)" name="ard_categorical.survey.design_works"/>
    <testcase time="0.000999999999990564" classname="character(0)" name="ard_categorical.survey.design_works"/>
  </testsuite>
  <testsuite name="ard_categorical.survey.design" timestamp="2025-02-14T17:37:10Z" hostname="9ebf7e90108d" tests="3" skipped="0" failures="0" errors="0" time="0.002">
    <testcase time="0.00100000000000477" classname="character(0)" name="ard_categorical.survey.design_returns_an_error_when_variables_have_all_NAs"/>
    <testcase time="0.00100000000000477" classname="character(0)" name="ard_categorical.survey.design_returns_an_error_when_variables_have_all_NAs"/>
    <testcase time="0" classname="character(0)" name="ard_categorical.survey.design_returns_an_error_when_variables_have_all_NAs"/>
  </testsuite>
  <testsuite name="ard_categorical.survey.design" timestamp="2025-02-14T17:37:10Z" hostname="9ebf7e90108d" tests="48" skipped="0" failures="0" errors="0" time="0.084">
    <testcase time="0.00199999999999534" classname="character(0)" name="ard_categorical.survey.design_works_for_unobserved_factor_levels"/>
    <testcase time="0" classname="character(0)" name="ard_categorical.survey.design_works_for_unobserved_factor_levels"/>
    <testcase time="0.00100000000000477" classname="character(0)" name="ard_categorical.survey.design_works_for_unobserved_factor_levels"/>
    <testcase time="0" classname="character(0)" name="ard_categorical.survey.design_works_for_unobserved_factor_levels"/>
    <testcase time="0.000999999999990564" classname="character(0)" name="ard_categorical.survey.design_works_for_unobserved_factor_levels"/>
    <testcase time="0" classname="character(0)" name="ard_categorical.survey.design_works_for_unobserved_factor_levels"/>
    <testcase time="0" classname="character(0)" name="ard_categorical.survey.design_works_for_unobserved_factor_levels"/>
    <testcase time="0.00100000000000477" classname="character(0)" name="ard_categorical.survey.design_works_for_unobserved_factor_levels"/>
    <testcase time="0" classname="character(0)" name="ard_categorical.survey.design_works_for_unobserved_factor_levels"/>
    <testcase time="0.00100000000000477" classname="character(0)" name="ard_categorical.survey.design_works_for_unobserved_factor_levels"/>
    <testcase time="0" classname="character(0)" name="ard_categorical.survey.design_works_for_unobserved_factor_levels"/>
    <testcase time="0.000999999999990564" classname="character(0)" name="ard_categorical.survey.design_works_for_unobserved_factor_levels"/>
    <testcase time="0" classname="character(0)" name="ard_categorical.survey.design_works_for_unobserved_factor_levels"/>
    <testcase time="0.00100000000000477" classname="character(0)" name="ard_categorical.survey.design_works_for_unobserved_factor_levels"/>
    <testcase time="0" classname="character(0)" name="ard_categorical.survey.design_works_for_unobserved_factor_levels"/>
    <testcase time="0.00100000000000477" classname="character(0)" name="ard_categorical.survey.design_works_for_unobserved_factor_levels"/>
    <testcase time="0" classname="character(0)" name="ard_categorical.survey.design_works_for_unobserved_factor_levels"/>
    <testcase time="0.000999999999990564" classname="character(0)" name="ard_categorical.survey.design_works_for_unobserved_factor_levels"/>
    <testcase time="0" classname="character(0)" name="ard_categorical.survey.design_works_for_unobserved_factor_levels"/>
    <testcase time="0.0580000000000069" classname="character(0)" name="ard_categorical.survey.design_works_for_unobserved_factor_levels"/>
    <testcase time="0" classname="character(0)" name="ard_categorical.survey.design_works_for_unobserved_factor_levels"/>
    <testcase time="0.00100000000000477" classname="character(0)" name="ard_categorical.survey.design_works_for_unobserved_factor_levels"/>
    <testcase time="0" classname="character(0)" name="ard_categorical.survey.design_works_for_unobserved_factor_levels"/>
    <testcase time="0.000999999999990564" classname="character(0)" name="ard_categorical.survey.design_works_for_unobserved_factor_levels"/>
    <testcase time="0.00100000000000477" classname="character(0)" name="ard_categorical.survey.design_works_for_unobserved_factor_levels"/>
    <testcase time="0" classname="character(0)" name="ard_categorical.survey.design_works_for_unobserved_factor_levels"/>
    <testcase time="0.00100000000000477" classname="character(0)" name="ard_categorical.survey.design_works_for_unobserved_factor_levels"/>
    <testcase time="0.000999999999990564" classname="character(0)" name="ard_categorical.survey.design_works_for_unobserved_factor_levels"/>
    <testcase time="0" classname="character(0)" name="ard_categorical.survey.design_works_for_unobserved_factor_levels"/>
    <testcase time="0.00100000000000477" classname="character(0)" name="ard_categorical.survey.design_works_for_unobserved_factor_levels"/>
    <testcase time="0" classname="character(0)" name="ard_categorical.survey.design_works_for_unobserved_factor_levels"/>
    <testcase time="0.00100000000000477" classname="character(0)" name="ard_categorical.survey.design_works_for_unobserved_factor_levels"/>
    <testcase time="0" classname="character(0)" name="ard_categorical.survey.design_works_for_unobserved_factor_levels"/>
    <testcase time="0.000999999999990564" classname="character(0)" name="ard_categorical.survey.design_works_for_unobserved_factor_levels"/>
    <testcase time="0.00100000000000477" classname="character(0)" name="ard_categorical.survey.design_works_for_unobserved_factor_levels"/>
    <testcase time="0" classname="character(0)" name="ard_categorical.survey.design_works_for_unobserved_factor_levels"/>
    <testcase time="0.00100000000000477" classname="character(0)" name="ard_categorical.survey.design_works_for_unobserved_factor_levels"/>
    <testcase time="0" classname="character(0)" name="ard_categorical.survey.design_works_for_unobserved_factor_levels"/>
    <testcase time="0.000999999999990564" classname="character(0)" name="ard_categorical.survey.design_works_for_unobserved_factor_levels"/>
    <testcase time="0.00100000000000477" classname="character(0)" name="ard_categorical.survey.design_works_for_unobserved_factor_levels"/>
    <testcase time="0" classname="character(0)" name="ard_categorical.survey.design_works_for_unobserved_factor_levels"/>
    <testcase time="0.00100000000000477" classname="character(0)" name="ard_categorical.survey.design_works_for_unobserved_factor_levels"/>
    <testcase time="0" classname="character(0)" name="ard_categorical.survey.design_works_for_unobserved_factor_levels"/>
    <testcase time="0.000999999999990564" classname="character(0)" name="ard_categorical.survey.design_works_for_unobserved_factor_levels"/>
    <testcase time="0.00100000000000477" classname="character(0)" name="ard_categorical.survey.design_works_for_unobserved_factor_levels"/>
    <testcase time="0" classname="character(0)" name="ard_categorical.survey.design_works_for_unobserved_factor_levels"/>
    <testcase time="0.00100000000000477" classname="character(0)" name="ard_categorical.survey.design_works_for_unobserved_factor_levels"/>
    <testcase time="0" classname="character(0)" name="ard_categorical.survey.design_works_for_unobserved_factor_levels"/>
  </testsuite>
  <testsuite name="ard_categorical.survey.design" timestamp="2025-02-14T17:37:10Z" hostname="9ebf7e90108d" tests="48" skipped="0" failures="0" errors="0" time="0.026">
    <testcase time="0.00199999999999534" classname="character(0)" name="ard_categorical.survey.design_works_for_unobserved_logical_levels"/>
    <testcase time="0.00100000000000477" classname="character(0)" name="ard_categorical.survey.design_works_for_unobserved_logical_levels"/>
    <testcase time="0" classname="character(0)" name="ard_categorical.survey.design_works_for_unobserved_logical_levels"/>
    <testcase time="0" classname="character(0)" name="ard_categorical.survey.design_works_for_unobserved_logical_levels"/>
    <testcase time="0.000999999999990564" classname="character(0)" name="ard_categorical.survey.design_works_for_unobserved_logical_levels"/>
    <testcase time="0" classname="character(0)" name="ard_categorical.survey.design_works_for_unobserved_logical_levels"/>
    <testcase time="0.00100000000000477" classname="character(0)" name="ard_categorical.survey.design_works_for_unobserved_logical_levels"/>
    <testcase time="0" classname="character(0)" name="ard_categorical.survey.design_works_for_unobserved_logical_levels"/>
    <testcase time="0.00100000000000477" classname="character(0)" name="ard_categorical.survey.design_works_for_unobserved_logical_levels"/>
    <testcase time="0" classname="character(0)" name="ard_categorical.survey.design_works_for_unobserved_logical_levels"/>
    <testcase time="0.000999999999990564" classname="character(0)" name="ard_categorical.survey.design_works_for_unobserved_logical_levels"/>
    <testcase time="0" classname="character(0)" name="ard_categorical.survey.design_works_for_unobserved_logical_levels"/>
    <testcase time="0.00100000000000477" classname="character(0)" name="ard_categorical.survey.design_works_for_unobserved_logical_levels"/>
    <testcase time="0" classname="character(0)" name="ard_categorical.survey.design_works_for_unobserved_logical_levels"/>
    <testcase time="0.00100000000000477" classname="character(0)" name="ard_categorical.survey.design_works_for_unobserved_logical_levels"/>
    <testcase time="0" classname="character(0)" name="ard_categorical.survey.design_works_for_unobserved_logical_levels"/>
    <testcase time="0.000999999999990564" classname="character(0)" name="ard_categorical.survey.design_works_for_unobserved_logical_levels"/>
    <testcase time="0" classname="character(0)" name="ard_categorical.survey.design_works_for_unobserved_logical_levels"/>
    <testcase time="0.00100000000000477" classname="character(0)" name="ard_categorical.survey.design_works_for_unobserved_logical_levels"/>
    <testcase time="0" classname="character(0)" name="ard_categorical.survey.design_works_for_unobserved_logical_levels"/>
    <testcase time="0.00100000000000477" classname="character(0)" name="ard_categorical.survey.design_works_for_unobserved_logical_levels"/>
    <testcase time="0" classname="character(0)" name="ard_categorical.survey.design_works_for_unobserved_logical_levels"/>
    <testcase time="0" classname="character(0)" name="ard_categorical.survey.design_works_for_unobserved_logical_levels"/>
    <testcase time="0.00100000000000477" classname="character(0)" name="ard_categorical.survey.design_works_for_unobserved_logical_levels"/>
    <testcase time="0" classname="character(0)" name="ard_categorical.survey.design_works_for_unobserved_logical_levels"/>
    <testcase time="0.00100000000000477" classname="character(0)" name="ard_categorical.survey.design_works_for_unobserved_logical_levels"/>
    <testcase time="0" classname="character(0)" name="ard_categorical.survey.design_works_for_unobserved_logical_levels"/>
    <testcase time="0.000999999999990564" classname="character(0)" name="ard_categorical.survey.design_works_for_unobserved_logical_levels"/>
    <testcase time="0" classname="character(0)" name="ard_categorical.survey.design_works_for_unobserved_logical_levels"/>
    <testcase time="0.00100000000000477" classname="character(0)" name="ard_categorical.survey.design_works_for_unobserved_logical_levels"/>
    <testcase time="0" classname="character(0)" name="ard_categorical.survey.design_works_for_unobserved_logical_levels"/>
    <testcase time="0.000999999999990564" classname="character(0)" name="ard_categorical.survey.design_works_for_unobserved_logical_levels"/>
    <testcase time="0.00100000000000477" classname="character(0)" name="ard_categorical.survey.design_works_for_unobserved_logical_levels"/>
    <testcase time="0" classname="character(0)" name="ard_categorical.survey.design_works_for_unobserved_logical_levels"/>
    <testcase time="0.00100000000000477" classname="character(0)" name="ard_categorical.survey.design_works_for_unobserved_logical_levels"/>
    <testcase time="0" classname="character(0)" name="ard_categorical.survey.design_works_for_unobserved_logical_levels"/>
    <testcase time="0.000999999999990564" classname="character(0)" name="ard_categorical.survey.design_works_for_unobserved_logical_levels"/>
    <testcase time="0" classname="character(0)" name="ard_categorical.survey.design_works_for_unobserved_logical_levels"/>
    <testcase time="0.00100000000000477" classname="character(0)" name="ard_categorical.survey.design_works_for_unobserved_logical_levels"/>
    <testcase time="0.00100000000000477" classname="character(0)" name="ard_categorical.survey.design_works_for_unobserved_logical_levels"/>
    <testcase time="0" classname="character(0)" name="ard_categorical.survey.design_works_for_unobserved_logical_levels"/>
    <testcase time="0.000999999999990564" classname="character(0)" name="ard_categorical.survey.design_works_for_unobserved_logical_levels"/>
    <testcase time="0.00100000000000477" classname="character(0)" name="ard_categorical.survey.design_works_for_unobserved_logical_levels"/>
    <testcase time="0" classname="character(0)" name="ard_categorical.survey.design_works_for_unobserved_logical_levels"/>
    <testcase time="0.00100000000000477" classname="character(0)" name="ard_categorical.survey.design_works_for_unobserved_logical_levels"/>
    <testcase time="0" classname="character(0)" name="ard_categorical.survey.design_works_for_unobserved_logical_levels"/>
    <testcase time="0" classname="character(0)" name="ard_categorical.survey.design_works_for_unobserved_logical_levels"/>
    <testcase time="0.00100000000000477" classname="character(0)" name="ard_categorical.survey.design_works_for_unobserved_logical_levels"/>
  </testsuite>
  <testsuite name="ard_categorical.survey.design" timestamp="2025-02-14T17:37:10Z" hostname="9ebf7e90108d" tests="27" skipped="0" failures="0" errors="0" time="0.016">
    <testcase time="0.00199999999999534" classname="character(0)" name="ard_categorical.survey.design_works_with_variables_with_only_1_level"/>
    <testcase time="0" classname="character(0)" name="ard_categorical.survey.design_works_with_variables_with_only_1_level"/>
    <testcase time="0.00100000000000477" classname="character(0)" name="ard_categorical.survey.design_works_with_variables_with_only_1_level"/>
    <testcase time="0" classname="character(0)" name="ard_categorical.survey.design_works_with_variables_with_only_1_level"/>
    <testcase time="0.00100000000000477" classname="character(0)" name="ard_categorical.survey.design_works_with_variables_with_only_1_level"/>
    <testcase time="0" classname="character(0)" name="ard_categorical.survey.design_works_with_variables_with_only_1_level"/>
    <testcase time="0" classname="character(0)" name="ard_categorical.survey.design_works_with_variables_with_only_1_level"/>
    <testcase time="0" classname="character(0)" name="ard_categorical.survey.design_works_with_variables_with_only_1_level"/>
    <testcase time="0" classname="character(0)" name="ard_categorical.survey.design_works_with_variables_with_only_1_level"/>
    <testcase time="0.00100000000000477" classname="character(0)" name="ard_categorical.survey.design_works_with_variables_with_only_1_level"/>
    <testcase time="0.00100000000000477" classname="character(0)" name="ard_categorical.survey.design_works_with_variables_with_only_1_level"/>
    <testcase time="0" classname="character(0)" name="ard_categorical.survey.design_works_with_variables_with_only_1_level"/>
    <testcase time="0.000999999999990564" classname="character(0)" name="ard_categorical.survey.design_works_with_variables_with_only_1_level"/>
    <testcase time="0" classname="character(0)" name="ard_categorical.survey.design_works_with_variables_with_only_1_level"/>
    <testcase time="0.00200000000000955" classname="character(0)" name="ard_categorical.survey.design_works_with_variables_with_only_1_level"/>
    <testcase time="0.000999999999990564" classname="character(0)" name="ard_categorical.survey.design_works_with_variables_with_only_1_level"/>
    <testcase time="0.00100000000000477" classname="character(0)" name="ard_categorical.survey.design_works_with_variables_with_only_1_level"/>
    <testcase time="0" classname="character(0)" name="ard_categorical.survey.design_works_with_variables_with_only_1_level"/>
    <testcase time="0.00100000000000477" classname="character(0)" name="ard_categorical.survey.design_works_with_variables_with_only_1_level"/>
    <testcase time="0" classname="character(0)" name="ard_categorical.survey.design_works_with_variables_with_only_1_level"/>
    <testcase time="0.000999999999990564" classname="character(0)" name="ard_categorical.survey.design_works_with_variables_with_only_1_level"/>
    <testcase time="0" classname="character(0)" name="ard_categorical.survey.design_works_with_variables_with_only_1_level"/>
    <testcase time="0.00100000000000477" classname="character(0)" name="ard_categorical.survey.design_works_with_variables_with_only_1_level"/>
    <testcase time="0" classname="character(0)" name="ard_categorical.survey.design_works_with_variables_with_only_1_level"/>
    <testcase time="0.00100000000000477" classname="character(0)" name="ard_categorical.survey.design_works_with_variables_with_only_1_level"/>
    <testcase time="0" classname="character(0)" name="ard_categorical.survey.design_works_with_variables_with_only_1_level"/>
    <testcase time="0.000999999999990564" classname="character(0)" name="ard_categorical.survey.design_works_with_variables_with_only_1_level"/>
  </testsuite>
  <testsuite name="ard_categorical.survey.design" timestamp="2025-02-14T17:37:10Z" hostname="9ebf7e90108d" tests="4" skipped="0" failures="0" errors="0" time="0.003">
    <testcase time="0.00100000000000477" classname="character(0)" name="ard_categorical.survey.design_by_messages_about_protected_names"/>
    <testcase time="0.00100000000000477" classname="character(0)" name="ard_categorical.survey.design_by_messages_about_protected_names"/>
    <testcase time="0" classname="character(0)" name="ard_categorical.survey.design_by_messages_about_protected_names"/>
    <testcase time="0.000999999999990564" classname="character(0)" name="ard_categorical.survey.design_by_messages_about_protected_names"/>
  </testsuite>
  <testsuite name="ard_categorical.survey.design" timestamp="2025-02-14T17:37:10Z" hostname="9ebf7e90108d" tests="30" skipped="0" failures="0" errors="0" time="0.015">
    <testcase time="0.00100000000000477" classname="character(0)" name="ard_categorical.survey.design_works_when_using_generic_names_"/>
    <testcase time="0.00100000000000477" classname="character(0)" name="ard_categorical.survey.design_works_when_using_generic_names_"/>
    <testcase time="0" classname="character(0)" name="ard_categorical.survey.design_works_when_using_generic_names_"/>
    <testcase time="0.000999999999990564" classname="character(0)" name="ard_categorical.survey.design_works_when_using_generic_names_"/>
    <testcase time="0" classname="character(0)" name="ard_categorical.survey.design_works_when_using_generic_names_"/>
    <testcase time="0.00100000000000477" classname="character(0)" name="ard_categorical.survey.design_works_when_using_generic_names_"/>
    <testcase time="0" classname="character(0)" name="ard_categorical.survey.design_works_when_using_generic_names_"/>
    <testcase time="0.00100000000000477" classname="character(0)" name="ard_categorical.survey.design_works_when_using_generic_names_"/>
    <testcase time="0" classname="character(0)" name="ard_categorical.survey.design_works_when_using_generic_names_"/>
    <testcase time="0" classname="character(0)" name="ard_categorical.survey.design_works_when_using_generic_names_"/>
    <testcase time="0.000999999999990564" classname="character(0)" name="ard_categorical.survey.design_works_when_using_generic_names_"/>
    <testcase time="0" classname="character(0)" name="ard_categorical.survey.design_works_when_using_generic_names_"/>
    <testcase time="0.00100000000000477" classname="character(0)" name="ard_categorical.survey.design_works_when_using_generic_names_"/>
    <testcase time="0" classname="character(0)" name="ard_categorical.survey.design_works_when_using_generic_names_"/>
    <testcase time="0.00100000000000477" classname="character(0)" name="ard_categorical.survey.design_works_when_using_generic_names_"/>
    <testcase time="0" classname="character(0)" name="ard_categorical.survey.design_works_when_using_generic_names_"/>
    <testcase time="0.000999999999990564" classname="character(0)" name="ard_categorical.survey.design_works_when_using_generic_names_"/>
    <testcase time="0" classname="character(0)" name="ard_categorical.survey.design_works_when_using_generic_names_"/>
    <testcase time="0" classname="character(0)" name="ard_categorical.survey.design_works_when_using_generic_names_"/>
    <testcase time="0.00100000000000477" classname="character(0)" name="ard_categorical.survey.design_works_when_using_generic_names_"/>
    <testcase time="0" classname="character(0)" name="ard_categorical.survey.design_works_when_using_generic_names_"/>
    <testcase time="0.000999999999990564" classname="character(0)" name="ard_categorical.survey.design_works_when_using_generic_names_"/>
    <testcase time="0" classname="character(0)" name="ard_categorical.survey.design_works_when_using_generic_names_"/>
    <testcase time="0.00100000000000477" classname="character(0)" name="ard_categorical.survey.design_works_when_using_generic_names_"/>
    <testcase time="0" classname="character(0)" name="ard_categorical.survey.design_works_when_using_generic_names_"/>
    <testcase time="0.00100000000000477" classname="character(0)" name="ard_categorical.survey.design_works_when_using_generic_names_"/>
    <testcase time="0" classname="character(0)" name="ard_categorical.survey.design_works_when_using_generic_names_"/>
    <testcase time="0.000999999999990564" classname="character(0)" name="ard_categorical.survey.design_works_when_using_generic_names_"/>
    <testcase time="0" classname="character(0)" name="ard_categorical.survey.design_works_when_using_generic_names_"/>
    <testcase time="0.00100000000000477" classname="character(0)" name="ard_categorical.survey.design_works_when_using_generic_names_"/>
  </testsuite>
  <testsuite name="ard_categorical.survey.design" timestamp="2025-02-14T17:37:10Z" hostname="9ebf7e90108d" tests="3" skipped="0" failures="0" errors="0" time="0.002">
    <testcase time="0.00100000000000477" classname="character(0)" name="ard_categorical.survey.design_statistic_properly_excluded_unweighted_stats_not_selected"/>
    <testcase time="0.000999999999990564" classname="character(0)" name="ard_categorical.survey.design_statistic_properly_excluded_unweighted_stats_not_selected"/>
    <testcase time="0" classname="character(0)" name="ard_categorical.survey.design_statistic_properly_excluded_unweighted_stats_not_selected"/>
  </testsuite>
  <testsuite name="ard_categorical.survey.design" timestamp="2025-02-14T17:37:10Z" hostname="9ebf7e90108d" tests="1" skipped="0" failures="1" errors="0" time="0.002">
    <testcase time="0.00200000000000955" classname="character(0)" name="ard_categorical_follows_ard_structure">
      <failure type="failure" message="`cards::check_ard_structure(...)` produced warnings. ('test-ard_categorical.survey.design.R:1317:3')">`cards::check_ard_structure(...)` produced warnings.</failure>
    </testcase>
  </testsuite>
  <testsuite name="ard_categorical.survey.design" timestamp="2025-02-14T17:37:10Z" hostname="9ebf7e90108d" tests="6" skipped="0" failures="1" errors="0" time="0.041">
    <testcase time="0.0240000000000009" classname="character(0)" name="ard_categorical.survey.design_original_types_are_retained">
      <failure type="failure" message="`... &lt;- NULL` produced warnings. ('test-ard_categorical.survey.design.R:1340:3')">`... &lt;- NULL` produced warnings.</failure>
    </testcase>
    <testcase time="0.0150000000000006" classname="character(0)" name="ard_categorical.survey.design_original_types_are_retained"/>
    <testcase time="0" classname="character(0)" name="ard_categorical.survey.design_original_types_are_retained"/>
    <testcase time="0.000999999999990564" classname="character(0)" name="ard_categorical.survey.design_original_types_are_retained"/>
    <testcase time="0.00100000000000477" classname="character(0)" name="ard_categorical.survey.design_original_types_are_retained"/>
    <testcase time="0" classname="character(0)" name="ard_categorical.survey.design_original_types_are_retained"/>
  </testsuite>
  <testsuite name="ard_categorical.survey.design" timestamp="2025-02-14T17:37:10Z" hostname="9ebf7e90108d" tests="3" skipped="0" failures="1" errors="0" time="0.011">
    <testcase time="0.00199999999999534" classname="character(0)" name="ard_categorical.survey.design_works_with_all_NA_fct_variables">
      <failure type="failure" message="`... &lt;- NULL` produced warnings. ('test-ard_categorical.survey.design.R:1375:3')">`... &lt;- NULL` produced warnings.</failure>
    </testcase>
    <testcase time="0.00800000000000978" classname="character(0)" name="ard_categorical.survey.design_works_with_all_NA_fct_variables"/>
    <testcase time="0.000999999999990564" classname="character(0)" name="ard_categorical.survey.design_works_with_all_NA_fct_variables"/>
  </testsuite>
  <testsuite name="ard_categorical.survey.design" timestamp="2025-02-14T17:37:10Z" hostname="9ebf7e90108d" tests="1" skipped="0" failures="0" errors="0" time="0.001">
    <testcase time="0.00100000000000477" classname="character(0)" name="ard_categorical.survey.design_messaging_with_all_NA_lgl_variables"/>
  </testsuite>
  <testsuite name="ard_continuous_ci.data.frame" timestamp="2025-02-14T17:37:10Z" hostname="9ebf7e90108d" tests="1" skipped="0" failures="0" errors="0" time="0.543">
    <testcase time="0.542999999999992" classname="character(0)" name="ard_continuous_ci.data.frame_method_t.test_"/>
  </testsuite>
  <testsuite name="ard_continuous_ci.data.frame" timestamp="2025-02-14T17:37:10Z" hostname="9ebf7e90108d" tests="1" skipped="0" failures="0" errors="0" time="0.002">
    <testcase time="0.00200000000000955" classname="character(0)" name="ard_continuous_ci.data.frame_method_wilcox.test_"/>
  </testsuite>
  <testsuite name="ard_continuous_ci.data.frame" timestamp="2025-02-14T17:37:10Z" hostname="9ebf7e90108d" tests="1" skipped="0" failures="0" errors="0" time="0.001">
    <testcase time="0.000999999999990564" classname="character(0)" name="ard_continuous_ci.data.frame_follows_ard_structure"/>
  </testsuite>
  <testsuite name="ard_continuous_ci.survey.design" timestamp="2025-02-14T17:37:12Z" hostname="9ebf7e90108d" tests="1" skipped="0" failures="0" errors="0" time="1.249">
    <testcase time="1.24900000000001" classname="character(0)" name="ard_continuous_ci_data_"/>
  </testsuite>
  <testsuite name="ard_continuous_ci.survey.design" timestamp="2025-02-14T17:37:12Z" hostname="9ebf7e90108d" tests="5" skipped="0" failures="0" errors="0" time="0.006">
    <testcase time="0.00199999999999534" classname="character(0)" name="ard_continuous_ci_variables_"/>
    <testcase time="0.00100000000000477" classname="character(0)" name="ard_continuous_ci_variables_"/>
    <testcase time="0.000999999999990564" classname="character(0)" name="ard_continuous_ci_variables_"/>
    <testcase time="0.00100000000000477" classname="character(0)" name="ard_continuous_ci_variables_"/>
    <testcase time="0.00100000000000477" classname="character(0)" name="ard_continuous_ci_variables_"/>
  </testsuite>
  <testsuite name="ard_continuous_ci.survey.design" timestamp="2025-02-14T17:37:12Z" hostname="9ebf7e90108d" tests="6" skipped="0" failures="0" errors="0" time="0.006">
    <testcase time="0.00199999999999534" classname="character(0)" name="ard_continuous_ci_by_"/>
    <testcase time="0.00100000000000477" classname="character(0)" name="ard_continuous_ci_by_"/>
    <testcase time="0.000999999999990564" classname="character(0)" name="ard_continuous_ci_by_"/>
    <testcase time="0.00100000000000477" classname="character(0)" name="ard_continuous_ci_by_"/>
    <testcase time="0" classname="character(0)" name="ard_continuous_ci_by_"/>
    <testcase time="0.00100000000000477" classname="character(0)" name="ard_continuous_ci_by_"/>
  </testsuite>
  <testsuite name="ard_continuous_ci.survey.design" timestamp="2025-02-14T17:37:12Z" hostname="9ebf7e90108d" tests="2" skipped="0" failures="0" errors="0" time="0.003">
    <testcase time="0.00199999999999534" classname="character(0)" name="ard_continuous_ci_conf.level_"/>
    <testcase time="0.00100000000000477" classname="character(0)" name="ard_continuous_ci_conf.level_"/>
  </testsuite>
  <testsuite name="ard_continuous_ci.survey.design" timestamp="2025-02-14T17:37:12Z" hostname="9ebf7e90108d" tests="3" skipped="0" failures="0" errors="0" time="0.002">
    <testcase time="0.000999999999990564" classname="character(0)" name="ard_continuous_ci_method_variables_"/>
    <testcase time="0.00100000000000477" classname="character(0)" name="ard_continuous_ci_method_variables_"/>
    <testcase time="0" classname="character(0)" name="ard_continuous_ci_method_variables_"/>
  </testsuite>
  <testsuite name="ard_continuous_ci.survey.design" timestamp="2025-02-14T17:37:12Z" hostname="9ebf7e90108d" tests="3" skipped="0" failures="0" errors="0" time="0.003">
    <testcase time="0.00199999999999534" classname="character(0)" name="ard_continuous_ci_method_by_"/>
    <testcase time="0" classname="character(0)" name="ard_continuous_ci_method_by_"/>
    <testcase time="0.00100000000000477" classname="character(0)" name="ard_continuous_ci_method_by_"/>
  </testsuite>
  <testsuite name="ard_continuous_ci.survey.design" timestamp="2025-02-14T17:37:12Z" hostname="9ebf7e90108d" tests="4" skipped="0" failures="0" errors="0" time="0.003">
    <testcase time="0.00100000000000477" classname="character(0)" name="ard_continuous_ci_..._"/>
    <testcase time="0.000999999999990564" classname="character(0)" name="ard_continuous_ci_..._"/>
    <testcase time="0" classname="character(0)" name="ard_continuous_ci_..._"/>
    <testcase time="0.00100000000000477" classname="character(0)" name="ard_continuous_ci_..._"/>
  </testsuite>
  <testsuite name="ard_continuous_ci.survey.design" timestamp="2025-02-14T17:37:12Z" hostname="9ebf7e90108d" tests="2" skipped="0" failures="0" errors="0" time="0.002">
    <testcase time="0.00100000000000477" classname="character(0)" name="ard_continuous_ci_errors_are_captured"/>
    <testcase time="0.000999999999990564" classname="character(0)" name="ard_continuous_ci_errors_are_captured"/>
  </testsuite>
  <testsuite name="ard_continuous_ci.survey.design" timestamp="2025-02-14T17:37:12Z" hostname="9ebf7e90108d" tests="1" skipped="0" failures="0" errors="0" time="0.001">
    <testcase time="0.00100000000000477" classname="character(0)" name="ard_continuous_ci.survey.design_follows_ard_structure"/>
  </testsuite>
  <testsuite name="ard_continuous.survey.design" timestamp="2025-02-14T17:37:14Z" hostname="9ebf7e90108d" tests="12" skipped="0" failures="0" errors="0" time="2.661">
    <testcase time="2.652" classname="character(0)" name="unstratified_ard_continuous.survey.design_works"/>
    <testcase time="0.00100000000000477" classname="character(0)" name="unstratified_ard_continuous.survey.design_works"/>
    <testcase time="0.000999999999990564" classname="character(0)" name="unstratified_ard_continuous.survey.design_works"/>
    <testcase time="0.00100000000000477" classname="character(0)" name="unstratified_ard_continuous.survey.design_works"/>
    <testcase time="0" classname="character(0)" name="unstratified_ard_continuous.survey.design_works"/>
    <testcase time="0.00100000000000477" classname="character(0)" name="unstratified_ard_continuous.survey.design_works"/>
    <testcase time="0.000999999999990564" classname="character(0)" name="unstratified_ard_continuous.survey.design_works"/>
    <testcase time="0.00100000000000477" classname="character(0)" name="unstratified_ard_continuous.survey.design_works"/>
    <testcase time="0.00100000000000477" classname="character(0)" name="unstratified_ard_continuous.survey.design_works"/>
    <testcase time="0.000999999999990564" classname="character(0)" name="unstratified_ard_continuous.survey.design_works"/>
    <testcase time="0.00100000000000477" classname="character(0)" name="unstratified_ard_continuous.survey.design_works"/>
    <testcase time="0" classname="character(0)" name="unstratified_ard_continuous.survey.design_works"/>
  </testsuite>
  <testsuite name="ard_continuous.survey.design" timestamp="2025-02-14T17:37:14Z" hostname="9ebf7e90108d" tests="11" skipped="0" failures="0" errors="0" time="0.01">
    <testcase time="0.00300000000000011" classname="character(0)" name="stratified_ard_continuous.survey.design_works"/>
    <testcase time="0.00100000000000477" classname="character(0)" name="stratified_ard_continuous.survey.design_works"/>
    <testcase time="0.000999999999990564" classname="character(0)" name="stratified_ard_continuous.survey.design_works"/>
    <testcase time="0" classname="character(0)" name="stratified_ard_continuous.survey.design_works"/>
    <testcase time="0.00100000000000477" classname="character(0)" name="stratified_ard_continuous.survey.design_works"/>
    <testcase time="0.00100000000000477" classname="character(0)" name="stratified_ard_continuous.survey.design_works"/>
    <testcase time="0.000999999999990564" classname="character(0)" name="stratified_ard_continuous.survey.design_works"/>
    <testcase time="0" classname="character(0)" name="stratified_ard_continuous.survey.design_works"/>
    <testcase time="0.00100000000000477" classname="character(0)" name="stratified_ard_continuous.survey.design_works"/>
    <testcase time="0.00100000000000477" classname="character(0)" name="stratified_ard_continuous.survey.design_works"/>
    <testcase time="0" classname="character(0)" name="stratified_ard_continuous.survey.design_works"/>
  </testsuite>
  <testsuite name="ard_continuous.survey.design" timestamp="2025-02-14T17:37:14Z" hostname="9ebf7e90108d" tests="4" skipped="0" failures="0" errors="0" time="0.005">
    <testcase time="0.00300000000000011" classname="character(0)" name="ard_continuous.survey.design_NA_handling"/>
    <testcase time="0.000999999999990564" classname="character(0)" name="ard_continuous.survey.design_NA_handling"/>
    <testcase time="0.00100000000000477" classname="character(0)" name="ard_continuous.survey.design_NA_handling"/>
    <testcase time="0" classname="character(0)" name="ard_continuous.survey.design_NA_handling"/>
  </testsuite>
  <testsuite name="ard_continuous.survey.design" timestamp="2025-02-14T17:37:14Z" hostname="9ebf7e90108d" tests="2" skipped="0" failures="0" errors="0" time="0.002">
    <testcase time="0.00199999999999534" classname="character(0)" name="ard_continuous.survey.design_error_handling"/>
    <testcase time="0" classname="character(0)" name="ard_continuous.survey.design_error_handling"/>
  </testsuite>
  <testsuite name="ard_continuous.survey.design" timestamp="2025-02-14T17:37:14Z" hostname="9ebf7e90108d" tests="1" skipped="0" failures="0" errors="0" time="0.002">
    <testcase time="0.00200000000000955" classname="character(0)" name="ard_continuous.survey.design_fmt_fn_"/>
  </testsuite>
  <testsuite name="ard_continuous.survey.design" timestamp="2025-02-14T17:37:14Z" hostname="9ebf7e90108d" tests="1" skipped="0" failures="0" errors="0" time="0.001">
    <testcase time="0.000999999999990564" classname="character(0)" name="ard_continuous.survey.design_stat_label_"/>
  </testsuite>
  <testsuite name="ard_continuous.survey.design" timestamp="2025-02-14T17:37:14Z" hostname="9ebf7e90108d" tests="2" skipped="0" failures="0" errors="0" time="0.002">
    <testcase time="0.00200000000000955" classname="character(0)" name="ard_continuous.survey.design_by_unobserved_levels_combinations"/>
    <testcase time="0" classname="character(0)" name="ard_continuous.survey.design_by_unobserved_levels_combinations"/>
  </testsuite>
  <testsuite name="ard_continuous.survey.design" timestamp="2025-02-14T17:37:14Z" hostname="9ebf7e90108d" tests="19" skipped="0" failures="0" errors="0" time="0.011">
    <testcase time="0.00199999999999534" classname="character(0)" name="ard_continuous.survey.design_works_when_using_generic_names_"/>
    <testcase time="0" classname="character(0)" name="ard_continuous.survey.design_works_when_using_generic_names_"/>
    <testcase time="0.00100000000000477" classname="character(0)" name="ard_continuous.survey.design_works_when_using_generic_names_"/>
    <testcase time="0" classname="character(0)" name="ard_continuous.survey.design_works_when_using_generic_names_"/>
    <testcase time="0.000999999999990564" classname="character(0)" name="ard_continuous.survey.design_works_when_using_generic_names_"/>
    <testcase time="0" classname="character(0)" name="ard_continuous.survey.design_works_when_using_generic_names_"/>
    <testcase time="0.00100000000000477" classname="character(0)" name="ard_continuous.survey.design_works_when_using_generic_names_"/>
    <testcase time="0" classname="character(0)" name="ard_continuous.survey.design_works_when_using_generic_names_"/>
    <testcase time="0.00100000000000477" classname="character(0)" name="ard_continuous.survey.design_works_when_using_generic_names_"/>
    <testcase time="0" classname="character(0)" name="ard_continuous.survey.design_works_when_using_generic_names_"/>
    <testcase time="0.000999999999990564" classname="character(0)" name="ard_continuous.survey.design_works_when_using_generic_names_"/>
    <testcase time="0" classname="character(0)" name="ard_continuous.survey.design_works_when_using_generic_names_"/>
    <testcase time="0.00100000000000477" classname="character(0)" name="ard_continuous.survey.design_works_when_using_generic_names_"/>
    <testcase time="0" classname="character(0)" name="ard_continuous.survey.design_works_when_using_generic_names_"/>
    <testcase time="0.00100000000000477" classname="character(0)" name="ard_continuous.survey.design_works_when_using_generic_names_"/>
    <testcase time="0" classname="character(0)" name="ard_continuous.survey.design_works_when_using_generic_names_"/>
    <testcase time="0.000999999999990564" classname="character(0)" name="ard_continuous.survey.design_works_when_using_generic_names_"/>
    <testcase time="0" classname="character(0)" name="ard_continuous.survey.design_works_when_using_generic_names_"/>
    <testcase time="0.00100000000000477" classname="character(0)" name="ard_continuous.survey.design_works_when_using_generic_names_"/>
  </testsuite>
  <testsuite name="ard_continuous.survey.design" timestamp="2025-02-14T17:37:14Z" hostname="9ebf7e90108d" tests="1" skipped="0" failures="0" errors="0" time="0.001">
    <testcase time="0.00100000000000477" classname="character(0)" name="ard_continuous.survey.design_follows_ard_structure"/>
  </testsuite>
  <testsuite name="ard_continuous.survey.design" timestamp="2025-02-14T17:37:14Z" hostname="9ebf7e90108d" tests="4" skipped="0" failures="0" errors="0" time="0.003">
    <testcase time="0.00199999999999534" classname="character(0)" name="ard_continuous.survey.design_original_types_are_retained"/>
    <testcase time="0" classname="character(0)" name="ard_continuous.survey.design_original_types_are_retained"/>
    <testcase time="0.00100000000000477" classname="character(0)" name="ard_continuous.survey.design_original_types_are_retained"/>
    <testcase time="0" classname="character(0)" name="ard_continuous.survey.design_original_types_are_retained"/>
  </testsuite>
  <testsuite name="ard_effectsize_cohens_d" timestamp="2025-02-14T17:37:15Z" hostname="9ebf7e90108d" tests="4" skipped="0" failures="0" errors="0" time="0.56">
    <testcase time="0.558999999999997" classname="character(0)" name="ard_effectsize_cohens_d_works"/>
    <testcase time="0" classname="character(0)" name="ard_effectsize_cohens_d_works"/>
    <testcase time="0.000999999999990564" classname="character(0)" name="ard_effectsize_cohens_d_works"/>
    <testcase time="0" classname="character(0)" name="ard_effectsize_cohens_d_works"/>
  </testsuite>
  <testsuite name="ard_effectsize_cohens_d" timestamp="2025-02-14T17:37:15Z" hostname="9ebf7e90108d" tests="3" skipped="0" failures="0" errors="0" time="0.003">
    <testcase time="0.00200000000000955" classname="character(0)" name="ard_effectsize_paired_cohens_d_works"/>
    <testcase time="0" classname="character(0)" name="ard_effectsize_paired_cohens_d_works"/>
    <testcase time="0.000999999999990564" classname="character(0)" name="ard_effectsize_paired_cohens_d_works"/>
  </testsuite>
  <testsuite name="ard_effectsize_cohens_d" timestamp="2025-02-14T17:37:15Z" hostname="9ebf7e90108d" tests="2" skipped="0" failures="0" errors="0" time="0.002">
    <testcase time="0.00100000000000477" classname="character(0)" name="ard_effectsize_cohens_d_follows_ard_structure"/>
    <testcase time="0.00100000000000477" classname="character(0)" name="ard_effectsize_cohens_d_follows_ard_structure"/>
  </testsuite>
  <testsuite name="ard_effectsize_hedges_g" timestamp="2025-02-14T17:37:15Z" hostname="9ebf7e90108d" tests="4" skipped="0" failures="0" errors="0" time="0.556">
    <testcase time="0.552999999999997" classname="character(0)" name="ard_effectsize_hedges_g_works"/>
    <testcase time="0.00100000000000477" classname="character(0)" name="ard_effectsize_hedges_g_works"/>
    <testcase time="0.000999999999990564" classname="character(0)" name="ard_effectsize_hedges_g_works"/>
    <testcase time="0.00100000000000477" classname="character(0)" name="ard_effectsize_hedges_g_works"/>
  </testsuite>
  <testsuite name="ard_effectsize_hedges_g" timestamp="2025-02-14T17:37:15Z" hostname="9ebf7e90108d" tests="3" skipped="0" failures="0" errors="0" time="0.004">
    <testcase time="0.00300000000000011" classname="character(0)" name="ard_effectsize_paired_hedges_g_works"/>
    <testcase time="0" classname="character(0)" name="ard_effectsize_paired_hedges_g_works"/>
    <testcase time="0.00100000000000477" classname="character(0)" name="ard_effectsize_paired_hedges_g_works"/>
  </testsuite>
  <testsuite name="ard_effectsize_hedges_g" timestamp="2025-02-14T17:37:15Z" hostname="9ebf7e90108d" tests="2" skipped="0" failures="0" errors="0" time="0.004">
    <testcase time="0.00300000000000011" classname="character(0)" name="ard_effectsize_cohens_d_follows_ard_structure"/>
    <testcase time="0.000999999999990564" classname="character(0)" name="ard_effectsize_cohens_d_follows_ard_structure"/>
  </testsuite>
  <testsuite name="ard_emmeans_mean_difference" timestamp="2025-02-14T17:37:16Z" hostname="9ebf7e90108d" tests="2" skipped="0" failures="1" errors="1" time="0.641">
    <testcase time="0.447000000000003" classname="character(0)" name="ard_emmeans_mean_difference_works">
      <failure type="failure" message="`... &lt;- NULL` threw an unexpected error. ('test-ard_emmeans_mean_difference.R:4:3')">`... &lt;- NULL` threw an unexpected error.
Message: Can't select columns that don't exist.
x Column `mean.estimate` doesn't exist.
Class:   vctrs_error_subscript_oob/vctrs_error_subscript/rlang_error/error/condition
Backtrace:
     ▆
  1. ├─testthat::expect_error(...) at test-ard_emmeans_mean_difference.R:4:3
  2. │ └─testthat:::expect_condition_matching(...)
  3. │   └─testthat:::quasi_capture(...)
  4. │     ├─testthat (local) .capture(...)
  5. │     │ └─base::withCallingHandlers(...)
  6. │     └─rlang::eval_bare(quo_get_expr(.quo), quo_get_env(.quo))
  7. ├─cardx::ard_emmeans_mean_difference(...)
  8. │ ├─cards::tidy_ard_column_order(...)
  9. │ │ ├─base::sort(names(dplyr::select(x, all_ard_groups())))
 10. │ │ └─dplyr::select(x, all_ard_groups())
 11. │ ├─cards::as_card(...)
 12. │ │ └─cards:::check_class(x, cls = "data.frame")
 13. │ ├─dplyr::filter(...)
 14. │ ├─dplyr::mutate(...)
 15. │ ├─dplyr::left_join(...)
 16. │ ├─tidyr::pivot_longer(...)
 17. │ └─... %&gt;% ...
 18. ├─dplyr::mutate(...)
 19. ├─dplyr::select(...)
 20. ├─dplyr:::select.data.frame(...)
 21. │ └─tidyselect::eval_select(expr(c(...)), data = .data, error_call = error_call)
 22. │   └─tidyselect:::eval_select_impl(...)
 23. │     ├─tidyselect:::with_subscript_errors(...)
 24. │     │ └─base::withCallingHandlers(...)
 25. │     └─tidyselect:::vars_select_eval(...)
 26. │       └─tidyselect:::walk_data_tree(expr, data_mask, context_mask)
 27. │         └─tidyselect:::eval_c(expr, data_mask, context_mask)
 28. │           └─tidyselect:::reduce_sels(node, data_mask, context_mask, init = init)
 29. │             └─tidyselect:::walk_data_tree(new, data_mask, context_mask)
 30. │               └─tidyselect:::as_indices_sel_impl(...)
 31. │                 └─tidyselect:::as_indices_impl(...)
 32. │                   └─tidyselect:::chr_as_locations(x, vars, call = call, arg = arg)
 33. │                     └─vctrs::vec_as_location(...)
 34. └─vctrs (local) `&lt;fn&gt;`()
 35.   └─vctrs:::stop_subscript_oob(...)
 36.     └─vctrs:::stop_subscript(...)
 37.       └─rlang::abort(...)</failure>
    </testcase>
    <testcase time="0.194000000000003" classname="character(0)" name="ard_emmeans_mean_difference_works">
      <error type="error" message="Error in `UseMethod(&quot;filter&quot;)`: no applicable method for 'filter' applied to an object of class &quot;function&quot; ('test-ard_emmeans_mean_difference.R:15:3')">Error in `UseMethod("filter")`: no applicable method for 'filter' applied to an object of class "function"
Backtrace:
    ▆
 1. ├─testthat::expect_equal(...) at test-ard_emmeans_mean_difference.R:15:3
 2. │ └─testthat::quasi_label(enquo(object), label, arg = "object")
 3. │   └─rlang::eval_bare(expr, quo_get_env(quo))
 4. └─cards::get_ard_statistics(...)
 5.   └─dplyr::filter(x, ...)</error>
    </testcase>
  </testsuite>
  <testsuite name="ard_emmeans_mean_difference" timestamp="2025-02-14T17:37:16Z" hostname="9ebf7e90108d" tests="1" skipped="0" failures="0" errors="1" time="0.015">
    <testcase time="0.0150000000000006" classname="character(0)" name="ard_emmeans_mean_difference_follows_ard_structure">
      <error type="error" message="&lt;vctrs_error_subscript_oob/vctrs_error_subscript/rlang_error/error/condition&gt; ('test-ard_emmeans_mean_difference.R:89:3')">&lt;vctrs_error_subscript_oob/vctrs_error_subscript/rlang_error/error/condition&gt;
Error in `dplyr::select(., variable_level = "variable_level", "mean.difference.estimate", 
    "mean.estimate", std.error = "SE", "df", "n", "conf.low", 
    "conf.high", "p.value")`: Can't select columns that don't exist.
x Column `mean.estimate` doesn't exist.
Backtrace:
     ▆
  1. ├─testthat::expect_silent(...) at test-ard_emmeans_mean_difference.R:89:3
  2. │ └─testthat:::quasi_capture(enquo(object), NULL, evaluate_promise)
  3. │   ├─testthat (local) .capture(...)
  4. │   │ ├─withr::with_output_sink(...)
  5. │   │ │ └─base::force(code)
  6. │   │ ├─base::withCallingHandlers(...)
  7. │   │ └─base::withVisible(code)
  8. │   └─rlang::eval_bare(quo_get_expr(.quo), quo_get_env(.quo))
  9. ├─cards::check_ard_structure(...)
 10. ├─cardx::ard_emmeans_mean_difference(...)
 11. │ ├─cards::tidy_ard_column_order(...)
 12. │ │ ├─base::sort(names(dplyr::select(x, all_ard_groups())))
 13. │ │ └─dplyr::select(x, all_ard_groups())
 14. │ ├─cards::as_card(...)
 15. │ │ └─cards:::check_class(x, cls = "data.frame")
 16. │ ├─dplyr::filter(...)
 17. │ ├─dplyr::mutate(...)
 18. │ ├─dplyr::left_join(...)
 19. │ ├─tidyr::pivot_longer(...)
 20. │ └─... %&gt;% ...
 21. ├─dplyr::mutate(...)
 22. ├─dplyr::select(...)
 23. ├─dplyr:::select.data.frame(...)
 24. │ └─tidyselect::eval_select(expr(c(...)), data = .data, error_call = error_call)
 25. │   └─tidyselect:::eval_select_impl(...)
 26. │     ├─tidyselect:::with_subscript_errors(...)
 27. │     │ └─base::withCallingHandlers(...)
 28. │     └─tidyselect:::vars_select_eval(...)
 29. │       └─tidyselect:::walk_data_tree(expr, data_mask, context_mask)
 30. │         └─tidyselect:::eval_c(expr, data_mask, context_mask)
 31. │           └─tidyselect:::reduce_sels(node, data_mask, context_mask, init = init)
 32. │             └─tidyselect:::walk_data_tree(new, data_mask, context_mask)
 33. │               └─tidyselect:::as_indices_sel_impl(...)
 34. │                 └─tidyselect:::as_indices_impl(...)
 35. │                   └─tidyselect:::chr_as_locations(x, vars, call = call, arg = arg)
 36. │                     └─vctrs::vec_as_location(...)
 37. └─vctrs (local) `&lt;fn&gt;`()
 38.   └─vctrs:::stop_subscript_oob(...)
 39.     └─vctrs:::stop_subscript(...)
 40.       └─rlang::abort(...)</error>
    </testcase>
  </testsuite>
  <testsuite name="ard_missing.survey.design" timestamp="2025-02-14T17:37:22Z" hostname="9ebf7e90108d" tests="27" skipped="0" failures="0" errors="0" time="5.966">
    <testcase time="5.94799999999999" classname="character(0)" name="ard_missing.survey.design_works"/>
    <testcase time="0" classname="character(0)" name="ard_missing.survey.design_works"/>
    <testcase time="0.00600000000000023" classname="character(0)" name="ard_missing.survey.design_works"/>
    <testcase time="0.00100000000000477" classname="character(0)" name="ard_missing.survey.design_works"/>
    <testcase time="0" classname="character(0)" name="ard_missing.survey.design_works"/>
    <testcase time="0.00100000000000477" classname="character(0)" name="ard_missing.survey.design_works"/>
    <testcase time="0" classname="character(0)" name="ard_missing.survey.design_works"/>
    <testcase time="0.000999999999990564" classname="character(0)" name="ard_missing.survey.design_works"/>
    <testcase time="0" classname="character(0)" name="ard_missing.survey.design_works"/>
    <testcase time="0.00100000000000477" classname="character(0)" name="ard_missing.survey.design_works"/>
    <testcase time="0" classname="character(0)" name="ard_missing.survey.design_works"/>
    <testcase time="0.00100000000000477" classname="character(0)" name="ard_missing.survey.design_works"/>
    <testcase time="0" classname="character(0)" name="ard_missing.survey.design_works"/>
    <testcase time="0.000999999999990564" classname="character(0)" name="ard_missing.survey.design_works"/>
    <testcase time="0" classname="character(0)" name="ard_missing.survey.design_works"/>
    <testcase time="0.00100000000000477" classname="character(0)" name="ard_missing.survey.design_works"/>
    <testcase time="0" classname="character(0)" name="ard_missing.survey.design_works"/>
    <testcase time="0.00100000000000477" classname="character(0)" name="ard_missing.survey.design_works"/>
    <testcase time="0" classname="character(0)" name="ard_missing.survey.design_works"/>
    <testcase time="0.000999999999990564" classname="character(0)" name="ard_missing.survey.design_works"/>
    <testcase time="0" classname="character(0)" name="ard_missing.survey.design_works"/>
    <testcase time="0.00100000000000477" classname="character(0)" name="ard_missing.survey.design_works"/>
    <testcase time="0" classname="character(0)" name="ard_missing.survey.design_works"/>
    <testcase time="0.00100000000000477" classname="character(0)" name="ard_missing.survey.design_works"/>
    <testcase time="0" classname="character(0)" name="ard_missing.survey.design_works"/>
    <testcase time="0.000999999999990564" classname="character(0)" name="ard_missing.survey.design_works"/>
    <testcase time="0" classname="character(0)" name="ard_missing.survey.design_works"/>
  </testsuite>
  <testsuite name="ard_missing.survey.design" timestamp="2025-02-14T17:37:22Z" hostname="9ebf7e90108d" tests="1" skipped="0" failures="1" errors="0" time="0.002">
    <testcase time="0.00200000000000955" classname="character(0)" name="ard_missing.survey.design_follows_ard_structure">
      <failure type="failure" message="`cards::check_ard_structure(...)` produced warnings. ('test-ard_missing.survey.design.R:110:3')">`cards::check_ard_structure(...)` produced warnings.</failure>
    </testcase>
  </testsuite>
  <testsuite name="ard_missing.survey.design" timestamp="2025-02-14T17:37:22Z" hostname="9ebf7e90108d" tests="1" skipped="0" failures="0" errors="0" time="0.01">
    <testcase time="0.00999999999999091" classname="character(0)" name="ard_missing.survey.design_works_on_design_columns"/>
  </testsuite>
  <testsuite name="ard_proportion_ci" timestamp="2025-02-14T17:37:23Z" hostname="9ebf7e90108d" tests="6" skipped="0" failures="0" errors="0" time="1.274">
    <testcase time="1.27200000000001" classname="character(0)" name="ard_categorical_ci_works"/>
    <testcase time="0" classname="character(0)" name="ard_categorical_ci_works"/>
    <testcase time="0.000999999999990564" classname="character(0)" name="ard_categorical_ci_works"/>
    <testcase time="0" classname="character(0)" name="ard_categorical_ci_works"/>
    <testcase time="0.00100000000000477" classname="character(0)" name="ard_categorical_ci_works"/>
    <testcase time="0" classname="character(0)" name="ard_categorical_ci_works"/>
  </testsuite>
  <testsuite name="ard_proportion_ci" timestamp="2025-02-14T17:37:23Z" hostname="9ebf7e90108d" tests="4" skipped="0" failures="0" errors="0" time="0.003">
    <testcase time="0.00199999999999534" classname="character(0)" name="ard_categorical_ci_method_strat_wilson_works"/>
    <testcase time="0" classname="character(0)" name="ard_categorical_ci_method_strat_wilson_works"/>
    <testcase time="0.00100000000000477" classname="character(0)" name="ard_categorical_ci_method_strat_wilson_works"/>
    <testcase time="0" classname="character(0)" name="ard_categorical_ci_method_strat_wilson_works"/>
  </testsuite>
  <testsuite name="ard_proportion_ci" timestamp="2025-02-14T17:37:23Z" hostname="9ebf7e90108d" tests="1" skipped="0" failures="0" errors="0" time="0.002">
    <testcase time="0.00199999999999534" classname="character(0)" name="ard_categorical_ci_messaging"/>
  </testsuite>
  <testsuite name="ard_proportion_ci" timestamp="2025-02-14T17:37:23Z" hostname="9ebf7e90108d" tests="1" skipped="0" failures="0" errors="0" time="0.002">
    <testcase time="0.00200000000000955" classname="character(0)" name="ard_proportion_ci_follows_ard_structure"/>
  </testsuite>
  <testsuite name="ard_dichotomous.survey.design" timestamp="2025-02-14T17:37:25Z" hostname="9ebf7e90108d" tests="39" skipped="0" failures="0" errors="0" time="1.463">
    <testcase time="1.438" classname="character(0)" name="ard_dichotomous.survey.design_works"/>
    <testcase time="0.000999999999990564" classname="character(0)" name="ard_dichotomous.survey.design_works"/>
    <testcase time="0.00100000000000477" classname="character(0)" name="ard_dichotomous.survey.design_works"/>
    <testcase time="0.00100000000000477" classname="character(0)" name="ard_dichotomous.survey.design_works"/>
    <testcase time="0.000999999999990564" classname="character(0)" name="ard_dichotomous.survey.design_works"/>
    <testcase time="0" classname="character(0)" name="ard_dichotomous.survey.design_works"/>
    <testcase time="0.00100000000000477" classname="character(0)" name="ard_dichotomous.survey.design_works"/>
    <testcase time="0" classname="character(0)" name="ard_dichotomous.survey.design_works"/>
    <testcase time="0.00100000000000477" classname="character(0)" name="ard_dichotomous.survey.design_works"/>
    <testcase time="0" classname="character(0)" name="ard_dichotomous.survey.design_works"/>
    <testcase time="0.000999999999990564" classname="character(0)" name="ard_dichotomous.survey.design_works"/>
    <testcase time="0" classname="character(0)" name="ard_dichotomous.survey.design_works"/>
    <testcase time="0.00100000000000477" classname="character(0)" name="ard_dichotomous.survey.design_works"/>
    <testcase time="0" classname="character(0)" name="ard_dichotomous.survey.design_works"/>
    <testcase time="0.00100000000000477" classname="character(0)" name="ard_dichotomous.survey.design_works"/>
    <testcase time="0" classname="character(0)" name="ard_dichotomous.survey.design_works"/>
    <testcase time="0.000999999999990564" classname="character(0)" name="ard_dichotomous.survey.design_works"/>
    <testcase time="0" classname="character(0)" name="ard_dichotomous.survey.design_works"/>
    <testcase time="0.00100000000000477" classname="character(0)" name="ard_dichotomous.survey.design_works"/>
    <testcase time="0.00300000000000011" classname="character(0)" name="ard_dichotomous.survey.design_works"/>
    <testcase time="0.00100000000000477" classname="character(0)" name="ard_dichotomous.survey.design_works"/>
    <testcase time="0" classname="character(0)" name="ard_dichotomous.survey.design_works"/>
    <testcase time="0.000999999999990564" classname="character(0)" name="ard_dichotomous.survey.design_works"/>
    <testcase time="0" classname="character(0)" name="ard_dichotomous.survey.design_works"/>
    <testcase time="0.00100000000000477" classname="character(0)" name="ard_dichotomous.survey.design_works"/>
    <testcase time="0.00100000000000477" classname="character(0)" name="ard_dichotomous.survey.design_works"/>
[...]
    <testcase time="0.00100000000000477" classname="character(0)" name="ard_survey_svychisq_works"/>
    <testcase time="0.000999999999990564" classname="character(0)" name="ard_survey_svychisq_works"/>
    <testcase time="0" classname="character(0)" name="ard_survey_svychisq_works"/>
    <testcase time="0.00100000000000477" classname="character(0)" name="ard_survey_svychisq_works"/>
  </testsuite>
  <testsuite name="ard_survey_svychisq" timestamp="2025-02-14T17:37:30Z" hostname="9ebf7e90108d" tests="1" skipped="0" failures="0" errors="0" time="0.003">
    <testcase time="0.00300000000000011" classname="character(0)" name="ard_survey_svychisq_follows_ard_structure"/>
  </testsuite>
  <testsuite name="ard_survey_svyranktest" timestamp="2025-02-14T17:37:30Z" hostname="9ebf7e90108d" tests="4" skipped="0" failures="0" errors="0" time="0.083">
    <testcase time="0.0810000000000031" classname="character(0)" name="ard_survey_svyranktest_works"/>
    <testcase time="0" classname="character(0)" name="ard_survey_svyranktest_works"/>
    <testcase time="0.00100000000000477" classname="character(0)" name="ard_survey_svyranktest_works"/>
    <testcase time="0.000999999999990564" classname="character(0)" name="ard_survey_svyranktest_works"/>
  </testsuite>
  <testsuite name="ard_survey_svyranktest" timestamp="2025-02-14T17:37:30Z" hostname="9ebf7e90108d" tests="1" skipped="0" failures="0" errors="0" time="0.003">
    <testcase time="0.00300000000000011" classname="character(0)" name="exact_values_match_for_ard_svyranktest_works"/>
  </testsuite>
  <testsuite name="ard_survey_svyranktest" timestamp="2025-02-14T17:37:30Z" hostname="9ebf7e90108d" tests="1" skipped="0" failures="0" errors="0" time="0.003">
    <testcase time="0.00300000000000011" classname="character(0)" name="ard_survey_svyranktest_follows_ard_structure"/>
  </testsuite>
  <testsuite name="ard_survival_survdiff" timestamp="2025-02-14T17:37:30Z" hostname="9ebf7e90108d" tests="6" skipped="0" failures="0" errors="0" time="0.268">
    <testcase time="0.265000000000001" classname="character(0)" name="ard_survival_survdiff_works"/>
    <testcase time="0.00100000000000477" classname="character(0)" name="ard_survival_survdiff_works"/>
    <testcase time="0" classname="character(0)" name="ard_survival_survdiff_works"/>
    <testcase time="0" classname="character(0)" name="ard_survival_survdiff_works"/>
    <testcase time="0.000999999999990564" classname="character(0)" name="ard_survival_survdiff_works"/>
    <testcase time="0.00100000000000477" classname="character(0)" name="ard_survival_survdiff_works"/>
  </testsuite>
  <testsuite name="ard_survival_survdiff" timestamp="2025-02-14T17:37:30Z" hostname="9ebf7e90108d" tests="4" skipped="0" failures="0" errors="0" time="0.005">
    <testcase time="0.00300000000000011" classname="character(0)" name="ard_survival_survdiff_error_messaging"/>
    <testcase time="0.00100000000000477" classname="character(0)" name="ard_survival_survdiff_error_messaging"/>
    <testcase time="0.000999999999990564" classname="character(0)" name="ard_survival_survdiff_error_messaging"/>
    <testcase time="0" classname="character(0)" name="ard_survival_survdiff_error_messaging"/>
  </testsuite>
  <testsuite name="ard_survival_survdiff" timestamp="2025-02-14T17:37:30Z" hostname="9ebf7e90108d" tests="1" skipped="0" failures="0" errors="0" time="0.003">
    <testcase time="0.00300000000000011" classname="character(0)" name="ard_survival_survdiff_follows_ard_structure"/>
  </testsuite>
  <testsuite name="ard_survey_svyttest" timestamp="2025-02-14T17:37:30Z" hostname="9ebf7e90108d" tests="4" skipped="0" failures="0" errors="0" time="0.087">
    <testcase time="0.085000000000008" classname="character(0)" name="ard_survey_svyttest_works"/>
    <testcase time="0.000999999999990564" classname="character(0)" name="ard_survey_svyttest_works"/>
    <testcase time="0.00100000000000477" classname="character(0)" name="ard_survey_svyttest_works"/>
    <testcase time="0" classname="character(0)" name="ard_survey_svyttest_works"/>
  </testsuite>
  <testsuite name="ard_survey_svyttest" timestamp="2025-02-14T17:37:30Z" hostname="9ebf7e90108d" tests="2" skipped="0" failures="0" errors="0" time="0.004">
    <testcase time="0.00400000000000489" classname="character(0)" name="ard_survey_svyttest_messaging"/>
    <testcase time="0" classname="character(0)" name="ard_survey_svyttest_messaging"/>
  </testsuite>
  <testsuite name="ard_survey_svyttest" timestamp="2025-02-14T17:37:30Z" hostname="9ebf7e90108d" tests="1" skipped="0" failures="0" errors="0" time="0.004">
    <testcase time="0.00399999999999068" classname="character(0)" name="ard_survey_svyttest_follows_ard_structure"/>
  </testsuite>
  <testsuite name="ard_survival_survfit_diff" timestamp="2025-02-14T17:37:31Z" hostname="9ebf7e90108d" tests="4" skipped="0" failures="0" errors="0" time="0.594">
    <testcase time="0.591999999999999" classname="character(0)" name="ard_survival_survfit_diff_works"/>
    <testcase time="0.00100000000000477" classname="character(0)" name="ard_survival_survfit_diff_works"/>
    <testcase time="0" classname="character(0)" name="ard_survival_survfit_diff_works"/>
    <testcase time="0.00100000000000477" classname="character(0)" name="ard_survival_survfit_diff_works"/>
  </testsuite>
  <testsuite name="ard_survival_survfit_diff" timestamp="2025-02-14T17:37:31Z" hostname="9ebf7e90108d" tests="3" skipped="0" failures="0" errors="0" time="0.005">
    <testcase time="0.00399999999999068" classname="character(0)" name="ard_survival_survfit_diff_messaging"/>
    <testcase time="0.00100000000000477" classname="character(0)" name="ard_survival_survfit_diff_messaging"/>
    <testcase time="0" classname="character(0)" name="ard_survival_survfit_diff_messaging"/>
  </testsuite>
  <testsuite name="ard_survival_survfit_diff" timestamp="2025-02-14T17:37:31Z" hostname="9ebf7e90108d" tests="1" skipped="0" failures="0" errors="0" time="0.002">
    <testcase time="0.00199999999999534" classname="character(0)" name="ard_survival_survfit_diff_follows_ard_structure"/>
  </testsuite>
  <testsuite name="ard_total_n.survey.design" timestamp="2025-02-14T17:37:32Z" hostname="9ebf7e90108d" tests="1" skipped="0" failures="1" errors="0" time="0.76">
    <testcase time="0.760000000000005" classname="character(0)" name="ard_total_n.survey.design_works">
      <failure type="failure" message="Snapshot of code has changed: ('test-ard_total_n.survey.design.R:4:3')">Snapshot of code has changed:
old[1:6] vs new[1:15]
  Code
    ard_total_n(survey::svydesign(~1, data = as.data.frame(Titanic), weights = ~
    Freq))
+ Condition
+   Warning:
+   There were 4 warnings in `dplyr::mutate()`.
+   The first warning was:
+   i In argument: `fmt_fn = pmap(...)`.
+   Caused by warning:
+   ! The `label_cards()` function has been renamed to `label_round()`.
+   x Please update your code immediately.
+   i Run `dplyr::last_dplyr_warnings()` to see the 3 remaining warnings.
  Message
    {cards} data frame: 2 x 8
  Output

* Run `testthat::snapshot_accept('ard_total_n.survey.design')` to accept the change.
* Run `testthat::snapshot_review('ard_total_n.survey.design')` to interactively review the change.</failure>
    </testcase>
  </testsuite>
  <testsuite name="ard_total_n.survey.design" timestamp="2025-02-14T17:37:32Z" hostname="9ebf7e90108d" tests="1" skipped="0" failures="1" errors="0" time="0.011">
    <testcase time="0.0109999999999957" classname="character(0)" name="ard_total_n.survey.design_follows_ard_structure">
      <failure type="failure" message="`cards::check_ard_structure(...)` produced warnings. ('test-ard_total_n.survey.design.R:11:3')">`cards::check_ard_structure(...)` produced warnings.</failure>
    </testcase>
  </testsuite>
  <testsuite name="ard_survival_survfit" timestamp="2025-02-14T17:37:33Z" hostname="9ebf7e90108d" tests="1" skipped="0" failures="0" errors="0" time="1.339">
    <testcase time="1.339" classname="character(0)" name="ard_survival_survfit_works_with_times_provided"/>
  </testsuite>
  <testsuite name="ard_survival_survfit" timestamp="2025-02-14T17:37:33Z" hostname="9ebf7e90108d" tests="1" skipped="0" failures="0" errors="0" time="0.002">
    <testcase time="0.00200000000000955" classname="character(0)" name="ard_survival_survfit_works_with_different_type"/>
  </testsuite>
  <testsuite name="ard_survival_survfit" timestamp="2025-02-14T17:37:33Z" hostname="9ebf7e90108d" tests="1" skipped="0" failures="0" errors="0" time="0.002">
    <testcase time="0.00199999999999534" classname="character(0)" name="ard_survival_survfit_works_with_probs_provided"/>
  </testsuite>
  <testsuite name="ard_survival_survfit" timestamp="2025-02-14T17:37:33Z" hostname="9ebf7e90108d" tests="2" skipped="0" failures="0" errors="0" time="0.002">
    <testcase time="0.00100000000000477" classname="character(0)" name="ard_survival_survfit_works_with_unstratified_model"/>
    <testcase time="0.000999999999990564" classname="character(0)" name="ard_survival_survfit_works_with_unstratified_model"/>
  </testsuite>
  <testsuite name="ard_survival_survfit" timestamp="2025-02-14T17:37:33Z" hostname="9ebf7e90108d" tests="2" skipped="0" failures="0" errors="0" time="0.002">
    <testcase time="0.00200000000000955" classname="character(0)" name="ard_survival_survfit_works_with_multiple_stratification_variables"/>
    <testcase time="0" classname="character(0)" name="ard_survival_survfit_works_with_multiple_stratification_variables"/>
  </testsuite>
  <testsuite name="ard_survival_survfit" timestamp="2025-02-14T17:37:33Z" hostname="9ebf7e90108d" tests="2" skipped="0" failures="0" errors="0" time="0.003">
    <testcase time="0.00199999999999534" classname="character(0)" name="ard_survival_survfit_works_with_competing_risks"/>
    <testcase time="0.00100000000000477" classname="character(0)" name="ard_survival_survfit_works_with_competing_risks"/>
  </testsuite>
  <testsuite name="ard_survival_survfit" timestamp="2025-02-14T17:37:33Z" hostname="9ebf7e90108d" tests="6" skipped="0" failures="0" errors="0" time="0.004">
    <testcase time="0.000999999999990564" classname="character(0)" name="ard_survival_survfit_errors_are_properly_handled"/>
    <testcase time="0.00100000000000477" classname="character(0)" name="ard_survival_survfit_errors_are_properly_handled"/>
    <testcase time="0" classname="character(0)" name="ard_survival_survfit_errors_are_properly_handled"/>
    <testcase time="0.00100000000000477" classname="character(0)" name="ard_survival_survfit_errors_are_properly_handled"/>
    <testcase time="0" classname="character(0)" name="ard_survival_survfit_errors_are_properly_handled"/>
    <testcase time="0.000999999999990564" classname="character(0)" name="ard_survival_survfit_errors_are_properly_handled"/>
  </testsuite>
  <testsuite name="ard_survival_survfit" timestamp="2025-02-14T17:37:33Z" hostname="9ebf7e90108d" tests="1" skipped="0" failures="0" errors="0" time="0.002">
    <testcase time="0.00200000000000955" classname="character(0)" name="ard_survival_survfit_works_with_non_syntactic_names"/>
  </testsuite>
  <testsuite name="ard_survival_survfit" timestamp="2025-02-14T17:37:33Z" hostname="9ebf7e90108d" tests="1" skipped="0" failures="0" errors="0" time="0.002">
    <testcase time="0.00199999999999534" classname="character(0)" name="ard_survival_survfit_errors_with_stratified_Cox_model"/>
  </testsuite>
  <testsuite name="ard_survival_survfit" timestamp="2025-02-14T17:37:33Z" hostname="9ebf7e90108d" tests="1" skipped="0" failures="0" errors="0" time="0.004">
    <testcase time="0.00400000000000489" classname="character(0)" name="ard_survival_survfit_works_with_in_strata_variable_level_labels"/>
  </testsuite>
  <testsuite name="ard_survival_survfit" timestamp="2025-02-14T17:37:33Z" hostname="9ebf7e90108d" tests="1" skipped="0" failures="0" errors="0" time="0.002">
    <testcase time="0.00199999999999534" classname="character(0)" name="ard_survival_survfit_follows_ard_structure"/>
  </testsuite>
  <testsuite name="ard_survival_survfit" timestamp="2025-02-14T17:37:33Z" hostname="9ebf7e90108d" tests="1" skipped="0" failures="0" errors="0" time="0.002">
    <testcase time="0.00199999999999534" classname="character(0)" name="ard_survival_survfit_extends_to_times_outside_range"/>
  </testsuite>
  <testsuite name="ard_survival_survfit" timestamp="2025-02-14T17:37:33Z" hostname="9ebf7e90108d" tests="3" skipped="0" failures="0" errors="0" time="0.003">
    <testcase time="0.00200000000000955" classname="character(0)" name="ard_survival_survfit.data.frame_works_as_expected"/>
    <testcase time="0" classname="character(0)" name="ard_survival_survfit.data.frame_works_as_expected"/>
    <testcase time="0.000999999999990564" classname="character(0)" name="ard_survival_survfit.data.frame_works_as_expected"/>
  </testsuite>
  <testsuite name="construction_helpers" timestamp="2025-02-14T17:37:34Z" hostname="9ebf7e90108d" tests="10" skipped="0" failures="0" errors="0" time="0.784">
    <testcase time="0.77600000000001" classname="character(0)" name="construct_model_works"/>
    <testcase time="0.000999999999990564" classname="character(0)" name="construct_model_works"/>
    <testcase time="0.00100000000000477" classname="character(0)" name="construct_model_works"/>
    <testcase time="0" classname="character(0)" name="construct_model_works"/>
    <testcase time="0.00100000000000477" classname="character(0)" name="construct_model_works"/>
    <testcase time="0.000999999999990564" classname="character(0)" name="construct_model_works"/>
    <testcase time="0.00100000000000477" classname="character(0)" name="construct_model_works"/>
    <testcase time="0.00100000000000477" classname="character(0)" name="construct_model_works"/>
    <testcase time="0.000999999999990564" classname="character(0)" name="construct_model_works"/>
    <testcase time="0.00100000000000477" classname="character(0)" name="construct_model_works"/>
  </testsuite>
  <testsuite name="construction_helpers" timestamp="2025-02-14T17:37:34Z" hostname="9ebf7e90108d" tests="6" skipped="0" failures="0" errors="0" time="0.007">
    <testcase time="0.00300000000000011" classname="character(0)" name="construct_model_messaging"/>
    <testcase time="0.00100000000000477" classname="character(0)" name="construct_model_messaging"/>
    <testcase time="0.000999999999990564" classname="character(0)" name="construct_model_messaging"/>
    <testcase time="0.00100000000000477" classname="character(0)" name="construct_model_messaging"/>
    <testcase time="0.000999999999990564" classname="character(0)" name="construct_model_messaging"/>
    <testcase time="0" classname="character(0)" name="construct_model_messaging"/>
  </testsuite>
  <testsuite name="proportion_ci" timestamp="2025-02-14T17:37:35Z" hostname="9ebf7e90108d" tests="34" skipped="0" failures="0" errors="0" time="0.791">
    <testcase time="0.774000000000001" classname="character(0)" name="check_the_proportion_ci__functions_work"/>
    <testcase time="0.00100000000000477" classname="character(0)" name="check_the_proportion_ci__functions_work"/>
    <testcase time="0" classname="character(0)" name="check_the_proportion_ci__functions_work"/>
    <testcase time="0.00100000000000477" classname="character(0)" name="check_the_proportion_ci__functions_work"/>
    <testcase time="0" classname="character(0)" name="check_the_proportion_ci__functions_work"/>
    <testcase time="0.000999999999990564" classname="character(0)" name="check_the_proportion_ci__functions_work"/>
    <testcase time="0" classname="character(0)" name="check_the_proportion_ci__functions_work"/>
    <testcase time="0.00100000000000477" classname="character(0)" name="check_the_proportion_ci__functions_work"/>
    <testcase time="0" classname="character(0)" name="check_the_proportion_ci__functions_work"/>
    <testcase time="0.00100000000000477" classname="character(0)" name="check_the_proportion_ci__functions_work"/>
    <testcase time="0" classname="character(0)" name="check_the_proportion_ci__functions_work"/>
    <testcase time="0.000999999999990564" classname="character(0)" name="check_the_proportion_ci__functions_work"/>
    <testcase time="0" classname="character(0)" name="check_the_proportion_ci__functions_work"/>
    <testcase time="0.00100000000000477" classname="character(0)" name="check_the_proportion_ci__functions_work"/>
    <testcase time="0" classname="character(0)" name="check_the_proportion_ci__functions_work"/>
    <testcase time="0.00100000000000477" classname="character(0)" name="check_the_proportion_ci__functions_work"/>
    <testcase time="0" classname="character(0)" name="check_the_proportion_ci__functions_work"/>
    <testcase time="0.000999999999990564" classname="character(0)" name="check_the_proportion_ci__functions_work"/>
    <testcase time="0" classname="character(0)" name="check_the_proportion_ci__functions_work"/>
    <testcase time="0.00100000000000477" classname="character(0)" name="check_the_proportion_ci__functions_work"/>
    <testcase time="0" classname="character(0)" name="check_the_proportion_ci__functions_work"/>
    <testcase time="0.00100000000000477" classname="character(0)" name="check_the_proportion_ci__functions_work"/>
    <testcase time="0" classname="character(0)" name="check_the_proportion_ci__functions_work"/>
    <testcase time="0.000999999999990564" classname="character(0)" name="check_the_proportion_ci__functions_work"/>
    <testcase time="0" classname="character(0)" name="check_the_proportion_ci__functions_work"/>
    <testcase time="0.00100000000000477" classname="character(0)" name="check_the_proportion_ci__functions_work"/>
    <testcase time="0.00100000000000477" classname="character(0)" name="check_the_proportion_ci__functions_work"/>
    <testcase time="0" classname="character(0)" name="check_the_proportion_ci__functions_work"/>
    <testcase time="0.000999999999990564" classname="character(0)" name="check_the_proportion_ci__functions_work"/>
    <testcase time="0" classname="character(0)" name="check_the_proportion_ci__functions_work"/>
    <testcase time="0.00100000000000477" classname="character(0)" name="check_the_proportion_ci__functions_work"/>
    <testcase time="0" classname="character(0)" name="check_the_proportion_ci__functions_work"/>
    <testcase time="0.00100000000000477" classname="character(0)" name="check_the_proportion_ci__functions_work"/>
    <testcase time="0" classname="character(0)" name="check_the_proportion_ci__functions_work"/>
  </testsuite>
  <testsuite name="proportion_ci" timestamp="2025-02-14T17:37:35Z" hostname="9ebf7e90108d" tests="10" skipped="0" failures="0" errors="0" time="0.007">
    <testcase time="0.00199999999999534" classname="character(0)" name="check_the_proportion_ci_strat_wilson_function_works"/>
    <testcase time="0.00100000000000477" classname="character(0)" name="check_the_proportion_ci_strat_wilson_function_works"/>
    <testcase time="0" classname="character(0)" name="check_the_proportion_ci_strat_wilson_function_works"/>
    <testcase time="0.000999999999990564" classname="character(0)" name="check_the_proportion_ci_strat_wilson_function_works"/>
    <testcase time="0" classname="character(0)" name="check_the_proportion_ci_strat_wilson_function_works"/>
    <testcase time="0.00100000000000477" classname="character(0)" name="check_the_proportion_ci_strat_wilson_function_works"/>
    <testcase time="0" classname="character(0)" name="check_the_proportion_ci_strat_wilson_function_works"/>
    <testcase time="0.00100000000000477" classname="character(0)" name="check_the_proportion_ci_strat_wilson_function_works"/>
    <testcase time="0" classname="character(0)" name="check_the_proportion_ci_strat_wilson_function_works"/>
    <testcase time="0.000999999999990564" classname="character(0)" name="check_the_proportion_ci_strat_wilson_function_works"/>
  </testsuite>
</testsuites>
