<?xml version="1.0" encoding="UTF-8"?>
<testsuites>
  <testsuite name="ard_aod_wald_test" timestamp="2024-06-25T00:13:11Z" hostname="00f4dbefdae6" tests="3" skipped="1" failures="0" errors="0" time="1.338">
    <testcase time="1.311" classname="character(0)" name="ard_aod_wald_test_works"/>
    <testcase time="0.0209999999999999" classname="character(0)" name="ard_aod_wald_test_works"/>
    <testcase time="0.00599999999999978" classname="character(0)" name="ard_aod_wald_test_works">
      <skipped message="Reason: On CRAN ('test-ard_aod_wald_test.R:12:3')"/>
    </testcase>
  </testsuite>
  <testsuite name="ard_attributes.survey.design" timestamp="2024-06-25T00:13:11Z" hostname="00f4dbefdae6" tests="1" skipped="1" failures="0" errors="0" time="0.327">
    <testcase time="0.327" classname="character(0)" name="ard_attributes.survey.design_works">
      <skipped message="Reason: On CRAN ('test-ard_attributes.survey.design.R:7:3')"/>
    </testcase>
  </testsuite>
  <testsuite name="ard_car_vif" timestamp="2024-06-25T00:13:11Z" hostname="00f4dbefdae6" tests="1" skipped="1" failures="0" errors="0" time="0.343">
    <testcase time="0.343" classname="character(0)" name="ard_car_vif_works">
      <skipped message="Reason: On CRAN ('test-ard_car_vif.R:4:3')"/>
    </testcase>
  </testsuite>
  <testsuite name="ard_car_vif" timestamp="2024-06-25T00:13:11Z" hostname="00f4dbefdae6" tests="1" skipped="0" failures="0" errors="0" time="0.011">
    <testcase time="0.0110000000000001" classname="character(0)" name="ard_car_vif_appropriate_errors_are_given_for_model_with_only_1_term"/>
  </testsuite>
  <testsuite name="ard_car_vif" timestamp="2024-06-25T00:13:11Z" hostname="00f4dbefdae6" tests="1" skipped="1" failures="0" errors="0" time="0.001">
    <testcase time="0.00099999999999989" classname="character(0)" name="ard_vif_issues_friendly_messaging_for_incorrect_object_passed_in_can_t_get_terms_of_model">
      <skipped message="Reason: On CRAN ('test-ard_car_vif.R:29:3')"/>
    </testcase>
  </testsuite>
  <testsuite name="ard_car_anova" timestamp="2024-06-25T00:13:12Z" hostname="00f4dbefdae6" tests="3" skipped="1" failures="0" errors="0" time="0.485">
    <testcase time="0.484" classname="character(0)" name="ard_car_anova_works"/>
    <testcase time="0.00099999999999989" classname="character(0)" name="ard_car_anova_works"/>
    <testcase time="0" classname="character(0)" name="ard_car_anova_works">
      <skipped message="Reason: On CRAN ('test-ard_car_anova.R:14:3')"/>
    </testcase>
  </testsuite>
  <testsuite name="ard_car_anova" timestamp="2024-06-25T00:13:12Z" hostname="00f4dbefdae6" tests="1" skipped="1" failures="0" errors="0" time="0.012">
    <testcase time="0.012" classname="character(0)" name="ard_car_anova_messaging">
      <skipped message="Reason: On CRAN ('test-ard_car_anova.R:18:3')"/>
    </testcase>
  </testsuite>
  <testsuite name="ard_continuous.survey.design" timestamp="2024-06-25T00:13:14Z" hostname="00f4dbefdae6" tests="12" skipped="1" failures="0" errors="0" time="2.49">
    <testcase time="2.48" classname="character(0)" name="unstratified_ard_continuous.survey.design_works"/>
    <testcase time="0.00100000000000033" classname="character(0)" name="unstratified_ard_continuous.survey.design_works"/>
    <testcase time="0.00100000000000033" classname="character(0)" name="unstratified_ard_continuous.survey.design_works"/>
    <testcase time="0.000999999999999446" classname="character(0)" name="unstratified_ard_continuous.survey.design_works"/>
    <testcase time="0.00100000000000033" classname="character(0)" name="unstratified_ard_continuous.survey.design_works"/>
    <testcase time="0.00100000000000033" classname="character(0)" name="unstratified_ard_continuous.survey.design_works"/>
    <testcase time="0.000999999999999446" classname="character(0)" name="unstratified_ard_continuous.survey.design_works"/>
    <testcase time="0.00100000000000033" classname="character(0)" name="unstratified_ard_continuous.survey.design_works"/>
    <testcase time="0" classname="character(0)" name="unstratified_ard_continuous.survey.design_works"/>
    <testcase time="0.000999999999999446" classname="character(0)" name="unstratified_ard_continuous.survey.design_works"/>
    <testcase time="0.00100000000000033" classname="character(0)" name="unstratified_ard_continuous.survey.design_works"/>
    <testcase time="0.00100000000000033" classname="character(0)" name="unstratified_ard_continuous.survey.design_works">
      <skipped message="Reason: On CRAN ('test-ard_continuous.survey.design.R:70:3')"/>
    </testcase>
  </testsuite>
  <testsuite name="ard_continuous.survey.design" timestamp="2024-06-25T00:13:14Z" hostname="00f4dbefdae6" tests="11" skipped="0" failures="0" errors="0" time="0.027">
    <testcase time="0.0179999999999998" classname="character(0)" name="stratified_ard_continuous.survey.design_works"/>
    <testcase time="0.00100000000000033" classname="character(0)" name="stratified_ard_continuous.survey.design_works"/>
    <testcase time="0.000999999999999446" classname="character(0)" name="stratified_ard_continuous.survey.design_works"/>
    <testcase time="0.00100000000000033" classname="character(0)" name="stratified_ard_continuous.survey.design_works"/>
    <testcase time="0" classname="character(0)" name="stratified_ard_continuous.survey.design_works"/>
    <testcase time="0.000999999999999446" classname="character(0)" name="stratified_ard_continuous.survey.design_works"/>
    <testcase time="0.00100000000000033" classname="character(0)" name="stratified_ard_continuous.survey.design_works"/>
    <testcase time="0.00100000000000033" classname="character(0)" name="stratified_ard_continuous.survey.design_works"/>
    <testcase time="0.000999999999999446" classname="character(0)" name="stratified_ard_continuous.survey.design_works"/>
    <testcase time="0.00100000000000033" classname="character(0)" name="stratified_ard_continuous.survey.design_works"/>
    <testcase time="0.00100000000000033" classname="character(0)" name="stratified_ard_continuous.survey.design_works"/>
  </testsuite>
  <testsuite name="ard_continuous.survey.design" timestamp="2024-06-25T00:13:14Z" hostname="00f4dbefdae6" tests="4" skipped="0" failures="0" errors="0" time="0.009">
    <testcase time="0.00599999999999934" classname="character(0)" name="ard_continuous.survey.design_NA_handling"/>
    <testcase time="0.00100000000000033" classname="character(0)" name="ard_continuous.survey.design_NA_handling"/>
    <testcase time="0.00100000000000033" classname="character(0)" name="ard_continuous.survey.design_NA_handling"/>
    <testcase time="0.000999999999999446" classname="character(0)" name="ard_continuous.survey.design_NA_handling"/>
  </testsuite>
  <testsuite name="ard_continuous.survey.design" timestamp="2024-06-25T00:13:14Z" hostname="00f4dbefdae6" tests="2" skipped="0" failures="0" errors="0" time="0.003">
    <testcase time="0.00199999999999978" classname="character(0)" name="ard_continuous.survey.design_error_handling"/>
    <testcase time="0.00100000000000033" classname="character(0)" name="ard_continuous.survey.design_error_handling"/>
  </testsuite>
  <testsuite name="ard_continuous.survey.design" timestamp="2024-06-25T00:13:14Z" hostname="00f4dbefdae6" tests="1" skipped="1" failures="0" errors="0" time="0.002">
    <testcase time="0.00199999999999978" classname="character(0)" name="ard_continuous.survey.design_fmt_fn_">
      <skipped message="Reason: On CRAN ('test-ard_continuous.survey.design.R:322:3')"/>
    </testcase>
  </testsuite>
  <testsuite name="ard_continuous.survey.design" timestamp="2024-06-25T00:13:14Z" hostname="00f4dbefdae6" tests="1" skipped="1" failures="0" errors="0" time="0.013">
    <testcase time="0.0129999999999999" classname="character(0)" name="ard_continuous.survey.design_stat_label_">
      <skipped message="Reason: On CRAN ('test-ard_continuous.survey.design.R:336:3')"/>
    </testcase>
  </testsuite>
  <testsuite name="ard_continuous.survey.design" timestamp="2024-06-25T00:13:14Z" hostname="00f4dbefdae6" tests="2" skipped="0" failures="0" errors="0" time="0.011">
    <testcase time="0.0100000000000007" classname="character(0)" name="ard_continuous.survey.design_by_unobserved_levels_combinations"/>
    <testcase time="0.000999999999999446" classname="character(0)" name="ard_continuous.survey.design_by_unobserved_levels_combinations"/>
  </testsuite>
  <testsuite name="ard_dichotomous.survey.design" timestamp="2024-06-25T00:13:21Z" hostname="00f4dbefdae6" tests="34" skipped="0" failures="7" errors="1" time="7.157">
    <testcase time="7.037" classname="character(0)" name="ard_dichotomous.survey.design_works"/>
    <testcase time="0.00100000000000122" classname="character(0)" name="ard_dichotomous.survey.design_works"/>
    <testcase time="0" classname="character(0)" name="ard_dichotomous.survey.design_works"/>
    <testcase time="0.000999999999999446" classname="character(0)" name="ard_dichotomous.survey.design_works"/>
    <testcase time="0" classname="character(0)" name="ard_dichotomous.survey.design_works"/>
    <testcase time="0.000999999999999446" classname="character(0)" name="ard_dichotomous.survey.design_works"/>
    <testcase time="0" classname="character(0)" name="ard_dichotomous.survey.design_works"/>
    <testcase time="0.00100000000000122" classname="character(0)" name="ard_dichotomous.survey.design_works">
      <failure type="failure" message="unlist(...) (`actual`) not equal to unlist(...) (`expected`). ('test-ard_dichotomous.survey.design.R:50:3')">unlist(...) (`actual`) not equal to unlist(...) (`expected`).

  `actual`: 36 28 36 28
`expected`: 11 11 13 13</failure>
    </testcase>
    <testcase time="0.00899999999999856" classname="character(0)" name="ard_dichotomous.survey.design_works">
      <failure type="failure" message="unlist(...) (`actual`) not equal to unlist(...) (`expected`). ('test-ard_dichotomous.survey.design.R:56:3')">unlist(...) (`actual`) not equal to unlist(...) (`expected`).

  `actual`: 0.03 0.36 0.17 0.25
`expected`: 0.09 0.91 0.46 0.54</failure>
    </testcase>
    <testcase time="0.00900000000000034" classname="character(0)" name="ard_dichotomous.survey.design_works">
      <failure type="failure" message="unlist(...) (`actual`) not equal to unlist(...) (`expected`). ('test-ard_dichotomous.survey.design.R:62:3')">unlist(...) (`actual`) not equal to unlist(...) (`expected`).

  `actual`: 0.055 0.123 0.113 0.136
`expected`: 0.088 0.088 0.140 0.140</failure>
    </testcase>
    <testcase time="0.00900000000000034" classname="character(0)" name="ard_dichotomous.survey.design_works"/>
    <testcase time="0" classname="character(0)" name="ard_dichotomous.survey.design_works"/>
    <testcase time="0.000999999999999446" classname="character(0)" name="ard_dichotomous.survey.design_works">
      <failure type="failure" message="unlist(...) (`actual`) not equal to unlist(...) (`expected`). ('test-ard_dichotomous.survey.design.R:79:3')">unlist(...) (`actual`) not equal to unlist(...) (`expected`).

  `actual`: 18 14 18 14
`expected`: 11 11 13 13</failure>
    </testcase>
    <testcase time="0.0120000000000005" classname="character(0)" name="ard_dichotomous.survey.design_works"/>
    <testcase time="0.000999999999999446" classname="character(0)" name="ard_dichotomous.survey.design_works"/>
    <testcase time="0" classname="character(0)" name="ard_dichotomous.survey.design_works"/>
    <testcase time="0.00100000000000122" classname="character(0)" name="ard_dichotomous.survey.design_works"/>
    <testcase time="0" classname="character(0)" name="ard_dichotomous.survey.design_works"/>
    <testcase time="0.000999999999999446" classname="character(0)" name="ard_dichotomous.survey.design_works"/>
    <testcase time="0.000999999999999446" classname="character(0)" name="ard_dichotomous.survey.design_works"/>
    <testcase time="0" classname="character(0)" name="ard_dichotomous.survey.design_works"/>
    <testcase time="0.00100000000000122" classname="character(0)" name="ard_dichotomous.survey.design_works"/>
    <testcase time="0" classname="character(0)" name="ard_dichotomous.survey.design_works"/>
    <testcase time="0.000999999999999446" classname="character(0)" name="ard_dichotomous.survey.design_works"/>
    <testcase time="0" classname="character(0)" name="ard_dichotomous.survey.design_works"/>
    <testcase time="0.000999999999999446" classname="character(0)" name="ard_dichotomous.survey.design_works"/>
    <testcase time="0" classname="character(0)" name="ard_dichotomous.survey.design_works"/>
    <testcase time="0.000999999999999446" classname="character(0)" name="ard_dichotomous.survey.design_works">
      <failure type="failure" message="`... &lt;- NULL` threw an unexpected error. ('test-ard_dichotomous.survey.design.R:171:3')">`... &lt;- NULL` threw an unexpected error.
Message: attempt to select less than one element in get1index
Class:   simpleError/error/condition
Backtrace:
     ▆
  1. ├─testthat::expect_error(...) at test-ard_dichotomous.survey.design.R:171:3
  2. │ └─testthat:::expect_condition_matching(...)
  3. │   └─testthat:::quasi_capture(...)
  4. │     ├─testthat (local) .capture(...)
  5. │     │ └─base::withCallingHandlers(...)
  6. │     └─rlang::eval_bare(quo_get_expr(.quo), quo_get_env(.quo))
  7. ├─cards::ard_dichotomous(...)
  8. └─cardx:::ard_dichotomous.survey.design(...)
  9.   ├─dplyr::mutate(...)
 10.   ├─dplyr::filter(...)
 11.   ├─cards::ard_categorical(...)
 12.   └─cardx:::ard_categorical.survey.design(...)
 13.     └─cardx:::.svytable_rate_stats(...)
 14.       ├─data$variables[[by]]
 15.       └─base::`[[.data.frame`(data$variables, by)
 16.         └─(function(x, i, exact) if (is.matrix(i)) as.matrix(x)[[i]] else .subset2(x, ...</failure>
    </testcase>
    <testcase time="0.0240000000000009" classname="character(0)" name="ard_dichotomous.survey.design_works"/>
    <testcase time="0" classname="character(0)" name="ard_dichotomous.survey.design_works">
      <failure type="failure" message="`... &lt;- NULL` threw an unexpected error. ('test-ard_dichotomous.survey.design.R:181:3')">`... &lt;- NULL` threw an unexpected error.
Message: attempt to select less than one element in get1index
Class:   simpleError/error/condition
Backtrace:
     ▆
  1. ├─testthat::expect_error(...) at test-ard_dichotomous.survey.design.R:181:3
  2. │ └─testthat:::expect_condition_matching(...)
  3. │   └─testthat:::quasi_capture(...)
  4. │     ├─testthat (local) .capture(...)
  5. │     │ └─base::withCallingHandlers(...)
  6. │     └─rlang::eval_bare(quo_get_expr(.quo), quo_get_env(.quo))
  7. ├─cards::ard_dichotomous(...)
  8. └─cardx:::ard_dichotomous.survey.design(...)
  9.   ├─dplyr::mutate(...)
 10.   ├─dplyr::filter(...)
 11.   ├─cards::ard_categorical(...)
 12.   └─cardx:::ard_categorical.survey.design(...)
 13.     └─cardx:::.svytable_rate_stats(...)
 14.       ├─data$variables[[by]]
 15.       └─base::`[[.data.frame`(data$variables, by)
 16.         └─(function(x, i, exact) if (is.matrix(i)) as.matrix(x)[[i]] else .subset2(x, ...</failure>
    </testcase>
    <testcase time="0.0239999999999991" classname="character(0)" name="ard_dichotomous.survey.design_works"/>
    <testcase time="0" classname="character(0)" name="ard_dichotomous.survey.design_works">
      <failure type="failure" message="`... &lt;- NULL` threw an unexpected error. ('test-ard_dichotomous.survey.design.R:191:3')">`... &lt;- NULL` threw an unexpected error.
Message: attempt to select less than one element in get1index
Class:   simpleError/error/condition
Backtrace:
     ▆
  1. ├─testthat::expect_error(...) at test-ard_dichotomous.survey.design.R:191:3
  2. │ └─testthat:::expect_condition_matching(...)
  3. │   └─testthat:::quasi_capture(...)
  4. │     ├─testthat (local) .capture(...)
  5. │     │ └─base::withCallingHandlers(...)
  6. │     └─rlang::eval_bare(quo_get_expr(.quo), quo_get_env(.quo))
  7. ├─cards::ard_dichotomous(...)
  8. └─cardx:::ard_dichotomous.survey.design(...)
  9.   ├─dplyr::mutate(...)
 10.   ├─dplyr::filter(...)
 11.   ├─cards::ard_categorical(...)
 12.   └─cardx:::ard_categorical.survey.design(...)
 13.     └─cardx:::.svytable_rate_stats(...)
 14.       ├─data$variables[[by]]
 15.       └─base::`[[.data.frame`(data$variables, by)
 16.         └─(function(x, i, exact) if (is.matrix(i)) as.matrix(x)[[i]] else .subset2(x, ...</failure>
    </testcase>
    <testcase time="0.0190000000000001" classname="character(0)" name="ard_dichotomous.survey.design_works"/>
    <testcase time="0.00100000000000122" classname="character(0)" name="ard_dichotomous.survey.design_works">
      <error type="error" message="Error in `.subset2(x, i, exact = exact)`: attempt to select less than one element in get1index ('test-ard_dichotomous.survey.design.R:204:3')">Error in `.subset2(x, i, exact = exact)`: attempt to select less than one element in get1index
Backtrace:
     ▆
  1. ├─testthat::expect_equal(...) at test-ard_dichotomous.survey.design.R:204:3
  2. │ └─testthat::quasi_label(enquo(expected), expected.label, arg = "expected")
  3. │   └─rlang::eval_bare(expr, quo_get_env(quo))
  4. ├─base::unlist(...)
  5. ├─cards::get_ard_statistics(...)
  6. │ └─dplyr::filter(x, ...)
  7. ├─cards::ard_dichotomous(...)
  8. └─cardx:::ard_dichotomous.survey.design(...)
  9.   ├─dplyr::mutate(...)
 10.   ├─dplyr::filter(...)
 11.   ├─cards::ard_categorical(...)
 12.   └─cardx:::ard_categorical.survey.design(...)
 13.     └─cardx:::.svytable_rate_stats(...)
 14.       ├─data$variables[[by]]
 15.       └─base::`[[.data.frame`(data$variables, by)
 16.         └─(function(x, i, exact) if (is.matrix(i)) as.matrix(x)[[i]] else .subset2(x, ...</error>
    </testcase>
  </testsuite>
  <testsuite name="ard_effectsize_cohens_d" timestamp="2024-06-25T00:13:22Z" hostname="00f4dbefdae6" tests="4" skipped="1" failures="0" errors="0" time="0.444">
    <testcase time="0.443" classname="character(0)" name="ard_effectsize_cohens_d_works"/>
    <testcase time="0" classname="character(0)" name="ard_effectsize_cohens_d_works"/>
    <testcase time="0.000999999999999446" classname="character(0)" name="ard_effectsize_cohens_d_works"/>
    <testcase time="0" classname="character(0)" name="ard_effectsize_cohens_d_works">
      <skipped message="Reason: On CRAN ('test-ard_effectsize_cohens_d.R:38:3')"/>
    </testcase>
  </testsuite>
  <testsuite name="ard_effectsize_cohens_d" timestamp="2024-06-25T00:13:22Z" hostname="00f4dbefdae6" tests="3" skipped="0" failures="0" errors="0" time="0.012">
    <testcase time="0.011000000000001" classname="character(0)" name="ard_effectsize_paired_cohens_d_works"/>
    <testcase time="0" classname="character(0)" name="ard_effectsize_paired_cohens_d_works"/>
    <testcase time="0.000999999999999446" classname="character(0)" name="ard_effectsize_paired_cohens_d_works"/>
  </testsuite>
  <testsuite name="ard_effectsize_hedges_g" timestamp="2024-06-25T00:13:22Z" hostname="00f4dbefdae6" tests="4" skipped="1" failures="0" errors="0" time="0.429">
    <testcase time="0.427" classname="character(0)" name="ard_effectsize_hedges_g_works"/>
    <testcase time="0" classname="character(0)" name="ard_effectsize_hedges_g_works"/>
    <testcase time="0.00100000000000122" classname="character(0)" name="ard_effectsize_hedges_g_works"/>
    <testcase time="0.000999999999999446" classname="character(0)" name="ard_effectsize_hedges_g_works">
      <skipped message="Reason: On CRAN ('test-ard_effectsize_hedges_g.R:34:3')"/>
    </testcase>
  </testsuite>
  <testsuite name="ard_effectsize_hedges_g" timestamp="2024-06-25T00:13:22Z" hostname="00f4dbefdae6" tests="3" skipped="0" failures="0" errors="0" time="0.036">
    <testcase time="0.0350000000000001" classname="character(0)" name="ard_effectsize_paired_hedges_g_works"/>
    <testcase time="0.000999999999999446" classname="character(0)" name="ard_effectsize_paired_hedges_g_works"/>
    <testcase time="0" classname="character(0)" name="ard_effectsize_paired_hedges_g_works"/>
  </testsuite>
  <testsuite name="ard_emmeans_mean_difference" timestamp="2024-06-25T00:13:24Z" hostname="00f4dbefdae6" tests="9" skipped="0" failures="0" errors="0" time="1.295">
    <testcase time="1.289" classname="character(0)" name="ard_emmeans_mean_difference_works"/>
    <testcase time="0.00100000000000122" classname="character(0)" name="ard_emmeans_mean_difference_works"/>
    <testcase time="0.000999999999999446" classname="character(0)" name="ard_emmeans_mean_difference_works"/>
    <testcase time="0" classname="character(0)" name="ard_emmeans_mean_difference_works"/>
    <testcase time="0.000999999999999446" classname="character(0)" name="ard_emmeans_mean_difference_works"/>
    <testcase time="0.000999999999999446" classname="character(0)" name="ard_emmeans_mean_difference_works"/>
    <testcase time="0" classname="character(0)" name="ard_emmeans_mean_difference_works"/>
    <testcase time="0.00100000000000122" classname="character(0)" name="ard_emmeans_mean_difference_works"/>
    <testcase time="0.000999999999999446" classname="character(0)" name="ard_emmeans_mean_difference_works"/>
  </testsuite>
  <testsuite name="ard_categorical.survey.design" timestamp="2024-06-25T00:13:24Z" hostname="00f4dbefdae6" tests="1" skipped="0" failures="0" errors="0" time="0.259">
    <testcase time="0.259" classname="character(0)" name="multiplication_works"/>
  </testsuite>
  <testsuite name="ard_categorical.survey.design" timestamp="2024-06-25T00:13:24Z" hostname="00f4dbefdae6" tests="34" skipped="0" failures="3" errors="1" time="0.074">
    <testcase time="0.000999999999999446" classname="character(0)" name="ard_categorical.survey.design_works"/>
    <testcase time="0.00100000000000122" classname="character(0)" name="ard_categorical.survey.design_works"/>
    <testcase time="0" classname="character(0)" name="ard_categorical.survey.design_works"/>
    <testcase time="0.000999999999999446" classname="character(0)" name="ard_categorical.survey.design_works"/>
    <testcase time="0" classname="character(0)" name="ard_categorical.survey.design_works"/>
    <testcase time="0.000999999999999446" classname="character(0)" name="ard_categorical.survey.design_works"/>
    <testcase time="0" classname="character(0)" name="ard_categorical.survey.design_works"/>
    <testcase time="0.000999999999999446" classname="character(0)" name="ard_categorical.survey.design_works"/>
    <testcase time="0.00100000000000122" classname="character(0)" name="ard_categorical.survey.design_works"/>
    <testcase time="0" classname="character(0)" name="ard_categorical.survey.design_works"/>
    <testcase time="0.000999999999999446" classname="character(0)" name="ard_categorical.survey.design_works"/>
    <testcase time="0" classname="character(0)" name="ard_categorical.survey.design_works"/>
    <testcase time="0" classname="character(0)" name="ard_categorical.survey.design_works"/>
    <testcase time="0" classname="character(0)" name="ard_categorical.survey.design_works"/>
    <testcase time="0" classname="character(0)" name="ard_categorical.survey.design_works"/>
    <testcase time="0.00100000000000122" classname="character(0)" name="ard_categorical.survey.design_works"/>
    <testcase time="0.000999999999999446" classname="character(0)" name="ard_categorical.survey.design_works"/>
    <testcase time="0.000999999999999446" classname="character(0)" name="ard_categorical.survey.design_works"/>
    <testcase time="0.000999999999999446" classname="character(0)" name="ard_categorical.survey.design_works"/>
    <testcase time="0" classname="character(0)" name="ard_categorical.survey.design_works"/>
    <testcase time="0.00100000000000122" classname="character(0)" name="ard_categorical.survey.design_works"/>
    <testcase time="0.000999999999999446" classname="character(0)" name="ard_categorical.survey.design_works"/>
    <testcase time="0" classname="character(0)" name="ard_categorical.survey.design_works"/>
    <testcase time="0.000999999999999446" classname="character(0)" name="ard_categorical.survey.design_works"/>
    <testcase time="0" classname="character(0)" name="ard_categorical.survey.design_works"/>
    <testcase time="0.00100000000000122" classname="character(0)" name="ard_categorical.survey.design_works"/>
    <testcase time="0" classname="character(0)" name="ard_categorical.survey.design_works"/>
    <testcase time="0.000999999999999446" classname="character(0)" name="ard_categorical.survey.design_works">
      <failure type="failure" message="`... &lt;- NULL` threw an unexpected error. ('test-ard_categorical.survey.design.R:182:3')">`... &lt;- NULL` threw an unexpected error.
Message: attempt to select less than one element in get1index
Class:   simpleError/error/condition
Backtrace:
     ▆
  1. ├─testthat::expect_error(...) at test-ard_categorical.survey.design.R:182:3
  2. │ └─testthat:::expect_condition_matching(...)
  3. │   └─testthat:::quasi_capture(...)
  4. │     ├─testthat (local) .capture(...)
  5. │     │ └─base::withCallingHandlers(...)
  6. │     └─rlang::eval_bare(quo_get_expr(.quo), quo_get_env(.quo))
  7. ├─cards::ard_categorical(...)
  8. └─cardx:::ard_categorical.survey.design(...)
  9.   └─cardx:::.svytable_rate_stats(...)
 10.     ├─data$variables[[by]]
 11.     └─base::`[[.data.frame`(data$variables, by)
 12.       └─(function(x, i, exact) if (is.matrix(i)) as.matrix(x)[[i]] else .subset2(x, ...</failure>
    </testcase>
    <testcase time="0.0179999999999989" classname="character(0)" name="ard_categorical.survey.design_works"/>
    <testcase time="0" classname="character(0)" name="ard_categorical.survey.design_works">
      <failure type="failure" message="`... &lt;- NULL` threw an unexpected error. ('test-ard_categorical.survey.design.R:194:3')">`... &lt;- NULL` threw an unexpected error.
Message: attempt to select less than one element in get1index
Class:   simpleError/error/condition
Backtrace:
     ▆
  1. ├─testthat::expect_error(...) at test-ard_categorical.survey.design.R:194:3
  2. │ └─testthat:::expect_condition_matching(...)
  3. │   └─testthat:::quasi_capture(...)
  4. │     ├─testthat (local) .capture(...)
  5. │     │ └─base::withCallingHandlers(...)
  6. │     └─rlang::eval_bare(quo_get_expr(.quo), quo_get_env(.quo))
  7. ├─cards::ard_categorical(...)
  8. └─cardx:::ard_categorical.survey.design(...)
  9.   └─cardx:::.svytable_rate_stats(...)
 10.     ├─data$variables[[by]]
 11.     └─base::`[[.data.frame`(data$variables, by)
 12.       └─(function(x, i, exact) if (is.matrix(i)) as.matrix(x)[[i]] else .subset2(x, ...</failure>
    </testcase>
    <testcase time="0.0180000000000007" classname="character(0)" name="ard_categorical.survey.design_works"/>
    <testcase time="0" classname="character(0)" name="ard_categorical.survey.design_works">
      <failure type="failure" message="`... &lt;- NULL` threw an unexpected error. ('test-ard_categorical.survey.design.R:206:3')">`... &lt;- NULL` threw an unexpected error.
Message: attempt to select less than one element in get1index
Class:   simpleError/error/condition
Backtrace:
     ▆
  1. ├─testthat::expect_error(...) at test-ard_categorical.survey.design.R:206:3
  2. │ └─testthat:::expect_condition_matching(...)
  3. │   └─testthat:::quasi_capture(...)
  4. │     ├─testthat (local) .capture(...)
  5. │     │ └─base::withCallingHandlers(...)
  6. │     └─rlang::eval_bare(quo_get_expr(.quo), quo_get_env(.quo))
  7. ├─cards::ard_categorical(...)
  8. └─cardx:::ard_categorical.survey.design(...)
  9.   └─cardx:::.svytable_rate_stats(...)
 10.     ├─data$variables[[by]]
 11.     └─base::`[[.data.frame`(data$variables, by)
 12.       └─(function(x, i, exact) if (is.matrix(i)) as.matrix(x)[[i]] else .subset2(x, ...</failure>
    </testcase>
    <testcase time="0.0210000000000008" classname="character(0)" name="ard_categorical.survey.design_works"/>
    <testcase time="0.000999999999999446" classname="character(0)" name="ard_categorical.survey.design_works">
      <error type="error" message="Error in `.subset2(x, i, exact = exact)`: attempt to select less than one element in get1index ('test-ard_categorical.survey.design.R:220:3')">Error in `.subset2(x, i, exact = exact)`: attempt to select less than one element in get1index
Backtrace:
     ▆
  1. ├─testthat::expect_equal(...) at test-ard_categorical.survey.design.R:220:3
  2. │ └─testthat::quasi_label(enquo(expected), expected.label, arg = "expected")
  3. │   └─rlang::eval_bare(expr, quo_get_env(quo))
  4. ├─base::unlist(...)
  5. ├─cards::get_ard_statistics(...)
  6. │ └─dplyr::filter(x, ...)
  7. ├─cards::ard_categorical(...)
  8. └─cardx:::ard_categorical.survey.design(...)
  9.   └─cardx:::.svytable_rate_stats(...)
 10.     ├─data$variables[[by]]
 11.     └─base::`[[.data.frame`(data$variables, by)
 12.       └─(function(x, i, exact) if (is.matrix(i)) as.matrix(x)[[i]] else .subset2(x, ...</error>
    </testcase>
  </testsuite>
  <testsuite name="ard_categorical.survey.design" timestamp="2024-06-25T00:13:24Z" hostname="00f4dbefdae6" tests="3" skipped="0" failures="0" errors="0" time="0.019">
    <testcase time="0.0180000000000007" classname="character(0)" name="ard_categorical.survey.design_works_when_variables_have_all_NAs"/>
    <testcase time="0.000999999999999446" classname="character(0)" name="ard_categorical.survey.design_works_when_variables_have_all_NAs"/>
    <testcase time="0" classname="character(0)" name="ard_categorical.survey.design_works_when_variables_have_all_NAs"/>
  </testsuite>
  <testsuite name="ard_categorical.survey.design" timestamp="2024-06-25T00:13:24Z" hostname="00f4dbefdae6" tests="18" skipped="0" failures="3" errors="0" time="0.067">
    <testcase time="0.00200000000000067" classname="character(0)" name="ard_categorical.survey.design_works_for_unobserved_factor_levels"/>
    <testcase time="0" classname="character(0)" name="ard_categorical.survey.design_works_for_unobserved_factor_levels"/>
    <testcase time="0.000999999999999446" classname="character(0)" name="ard_categorical.survey.design_works_for_unobserved_factor_levels"/>
    <testcase time="0" classname="character(0)" name="ard_categorical.survey.design_works_for_unobserved_factor_levels"/>
    <testcase time="0.000999999999999446" classname="character(0)" name="ard_categorical.survey.design_works_for_unobserved_factor_levels"/>
    <testcase time="0" classname="character(0)" name="ard_categorical.survey.design_works_for_unobserved_factor_levels"/>
    <testcase time="0" classname="character(0)" name="ard_categorical.survey.design_works_for_unobserved_factor_levels">
      <failure type="failure" message="`... &lt;- NULL` threw an unexpected error. ('test-ard_categorical.survey.design.R:441:3')">`... &lt;- NULL` threw an unexpected error.
Message: attempt to select less than one element in get1index
Class:   simpleError/error/condition
Backtrace:
     ▆
  1. ├─testthat::expect_error(...) at test-ard_categorical.survey.design.R:441:3
  2. │ └─testthat:::expect_condition_matching(...)
  3. │   └─testthat:::quasi_capture(...)
  4. │     ├─testthat (local) .capture(...)
  5. │     │ └─base::withCallingHandlers(...)
  6. │     └─rlang::eval_bare(quo_get_expr(.quo), quo_get_env(.quo))
  7. ├─cards::ard_categorical(...)
  8. └─cardx:::ard_categorical.survey.design(...)
  9.   └─cardx:::.svytable_rate_stats(...)
 10.     ├─data$variables[[by]]
 11.     └─base::`[[.data.frame`(data$variables, by)
 12.       └─(function(x, i, exact) if (is.matrix(i)) as.matrix(x)[[i]] else .subset2(x, ...</failure>
    </testcase>
    <testcase time="0.0210000000000008" classname="character(0)" name="ard_categorical.survey.design_works_for_unobserved_factor_levels"/>
    <testcase time="0" classname="character(0)" name="ard_categorical.survey.design_works_for_unobserved_factor_levels">
      <failure type="failure" message="`... &lt;- NULL` threw an unexpected error. ('test-ard_categorical.survey.design.R:452:3')">`... &lt;- NULL` threw an unexpected error.
Message: attempt to select less than one element in get1index
Class:   simpleError/error/condition
Backtrace:
     ▆
  1. ├─testthat::expect_error(...) at test-ard_categorical.survey.design.R:452:3
  2. │ └─testthat:::expect_condition_matching(...)
  3. │   └─testthat:::quasi_capture(...)
  4. │     ├─testthat (local) .capture(...)
  5. │     │ └─base::withCallingHandlers(...)
  6. │     └─rlang::eval_bare(quo_get_expr(.quo), quo_get_env(.quo))
  7. ├─cards::ard_categorical(...)
  8. └─cardx:::ard_categorical.survey.design(...)
  9.   └─cardx:::.svytable_rate_stats(...)
 10.     ├─data$variables[[by]]
 11.     └─base::`[[.data.frame`(data$variables, by)
 12.       └─(function(x, i, exact) if (is.matrix(i)) as.matrix(x)[[i]] else .subset2(x, ...</failure>
    </testcase>
    <testcase time="0.0179999999999989" classname="character(0)" name="ard_categorical.survey.design_works_for_unobserved_factor_levels"/>
    <testcase time="0.00100000000000122" classname="character(0)" name="ard_categorical.survey.design_works_for_unobserved_factor_levels">
      <failure type="failure" message="`... &lt;- NULL` threw an unexpected error. ('test-ard_categorical.survey.design.R:463:3')">`... &lt;- NULL` threw an unexpected error.
Message: attempt to select less than one element in get1index
Class:   simpleError/error/condition
Backtrace:
     ▆
  1. ├─testthat::expect_error(...) at test-ard_categorical.survey.design.R:463:3
  2. │ └─testthat:::expect_condition_matching(...)
  3. │   └─testthat:::quasi_capture(...)
  4. │     ├─testthat (local) .capture(...)
  5. │     │ └─base::withCallingHandlers(...)
  6. │     └─rlang::eval_bare(quo_get_expr(.quo), quo_get_env(.quo))
  7. ├─cards::ard_categorical(...)
  8. └─cardx:::ard_categorical.survey.design(...)
  9.   └─cardx:::.svytable_rate_stats(...)
 10.     ├─data$variables[[by]]
 11.     └─base::`[[.data.frame`(data$variables, by)
 12.       └─(function(x, i, exact) if (is.matrix(i)) as.matrix(x)[[i]] else .subset2(x, ...</failure>
    </testcase>
    <testcase time="0.016" classname="character(0)" name="ard_categorical.survey.design_works_for_unobserved_factor_levels"/>
    <testcase time="0.000999999999999446" classname="character(0)" name="ard_categorical.survey.design_works_for_unobserved_factor_levels"/>
    <testcase time="0.000999999999999446" classname="character(0)" name="ard_categorical.survey.design_works_for_unobserved_factor_levels"/>
    <testcase time="0" classname="character(0)" name="ard_categorical.survey.design_works_for_unobserved_factor_levels"/>
    <testcase time="0.00399999999999956" classname="character(0)" name="ard_categorical.survey.design_works_for_unobserved_factor_levels"/>
    <testcase time="0" classname="character(0)" name="ard_categorical.survey.design_works_for_unobserved_factor_levels"/>
    <testcase time="0.00100000000000122" classname="character(0)" name="ard_categorical.survey.design_works_for_unobserved_factor_levels"/>
  </testsuite>
  <testsuite name="ard_categorical.survey.design" timestamp="2024-06-25T00:13:24Z" hostname="00f4dbefdae6" tests="18" skipped="0" failures="3" errors="0" time="0.064">
    <testcase time="0.000999999999999446" classname="character(0)" name="ard_categorical.survey.design_works_for_unobserved_logical_levels"/>
    <testcase time="0.000999999999999446" classname="character(0)" name="ard_categorical.survey.design_works_for_unobserved_logical_levels"/>
    <testcase time="0" classname="character(0)" name="ard_categorical.survey.design_works_for_unobserved_logical_levels"/>
    <testcase time="0.00100000000000122" classname="character(0)" name="ard_categorical.survey.design_works_for_unobserved_logical_levels"/>
    <testcase time="0" classname="character(0)" name="ard_categorical.survey.design_works_for_unobserved_logical_levels"/>
    <testcase time="0.000999999999999446" classname="character(0)" name="ard_categorical.survey.design_works_for_unobserved_logical_levels"/>
    <testcase time="0" classname="character(0)" name="ard_categorical.survey.design_works_for_unobserved_logical_levels">
      <failure type="failure" message="`... &lt;- NULL` threw an unexpected error. ('test-ard_categorical.survey.design.R:562:3')">`... &lt;- NULL` threw an unexpected error.
Message: attempt to select less than one element in get1index
Class:   simpleError/error/condition
Backtrace:
     ▆
  1. ├─testthat::expect_error(...) at test-ard_categorical.survey.design.R:562:3
  2. │ └─testthat:::expect_condition_matching(...)
  3. │   └─testthat:::quasi_capture(...)
  4. │     ├─testthat (local) .capture(...)
  5. │     │ └─base::withCallingHandlers(...)
  6. │     └─rlang::eval_bare(quo_get_expr(.quo), quo_get_env(.quo))
  7. ├─cards::ard_categorical(...)
  8. └─cardx:::ard_categorical.survey.design(...)
  9.   └─cardx:::.svytable_rate_stats(...)
 10.     ├─data$variables[[by]]
 11.     └─base::`[[.data.frame`(data$variables, by)
 12.       └─(function(x, i, exact) if (is.matrix(i)) as.matrix(x)[[i]] else .subset2(x, ...</failure>
    </testcase>
    <testcase time="0.0180000000000007" classname="character(0)" name="ard_categorical.survey.design_works_for_unobserved_logical_levels"/>
    <testcase time="0" classname="character(0)" name="ard_categorical.survey.design_works_for_unobserved_logical_levels">
      <failure type="failure" message="`... &lt;- NULL` threw an unexpected error. ('test-ard_categorical.survey.design.R:573:3')">`... &lt;- NULL` threw an unexpected error.
Message: attempt to select less than one element in get1index
Class:   simpleError/error/condition
Backtrace:
     ▆
  1. ├─testthat::expect_error(...) at test-ard_categorical.survey.design.R:573:3
  2. │ └─testthat:::expect_condition_matching(...)
  3. │   └─testthat:::quasi_capture(...)
  4. │     ├─testthat (local) .capture(...)
  5. │     │ └─base::withCallingHandlers(...)
  6. │     └─rlang::eval_bare(quo_get_expr(.quo), quo_get_env(.quo))
  7. ├─cards::ard_categorical(...)
  8. └─cardx:::ard_categorical.survey.design(...)
  9.   └─cardx:::.svytable_rate_stats(...)
 10.     ├─data$variables[[by]]
 11.     └─base::`[[.data.frame`(data$variables, by)
 12.       └─(function(x, i, exact) if (is.matrix(i)) as.matrix(x)[[i]] else .subset2(x, ...</failure>
    </testcase>
    <testcase time="0.0169999999999995" classname="character(0)" name="ard_categorical.survey.design_works_for_unobserved_logical_levels"/>
    <testcase time="0.000999999999999446" classname="character(0)" name="ard_categorical.survey.design_works_for_unobserved_logical_levels">
      <failure type="failure" message="`... &lt;- NULL` threw an unexpected error. ('test-ard_categorical.survey.design.R:584:3')">`... &lt;- NULL` threw an unexpected error.
Message: attempt to select less than one element in get1index
Class:   simpleError/error/condition
Backtrace:
     ▆
  1. ├─testthat::expect_error(...) at test-ard_categorical.survey.design.R:584:3
  2. │ └─testthat:::expect_condition_matching(...)
  3. │   └─testthat:::quasi_capture(...)
  4. │     ├─testthat (local) .capture(...)
  5. │     │ └─base::withCallingHandlers(...)
  6. │     └─rlang::eval_bare(quo_get_expr(.quo), quo_get_env(.quo))
  7. ├─cards::ard_categorical(...)
  8. └─cardx:::ard_categorical.survey.design(...)
  9.   └─cardx:::.svytable_rate_stats(...)
 10.     ├─data$variables[[by]]
 11.     └─base::`[[.data.frame`(data$variables, by)
 12.       └─(function(x, i, exact) if (is.matrix(i)) as.matrix(x)[[i]] else .subset2(x, ...</failure>
    </testcase>
    <testcase time="0.0200000000000014" classname="character(0)" name="ard_categorical.survey.design_works_for_unobserved_logical_levels"/>
    <testcase time="0.000999999999999446" classname="character(0)" name="ard_categorical.survey.design_works_for_unobserved_logical_levels"/>
    <testcase time="0.000999999999999446" classname="character(0)" name="ard_categorical.survey.design_works_for_unobserved_logical_levels"/>
    <testcase time="0" classname="character(0)" name="ard_categorical.survey.design_works_for_unobserved_logical_levels"/>
    <testcase time="0.000999999999999446" classname="character(0)" name="ard_categorical.survey.design_works_for_unobserved_logical_levels"/>
    <testcase time="0" classname="character(0)" name="ard_categorical.survey.design_works_for_unobserved_logical_levels"/>
    <testcase time="0.00100000000000122" classname="character(0)" name="ard_categorical.survey.design_works_for_unobserved_logical_levels"/>
  </testsuite>
  <testsuite name="ard_categorical.survey.design" timestamp="2024-06-25T00:13:24Z" hostname="00f4dbefdae6" tests="18" skipped="0" failures="3" errors="0" time="0.067">
    <testcase time="0.00199999999999889" classname="character(0)" name="ard_categorical.survey.design_works_with_variables_with_only_1_level"/>
    <testcase time="0" classname="character(0)" name="ard_categorical.survey.design_works_with_variables_with_only_1_level"/>
    <testcase time="0.00100000000000122" classname="character(0)" name="ard_categorical.survey.design_works_with_variables_with_only_1_level"/>
    <testcase time="0" classname="character(0)" name="ard_categorical.survey.design_works_with_variables_with_only_1_level"/>
    <testcase time="0.000999999999999446" classname="character(0)" name="ard_categorical.survey.design_works_with_variables_with_only_1_level"/>
    <testcase time="0" classname="character(0)" name="ard_categorical.survey.design_works_with_variables_with_only_1_level"/>
    <testcase time="0.000999999999999446" classname="character(0)" name="ard_categorical.survey.design_works_with_variables_with_only_1_level">
      <failure type="failure" message="`... &lt;- NULL` threw an unexpected error. ('test-ard_categorical.survey.design.R:683:3')">`... &lt;- NULL` threw an unexpected error.
Message: attempt to select less than one element in get1index
Class:   simpleError/error/condition
Backtrace:
     ▆
  1. ├─testthat::expect_error(...) at test-ard_categorical.survey.design.R:683:3
  2. │ └─testthat:::expect_condition_matching(...)
  3. │   └─testthat:::quasi_capture(...)
  4. │     ├─testthat (local) .capture(...)
  5. │     │ └─base::withCallingHandlers(...)
  6. │     └─rlang::eval_bare(quo_get_expr(.quo), quo_get_env(.quo))
  7. ├─cards::ard_categorical(...)
  8. └─cardx:::ard_categorical.survey.design(...)
  9.   └─cardx:::.svytable_rate_stats(...)
 10.     ├─data$variables[[by]]
 11.     └─base::`[[.data.frame`(data$variables, by)
 12.       └─(function(x, i, exact) if (is.matrix(i)) as.matrix(x)[[i]] else .subset2(x, ...</failure>
    </testcase>
    <testcase time="0.0180000000000007" classname="character(0)" name="ard_categorical.survey.design_works_with_variables_with_only_1_level"/>
    <testcase time="0.000999999999999446" classname="character(0)" name="ard_categorical.survey.design_works_with_variables_with_only_1_level">
      <failure type="failure" message="`... &lt;- NULL` threw an unexpected error. ('test-ard_categorical.survey.design.R:694:3')">`... &lt;- NULL` threw an unexpected error.
Message: attempt to select less than one element in get1index
Class:   simpleError/error/condition
Backtrace:
     ▆
  1. ├─testthat::expect_error(...) at test-ard_categorical.survey.design.R:694:3
  2. │ └─testthat:::expect_condition_matching(...)
  3. │   └─testthat:::quasi_capture(...)
  4. │     ├─testthat (local) .capture(...)
  5. │     │ └─base::withCallingHandlers(...)
  6. │     └─rlang::eval_bare(quo_get_expr(.quo), quo_get_env(.quo))
  7. ├─cards::ard_categorical(...)
  8. └─cardx:::ard_categorical.survey.design(...)
  9.   └─cardx:::.svytable_rate_stats(...)
 10.     ├─data$variables[[by]]
 11.     └─base::`[[.data.frame`(data$variables, by)
 12.       └─(function(x, i, exact) if (is.matrix(i)) as.matrix(x)[[i]] else .subset2(x, ...</failure>
    </testcase>
    <testcase time="0.0199999999999996" classname="character(0)" name="ard_categorical.survey.design_works_with_variables_with_only_1_level"/>
    <testcase time="0.00100000000000122" classname="character(0)" name="ard_categorical.survey.design_works_with_variables_with_only_1_level">
      <failure type="failure" message="`... &lt;- NULL` threw an unexpected error. ('test-ard_categorical.survey.design.R:705:3')">`... &lt;- NULL` threw an unexpected error.
Message: attempt to select less than one element in get1index
Class:   simpleError/error/condition
Backtrace:
     ▆
  1. ├─testthat::expect_error(...) at test-ard_categorical.survey.design.R:705:3
  2. │ └─testthat:::expect_condition_matching(...)
  3. │   └─testthat:::quasi_capture(...)
  4. │     ├─testthat (local) .capture(...)
  5. │     │ └─base::withCallingHandlers(...)
  6. │     └─rlang::eval_bare(quo_get_expr(.quo), quo_get_env(.quo))
  7. ├─cards::ard_categorical(...)
  8. └─cardx:::ard_categorical.survey.design(...)
  9.   └─cardx:::.svytable_rate_stats(...)
 10.     ├─data$variables[[by]]
 11.     └─base::`[[.data.frame`(data$variables, by)
 12.       └─(function(x, i, exact) if (is.matrix(i)) as.matrix(x)[[i]] else .subset2(x, ...</failure>
    </testcase>
    <testcase time="0.0179999999999989" classname="character(0)" name="ard_categorical.survey.design_works_with_variables_with_only_1_level"/>
    <testcase time="0.00100000000000122" classname="character(0)" name="ard_categorical.survey.design_works_with_variables_with_only_1_level"/>
    <testcase time="0" classname="character(0)" name="ard_categorical.survey.design_works_with_variables_with_only_1_level"/>
    <testcase time="0.000999999999999446" classname="character(0)" name="ard_categorical.survey.design_works_with_variables_with_only_1_level"/>
    <testcase time="0" classname="character(0)" name="ard_categorical.survey.design_works_with_variables_with_only_1_level"/>
    <testcase time="0.000999999999999446" classname="character(0)" name="ard_categorical.survey.design_works_with_variables_with_only_1_level"/>
    <testcase time="0.00100000000000122" classname="character(0)" name="ard_categorical.survey.design_works_with_variables_with_only_1_level"/>
  </testsuite>
  <testsuite name="ard_proportion_ci" timestamp="2024-06-25T00:13:25Z" hostname="00f4dbefdae6" tests="6" skipped="0" failures="0" errors="0" time="0.504">
    <testcase time="0.500999999999998" classname="character(0)" name="ard_proportion_ci_works"/>
    <testcase time="0.00100000000000122" classname="character(0)" name="ard_proportion_ci_works"/>
    <testcase time="0" classname="character(0)" name="ard_proportion_ci_works"/>
    <testcase time="0.00100000000000122" classname="character(0)" name="ard_proportion_ci_works"/>
    <testcase time="0" classname="character(0)" name="ard_proportion_ci_works"/>
    <testcase time="0.000999999999997669" classname="character(0)" name="ard_proportion_ci_works"/>
  </testsuite>
  <testsuite name="ard_proportion_ci" timestamp="2024-06-25T00:13:25Z" hostname="00f4dbefdae6" tests="2" skipped="1" failures="0" errors="0" time="0.002">
    <testcase time="0.00200000000000244" classname="character(0)" name="ard_proportion_ci_method_strat_wilson_works"/>
    <testcase time="0" classname="character(0)" name="ard_proportion_ci_method_strat_wilson_works">
      <skipped message="Reason: On CRAN ('test-ard_proportion_ci.R:92:3')"/>
    </testcase>
  </testsuite>
  <testsuite name="ard_proportion_ci" timestamp="2024-06-25T00:13:25Z" hostname="00f4dbefdae6" tests="1" skipped="1" failures="0" errors="0" time="0.014">
    <testcase time="0.0139999999999993" classname="character(0)" name="ard_proportion_ci_messaging">
      <skipped message="Reason: On CRAN ('test-ard_proportion_ci.R:113:3')"/>
    </testcase>
  </testsuite>
  <testsuite name="ard_regression_basic" timestamp="2024-06-25T00:13:26Z" hostname="00f4dbefdae6" tests="2" skipped="1" failures="0" errors="0" time="0.827">
    <testcase time="0.826999999999998" classname="character(0)" name="ard_regression_basic_works"/>
    <testcase time="0" classname="character(0)" name="ard_regression_basic_works">
      <skipped message="Reason: On CRAN ('test-ard_regression_basic.R:10:3')"/>
    </testcase>
  </testsuite>
  <testsuite name="ard_regression_basic" timestamp="2024-06-25T00:13:26Z" hostname="00f4dbefdae6" tests="1" skipped="0" failures="0" errors="0" time="0.011">
    <testcase time="0.0110000000000028" classname="character(0)" name="ard_regression_basic_does_not_produce_variable_level_column_where_not_applicable"/>
  </testsuite>
  <testsuite name="ard_regression" timestamp="2024-06-25T00:13:26Z" hostname="00f4dbefdae6" tests="1" skipped="1" failures="0" errors="0" time="0.281">
    <testcase time="0.280999999999999" classname="character(0)" name="ard_regression_works">
      <skipped message="Reason: On CRAN ('test-ard_regression.R:4:3')"/>
    </testcase>
  </testsuite>
  <testsuite name="ard_regression" timestamp="2024-06-25T00:13:26Z" hostname="00f4dbefdae6" tests="1" skipped="1" failures="0" errors="0" time="0.018">
    <testcase time="0.0180000000000007" classname="character(0)" name="ard_regression_works_specifying_custom_tidier">
      <skipped message="Reason: On CRAN ('test-ard_regression.R:26:3')"/>
    </testcase>
  </testsuite>
  <testsuite name="ard_regression" timestamp="2024-06-25T00:13:26Z" hostname="00f4dbefdae6" tests="1" skipped="0" failures="0" errors="0" time="0.019">
    <testcase time="0.0189999999999984" classname="character(0)" name="ard_regression_does_not_produce_variable_level_column_where_not_applicable"/>
  </testsuite>
  <testsuite name="ard_smd_smd" timestamp="2024-06-25T00:13:26Z" hostname="00f4dbefdae6" tests="3" skipped="0" failures="0" errors="0" time="0.065">
    <testcase time="0.0640000000000001" classname="character(0)" name="ard_smd_smd_works"/>
    <testcase time="0" classname="character(0)" name="ard_smd_smd_works"/>
    <testcase time="0.00100000000000122" classname="character(0)" name="ard_smd_smd_works"/>
  </testsuite>
  <testsuite name="ard_smd_smd" timestamp="2024-06-25T00:13:26Z" hostname="00f4dbefdae6" tests="2" skipped="0" failures="0" errors="0" time="0.002">
    <testcase time="0.00199999999999889" classname="character(0)" name="ard_smd_works_with_survey_data"/>
    <testcase time="0" classname="character(0)" name="ard_smd_works_with_survey_data"/>
  </testsuite>
  <testsuite name="ard_smd_smd" timestamp="2024-06-25T00:13:26Z" hostname="00f4dbefdae6" tests="4" skipped="0" failures="0" errors="0" time="0.003">
    <testcase time="0.00200000000000244" classname="character(0)" name="ard_smd_smd_error_messaging"/>
    <testcase time="0" classname="character(0)" name="ard_smd_smd_error_messaging"/>
    <testcase time="0.000999999999997669" classname="character(0)" name="ard_smd_smd_error_messaging"/>
    <testcase time="0" classname="character(0)" name="ard_smd_smd_error_messaging"/>
  </testsuite>
  <testsuite name="ard_stats_aov" timestamp="2024-06-25T00:13:26Z" hostname="00f4dbefdae6" tests="3" skipped="1" failures="0" errors="0" time="0.191">
    <testcase time="0.190000000000001" classname="character(0)" name="ard_aov_works"/>
    <testcase time="0.00100000000000122" classname="character(0)" name="ard_aov_works"/>
    <testcase time="0" classname="character(0)" name="ard_aov_works">
      <skipped message="Reason: On CRAN ('test-ard_stats_aov.R:25:3')"/>
    </testcase>
  </testsuite>
  <testsuite name="ard_stats_chisq_test" timestamp="2024-06-25T00:13:27Z" hostname="00f4dbefdae6" tests="3" skipped="0" failures="0" errors="0" time="0.417">
    <testcase time="0.414999999999999" classname="character(0)" name="ard_stats_chisq_test_works"/>
    <testcase time="0.000999999999997669" classname="character(0)" name="ard_stats_chisq_test_works"/>
    <testcase time="0.00100000000000122" classname="character(0)" name="ard_stats_chisq_test_works"/>
  </testsuite>
  <testsuite name="ard_stats_chisq_test" timestamp="2024-06-25T00:13:27Z" hostname="00f4dbefdae6" tests="1" skipped="1" failures="0" errors="0" time="0.003">
    <testcase time="0.00300000000000011" classname="character(0)" name="shuffle_ard_fills_missing_group_levels_if_the_group_is_meaningful">
      <skipped message="Reason: On CRAN ('test-ard_stats_chisq_test.R:36:3')"/>
    </testcase>
  </testsuite>
  <testsuite name="ard_stats_fisher_test" timestamp="2024-06-25T00:13:27Z" hostname="00f4dbefdae6" tests="3" skipped="0" failures="0" errors="0" time="0.201">
    <testcase time="0.199000000000002" classname="character(0)" name="ard_stats_fisher_test_works"/>
    <testcase time="0.000999999999997669" classname="character(0)" name="ard_stats_fisher_test_works"/>
    <testcase time="0.00100000000000122" classname="character(0)" name="ard_stats_fisher_test_works"/>
  </testsuite>
  <testsuite name="ard_stats_kruskal_test" timestamp="2024-06-25T00:13:27Z" hostname="00f4dbefdae6" tests="3" skipped="1" failures="0" errors="0" time="0.153">
    <testcase time="0.151" classname="character(0)" name="ard_stats_kruskal_test_works"/>
    <testcase time="0.00100000000000122" classname="character(0)" name="ard_stats_kruskal_test_works"/>
    <testcase time="0.000999999999997669" classname="character(0)" name="ard_stats_kruskal_test_works">
      <skipped message="Reason: On CRAN ('test-ard_stats_kruskal_test.R:22:3')"/>
    </testcase>
  </testsuite>
  <testsuite name="ard_stats_mcnemar_test" timestamp="2024-06-25T00:13:27Z" hostname="00f4dbefdae6" tests="7" skipped="0" failures="0" errors="0" time="0.379">
    <testcase time="0.374000000000002" classname="character(0)" name="ard_stats_mcnemar_test_works"/>
    <testcase time="0.000999999999997669" classname="character(0)" name="ard_stats_mcnemar_test_works"/>
    <testcase time="0.00100000000000122" classname="character(0)" name="ard_stats_mcnemar_test_works"/>
    <testcase time="0" classname="character(0)" name="ard_stats_mcnemar_test_works"/>
    <testcase time="0.00100000000000122" classname="character(0)" name="ard_stats_mcnemar_test_works"/>
    <testcase time="0.000999999999997669" classname="character(0)" name="ard_stats_mcnemar_test_works"/>
    <testcase time="0.00100000000000122" classname="character(0)" name="ard_stats_mcnemar_test_works"/>
  </testsuite>
  <testsuite name="ard_stats_anova" timestamp="2024-06-25T00:13:27Z" hostname="00f4dbefdae6" tests="1" skipped="0" failures="0" errors="0" time="0.112">
    <testcase time="0.111999999999998" classname="character(0)" name="ard_stats_anova.anova_works"/>
  </testsuite>
  <testsuite name="ard_stats_anova" timestamp="2024-06-25T00:13:28Z" hostname="00f4dbefdae6" tests="7" skipped="0" failures="0" errors="0" time="0.008">
    <testcase time="0.00300000000000011" classname="character(0)" name="ard_stats_anova.data.frame_works"/>
    <testcase time="0" classname="character(0)" name="ard_stats_anova.data.frame_works"/>
    <testcase time="0.00100000000000122" classname="character(0)" name="ard_stats_anova.data.frame_works"/>
    <testcase time="0.00100000000000122" classname="character(0)" name="ard_stats_anova.data.frame_works"/>
    <testcase time="0.000999999999997669" classname="character(0)" name="ard_stats_anova.data.frame_works"/>
    <testcase time="0.00100000000000122" classname="character(0)" name="ard_stats_anova.data.frame_works"/>
    <testcase time="0.00100000000000122" classname="character(0)" name="ard_stats_anova.data.frame_works"/>
  </testsuite>
  <testsuite name="ard_stats_anova" timestamp="2024-06-25T00:13:28Z" hostname="00f4dbefdae6" tests="1" skipped="0" failures="0" errors="0" time="0.002">
    <testcase time="0.00199999999999889" classname="character(0)" name="ard_stats_anova.data.frame_error_messaging"/>
  </testsuite>
  <testsuite name="ard_stats_mood_test" timestamp="2024-06-25T00:13:28Z" hostname="00f4dbefdae6" tests="3" skipped="1" failures="0" errors="0" time="0.074">
    <testcase time="0.0730000000000004" classname="character(0)" name="ard_stats_mood_test_works"/>
    <testcase time="0" classname="character(0)" name="ard_stats_mood_test_works"/>
    <testcase time="0.000999999999997669" classname="character(0)" name="ard_stats_mood_test_works">
      <skipped message="Reason: On CRAN ('test-ard_stats_mood_test.R:22:3')"/>
    </testcase>
  </testsuite>
  <testsuite name="ard_stats_oneway_test" timestamp="2024-06-25T00:13:28Z" hostname="00f4dbefdae6" tests="3" skipped="1" failures="0" errors="0" time="0.111">
    <testcase time="0.109000000000002" classname="character(0)" name="ard_stats_oneway_test_works"/>
    <testcase time="0.00100000000000122" classname="character(0)" name="ard_stats_oneway_test_works"/>
    <testcase time="0.000999999999997669" classname="character(0)" name="ard_stats_oneway_test_works">
      <skipped message="Reason: On CRAN ('test-ard_stats_oneway_test.R:24:3')"/>
    </testcase>
  </testsuite>
  <testsuite name="ard_stats_prop_test" timestamp="2024-06-25T00:13:28Z" hostname="00f4dbefdae6" tests="3" skipped="0" failures="0" errors="0" time="0.384">
    <testcase time="0.383000000000003" classname="character(0)" name="ard_stats_prop_test_works"/>
    <testcase time="0.000999999999997669" classname="character(0)" name="ard_stats_prop_test_works"/>
    <testcase time="0" classname="character(0)" name="ard_stats_prop_test_works"/>
  </testsuite>
  <testsuite name="ard_stats_prop_test" timestamp="2024-06-25T00:13:28Z" hostname="00f4dbefdae6" tests="8" skipped="0" failures="0" errors="0" time="0.005">
    <testcase time="0.00199999999999889" classname="character(0)" name="ard_stats_prop_test_error_messaging"/>
    <testcase time="0" classname="character(0)" name="ard_stats_prop_test_error_messaging"/>
    <testcase time="0.00100000000000122" classname="character(0)" name="ard_stats_prop_test_error_messaging"/>
    <testcase time="0" classname="character(0)" name="ard_stats_prop_test_error_messaging"/>
    <testcase time="0.00100000000000122" classname="character(0)" name="ard_stats_prop_test_error_messaging"/>
    <testcase time="0" classname="character(0)" name="ard_stats_prop_test_error_messaging"/>
    <testcase time="0.000999999999997669" classname="character(0)" name="ard_stats_prop_test_error_messaging"/>
    <testcase time="0" classname="character(0)" name="ard_stats_prop_test_error_messaging"/>
  </testsuite>
  <testsuite name="ard_stats_t_test" timestamp="2024-06-25T00:13:28Z" hostname="00f4dbefdae6" tests="6" skipped="0" failures="0" errors="0" time="0.044">
    <testcase time="0.0400000000000027" classname="character(0)" name="ard_stats_t_test_works"/>
    <testcase time="0.000999999999997669" classname="character(0)" name="ard_stats_t_test_works"/>
    <testcase time="0.00100000000000122" classname="character(0)" name="ard_stats_t_test_works"/>
    <testcase time="0.00100000000000122" classname="character(0)" name="ard_stats_t_test_works"/>
    <testcase time="0" classname="character(0)" name="ard_stats_t_test_works"/>
    <testcase time="0.000999999999997669" classname="character(0)" name="ard_stats_t_test_works"/>
  </testsuite>
  <testsuite name="ard_stats_t_test" timestamp="2024-06-25T00:13:28Z" hostname="00f4dbefdae6" tests="3" skipped="0" failures="0" errors="0" time="0.005">
    <testcase time="0.00300000000000011" classname="character(0)" name="ard_stats_paired_t_test_works"/>
    <testcase time="0.00100000000000122" classname="character(0)" name="ard_stats_paired_t_test_works"/>
    <testcase time="0.00100000000000122" classname="character(0)" name="ard_stats_paired_t_test_works"/>
  </testsuite>
  <testsuite name="ard_stats_t_test_onesample" timestamp="2024-06-25T00:13:28Z" hostname="00f4dbefdae6" tests="5" skipped="0" failures="0" errors="0" time="0.196">
    <testcase time="0.193999999999999" classname="character(0)" name="ard_stats_t_test_onesample_works"/>
    <testcase time="0" classname="character(0)" name="ard_stats_t_test_onesample_works"/>
    <testcase time="0.00100000000000122" classname="character(0)" name="ard_stats_t_test_onesample_works"/>
    <testcase time="0" classname="character(0)" name="ard_stats_t_test_onesample_works"/>
    <testcase time="0.000999999999997669" classname="character(0)" name="ard_stats_t_test_onesample_works"/>
  </testsuite>
  <testsuite name="ard_stats_wilcox_test_onesample" timestamp="2024-06-25T00:13:29Z" hostname="00f4dbefdae6" tests="5" skipped="0" failures="0" errors="0" time="0.311">
    <testcase time="0.309000000000001" classname="character(0)" name="ard_stats_wilcox_test_onesample_works"/>
    <testcase time="0.00100000000000122" classname="character(0)" name="ard_stats_wilcox_test_onesample_works"/>
    <testcase time="0" classname="character(0)" name="ard_stats_wilcox_test_onesample_works"/>
    <testcase time="0.000999999999997669" classname="character(0)" name="ard_stats_wilcox_test_onesample_works"/>
    <testcase time="0" classname="character(0)" name="ard_stats_wilcox_test_onesample_works"/>
  </testsuite>
  <testsuite name="ard_stats_wilcox_test" timestamp="2024-06-25T00:13:29Z" hostname="00f4dbefdae6" tests="6" skipped="0" failures="0" errors="0" time="0.079">
    <testcase time="0.0749999999999993" classname="character(0)" name="ard_stats_wilcox_test_works"/>
    <testcase time="0.00100000000000122" classname="character(0)" name="ard_stats_wilcox_test_works"/>
    <testcase time="0" classname="character(0)" name="ard_stats_wilcox_test_works"/>
    <testcase time="0.00100000000000122" classname="character(0)" name="ard_stats_wilcox_test_works"/>
    <testcase time="0.000999999999997669" classname="character(0)" name="ard_stats_wilcox_test_works"/>
    <testcase time="0.00100000000000122" classname="character(0)" name="ard_stats_wilcox_test_works"/>
  </testsuite>
  <testsuite name="ard_stats_wilcox_test" timestamp="2024-06-25T00:13:29Z" hostname="00f4dbefdae6" tests="3" skipped="0" failures="0" errors="0" time="0.004">
    <testcase time="0.00199999999999889" classname="character(0)" name="ard_stats_paired_wilcox_test_works"/>
    <testcase time="0.00100000000000122" classname="character(0)" name="ard_stats_paired_wilcox_test_works"/>
    <testcase time="0.00100000000000122" classname="character(0)" name="ard_stats_paired_wilcox_test_works"/>
  </testsuite>
  <testsuite name="ard_survey_svychisq" timestamp="2024-06-25T00:13:29Z" hostname="00f4dbefdae6" tests="3" skipped="1" failures="0" errors="0" time="0.182">
    <testcase time="0.180999999999997" classname="character(0)" name="ard_survey_svychisq_works"/>
    <testcase time="0" classname="character(0)" name="ard_survey_svychisq_works"/>
    <testcase time="0.00100000000000122" classname="character(0)" name="ard_survey_svychisq_works">
      <skipped message="Reason: On CRAN ('test-ard_survey_svychisq.R:28:3')"/>
    </testcase>
  </testsuite>
  <testsuite name="ard_survey_svyranktest" timestamp="2024-06-25T00:13:29Z" hostname="00f4dbefdae6" tests="1" skipped="1" failures="0" errors="0" time="0.187">
    <testcase time="0.187000000000001" classname="character(0)" name="ard_survey_svyranktest_works">
      <skipped message="Reason: On CRAN ('test-ard_survey_svyranktest.R:18:3')"/>
    </testcase>
  </testsuite>
  <testsuite name="ard_survey_svyranktest" timestamp="2024-06-25T00:13:29Z" hostname="00f4dbefdae6" tests="1" skipped="0" failures="0" errors="0" time="0.019">
    <testcase time="0.0189999999999984" classname="character(0)" name="exact_values_match_for_ard_svyranktest_works"/>
  </testsuite>
  <testsuite name="ard_survey_svyttest" timestamp="2024-06-25T00:13:29Z" hostname="00f4dbefdae6" tests="4" skipped="0" failures="0" errors="0" time="0.186">
    <testcase time="0.185000000000002" classname="character(0)" name="ard_survey_svyttest_works"/>
    <testcase time="0" classname="character(0)" name="ard_survey_svyttest_works"/>
    <testcase time="0.000999999999997669" classname="character(0)" name="ard_survey_svyttest_works"/>
    <testcase time="0" classname="character(0)" name="ard_survey_svyttest_works"/>
  </testsuite>
  <testsuite name="ard_survey_svyttest" timestamp="2024-06-25T00:13:29Z" hostname="00f4dbefdae6" tests="2" skipped="0" failures="0" errors="0" time="0.002">
    <testcase time="0.00100000000000122" classname="character(0)" name="ard_survey_svyttest_messaging"/>
    <testcase time="0.000999999999997669" classname="character(0)" name="ard_survey_svyttest_messaging"/>
  </testsuite>
  <testsuite name="ard_survival_survdiff" timestamp="2024-06-25T00:13:29Z" hostname="00f4dbefdae6" tests="6" skipped="0" failures="0" errors="0" time="0.049">
    <testcase time="0.0450000000000017" classname="character(0)" name="ard_survival_survdiff_works"/>
    <testcase time="0.000999999999997669" classname="character(0)" name="ard_survival_survdiff_works"/>
    <testcase time="0.00100000000000122" classname="character(0)" name="ard_survival_survdiff_works"/>
    <testcase time="0.00100000000000122" classname="character(0)" name="ard_survival_survdiff_works"/>
    <testcase time="0" classname="character(0)" name="ard_survival_survdiff_works"/>
    <testcase time="0.000999999999997669" classname="character(0)" name="ard_survival_survdiff_works"/>
  </testsuite>
  <testsuite name="ard_survival_survdiff" timestamp="2024-06-25T00:13:29Z" hostname="00f4dbefdae6" tests="4" skipped="0" failures="0" errors="0" time="0.01">
    <testcase time="0.00800000000000267" classname="character(0)" name="ard_survival_survdiff_error_messaging"/>
    <testcase time="0.000999999999997669" classname="character(0)" name="ard_survival_survdiff_error_messaging"/>
    <testcase time="0" classname="character(0)" name="ard_survival_survdiff_error_messaging"/>
    <testcase time="0.00100000000000122" classname="character(0)" name="ard_survival_survdiff_error_messaging"/>
  </testsuite>
  <testsuite name="ard_survival_survfit_diff" timestamp="2024-06-25T00:13:30Z" hostname="00f4dbefdae6" tests="4" skipped="0" failures="0" errors="0" time="0.337">
    <testcase time="0.335999999999999" classname="character(0)" name="ard_survival_survfit_diff_works"/>
    <testcase time="0" classname="character(0)" name="ard_survival_survfit_diff_works"/>
    <testcase time="0.00100000000000122" classname="character(0)" name="ard_survival_survfit_diff_works"/>
    <testcase time="0" classname="character(0)" name="ard_survival_survfit_diff_works"/>
  </testsuite>
  <testsuite name="ard_survival_survfit_diff" timestamp="2024-06-25T00:13:30Z" hostname="00f4dbefdae6" tests="1" skipped="1" failures="0" errors="0" time="0.002">
    <testcase time="0.00199999999999889" classname="character(0)" name="ard_survival_survfit_diff_messaging">
      <skipped message="Reason: On CRAN ('test-ard_survival_survfit_diff.R:40:3')"/>
    </testcase>
  </testsuite>
  <testsuite name="construction_helpers" timestamp="2024-06-25T00:13:30Z" hostname="00f4dbefdae6" tests="1" skipped="1" failures="0" errors="0" time="0.473">
    <testcase time="0.473000000000003" classname="character(0)" name="construct_model_works">
      <skipped message="Reason: On CRAN ('test-construction_helpers.R:4:3')"/>
    </testcase>
  </testsuite>
  <testsuite name="construction_helpers" timestamp="2024-06-25T00:13:30Z" hostname="00f4dbefdae6" tests="1" skipped="1" failures="0" errors="0" time="0.023">
    <testcase time="0.0229999999999997" classname="character(0)" name="construct_model_messaging">
      <skipped message="Reason: On CRAN ('test-construction_helpers.R:97:3')"/>
    </testcase>
  </testsuite>
  <testsuite name="proportion_ci" timestamp="2024-06-25T00:13:30Z" hostname="00f4dbefdae6" tests="1" skipped="1" failures="0" errors="0" time="0.151">
    <testcase time="0.151" classname="character(0)" name="check_the_proportion_ci__functions_work">
      <skipped message="Reason: On CRAN ('test-proportion_ci.R:12:3')"/>
    </testcase>
  </testsuite>
  <testsuite name="proportion_ci" timestamp="2024-06-25T00:13:30Z" hostname="00f4dbefdae6" tests="1" skipped="1" failures="0" errors="0" time="0.018">
    <testcase time="0.0180000000000007" classname="character(0)" name="check_the_proportion_ci_strat_wilson_function_works">
      <skipped message="Reason: On CRAN ('test-proportion_ci.R:138:3')"/>
    </testcase>
  </testsuite>
  <testsuite name="ard_survival_survfit" timestamp="2024-06-25T00:13:31Z" hostname="00f4dbefdae6" tests="1" skipped="1" failures="0" errors="0" time="0.291">
    <testcase time="0.290999999999997" classname="character(0)" name="ard_survival_survfit_works_with_times_provided">
      <skipped message="Reason: On CRAN ('test-ard_survival_survfit.R:4:3')"/>
    </testcase>
  </testsuite>
  <testsuite name="ard_survival_survfit" timestamp="2024-06-25T00:13:31Z" hostname="00f4dbefdae6" tests="1" skipped="1" failures="0" errors="0" time="0.011">
    <testcase time="0.0110000000000028" classname="character(0)" name="ard_survival_survfit_works_with_different_type">
      <skipped message="Reason: On CRAN ('test-ard_survival_survfit.R:15:3')"/>
    </testcase>
  </testsuite>
  <testsuite name="ard_survival_survfit" timestamp="2024-06-25T00:13:31Z" hostname="00f4dbefdae6" tests="1" skipped="1" failures="0" errors="0" time="0.012">
    <testcase time="0.0119999999999969" classname="character(0)" name="ard_survival_survfit_works_with_probs_provided">
      <skipped message="Reason: On CRAN ('test-ard_survival_survfit.R:26:3')"/>
    </testcase>
  </testsuite>
  <testsuite name="ard_survival_survfit" timestamp="2024-06-25T00:13:31Z" hostname="00f4dbefdae6" tests="1" skipped="1" failures="0" errors="0" time="0.015">
    <testcase time="0.0150000000000006" classname="character(0)" name="ard_survival_survfit_works_with_unstratified_model">
      <skipped message="Reason: On CRAN ('test-ard_survival_survfit.R:37:3')"/>
    </testcase>
  </testsuite>
  <testsuite name="ard_survival_survfit" timestamp="2024-06-25T00:13:31Z" hostname="00f4dbefdae6" tests="1" skipped="1" failures="0" errors="0" time="0.014">
    <testcase time="0.0140000000000029" classname="character(0)" name="ard_survival_survfit_works_with_multiple_stratification_variables">
      <skipped message="Reason: On CRAN ('test-ard_survival_survfit.R:57:3')"/>
    </testcase>
  </testsuite>
  <testsuite name="ard_survival_survfit" timestamp="2024-06-25T00:13:31Z" hostname="00f4dbefdae6" tests="1" skipped="1" failures="0" errors="0" time="0.011">
    <testcase time="0.0109999999999992" classname="character(0)" name="ard_survival_survfit_works_with_competing_risks">
      <skipped message="Reason: On CRAN ('test-ard_survival_survfit.R:91:3')"/>
    </testcase>
  </testsuite>
  <testsuite name="ard_survival_survfit" timestamp="2024-06-25T00:13:31Z" hostname="00f4dbefdae6" tests="1" skipped="1" failures="0" errors="0" time="0.011">
    <testcase time="0.0109999999999992" classname="character(0)" name="ard_survival_survfit_errors_are_properly_handled">
      <skipped message="Reason: On CRAN ('test-ard_survival_survfit.R:102:3')"/>
    </testcase>
  </testsuite>
  <testsuite name="ard_survival_survfit" timestamp="2024-06-25T00:13:31Z" hostname="00f4dbefdae6" tests="1" skipped="0" failures="0" errors="0" time="0.01">
    <testcase time="0.0100000000000016" classname="character(0)" name="ard_survival_survfit_works_with_non_syntactic_names"/>
  </testsuite>
  <testsuite name="ard_survival_survfit" timestamp="2024-06-25T00:13:31Z" hostname="00f4dbefdae6" tests="1" skipped="1" failures="0" errors="0" time="0.002">
    <testcase time="0.00199999999999889" classname="character(0)" name="ard_survival_survfit_errors_with_stratified_Cox_model">
      <skipped message="Reason: On CRAN ('test-ard_survival_survfit.R:137:3')"/>
    </testcase>
  </testsuite>
</testsuites>
