<?xml version="1.0" encoding="UTF-8"?>
<!DOCTYPE coverage SYSTEM "https://raw.githubusercontent.com/cobertura/cobertura/master/cobertura/src/site/htdocs/xml/coverage-04.dtd">
<coverage line-rate="0.918918918918919" branch-rate="0" lines-covered="34" lines-valid="37" branches-covered="0" branches-valid="0" complexity="0" version="3.6.4" timestamp="2024-01-23 20:07:47.473642">
  <sources>
    <source>/__w/cardx/cardx/cardx</source>
  </sources>
  <packages>
    <package name="cardx" line-rate="0.918918918918919" branch-rate="0" complexity="0">
      <classes>
        <class name="ard_proportion_ci.R" filename="R/ard_proportion_ci.R" line-rate="0.918918918918919" branch-rate="0" complexity="0">
          <methods>
            <method name="ard_proportion_ci" signature="" line-rate="0.918918918918919" branch-rate="0" complexity="0">
              <lines>
                <line number="37" hits="8" branch="false"/>
                <line number="38" hits="8" branch="false"/>
                <line number="39" hits="8" branch="false"/>
                <line number="40" hits="1" branch="false"/>
                <line number="41" hits="1" branch="false"/>
                <line number="45" hits="8" branch="false"/>
                <line number="46" hits="8" branch="false"/>
                <line number="47" hits="8" branch="false"/>
                <line number="48" hits="8" branch="false"/>
                <line number="49" hits="8" branch="false"/>
                <line number="50" hits="8" branch="false"/>
                <line number="51" hits="8" branch="false"/>
                <line number="52" hits="8" branch="false"/>
                <line number="53" hits="8" branch="false"/>
                <line number="54" hits="8" branch="false"/>
                <line number="55" hits="8" branch="false"/>
                <line number="56" hits="8" branch="false"/>
                <line number="57" hits="8" branch="false"/>
                <line number="58" hits="8" branch="false"/>
                <line number="59" hits="8" branch="false"/>
                <line number="60" hits="8" branch="false"/>
                <line number="61" hits="8" branch="false"/>
                <line number="62" hits="0" branch="false"/>
                <line number="63" hits="0" branch="false"/>
                <line number="64" hits="0" branch="false"/>
                <line number="65" hits="8" branch="false"/>
                <line number="66" hits="8" branch="false"/>
                <line number="67" hits="1" branch="false"/>
                <line number="68" hits="1" branch="false"/>
                <line number="69" hits="1" branch="false"/>
                <line number="70" hits="8" branch="false"/>
                <line number="71" hits="8" branch="false"/>
                <line number="72" hits="8" branch="false"/>
                <line number="73" hits="8" branch="false"/>
                <line number="74" hits="8" branch="false"/>
                <line number="75" hits="8" branch="false"/>
                <line number="76" hits="8" branch="false"/>
              </lines>
            </method>
          </methods>
          <lines>
            <line number="37" hits="8" branch="false"/>
            <line number="38" hits="8" branch="false"/>
            <line number="39" hits="8" branch="false"/>
            <line number="40" hits="1" branch="false"/>
            <line number="41" hits="1" branch="false"/>
            <line number="45" hits="8" branch="false"/>
            <line number="46" hits="8" branch="false"/>
            <line number="47" hits="8" branch="false"/>
            <line number="48" hits="8" branch="false"/>
            <line number="49" hits="8" branch="false"/>
            <line number="50" hits="8" branch="false"/>
            <line number="51" hits="8" branch="false"/>
            <line number="52" hits="8" branch="false"/>
            <line number="53" hits="8" branch="false"/>
            <line number="54" hits="8" branch="false"/>
            <line number="55" hits="8" branch="false"/>
            <line number="56" hits="8" branch="false"/>
            <line number="57" hits="8" branch="false"/>
            <line number="58" hits="8" branch="false"/>
            <line number="59" hits="8" branch="false"/>
            <line number="60" hits="8" branch="false"/>
            <line number="61" hits="8" branch="false"/>
            <line number="62" hits="0" branch="false"/>
            <line number="63" hits="0" branch="false"/>
            <line number="64" hits="0" branch="false"/>
            <line number="65" hits="8" branch="false"/>
            <line number="66" hits="8" branch="false"/>
            <line number="67" hits="1" branch="false"/>
            <line number="68" hits="1" branch="false"/>
            <line number="69" hits="1" branch="false"/>
            <line number="70" hits="8" branch="false"/>
            <line number="71" hits="8" branch="false"/>
            <line number="72" hits="8" branch="false"/>
            <line number="73" hits="8" branch="false"/>
            <line number="74" hits="8" branch="false"/>
            <line number="75" hits="8" branch="false"/>
            <line number="76" hits="8" branch="false"/>
          </lines>
        </class>
      </classes>
    </package>
  </packages>
</coverage>
