<?xml version="1.0" encoding="UTF-8"?>
<testsuites>
  <testsuite name="ard_attributes.survey.design" timestamp="2025-08-18T15:00:36Z" hostname="cb0956403d36" tests="1" skipped="0" failures="0" errors="0" time="1.551">
    <testcase time="1.551" classname="character(0)" name="ard_attributes.survey.design_works"/>
  </testsuite>
  <testsuite name="ard_aod_wald_test" timestamp="2025-08-18T15:00:36Z" hostname="cb0956403d36" tests="4" skipped="0" failures="0" errors="0" time="0.112">
    <testcase time="0.102" classname="character(0)" name="ard_aod_wald_test_works"/>
    <testcase time="0.00100000000000033" classname="character(0)" name="ard_aod_wald_test_works"/>
    <testcase time="0.0089999999999999" classname="character(0)" name="ard_aod_wald_test_works"/>
    <testcase time="0" classname="character(0)" name="ard_aod_wald_test_works"/>
  </testsuite>
  <testsuite name="ard_aod_wald_test" timestamp="2025-08-18T15:00:36Z" hostname="cb0956403d36" tests="1" skipped="0" failures="0" errors="0" time="0.007">
    <testcase time="0.00700000000000012" classname="character(0)" name="ard_aod_wald_test_follows_ard_structure"/>
  </testsuite>
  <testsuite name="ard_car_vif" timestamp="2025-08-18T15:00:37Z" hostname="cb0956403d36" tests="2" skipped="0" failures="0" errors="0" time="0.427">
    <testcase time="0.426" classname="character(0)" name="ard_car_vif_works"/>
    <testcase time="0.00100000000000033" classname="character(0)" name="ard_car_vif_works"/>
  </testsuite>
  <testsuite name="ard_car_vif" timestamp="2025-08-18T15:00:37Z" hostname="cb0956403d36" tests="1" skipped="0" failures="0" errors="0" time="0.002">
    <testcase time="0.00199999999999978" classname="character(0)" name="ard_car_vif_appropriate_errors_are_given_for_model_with_only_1_term"/>
  </testsuite>
  <testsuite name="ard_car_vif" timestamp="2025-08-18T15:00:37Z" hostname="cb0956403d36" tests="1" skipped="0" failures="0" errors="0" time="0.001">
    <testcase time="0.00099999999999989" classname="character(0)" name="ard_vif_issues_friendly_messaging_for_incorrect_object_passed_in_can_t_get_terms_of_model"/>
  </testsuite>
  <testsuite name="ard_car_vif" timestamp="2025-08-18T15:00:37Z" hostname="cb0956403d36" tests="1" skipped="0" failures="0" errors="0" time="0.002">
    <testcase time="0.00200000000000022" classname="character(0)" name="ard_car_vif_follows_ard_structure"/>
  </testsuite>
  <testsuite name="ard_car_anova" timestamp="2025-08-18T15:00:37Z" hostname="cb0956403d36" tests="3" skipped="0" failures="0" errors="0" time="0.175">
    <testcase time="0.173" classname="character(0)" name="ard_car_anova_works"/>
    <testcase time="0.00099999999999989" classname="character(0)" name="ard_car_anova_works"/>
    <testcase time="0.00099999999999989" classname="character(0)" name="ard_car_anova_works"/>
  </testsuite>
  <testsuite name="ard_car_anova" timestamp="2025-08-18T15:00:37Z" hostname="cb0956403d36" tests="1" skipped="0" failures="0" errors="0" time="0.003">
    <testcase time="0.00300000000000011" classname="character(0)" name="ard_car_anova_messaging"/>
  </testsuite>
  <testsuite name="ard_car_anova" timestamp="2025-08-18T15:00:37Z" hostname="cb0956403d36" tests="1" skipped="0" failures="0" errors="0" time="0.002">
    <testcase time="0.00200000000000022" classname="character(0)" name="ard_car_anova_follows_ard_structure"/>
  </testsuite>
  <testsuite name="ard_categorical_ci.survey.design" timestamp="2025-08-18T15:00:39Z" hostname="cb0956403d36" tests="1" skipped="0" failures="0" errors="0" time="1.916">
    <testcase time="1.916" classname="character(0)" name="ard_categorical_ci_data_"/>
  </testsuite>
  <testsuite name="ard_categorical_ci.survey.design" timestamp="2025-08-18T15:00:39Z" hostname="cb0956403d36" tests="5" skipped="0" failures="0" errors="0" time="0.004">
    <testcase time="0.00199999999999978" classname="character(0)" name="ard_categorical_ci_variables_"/>
    <testcase time="0" classname="character(0)" name="ard_categorical_ci_variables_"/>
    <testcase time="0.00100000000000033" classname="character(0)" name="ard_categorical_ci_variables_"/>
    <testcase time="0" classname="character(0)" name="ard_categorical_ci_variables_"/>
    <testcase time="0.000999999999999446" classname="character(0)" name="ard_categorical_ci_variables_"/>
  </testsuite>
  <testsuite name="ard_categorical_ci.survey.design" timestamp="2025-08-18T15:00:39Z" hostname="cb0956403d36" tests="4" skipped="0" failures="0" errors="0" time="0.003">
    <testcase time="0.00100000000000033" classname="character(0)" name="ard_categorical_ci_by_"/>
    <testcase time="0.00100000000000033" classname="character(0)" name="ard_categorical_ci_by_"/>
    <testcase time="0.000999999999999446" classname="character(0)" name="ard_categorical_ci_by_"/>
    <testcase time="0" classname="character(0)" name="ard_categorical_ci_by_"/>
  </testsuite>
  <testsuite name="ard_categorical_ci.survey.design" timestamp="2025-08-18T15:00:39Z" hostname="cb0956403d36" tests="2" skipped="0" failures="0" errors="0" time="0.002">
    <testcase time="0.00200000000000067" classname="character(0)" name="ard_categorical_ci_conf.level_"/>
    <testcase time="0" classname="character(0)" name="ard_categorical_ci_conf.level_"/>
  </testsuite>
  <testsuite name="ard_categorical_ci.survey.design" timestamp="2025-08-18T15:00:39Z" hostname="cb0956403d36" tests="3" skipped="0" failures="0" errors="0" time="0.003">
    <testcase time="0.00199999999999978" classname="character(0)" name="ard_categorical_ci_method_"/>
    <testcase time="0" classname="character(0)" name="ard_categorical_ci_method_"/>
    <testcase time="0.000999999999999446" classname="character(0)" name="ard_categorical_ci_method_"/>
  </testsuite>
  <testsuite name="ard_categorical_ci.survey.design" timestamp="2025-08-18T15:00:39Z" hostname="cb0956403d36" tests="2" skipped="0" failures="0" errors="0" time="0.002">
    <testcase time="0.00100000000000033" classname="character(0)" name="ard_categorical_ci_value_"/>
    <testcase time="0.00100000000000033" classname="character(0)" name="ard_categorical_ci_value_"/>
  </testsuite>
  <testsuite name="ard_categorical_ci.survey.design" timestamp="2025-08-18T15:00:39Z" hostname="cb0956403d36" tests="1" skipped="0" failures="0" errors="0" time="0.001">
    <testcase time="0.000999999999999446" classname="character(0)" name="ard_categorical_ci.survey.design_follows_ard_structure"/>
  </testsuite>
  <testsuite name="ard_continuous_ci.data.frame" timestamp="2025-08-18T15:00:39Z" hostname="cb0956403d36" tests="1" skipped="0" failures="0" errors="0" time="0.634">
    <testcase time="0.634" classname="character(0)" name="ard_continuous_ci.data.frame_method_t.test_"/>
  </testsuite>
  <testsuite name="ard_continuous_ci.data.frame" timestamp="2025-08-18T15:00:39Z" hostname="cb0956403d36" tests="1" skipped="0" failures="0" errors="0" time="0.002">
    <testcase time="0.00199999999999978" classname="character(0)" name="ard_continuous_ci.data.frame_method_wilcox.test_"/>
  </testsuite>
  <testsuite name="ard_continuous_ci.data.frame" timestamp="2025-08-18T15:00:39Z" hostname="cb0956403d36" tests="1" skipped="0" failures="0" errors="0" time="0.001">
    <testcase time="0.00100000000000033" classname="character(0)" name="ard_continuous_ci.data.frame_follows_ard_structure"/>
  </testsuite>
  <testsuite name="ard_continuous_ci.survey.design" timestamp="2025-08-18T15:00:41Z" hostname="cb0956403d36" tests="1" skipped="0" failures="0" errors="0" time="1.22">
    <testcase time="1.22" classname="character(0)" name="ard_continuous_ci_data_"/>
  </testsuite>
  <testsuite name="ard_continuous_ci.survey.design" timestamp="2025-08-18T15:00:41Z" hostname="cb0956403d36" tests="5" skipped="0" failures="0" errors="0" time="0.007">
    <testcase time="0.00300000000000011" classname="character(0)" name="ard_continuous_ci_variables_"/>
    <testcase time="0.00100000000000033" classname="character(0)" name="ard_continuous_ci_variables_"/>
    <testcase time="0.000999999999999446" classname="character(0)" name="ard_continuous_ci_variables_"/>
    <testcase time="0.00100000000000033" classname="character(0)" name="ard_continuous_ci_variables_"/>
    <testcase time="0.000999999999999446" classname="character(0)" name="ard_continuous_ci_variables_"/>
  </testsuite>
  <testsuite name="ard_continuous_ci.survey.design" timestamp="2025-08-18T15:00:41Z" hostname="cb0956403d36" tests="6" skipped="0" failures="0" errors="0" time="0.007">
    <testcase time="0.00200000000000067" classname="character(0)" name="ard_continuous_ci_by_"/>
    <testcase time="0.000999999999999446" classname="character(0)" name="ard_continuous_ci_by_"/>
    <testcase time="0.00100000000000033" classname="character(0)" name="ard_continuous_ci_by_"/>
    <testcase time="0.00100000000000033" classname="character(0)" name="ard_continuous_ci_by_"/>
    <testcase time="0.000999999999999446" classname="character(0)" name="ard_continuous_ci_by_"/>
    <testcase time="0.00100000000000033" classname="character(0)" name="ard_continuous_ci_by_"/>
  </testsuite>
  <testsuite name="ard_continuous_ci.survey.design" timestamp="2025-08-18T15:00:41Z" hostname="cb0956403d36" tests="2" skipped="0" failures="0" errors="0" time="0.003">
    <testcase time="0.00300000000000011" classname="character(0)" name="ard_continuous_ci_conf.level_"/>
    <testcase time="0" classname="character(0)" name="ard_continuous_ci_conf.level_"/>
  </testsuite>
  <testsuite name="ard_continuous_ci.survey.design" timestamp="2025-08-18T15:00:41Z" hostname="cb0956403d36" tests="3" skipped="0" failures="0" errors="0" time="0.003">
    <testcase time="0.00199999999999978" classname="character(0)" name="ard_continuous_ci_method_variables_"/>
    <testcase time="0" classname="character(0)" name="ard_continuous_ci_method_variables_"/>
    <testcase time="0.00100000000000033" classname="character(0)" name="ard_continuous_ci_method_variables_"/>
  </testsuite>
  <testsuite name="ard_continuous_ci.survey.design" timestamp="2025-08-18T15:00:41Z" hostname="cb0956403d36" tests="3" skipped="0" failures="0" errors="0" time="0.002">
    <testcase time="0.000999999999999446" classname="character(0)" name="ard_continuous_ci_method_by_"/>
    <testcase time="0.00100000000000033" classname="character(0)" name="ard_continuous_ci_method_by_"/>
    <testcase time="0" classname="character(0)" name="ard_continuous_ci_method_by_"/>
  </testsuite>
  <testsuite name="ard_continuous_ci.survey.design" timestamp="2025-08-18T15:00:41Z" hostname="cb0956403d36" tests="4" skipped="0" failures="0" errors="0" time="0.006">
    <testcase time="0.00399999999999956" classname="character(0)" name="ard_continuous_ci_..._"/>
    <testcase time="0.00100000000000033" classname="character(0)" name="ard_continuous_ci_..._"/>
    <testcase time="0.00100000000000033" classname="character(0)" name="ard_continuous_ci_..._"/>
    <testcase time="0" classname="character(0)" name="ard_continuous_ci_..._"/>
  </testsuite>
  <testsuite name="ard_continuous_ci.survey.design" timestamp="2025-08-18T15:00:41Z" hostname="cb0956403d36" tests="2" skipped="0" failures="0" errors="0" time="0.002">
    <testcase time="0.00199999999999978" classname="character(0)" name="ard_continuous_ci_errors_are_captured"/>
    <testcase time="0" classname="character(0)" name="ard_continuous_ci_errors_are_captured"/>
  </testsuite>
  <testsuite name="ard_continuous_ci.survey.design" timestamp="2025-08-18T15:00:41Z" hostname="cb0956403d36" tests="1" skipped="0" failures="0" errors="0" time="0.002">
    <testcase time="0.00199999999999978" classname="character(0)" name="ard_continuous_ci.survey.design_follows_ard_structure"/>
  </testsuite>
  <testsuite name="ard_categorical_ci.data.frame" timestamp="2025-08-18T15:00:41Z" hostname="cb0956403d36" tests="1" skipped="0" failures="0" errors="0" time="0.019">
    <testcase time="0.0190000000000001" classname="character(0)" name="ard_categorical_ci.data.frame_method_wald_"/>
  </testsuite>
  <testsuite name="ard_categorical_ci.data.frame" timestamp="2025-08-18T15:00:41Z" hostname="cb0956403d36" tests="1" skipped="0" failures="0" errors="0" time="0.003">
    <testcase time="0.00300000000000011" classname="character(0)" name="ard_categorical_ci.data.frame_method_waldcc_"/>
  </testsuite>
  <testsuite name="ard_categorical_ci.data.frame" timestamp="2025-08-18T15:00:41Z" hostname="cb0956403d36" tests="1" skipped="0" failures="0" errors="0" time="0.002">
    <testcase time="0.00199999999999978" classname="character(0)" name="ard_categorical_ci.data.frame_method_clopper_pearson_"/>
  </testsuite>
  <testsuite name="ard_categorical_ci.data.frame" timestamp="2025-08-18T15:00:41Z" hostname="cb0956403d36" tests="1" skipped="0" failures="0" errors="0" time="0.002">
    <testcase time="0.00199999999999978" classname="character(0)" name="ard_categorical_ci.data.frame_method_wilson_"/>
  </testsuite>
  <testsuite name="ard_categorical_ci.data.frame" timestamp="2025-08-18T15:00:41Z" hostname="cb0956403d36" tests="1" skipped="0" failures="0" errors="0" time="0.003">
    <testcase time="0.00300000000000011" classname="character(0)" name="ard_categorical_ci.data.frame_method_wilsoncc_"/>
  </testsuite>
  <testsuite name="ard_categorical_ci.data.frame" timestamp="2025-08-18T15:00:41Z" hostname="cb0956403d36" tests="3" skipped="0" failures="0" errors="0" time="0.004">
    <testcase time="0.00199999999999978" classname="character(0)" name="ard_categorical_ci.data.frame_method_strat_wilson_"/>
    <testcase time="0.00100000000000033" classname="character(0)" name="ard_categorical_ci.data.frame_method_strat_wilson_"/>
    <testcase time="0.00100000000000033" classname="character(0)" name="ard_categorical_ci.data.frame_method_strat_wilson_"/>
  </testsuite>
  <testsuite name="ard_categorical_ci.data.frame" timestamp="2025-08-18T15:00:41Z" hostname="cb0956403d36" tests="1" skipped="0" failures="0" errors="0" time="0.001">
    <testcase time="0.000999999999999446" classname="character(0)" name="ard_categorical_ci.data.frame_method_strat_wilsoncc_"/>
  </testsuite>
  <testsuite name="ard_categorical_ci.data.frame" timestamp="2025-08-18T15:00:41Z" hostname="cb0956403d36" tests="1" skipped="0" failures="0" errors="0" time="0.002">
    <testcase time="0.00200000000000067" classname="character(0)" name="ard_categorical_ci.data.frame_method_jeffreys_"/>
  </testsuite>
  <testsuite name="ard_categorical_ci.data.frame" timestamp="2025-08-18T15:00:41Z" hostname="cb0956403d36" tests="1" skipped="0" failures="0" errors="0" time="0.001">
    <testcase time="0.000999999999999446" classname="character(0)" name="ard_categorical_ci.data.frame_method_agresti_coull_"/>
  </testsuite>
  <testsuite name="ard_categorical_ci.data.frame" timestamp="2025-08-18T15:00:41Z" hostname="cb0956403d36" tests="1" skipped="0" failures="0" errors="0" time="0.002">
    <testcase time="0.00199999999999978" classname="character(0)" name="ard_continuous_ci.data.frame_follows_ard_structure"/>
  </testsuite>
  <testsuite name="ard_categorical_ci.data.frame" timestamp="2025-08-18T15:00:41Z" hostname="cb0956403d36" tests="6" skipped="0" failures="0" errors="0" time="0.004">
    <testcase time="0.00100000000000033" classname="character(0)" name="ard_continuous_ci.data.frame_denominator_row_"/>
    <testcase time="0.00100000000000033" classname="character(0)" name="ard_continuous_ci.data.frame_denominator_row_"/>
    <testcase time="0" classname="character(0)" name="ard_continuous_ci.data.frame_denominator_row_"/>
    <testcase time="0.000999999999999446" classname="character(0)" name="ard_continuous_ci.data.frame_denominator_row_"/>
    <testcase time="0.00100000000000033" classname="character(0)" name="ard_continuous_ci.data.frame_denominator_row_"/>
    <testcase time="0" classname="character(0)" name="ard_continuous_ci.data.frame_denominator_row_"/>
  </testsuite>
  <testsuite name="ard_categorical_ci.data.frame" timestamp="2025-08-18T15:00:41Z" hostname="cb0956403d36" tests="6" skipped="0" failures="0" errors="0" time="0.004">
    <testcase time="0.00199999999999978" classname="character(0)" name="ard_continuous_ci.data.frame_denominator_cell_"/>
    <testcase time="0" classname="character(0)" name="ard_continuous_ci.data.frame_denominator_cell_"/>
    <testcase time="0.00100000000000033" classname="character(0)" name="ard_continuous_ci.data.frame_denominator_cell_"/>
    <testcase time="0" classname="character(0)" name="ard_continuous_ci.data.frame_denominator_cell_"/>
    <testcase time="0.000999999999999446" classname="character(0)" name="ard_continuous_ci.data.frame_denominator_cell_"/>
    <testcase time="0" classname="character(0)" name="ard_continuous_ci.data.frame_denominator_cell_"/>
  </testsuite>
  <testsuite name="ard_categorical_ci.data.frame" timestamp="2025-08-18T15:00:41Z" hostname="cb0956403d36" tests="2" skipped="0" failures="0" errors="0" time="0.003">
    <testcase time="0.00200000000000067" classname="character(0)" name="ard_continuous_ci.data.frame_denominator_column_with_all_NA_column"/>
    <testcase time="0.000999999999999446" classname="character(0)" name="ard_continuous_ci.data.frame_denominator_column_with_all_NA_column"/>
  </testsuite>
  <testsuite name="ard_categorical_ci.data.frame" timestamp="2025-08-18T15:00:41Z" hostname="cb0956403d36" tests="2" skipped="0" failures="0" errors="0" time="0.002">
    <testcase time="0.00100000000000033" classname="character(0)" name="ard_continuous_ci.data.frame_denominator_row_with_all_NA_column"/>
    <testcase time="0.00100000000000033" classname="character(0)" name="ard_continuous_ci.data.frame_denominator_row_with_all_NA_column"/>
  </testsuite>
  <testsuite name="ard_categorical_ci.data.frame" timestamp="2025-08-18T15:00:41Z" hostname="cb0956403d36" tests="2" skipped="0" failures="0" errors="0" time="0.002">
    <testcase time="0.000999999999999446" classname="character(0)" name="ard_continuous_ci.data.frame_denominator_cell_with_all_NA_column"/>
    <testcase time="0.00100000000000033" classname="character(0)" name="ard_continuous_ci.data.frame_denominator_cell_with_all_NA_column"/>
  </testsuite>
  <testsuite name="ard_categorical_ci.data.frame" timestamp="2025-08-18T15:00:41Z" hostname="cb0956403d36" tests="3" skipped="0" failures="0" errors="0" time="0.002">
    <testcase time="0.000999999999999446" classname="character(0)" name="ard_continuous_ci.data.frame_NA_handling"/>
    <testcase time="0.00100000000000033" classname="character(0)" name="ard_continuous_ci.data.frame_NA_handling"/>
    <testcase time="0" classname="character(0)" name="ard_continuous_ci.data.frame_NA_handling"/>
  </testsuite>
  <testsuite name="ard_categorical_ci.data.frame" timestamp="2025-08-18T15:00:41Z" hostname="cb0956403d36" tests="2" skipped="0" failures="0" errors="0" time="0.002">
    <testcase time="0.00199999999999978" classname="character(0)" name="ard_categorical_ci_method_strat_wilson_NA_handling"/>
    <testcase time="0" classname="character(0)" name="ard_categorical_ci_method_strat_wilson_NA_handling"/>
  </testsuite>
  <testsuite name="ard_dichotomous.survey.design" timestamp="2025-08-18T15:00:41Z" hostname="cb0956403d36" tests="3" skipped="0" failures="1" errors="1" time="0.703">
    <testcase time="0.665999999999999" classname="character(0)" name="ard_dichotomous.survey.design_works"/>
    <testcase time="0.00100000000000033" classname="character(0)" name="ard_dichotomous.survey.design_works">
      <failure type="failure" message="`... &lt;- NULL` threw an unexpected error. ('test-ard_dichotomous.survey.design.R:11:3')">`... &lt;- NULL` threw an unexpected error.
Message: could not find function "ard_tabulate_value"
Class:   simpleError/error/condition
Backtrace:
    ▆
 1. ├─testthat::expect_error(...) at test-ard_dichotomous.survey.design.R:11:3
 2. │ └─testthat:::expect_condition_matching(...)
 3. │   └─testthat:::quasi_capture(...)
 4. │     ├─testthat (local) .capture(...)
 5. │     │ └─base::withCallingHandlers(...)
 6. │     └─rlang::eval_bare(quo_get_expr(.quo), quo_get_env(.quo))
 7. ├─cards::ard_dichotomous(...)
 8. └─cardx:::ard_dichotomous.survey.design(...)
 9.   └─dplyr::mutate(ard_tabulate_value(data = data, ...), context = "dichotomous")</failure>
    </testcase>
    <testcase time="0.0360000000000005" classname="character(0)" name="ard_dichotomous.survey.design_works">
      <error type="error" message="Error in `eval(code, test_env)`: object 'ard_dichotomous_row' not found ('test-ard_dichotomous.survey.design.R:22:3')">Error in `eval(code, test_env)`: object 'ard_dichotomous_row' not found
Backtrace:
    ▆
 1. ├─testthat::expect_invisible(...) at test-ard_dichotomous.survey.design.R:22:3
 2. │ └─base::withVisible(call)
 3. └─cards::check_ard_structure(ard_dichotomous_row, method = FALSE)</error>
    </testcase>
  </testsuite>
  <testsuite name="ard_dichotomous.survey.design" timestamp="2025-08-18T15:00:41Z" hostname="cb0956403d36" tests="3" skipped="0" failures="1" errors="1" time="0.044">
    <testcase time="0.0229999999999997" classname="character(0)" name="ard_dichotomous.survey.design_works_with_various_input_types"/>
    <testcase time="0.00100000000000033" classname="character(0)" name="ard_dichotomous.survey.design_works_with_various_input_types">
      <failure type="failure" message="`... &lt;- NULL` threw an unexpected error. ('test-ard_dichotomous.survey.design.R:630:3')">`... &lt;- NULL` threw an unexpected error.
Message: could not find function "ard_tabulate_value"
Class:   simpleError/error/condition
Backtrace:
    ▆
 1. ├─testthat::expect_error(...) at test-ard_dichotomous.survey.design.R:630:3
 2. │ └─testthat:::expect_condition_matching(...)
 3. │   └─testthat:::quasi_capture(...)
 4. │     ├─testthat (local) .capture(...)
 5. │     │ └─base::withCallingHandlers(...)
 6. │     └─rlang::eval_bare(quo_get_expr(.quo), quo_get_env(.quo))
 7. ├─cards::ard_dichotomous(...)
 8. └─cardx:::ard_dichotomous.survey.design(...)
 9.   └─dplyr::mutate(ard_tabulate_value(data = data, ...), context = "dichotomous")</failure>
    </testcase>
    <testcase time="0.0199999999999996" classname="character(0)" name="ard_dichotomous.survey.design_works_with_various_input_types">
      <error type="error" message="Error in `eval(code, test_env)`: object 'ard_dichotomous_row' not found ('test-ard_dichotomous.survey.design.R:641:3')">Error in `eval(code, test_env)`: object 'ard_dichotomous_row' not found
Backtrace:
    ▆
 1. ├─testthat::expect_invisible(...) at test-ard_dichotomous.survey.design.R:641:3
 2. │ └─base::withVisible(call)
 3. └─cards::check_ard_structure(ard_dichotomous_row, method = FALSE)</error>
    </testcase>
  </testsuite>
  <testsuite name="ard_dichotomous.survey.design" timestamp="2025-08-18T15:00:42Z" hostname="cb0956403d36" tests="3" skipped="0" failures="3" errors="0" time="0.046">
    <testcase time="0.024" classname="character(0)" name="ard_dichotomous.survey.design_returns_an_error_with_erroneous_input">
      <failure type="failure" message="Snapshot of code has changed: ('test-ard_dichotomous.survey.design.R:743:3')">Snapshot of code has changed:
old[2:8] vs new[2:10]
    ard_dichotomous(svy_dicho, by = vs, variables = c(cyl, am), value = list(cyl = 4),
    denominator = "row")
  Condition
-   Error in `ard_dichotomous()`:
-   ! Error in argument `value` for variable "cyl".
-   i A value of 4 was passed, but must be one of TRUE and FALSE.
-   i To summarize this value, make the column a factor and include 4 as a level.
+   Warning:
+   `ard_dichotomous()` was deprecated in cardx 0.3.0.
+   i Please use `ard_tabulate_value()` instead.
+   i The `value` argument no longer has a default value and must be specified.
+   Error in `ard_tabulate_value()`:
+   ! could not find function "ard_tabulate_value"

* Run `testthat::snapshot_accept('ard_dichotomous.survey.design')` to accept the change.
* Run `testthat::snapshot_review('ard_dichotomous.survey.design')` to interactively review the change.</failure>
    </testcase>
    <testcase time="0.00999999999999979" classname="character(0)" name="ard_dichotomous.survey.design_returns_an_error_with_erroneous_input">
      <failure type="failure" message="Snapshot of code has changed: ('test-ard_dichotomous.survey.design.R:759:3')">Snapshot of code has changed:
old[2:8] vs new[2:10]
    ard_dichotomous(svy_dicho, by = cyl, variables = c(vs, am), value = list(vs = 4),
    denominator = "row")
  Condition
-   Error in `ard_dichotomous()`:
-   ! Error in argument `value` for variable "vs".
-   i A value of 4 was passed, but must be one of 0 and 1.
-   i To summarize this value, use `forcats::fct_expand()` to add 4 as a level.
+   Warning:
+   `ard_dichotomous()` was deprecated in cardx 0.3.0.
+   i Please use `ard_tabulate_value()` instead.
+   i The `value` argument no longer has a default value and must be specified.
+   Error in `ard_tabulate_value()`:
+   ! could not find function "ard_tabulate_value"

* Run `testthat::snapshot_accept('ard_dichotomous.survey.design')` to accept the change.
* Run `testthat::snapshot_review('ard_dichotomous.survey.design')` to interactively review the change.</failure>
    </testcase>
    <testcase time="0.0120000000000005" classname="character(0)" name="ard_dichotomous.survey.design_returns_an_error_with_erroneous_input">
      <failure type="failure" message="Snapshot of code has changed: ('test-ard_dichotomous.survey.design.R:773:3')">Snapshot of code has changed:
old[2:8] vs new[2:10]
    ard_dichotomous(svy_dicho, by = cyl, variables = c(vs, disp), value = list(
      disp = "turn"), denominator = "row")
  Condition
-   Error in `ard_dichotomous()`:
-   ! Error in argument `value` for variable "disp".
-   i A value of "turn" was passed, but must be one of 71.1, 75.7, 78.7, 79, 95.1, 108, 120.1, 120.3, 121, 140.8, 145, 146.7, 160, 167.6, 225, 258, 275.8, 301, ..., 460, and 472.
-   i To summarize this value, make the column a factor and include "turn" as a level.
+   Warning:
+   `ard_dichotomous()` was deprecated in cardx 0.3.0.
+   i Please use `ard_tabulate_value()` instead.
+   i The `value` argument no longer has a default value and must be specified.
+   Error in `ard_tabulate_value()`:
+   ! could not find function "ard_tabulate_value"

* Run `testthat::snapshot_accept('ard_dichotomous.survey.design')` to accept the change.
* Run `testthat::snapshot_review('ard_dichotomous.survey.design')` to interactively review the change.</failure>
    </testcase>
  </testsuite>
  <testsuite name="ard_dichotomous.survey.design" timestamp="2025-08-18T15:00:42Z" hostname="cb0956403d36" tests="2" skipped="0" failures="0" errors="1" time="0.012">
    <testcase time="0.0110000000000001" classname="character(0)" name="ard_dichotomous.survey.design_follows_ard_structure"/>
    <testcase time="0.000999999999999446" classname="character(0)" name="ard_dichotomous.survey.design_follows_ard_structure">
      <error type="error" message="Error in `ard_tabulate_value(data = data, ...)`: could not find function &quot;ard_tabulate_value&quot; ('test-ard_dichotomous.survey.design.R:790:3')">Error in `ard_tabulate_value(data = data, ...)`: could not find function "ard_tabulate_value"
Backtrace:
     ▆
  1. ├─testthat::expect_silent(...) at test-ard_dichotomous.survey.design.R:790:3
  2. │ └─testthat:::quasi_capture(enquo(object), NULL, evaluate_promise)
  3. │   ├─testthat (local) .capture(...)
  4. │   │ ├─withr::with_output_sink(...)
  5. │   │ │ └─base::force(code)
  6. │   │ ├─base::withCallingHandlers(...)
  7. │   │ └─base::withVisible(code)
  8. │   └─rlang::eval_bare(quo_get_expr(.quo), quo_get_env(.quo))
  9. ├─cards::check_ard_structure(...)
 10. ├─cards::ard_dichotomous(...)
 11. └─cardx:::ard_dichotomous.survey.design(...)
 12.   └─dplyr::mutate(ard_tabulate_value(data = data, ...), context = "dichotomous")</error>
    </testcase>
  </testsuite>
  <testsuite name="ard_effectsize_hedges_g" timestamp="2025-08-18T15:00:42Z" hostname="cb0956403d36" tests="4" skipped="0" failures="0" errors="0" time="0.629">
    <testcase time="0.627" classname="character(0)" name="ard_effectsize_hedges_g_works"/>
    <testcase time="0.00100000000000122" classname="character(0)" name="ard_effectsize_hedges_g_works"/>
    <testcase time="0" classname="character(0)" name="ard_effectsize_hedges_g_works"/>
    <testcase time="0.000999999999999446" classname="character(0)" name="ard_effectsize_hedges_g_works"/>
  </testsuite>
  <testsuite name="ard_effectsize_hedges_g" timestamp="2025-08-18T15:00:42Z" hostname="cb0956403d36" tests="3" skipped="0" failures="0" errors="0" time="0.002">
    <testcase time="0.000999999999999446" classname="character(0)" name="ard_effectsize_paired_hedges_g_works"/>
    <testcase time="0.000999999999999446" classname="character(0)" name="ard_effectsize_paired_hedges_g_works"/>
    <testcase time="0" classname="character(0)" name="ard_effectsize_paired_hedges_g_works"/>
  </testsuite>
  <testsuite name="ard_effectsize_hedges_g" timestamp="2025-08-18T15:00:42Z" hostname="cb0956403d36" tests="2" skipped="0" failures="0" errors="0" time="0.003">
    <testcase time="0.00200000000000067" classname="character(0)" name="ard_effectsize_cohens_d_follows_ard_structure"/>
    <testcase time="0.000999999999999446" classname="character(0)" name="ard_effectsize_cohens_d_follows_ard_structure"/>
  </testsuite>
  <testsuite name="ard_effectsize_cohens_d" timestamp="2025-08-18T15:00:42Z" hostname="cb0956403d36" tests="4" skipped="0" failures="0" errors="0" time="0.08">
    <testcase time="0.077" classname="character(0)" name="ard_effectsize_cohens_d_works"/>
    <testcase time="0.00100000000000122" classname="character(0)" name="ard_effectsize_cohens_d_works"/>
    <testcase time="0.000999999999999446" classname="character(0)" name="ard_effectsize_cohens_d_works"/>
    <testcase time="0.000999999999999446" classname="character(0)" name="ard_effectsize_cohens_d_works"/>
  </testsuite>
  <testsuite name="ard_effectsize_cohens_d" timestamp="2025-08-18T15:00:42Z" hostname="cb0956403d36" tests="3" skipped="0" failures="0" errors="0" time="0.003">
    <testcase time="0.00300000000000011" classname="character(0)" name="ard_effectsize_paired_cohens_d_works"/>
    <testcase time="0" classname="character(0)" name="ard_effectsize_paired_cohens_d_works"/>
    <testcase time="0" classname="character(0)" name="ard_effectsize_paired_cohens_d_works"/>
  </testsuite>
  <testsuite name="ard_effectsize_cohens_d" timestamp="2025-08-18T15:00:42Z" hostname="cb0956403d36" tests="2" skipped="0" failures="0" errors="0" time="0.004">
    <testcase time="0.00300000000000011" classname="character(0)" name="ard_effectsize_cohens_d_follows_ard_structure"/>
    <testcase time="0.000999999999999446" classname="character(0)" name="ard_effectsize_cohens_d_follows_ard_structure"/>
  </testsuite>
  <testsuite name="ard_incidence_rate" timestamp="2025-08-18T15:00:43Z" hostname="cb0956403d36" tests="10" skipped="0" failures="0" errors="0" time="0.898">
    <testcase time="0.890000000000001" classname="character(0)" name="ard_incidence_rate_works"/>
    <testcase time="0.000999999999999446" classname="character(0)" name="ard_incidence_rate_works"/>
    <testcase time="0.000999999999999446" classname="character(0)" name="ard_incidence_rate_works"/>
    <testcase time="0.00100000000000122" classname="character(0)" name="ard_incidence_rate_works"/>
    <testcase time="0.000999999999999446" classname="character(0)" name="ard_incidence_rate_works"/>
    <testcase time="0.000999999999999446" classname="character(0)" name="ard_incidence_rate_works"/>
    <testcase time="0.000999999999999446" classname="character(0)" name="ard_incidence_rate_works"/>
    <testcase time="0.00100000000000122" classname="character(0)" name="ard_incidence_rate_works"/>
    <testcase time="0" classname="character(0)" name="ard_incidence_rate_works"/>
    <testcase time="0.000999999999999446" classname="character(0)" name="ard_incidence_rate_works"/>
  </testsuite>
  <testsuite name="ard_incidence_rate" timestamp="2025-08-18T15:00:43Z" hostname="cb0956403d36" tests="6" skipped="0" failures="0" errors="0" time="0.004">
    <testcase time="0.00200000000000067" classname="character(0)" name="ard_incidence_rate_conf.type_works"/>
    <testcase time="0" classname="character(0)" name="ard_incidence_rate_conf.type_works"/>
    <testcase time="0.000999999999999446" classname="character(0)" name="ard_incidence_rate_conf.type_works"/>
    <testcase time="0" classname="character(0)" name="ard_incidence_rate_conf.type_works"/>
    <testcase time="0.000999999999999446" classname="character(0)" name="ard_incidence_rate_conf.type_works"/>
    <testcase time="0" classname="character(0)" name="ard_incidence_rate_conf.type_works"/>
  </testsuite>
  <testsuite name="ard_incidence_rate" timestamp="2025-08-18T15:00:43Z" hostname="cb0956403d36" tests="3" skipped="0" failures="0" errors="0" time="0.022">
    <testcase time="0.0210000000000008" classname="character(0)" name="ard_incidence_rate_errors_are_handled_correctly"/>
    <testcase time="0.000999999999999446" classname="character(0)" name="ard_incidence_rate_errors_are_handled_correctly"/>
    <testcase time="0" classname="character(0)" name="ard_incidence_rate_errors_are_handled_correctly"/>
  </testsuite>
  <testsuite name="ard_emmeans_mean_difference" timestamp="2025-08-18T15:00:44Z" hostname="cb0956403d36" tests="10" skipped="0" failures="0" errors="0" time="0.568">
    <testcase time="0.563000000000001" classname="character(0)" name="ard_emmeans_mean_difference_works"/>
    <testcase time="0.000999999999999446" classname="character(0)" name="ard_emmeans_mean_difference_works"/>
    <testcase time="0" classname="character(0)" name="ard_emmeans_mean_difference_works"/>
    <testcase time="0.000999999999999446" classname="character(0)" name="ard_emmeans_mean_difference_works"/>
    <testcase time="0" classname="character(0)" name="ard_emmeans_mean_difference_works"/>
    <testcase time="0.00100000000000122" classname="character(0)" name="ard_emmeans_mean_difference_works"/>
    <testcase time="0.000999999999999446" classname="character(0)" name="ard_emmeans_mean_difference_works"/>
    <testcase time="0" classname="character(0)" name="ard_emmeans_mean_difference_works"/>
    <testcase time="0.000999999999999446" classname="character(0)" name="ard_emmeans_mean_difference_works"/>
    <testcase time="0" classname="character(0)" name="ard_emmeans_mean_difference_works"/>
  </testsuite>
  <testsuite name="ard_emmeans_mean_difference" timestamp="2025-08-18T15:00:44Z" hostname="cb0956403d36" tests="1" skipped="0" failures="0" errors="0" time="0.002">
    <testcase time="0.00200000000000067" classname="character(0)" name="ard_emmeans_mean_difference_follows_ard_structure"/>
  </testsuite>
  <testsuite name="ard_emmeans_mean_difference" timestamp="2025-08-18T15:00:44Z" hostname="cb0956403d36" tests="4" skipped="0" failures="0" errors="0" time="0.003">
    <testcase time="0.00200000000000067" classname="character(0)" name="ard_emmeans_mean_difference_errors_are_returned_correctly"/>
    <testcase time="0" classname="character(0)" name="ard_emmeans_mean_difference_errors_are_returned_correctly"/>
    <testcase time="0.000999999999999446" classname="character(0)" name="ard_emmeans_mean_difference_errors_are_returned_correctly"/>
    <testcase time="0" classname="character(0)" name="ard_emmeans_mean_difference_errors_are_returned_correctly"/>
  </testsuite>
  <testsuite name="ard_proportion_ci" timestamp="2025-08-18T15:00:45Z" hostname="cb0956403d36" tests="6" skipped="0" failures="0" errors="0" time="1.472">
    <testcase time="1.469" classname="character(0)" name="ard_categorical_ci_works"/>
    <testcase time="0.00100000000000122" classname="character(0)" name="ard_categorical_ci_works"/>
    <testcase time="0" classname="character(0)" name="ard_categorical_ci_works"/>
    <testcase time="0.000999999999999446" classname="character(0)" name="ard_categorical_ci_works"/>
    <testcase time="0" classname="character(0)" name="ard_categorical_ci_works"/>
    <testcase time="0.000999999999999446" classname="character(0)" name="ard_categorical_ci_works"/>
  </testsuite>
  <testsuite name="ard_proportion_ci" timestamp="2025-08-18T15:00:45Z" hostname="cb0956403d36" tests="4" skipped="0" failures="0" errors="0" time="0.007">
    <testcase time="0.00500000000000078" classname="character(0)" name="ard_categorical_ci_method_strat_wilson_works"/>
    <testcase time="0" classname="character(0)" name="ard_categorical_ci_method_strat_wilson_works"/>
    <testcase time="0.000999999999999446" classname="character(0)" name="ard_categorical_ci_method_strat_wilson_works"/>
    <testcase time="0.000999999999999446" classname="character(0)" name="ard_categorical_ci_method_strat_wilson_works"/>
  </testsuite>
  <testsuite name="ard_proportion_ci" timestamp="2025-08-18T15:00:45Z" hostname="cb0956403d36" tests="1" skipped="0" failures="0" errors="0" time="0.001">
    <testcase time="0.00100000000000122" classname="character(0)" name="ard_categorical_ci_messaging"/>
  </testsuite>
  <testsuite name="ard_proportion_ci" timestamp="2025-08-18T15:00:45Z" hostname="cb0956403d36" tests="1" skipped="0" failures="0" errors="0" time="0.002">
    <testcase time="0.00199999999999889" classname="character(0)" name="ard_proportion_ci_follows_ard_structure"/>
  </testsuite>
  <testsuite name="ard_missing.survey.design" timestamp="2025-08-18T15:00:46Z" hostname="cb0956403d36" tests="19" skipped="0" failures="0" errors="0" time="0.592">
    <testcase time="0.575000000000001" classname="character(0)" name="ard_missing.survey.design_works"/>
    <testcase time="0.000999999999999446" classname="character(0)" name="ard_missing.survey.design_works"/>
    <testcase time="0.000999999999999446" classname="character(0)" name="ard_missing.survey.design_works"/>
    <testcase time="0.00100000000000122" classname="character(0)" name="ard_missing.survey.design_works"/>
    <testcase time="0.000999999999999446" classname="character(0)" name="ard_missing.survey.design_works"/>
    <testcase time="0.000999999999999446" classname="character(0)" name="ard_missing.survey.design_works"/>
    <testcase time="0.00100000000000122" classname="character(0)" name="ard_missing.survey.design_works"/>
    <testcase time="0.000999999999999446" classname="character(0)" name="ard_missing.survey.design_works"/>
    <testcase time="0.000999999999999446" classname="character(0)" name="ard_missing.survey.design_works"/>
    <testcase time="0.00100000000000122" classname="character(0)" name="ard_missing.survey.design_works"/>
    <testcase time="0.000999999999999446" classname="character(0)" name="ard_missing.survey.design_works"/>
    <testcase time="0.000999999999999446" classname="character(0)" name="ard_missing.survey.design_works"/>
    <testcase time="0.00100000000000122" classname="character(0)" name="ard_missing.survey.design_works"/>
    <testcase time="0.000999999999999446" classname="character(0)" name="ard_missing.survey.design_works"/>
    <testcase time="0.000999999999999446" classname="character(0)" name="ard_missing.survey.design_works"/>
    <testcase time="0.000999999999999446" classname="character(0)" name="ard_missing.survey.design_works"/>
    <testcase time="0.00100000000000122" classname="character(0)" name="ard_missing.survey.design_works"/>
    <testcase time="0.000999999999999446" classname="character(0)" name="ard_missing.survey.design_works"/>
    <testcase time="0" classname="character(0)" name="ard_missing.survey.design_works"/>
  </testsuite>
  <testsuite name="ard_missing.survey.design" timestamp="2025-08-18T15:00:46Z" hostname="cb0956403d36" tests="1" skipped="0" failures="0" errors="0" time="0.002">
    <testcase time="0.00200000000000067" classname="character(0)" name="ard_missing.survey.design_follows_ard_structure"/>
  </testsuite>
  <testsuite name="ard_missing.survey.design" timestamp="2025-08-18T15:00:46Z" hostname="cb0956403d36" tests="1" skipped="0" failures="0" errors="0" time="0.002">
    <testcase time="0.00199999999999889" classname="character(0)" name="ard_missing.survey.design_works_on_design_columns"/>
  </testsuite>
  <testsuite name="ard_regression_basic" timestamp="2025-08-18T15:00:47Z" hostname="cb0956403d36" tests="3" skipped="0" failures="0" errors="0" time="1.207">
    <testcase time="1.205" classname="character(0)" name="ard_regression_basic_works"/>
    <testcase time="0.00100000000000122" classname="character(0)" name="ard_regression_basic_works"/>
    <testcase time="0.000999999999999446" classname="character(0)" name="ard_regression_basic_works"/>
  </testsuite>
  <testsuite name="ard_regression_basic" timestamp="2025-08-18T15:00:47Z" hostname="cb0956403d36" tests="1" skipped="0" failures="0" errors="0" time="0.003">
    <testcase time="0.00300000000000011" classname="character(0)" name="ard_regression_basic_does_not_produce_variable_level_column_where_not_applicable"/>
  </testsuite>
  <testsuite name="ard_regression_basic" timestamp="2025-08-18T15:00:47Z" hostname="cb0956403d36" tests="1" skipped="0" failures="0" errors="0" time="0.003">
    <testcase time="0.00300000000000011" classname="character(0)" name="ard_regression_basic_follows_ard_structure"/>
  </testsuite>
  <testsuite name="ard_smd_smd" timestamp="2025-08-18T15:00:48Z" hostname="cb0956403d36" tests="3" skipped="0" failures="0" errors="0" time="0.483">
    <testcase time="0.481" classname="character(0)" name="ard_smd_smd_works"/>
    <testcase time="0.000999999999999446" classname="character(0)" name="ard_smd_smd_works"/>
    <testcase time="0.00100000000000122" classname="character(0)" name="ard_smd_smd_works"/>
  </testsuite>
  <testsuite name="ard_smd_smd" timestamp="2025-08-18T15:00:48Z" hostname="cb0956403d36" tests="2" skipped="0" failures="0" errors="0" time="0.004">
    <testcase time="0.00299999999999834" classname="character(0)" name="ard_smd_works_with_survey_data"/>
    <testcase time="0.00100000000000122" classname="character(0)" name="ard_smd_works_with_survey_data"/>
  </testsuite>
  <testsuite name="ard_smd_smd" timestamp="2025-08-18T15:00:48Z" hostname="cb0956403d36" tests="4" skipped="0" failures="0" errors="0" time="0.005">
    <testcase time="0.00300000000000011" classname="character(0)" name="ard_smd_smd_error_messaging"/>
    <testcase time="0.000999999999999446" classname="character(0)" name="ard_smd_smd_error_messaging"/>
    <testcase time="0.000999999999999446" classname="character(0)" name="ard_smd_smd_error_messaging"/>
    <testcase time="0" classname="character(0)" name="ard_smd_smd_error_messaging"/>
  </testsuite>
  <testsuite name="ard_smd_smd" timestamp="2025-08-18T15:00:48Z" hostname="cb0956403d36" tests="1" skipped="0" failures="0" errors="0" time="0.002">
    <testcase time="0.00200000000000067" classname="character(0)" name="ard_smd_smd_follows_ard_structure"/>
  </testsuite>
  <testsuite name="ard_regression" timestamp="2025-08-18T15:00:49Z" hostname="cb0956403d36" tests="4" skipped="0" failures="0" errors="0" time="1.596">
    <testcase time="1.594" classname="character(0)" name="ard_regression_works"/>
    <testcase time="0.00100000000000122" classname="character(0)" name="ard_regression_works"/>
    <testcase time="0.000999999999999446" classname="character(0)" name="ard_regression_works"/>
    <testcase time="0" classname="character(0)" name="ard_regression_works"/>
  </testsuite>
  <testsuite name="ard_regression" timestamp="2025-08-18T15:00:49Z" hostname="cb0956403d36" tests="1" skipped="0" failures="0" errors="0" time="0.002">
    <testcase time="0.00200000000000067" classname="character(0)" name="ard_regression_works_specifying_custom_tidier"/>
  </testsuite>
  <testsuite name="ard_regression" timestamp="2025-08-18T15:00:49Z" hostname="cb0956403d36" tests="1" skipped="0" failures="0" errors="0" time="0.002">
    <testcase time="0.00199999999999889" classname="character(0)" name="ard_regression_does_not_produce_variable_level_column_where_not_applicable"/>
  </testsuite>
  <testsuite name="ard_regression" timestamp="2025-08-18T15:00:49Z" hostname="cb0956403d36" tests="2" skipped="0" failures="0" errors="0" time="0.001">
    <testcase time="0.000999999999999446" classname="character(0)" name="ard_regression_warnings_and_errors_return_correctly"/>
    <testcase time="0" classname="character(0)" name="ard_regression_warnings_and_errors_return_correctly"/>
  </testsuite>
  <testsuite name="ard_regression" timestamp="2025-08-18T15:00:49Z" hostname="cb0956403d36" tests="1" skipped="0" failures="0" errors="0" time="0.002">
    <testcase time="0.00199999999999889" classname="character(0)" name="ard_regression_follows_ard_structure"/>
  </testsuite>
  <testsuite name="ard_stats_anova" timestamp="2025-08-18T15:00:49Z" hostname="cb0956403d36" tests="1" skipped="0" failures="0" errors="0" time="0.124">
    <testcase time="0.124000000000001" classname="character(0)" name="ard_stats_anova.anova_works"/>
  </testsuite>
  <testsuite name="ard_stats_anova" timestamp="2025-08-18T15:00:49Z" hostname="cb0956403d36" tests="7" skipped="0" failures="0" errors="0" time="0.009">
    <testcase time="0.00300000000000011" classname="character(0)" name="ard_stats_anova.data.frame_works"/>
    <testcase time="0.000999999999999446" classname="character(0)" name="ard_stats_anova.data.frame_works"/>
    <testcase time="0.00100000000000122" classname="character(0)" name="ard_stats_anova.data.frame_works"/>
    <testcase time="0.000999999999999446" classname="character(0)" name="ard_stats_anova.data.frame_works"/>
    <testcase time="0.000999999999999446" classname="character(0)" name="ard_stats_anova.data.frame_works"/>
    <testcase time="0.00100000000000122" classname="character(0)" name="ard_stats_anova.data.frame_works"/>
    <testcase time="0.000999999999999446" classname="character(0)" name="ard_stats_anova.data.frame_works"/>
  </testsuite>
  <testsuite name="ard_stats_anova" timestamp="2025-08-18T15:00:49Z" hostname="cb0956403d36" tests="1" skipped="0" failures="0" errors="0" time="0.002">
    <testcase time="0.00200000000000067" classname="character(0)" name="ard_stats_anova.data.frame_error_messaging"/>
  </testsuite>
  <testsuite name="ard_stats_anova" timestamp="2025-08-18T15:00:49Z" hostname="cb0956403d36" tests="1" skipped="0" failures="0" errors="0" time="0.002">
    <testcase time="0.00199999999999889" classname="character(0)" name="ard_stats_anova_follows_ard_structure"/>
  </testsuite>
  <testsuite name="ard_stats_aov" timestamp="2025-08-18T15:00:49Z" hostname="cb0956403d36" tests="3" skipped="0" failures="0" errors="0" time="0.142">
    <testcase time="0.141" classname="character(0)" name="ard_aov_works"/>
    <testcase time="0.000999999999999446" classname="character(0)" name="ard_aov_works"/>
    <testcase time="0" classname="character(0)" name="ard_aov_works"/>
  </testsuite>
  <testsuite name="ard_stats_aov" timestamp="2025-08-18T15:00:49Z" hostname="cb0956403d36" tests="1" skipped="0" failures="0" errors="0" time="0.002">
    <testcase time="0.00200000000000067" classname="character(0)" name="ard_stats_aov_follows_ard_structure"/>
  </testsuite>
  <testsuite name="ard_stats_chisq_test" timestamp="2025-08-18T15:00:50Z" hostname="cb0956403d36" tests="3" skipped="0" failures="0" errors="0" time="0.109">
    <testcase time="0.106999999999999" classname="character(0)" name="ard_stats_chisq_test_works"/>
    <testcase time="0.00100000000000122" classname="character(0)" name="ard_stats_chisq_test_works"/>
    <testcase time="0.000999999999999446" classname="character(0)" name="ard_stats_chisq_test_works"/>
  </testsuite>
  <testsuite name="ard_stats_chisq_test" timestamp="2025-08-18T15:00:50Z" hostname="cb0956403d36" tests="1" skipped="0" failures="0" errors="0" time="0.003">
    <testcase time="0.00300000000000011" classname="character(0)" name="ard_stats_chisq_test_follows_ard_structure"/>
  </testsuite>
  <testsuite name="ard_stats_fisher_test" timestamp="2025-08-18T15:00:50Z" hostname="cb0956403d36" tests="3" skipped="0" failures="0" errors="0" time="0.146">
    <testcase time="0.144" classname="character(0)" name="ard_stats_fisher_test_works"/>
    <testcase time="0.000999999999999446" classname="character(0)" name="ard_stats_fisher_test_works"/>
    <testcase time="0.00100000000000122" classname="character(0)" name="ard_stats_fisher_test_works"/>
  </testsuite>
  <testsuite name="ard_stats_fisher_test" timestamp="2025-08-18T15:00:50Z" hostname="cb0956403d36" tests="1" skipped="0" failures="0" errors="0" time="0.001">
    <testcase time="0.000999999999999446" classname="character(0)" name="ard_stats_fisher_test_follows_ard_structure"/>
  </testsuite>
  <testsuite name="ard_stats_kruskal_test" timestamp="2025-08-18T15:00:50Z" hostname="cb0956403d36" tests="4" skipped="0" failures="0" errors="0" time="0.164">
    <testcase time="0.161" classname="character(0)" name="ard_stats_kruskal_test_works"/>
    <testcase time="0.00100000000000122" classname="character(0)" name="ard_stats_kruskal_test_works"/>
    <testcase time="0.000999999999997669" classname="character(0)" name="ard_stats_kruskal_test_works"/>
    <testcase time="0.00100000000000122" classname="character(0)" name="ard_stats_kruskal_test_works"/>
  </testsuite>
  <testsuite name="ard_stats_kruskal_test" timestamp="2025-08-18T15:00:50Z" hostname="cb0956403d36" tests="1" skipped="0" failures="0" errors="0" time="0.003">
    <testcase time="0.00300000000000011" classname="character(0)" name="ard_stats_kruskal_test_follows_ard_structure"/>
  </testsuite>
  <testsuite name="ard_stats_mantelhaen_test" timestamp="2025-08-18T15:00:50Z" hostname="cb0956403d36" tests="5" skipped="0" failures="0" errors="0" time="0.198">
    <testcase time="0.196000000000002" classname="character(0)" name="ard_stats_mantelhaen_test_works"/>
    <testcase time="0.000999999999997669" classname="character(0)" name="ard_stats_mantelhaen_test_works"/>
    <testcase time="0" classname="character(0)" name="ard_stats_mantelhaen_test_works"/>
    <testcase time="0.00100000000000122" classname="character(0)" name="ard_stats_mantelhaen_test_works"/>
    <testcase time="0" classname="character(0)" name="ard_stats_mantelhaen_test_works"/>
  </testsuite>
  <testsuite name="ard_stats_mantelhaen_test" timestamp="2025-08-18T15:00:50Z" hostname="cb0956403d36" tests="3" skipped="0" failures="0" errors="0" time="0.003">
    <testcase time="0.00199999999999889" classname="character(0)" name="ard_stats_mantelhaen_test_displays_errors_correctly"/>
    <testcase time="0.00100000000000122" classname="character(0)" name="ard_stats_mantelhaen_test_displays_errors_correctly"/>
    <testcase time="0" classname="character(0)" name="ard_stats_mantelhaen_test_displays_errors_correctly"/>
  </testsuite>
  <testsuite name="ard_stats_mcnemar_test" timestamp="2025-08-18T15:00:50Z" hostname="cb0956403d36" tests="7" skipped="0" failures="0" errors="0" time="0.263">
    <testcase time="0.260999999999999" classname="character(0)" name="ard_stats_mcnemar_test_works"/>
    <testcase time="0" classname="character(0)" name="ard_stats_mcnemar_test_works"/>
    <testcase time="0.00100000000000122" classname="character(0)" name="ard_stats_mcnemar_test_works"/>
    <testcase time="0" classname="character(0)" name="ard_stats_mcnemar_test_works"/>
    <testcase time="0" classname="character(0)" name="ard_stats_mcnemar_test_works"/>
    <testcase time="0.00100000000000122" classname="character(0)" name="ard_stats_mcnemar_test_works"/>
    <testcase time="0" classname="character(0)" name="ard_stats_mcnemar_test_works"/>
  </testsuite>
  <testsuite name="ard_stats_mcnemar_test" timestamp="2025-08-18T15:00:50Z" hostname="cb0956403d36" tests="1" skipped="0" failures="0" errors="0" time="0.002">
    <testcase time="0.00199999999999889" classname="character(0)" name="ard_stats_mcnemar_test_follows_ard_structure"/>
  </testsuite>
  <testsuite name="ard_stats_mood_test" timestamp="2025-08-18T15:00:50Z" hostname="cb0956403d36" tests="4" skipped="0" failures="0" errors="0" time="0.076">
    <testcase time="0.0690000000000026" classname="character(0)" name="ard_stats_mood_test_works"/>
    <testcase time="0.000999999999997669" classname="character(0)" name="ard_stats_mood_test_works"/>
    <testcase time="0.00400000000000134" classname="character(0)" name="ard_stats_mood_test_works"/>
    <testcase time="0.00199999999999889" classname="character(0)" name="ard_stats_mood_test_works"/>
  </testsuite>
  <testsuite name="ard_stats_mood_test" timestamp="2025-08-18T15:00:50Z" hostname="cb0956403d36" tests="1" skipped="0" failures="0" errors="0" time="0.003">
    <testcase time="0.00300000000000011" classname="character(0)" name="ard_stats_mood_test_follows_ard_structure"/>
  </testsuite>
  <testsuite name="ard_stats_oneway_test" timestamp="2025-08-18T15:00:51Z" hostname="cb0956403d36" tests="3" skipped="0" failures="0" errors="0" time="0.2">
    <testcase time="0.198" classname="character(0)" name="ard_stats_oneway_test_works"/>
    <testcase time="0.00100000000000122" classname="character(0)" name="ard_stats_oneway_test_works"/>
    <testcase time="0.000999999999997669" classname="character(0)" name="ard_stats_oneway_test_works"/>
  </testsuite>
  <testsuite name="ard_stats_oneway_test" timestamp="2025-08-18T15:00:51Z" hostname="cb0956403d36" tests="1" skipped="0" failures="0" errors="0" time="0.003">
    <testcase time="0.00300000000000011" classname="character(0)" name="ard_stats_oneway_test_follows_ard_structure"/>
  </testsuite>
  <testsuite name="ard_stats_poisson_test" timestamp="2025-08-18T15:00:51Z" hostname="cb0956403d36" tests="3" skipped="0" failures="0" errors="0" time="0.162">
    <testcase time="0.161000000000001" classname="character(0)" name="ard_stats_poisson_test_works_for_one_sample_tests"/>
    <testcase time="0.00100000000000122" classname="character(0)" name="ard_stats_poisson_test_works_for_one_sample_tests"/>
    <testcase time="0" classname="character(0)" name="ard_stats_poisson_test_works_for_one_sample_tests"/>
  </testsuite>
  <testsuite name="ard_stats_poisson_test" timestamp="2025-08-18T15:00:51Z" hostname="cb0956403d36" tests="2" skipped="0" failures="0" errors="0" time="0.003">
    <testcase time="0.00199999999999889" classname="character(0)" name="ard_stats_poisson_test_works_for_two_sample_tests"/>
    <testcase time="0.00100000000000122" classname="character(0)" name="ard_stats_poisson_test_works_for_two_sample_tests"/>
  </testsuite>
  <testsuite name="ard_stats_poisson_test" timestamp="2025-08-18T15:00:51Z" hostname="cb0956403d36" tests="1" skipped="0" failures="0" errors="0" time="0.002">
    <testcase time="0.00199999999999889" classname="character(0)" name="ard_stats_poisson_test_errors_are_handled_correctly"/>
  </testsuite>
  <testsuite name="ard_stats_poisson_test" timestamp="2025-08-18T15:00:51Z" hostname="cb0956403d36" tests="1" skipped="0" failures="0" errors="0" time="0.001">
    <testcase time="0.00100000000000122" classname="character(0)" name="ard_stats_poisson_test_follows_ard_structure"/>
  </testsuite>
  <testsuite name="ard_stats_prop_test" timestamp="2025-08-18T15:00:51Z" hostname="cb0956403d36" tests="3" skipped="0" failures="0" errors="0" time="0.379">
    <testcase time="0.376999999999999" classname="character(0)" name="ard_stats_prop_test_works"/>
    <testcase time="0.00100000000000122" classname="character(0)" name="ard_stats_prop_test_works"/>
    <testcase time="0.000999999999997669" classname="character(0)" name="ard_stats_prop_test_works"/>
  </testsuite>
  <testsuite name="ard_stats_prop_test" timestamp="2025-08-18T15:00:51Z" hostname="cb0956403d36" tests="8" skipped="0" failures="0" errors="0" time="0.008">
    <testcase time="0.00300000000000011" classname="character(0)" name="ard_stats_prop_test_error_messaging"/>
    <testcase time="0.00100000000000122" classname="character(0)" name="ard_stats_prop_test_error_messaging"/>
    <testcase time="0.000999999999997669" classname="character(0)" name="ard_stats_prop_test_error_messaging"/>
    <testcase time="0.00100000000000122" classname="character(0)" name="ard_stats_prop_test_error_messaging"/>
    <testcase time="0" classname="character(0)" name="ard_stats_prop_test_error_messaging"/>
    <testcase time="0.00100000000000122" classname="character(0)" name="ard_stats_prop_test_error_messaging"/>
    <testcase time="0.000999999999997669" classname="character(0)" name="ard_stats_prop_test_error_messaging"/>
    <testcase time="0" classname="character(0)" name="ard_stats_prop_test_error_messaging"/>
  </testsuite>
  <testsuite name="ard_stats_prop_test" timestamp="2025-08-18T15:00:51Z" hostname="cb0956403d36" tests="1" skipped="0" failures="0" errors="0" time="0.002">
    <testcase time="0.00200000000000244" classname="character(0)" name="ard_stats_prop_test_follows_ard_structure"/>
  </testsuite>
  <testsuite name="ard_stats_t_test" timestamp="2025-08-18T15:00:51Z" hostname="cb0956403d36" tests="6" skipped="0" failures="0" errors="0" time="0.168">
    <testcase time="0.164999999999999" classname="character(0)" name="ard_stats_t_test_works"/>
    <testcase time="0" classname="character(0)" name="ard_stats_t_test_works"/>
    <testcase time="0.00100000000000122" classname="character(0)" name="ard_stats_t_test_works"/>
    <testcase time="0.000999999999997669" classname="character(0)" name="ard_stats_t_test_works"/>
    <testcase time="0" classname="character(0)" name="ard_stats_t_test_works"/>
    <testcase time="0.00100000000000122" classname="character(0)" name="ard_stats_t_test_works"/>
  </testsuite>
  <testsuite name="ard_stats_t_test" timestamp="2025-08-18T15:00:51Z" hostname="cb0956403d36" tests="3" skipped="0" failures="0" errors="0" time="0.003">
    <testcase time="0.00199999999999889" classname="character(0)" name="ard_stats_paired_t_test_works"/>
    <testcase time="0" classname="character(0)" name="ard_stats_paired_t_test_works"/>
    <testcase time="0.00100000000000122" classname="character(0)" name="ard_stats_paired_t_test_works"/>
  </testsuite>
  <testsuite name="ard_stats_t_test" timestamp="2025-08-18T15:00:51Z" hostname="cb0956403d36" tests="1" skipped="0" failures="0" errors="0" time="0.002">
    <testcase time="0.00199999999999889" classname="character(0)" name="ard_stats_t_test_follows_ard_structure"/>
  </testsuite>
  <testsuite name="ard_stats_t_test_onesample" timestamp="2025-08-18T15:00:52Z" hostname="cb0956403d36" tests="5" skipped="0" failures="0" errors="0" time="0.271">
    <testcase time="0.266999999999999" classname="character(0)" name="ard_stats_t_test_onesample_works"/>
    <testcase time="0.00100000000000122" classname="character(0)" name="ard_stats_t_test_onesample_works"/>
    <testcase time="0.00100000000000122" classname="character(0)" name="ard_stats_t_test_onesample_works"/>
    <testcase time="0.000999999999997669" classname="character(0)" name="ard_stats_t_test_onesample_works"/>
    <testcase time="0.00100000000000122" classname="character(0)" name="ard_stats_t_test_onesample_works"/>
  </testsuite>
  <testsuite name="ard_stats_t_test_onesample" timestamp="2025-08-18T15:00:52Z" hostname="cb0956403d36" tests="1" skipped="0" failures="0" errors="0" time="0.004">
    <testcase time="0.00400000000000134" classname="character(0)" name="ard_stats_t_test_onesample_follows_ard_structure"/>
  </testsuite>
  <testsuite name="ard_stats_wilcox_test" timestamp="2025-08-18T15:00:52Z" hostname="cb0956403d36" tests="6" skipped="0" failures="0" errors="0" time="0.446">
    <testcase time="0.440999999999999" classname="character(0)" name="ard_stats_wilcox_test_works"/>
    <testcase time="0.00100000000000122" classname="character(0)" name="ard_stats_wilcox_test_works"/>
    <testcase time="0.000999999999997669" classname="character(0)" name="ard_stats_wilcox_test_works"/>
    <testcase time="0.00100000000000122" classname="character(0)" name="ard_stats_wilcox_test_works"/>
    <testcase time="0.00100000000000122" classname="character(0)" name="ard_stats_wilcox_test_works"/>
    <testcase time="0.000999999999997669" classname="character(0)" name="ard_stats_wilcox_test_works"/>
  </testsuite>
  <testsuite name="ard_stats_wilcox_test" timestamp="2025-08-18T15:00:52Z" hostname="cb0956403d36" tests="3" skipped="0" failures="0" errors="0" time="0.006">
    <testcase time="0.00400000000000134" classname="character(0)" name="ard_stats_paired_wilcox_test_works"/>
    <testcase time="0.000999999999997669" classname="character(0)" name="ard_stats_paired_wilcox_test_works"/>
    <testcase time="0.00100000000000122" classname="character(0)" name="ard_stats_paired_wilcox_test_works"/>
  </testsuite>
  <testsuite name="ard_stats_wilcox_test" timestamp="2025-08-18T15:00:52Z" hostname="cb0956403d36" tests="1" skipped="0" failures="0" errors="0" time="0.001">
    <testcase time="0.00100000000000122" classname="character(0)" name="ard_stats_wilcox_test_follows_ard_structure"/>
  </testsuite>
  <testsuite name="ard_stats_wilcox_test_onesample" timestamp="2025-08-18T15:00:52Z" hostname="cb0956403d36" tests="5" skipped="0" failures="0" errors="0" time="0.114">
    <testcase time="0.111999999999998" classname="character(0)" name="ard_stats_wilcox_test_onesample_works"/>
    <testcase time="0" classname="character(0)" name="ard_stats_wilcox_test_onesample_works"/>
    <testcase time="0.00100000000000122" classname="character(0)" name="ard_stats_wilcox_test_onesample_works"/>
    <testcase time="0.00100000000000122" classname="character(0)" name="ard_stats_wilcox_test_onesample_works"/>
    <testcase time="0" classname="character(0)" name="ard_stats_wilcox_test_onesample_works"/>
  </testsuite>
  <testsuite name="ard_stats_wilcox_test_onesample" timestamp="2025-08-18T15:00:52Z" hostname="cb0956403d36" tests="1" skipped="0" failures="0" errors="0" time="0.002">
    <testcase time="0.00199999999999889" classname="character(0)" name="ard_stats_wilcox_test_onesample_follows_ard_structure"/>
  </testsuite>
  <testsuite name="ard_survey_svychisq" timestamp="2025-08-18T15:00:53Z" hostname="cb0956403d36" tests="5" skipped="0" failures="0" errors="0" time="0.616">
    <testcase time="0.614000000000001" classname="character(0)" name="ard_survey_svychisq_works"/>
    <testcase time="0" classname="character(0)" name="ard_survey_svychisq_works"/>
    <testcase time="0.000999999999997669" classname="character(0)" name="ard_survey_svychisq_works"/>
    <testcase time="0.00100000000000122" classname="character(0)" name="ard_survey_svychisq_works"/>
    <testcase time="0" classname="character(0)" name="ard_survey_svychisq_works"/>
  </testsuite>
  <testsuite name="ard_survey_svychisq" timestamp="2025-08-18T15:00:53Z" hostname="cb0956403d36" tests="1" skipped="0" failures="0" errors="0" time="0.005">
    <testcase time="0.00499999999999901" classname="character(0)" name="ard_survey_svychisq_follows_ard_structure"/>
  </testsuite>
  <testsuite name="ard_survey_svyranktest" timestamp="2025-08-18T15:00:53Z" hostname="cb0956403d36" tests="4" skipped="0" failures="0" errors="0" time="0.635">
    <testcase time="0.632000000000001" classname="character(0)" name="ard_survey_svyranktest_works"/>
    <testcase time="0.00100000000000122" classname="character(0)" name="ard_survey_svyranktest_works"/>
    <testcase time="0.000999999999997669" classname="character(0)" name="ard_survey_svyranktest_works"/>
    <testcase time="0.00100000000000122" classname="character(0)" name="ard_survey_svyranktest_works"/>
  </testsuite>
  <testsuite name="ard_survey_svyranktest" timestamp="2025-08-18T15:00:53Z" hostname="cb0956403d36" tests="1" skipped="0" failures="0" errors="0" time="0.004">
    <testcase time="0.00399999999999778" classname="character(0)" name="exact_values_match_for_ard_svyranktest_works"/>
  </testsuite>
  <testsuite name="ard_survey_svyranktest" timestamp="2025-08-18T15:00:53Z" hostname="cb0956403d36" tests="1" skipped="0" failures="0" errors="0" time="0.004">
    <testcase time="0.00400000000000134" classname="character(0)" name="ard_survey_svyranktest_follows_ard_structure"/>
  </testsuite>
  <testsuite name="ard_survey_svyttest" timestamp="2025-08-18T15:00:54Z" hostname="cb0956403d36" tests="4" skipped="0" failures="0" errors="0" time="0.489">
    <testcase time="0.486000000000001" classname="character(0)" name="ard_survey_svyttest_works"/>
    <testcase time="0.00100000000000122" classname="character(0)" name="ard_survey_svyttest_works"/>
    <testcase time="0.000999999999997669" classname="character(0)" name="ard_survey_svyttest_works"/>
    <testcase time="0.00100000000000122" classname="character(0)" name="ard_survey_svyttest_works"/>
  </testsuite>
  <testsuite name="ard_survey_svyttest" timestamp="2025-08-18T15:00:54Z" hostname="cb0956403d36" tests="2" skipped="0" failures="0" errors="0" time="0.004">
    <testcase time="0.00300000000000011" classname="character(0)" name="ard_survey_svyttest_messaging"/>
    <testcase time="0.00100000000000122" classname="character(0)" name="ard_survey_svyttest_messaging"/>
  </testsuite>
  <testsuite name="ard_survey_svyttest" timestamp="2025-08-18T15:00:54Z" hostname="cb0956403d36" tests="1" skipped="0" failures="0" errors="0" time="0.003">
    <testcase time="0.00299999999999656" classname="character(0)" name="ard_survey_svyttest_follows_ard_structure"/>
  </testsuite>
  <testsuite name="ard_survival_survdiff" timestamp="2025-08-18T15:00:54Z" hostname="cb0956403d36" tests="6" skipped="0" failures="0" errors="0" time="0.279">
    <testcase time="0.274000000000001" classname="character(0)" name="ard_survival_survdiff_works"/>
    <testcase time="0.00100000000000122" classname="character(0)" name="ard_survival_survdiff_works"/>
    <testcase time="0.00100000000000122" classname="character(0)" name="ard_survival_survdiff_works"/>
    <testcase time="0.000999999999997669" classname="character(0)" name="ard_survival_survdiff_works"/>
    <testcase time="0.00100000000000122" classname="character(0)" name="ard_survival_survdiff_works"/>
    <testcase time="0.000999999999997669" classname="character(0)" name="ard_survival_survdiff_works"/>
  </testsuite>
  <testsuite name="ard_survival_survdiff" timestamp="2025-08-18T15:00:54Z" hostname="cb0956403d36" tests="4" skipped="0" failures="0" errors="0" time="0.006">
    <testcase time="0.00400000000000134" classname="character(0)" name="ard_survival_survdiff_error_messaging"/>
    <testcase time="0.00100000000000122" classname="character(0)" name="ard_survival_survdiff_error_messaging"/>
    <testcase time="0" classname="character(0)" name="ard_survival_survdiff_error_messaging"/>
    <testcase time="0.000999999999997669" classname="character(0)" name="ard_survival_survdiff_error_messaging"/>
  </testsuite>
  <testsuite name="ard_survival_survdiff" timestamp="2025-08-18T15:00:54Z" hostname="cb0956403d36" tests="1" skipped="0" failures="0" errors="0" time="0.002">
    <testcase time="0.00200000000000244" classname="character(0)" name="ard_survival_survdiff_follows_ard_structure"/>
  </testsuite>
  <testsuite name="ard_survival_survfit" timestamp="2025-08-18T15:00:58Z" hostname="cb0956403d36" tests="1" skipped="0" failures="0" errors="0" time="3.567">
    <testcase time="3.567" classname="character(0)" name="ard_survival_survfit_works_with_times_provided"/>
  </testsuite>
  <testsuite name="ard_survival_survfit" timestamp="2025-08-18T15:00:58Z" hostname="cb0956403d36" tests="1" skipped="0" failures="0" errors="0" time="0.004">
    <testcase time="0.00399999999999778" classname="character(0)" name="ard_survival_survfit_works_with_different_type"/>
  </testsuite>
  <testsuite name="ard_survival_survfit" timestamp="2025-08-18T15:00:58Z" hostname="cb0956403d36" tests="1" skipped="0" failures="0" errors="0" time="0.003">
    <testcase time="0.00300000000000011" classname="character(0)" name="ard_survival_survfit_works_with_probs_provided"/>
  </testsuite>
  <testsuite name="ard_survival_survfit" timestamp="2025-08-18T15:00:58Z" hostname="cb0956403d36" tests="2" skipped="0" failures="0" errors="0" time="0.002">
    <testcase time="0.00200000000000244" classname="character(0)" name="ard_survival_survfit_works_with_unstratified_model"/>
    <testcase time="0" classname="character(0)" name="ard_survival_survfit_works_with_unstratified_model"/>
  </testsuite>
  <testsuite name="ard_survival_survfit" timestamp="2025-08-18T15:00:58Z" hostname="cb0956403d36" tests="2" skipped="0" failures="0" errors="0" time="0.002">
    <testcase time="0.00100000000000122" classname="character(0)" name="ard_survival_survfit_works_with_multiple_stratification_variables"/>
    <testcase time="0.00100000000000122" classname="character(0)" name="ard_survival_survfit_works_with_multiple_stratification_variables"/>
  </testsuite>
  <testsuite name="ard_survival_survfit" timestamp="2025-08-18T15:00:58Z" hostname="cb0956403d36" tests="2" skipped="0" failures="0" errors="0" time="0.002">
    <testcase time="0.00199999999999889" classname="character(0)" name="ard_survival_survfit_works_with_competing_risks"/>
    <testcase time="0" classname="character(0)" name="ard_survival_survfit_works_with_competing_risks"/>
  </testsuite>
  <testsuite name="ard_survival_survfit" timestamp="2025-08-18T15:00:58Z" hostname="cb0956403d36" tests="8" skipped="0" failures="0" errors="0" time="0.006">
    <testcase time="0.00199999999999889" classname="character(0)" name="ard_survival_survfit_errors_are_properly_handled"/>
    <testcase time="0.00100000000000122" classname="character(0)" name="ard_survival_survfit_errors_are_properly_handled"/>
    <testcase time="0" classname="character(0)" name="ard_survival_survfit_errors_are_properly_handled"/>
    <testcase time="0.00100000000000122" classname="character(0)" name="ard_survival_survfit_errors_are_properly_handled"/>
    <testcase time="0" classname="character(0)" name="ard_survival_survfit_errors_are_properly_handled"/>
    <testcase time="0.000999999999997669" classname="character(0)" name="ard_survival_survfit_errors_are_properly_handled"/>
    <testcase time="0" classname="character(0)" name="ard_survival_survfit_errors_are_properly_handled"/>
    <testcase time="0.00100000000000122" classname="character(0)" name="ard_survival_survfit_errors_are_properly_handled"/>
  </testsuite>
  <testsuite name="ard_survival_survfit" timestamp="2025-08-18T15:00:58Z" hostname="cb0956403d36" tests="1" skipped="0" failures="0" errors="0" time="0.002">
    <testcase time="0.00199999999999889" classname="character(0)" name="ard_survival_survfit_works_with_non_syntactic_names"/>
  </testsuite>
  <testsuite name="ard_survival_survfit" timestamp="2025-08-18T15:00:58Z" hostname="cb0956403d36" tests="1" skipped="0" failures="0" errors="0" time="0.002">
    <testcase time="0.00199999999999889" classname="character(0)" name="ard_survival_survfit_errors_with_stratified_Cox_model"/>
  </testsuite>
  <testsuite name="ard_survival_survfit" timestamp="2025-08-18T15:00:58Z" hostname="cb0956403d36" tests="1" skipped="0" failures="0" errors="0" time="0.002">
    <testcase time="0.00200000000000244" classname="character(0)" name="ard_survival_survfit_works_with_in_strata_variable_level_labels"/>
  </testsuite>
  <testsuite name="ard_survival_survfit" timestamp="2025-08-18T15:00:58Z" hostname="cb0956403d36" tests="1" skipped="0" failures="0" errors="0" time="0.001">
    <testcase time="0.000999999999997669" classname="character(0)" name="ard_survival_survfit_follows_ard_structure"/>
  </testsuite>
  <testsuite name="ard_survival_survfit" timestamp="2025-08-18T15:00:58Z" hostname="cb0956403d36" tests="1" skipped="0" failures="0" errors="0" time="0.001">
    <testcase time="0.00100000000000122" classname="character(0)" name="ard_survival_survfit_extends_to_times_outside_range"/>
  </testsuite>
  <testsuite name="ard_survival_survfit" timestamp="2025-08-18T15:00:58Z" hostname="cb0956403d36" tests="5" skipped="0" failures="0" errors="0" time="0.005">
    <testcase time="0.00199999999999889" classname="character(0)" name="ard_survival_survfit.data.frame_works_as_expected"/>
    <testcase time="0.00100000000000122" classname="character(0)" name="ard_survival_survfit.data.frame_works_as_expected"/>
    <testcase time="0" classname="character(0)" name="ard_survival_survfit.data.frame_works_as_expected"/>
    <testcase time="0.000999999999997669" classname="character(0)" name="ard_survival_survfit.data.frame_works_as_expected"/>
    <testcase time="0.00100000000000122" classname="character(0)" name="ard_survival_survfit.data.frame_works_as_expected"/>
  </testsuite>
  <testsuite name="ard_survival_survfit" timestamp="2025-08-18T15:00:58Z" hostname="cb0956403d36" tests="1" skipped="0" failures="0" errors="0" time="0.002">
    <testcase time="0.00199999999999889" classname="character(0)" name="ard_survival_survfit.data.frame_variables_NULL_for_unstratified_model"/>
  </testsuite>
  <testsuite name="ard_survival_survfit_diff" timestamp="2025-08-18T15:00:58Z" hostname="cb0956403d36" tests="4" skipped="0" failures="0" errors="0" time="0.613">
    <testcase time="0.609000000000002" classname="character(0)" name="ard_survival_survfit_diff_works"/>
    <testcase time="0.00199999999999889" classname="character(0)" name="ard_survival_survfit_diff_works"/>
    <testcase time="0.00100000000000122" classname="character(0)" name="ard_survival_survfit_diff_works"/>
    <testcase time="0.000999999999997669" classname="character(0)" name="ard_survival_survfit_diff_works"/>
  </testsuite>
  <testsuite name="ard_survival_survfit_diff" timestamp="2025-08-18T15:00:58Z" hostname="cb0956403d36" tests="3" skipped="0" failures="0" errors="0" time="0.003">
    <testcase time="0.00200000000000244" classname="character(0)" name="ard_survival_survfit_diff_messaging"/>
    <testcase time="0.000999999999997669" classname="character(0)" name="ard_survival_survfit_diff_messaging"/>
    <testcase time="0" classname="character(0)" name="ard_survival_survfit_diff_messaging"/>
  </testsuite>
  <testsuite name="ard_survival_survfit_diff" timestamp="2025-08-18T15:00:58Z" hostname="cb0956403d36" tests="1" skipped="0" failures="0" errors="0" time="0.002">
    <testcase time="0.00200000000000244" classname="character(0)" name="ard_survival_survfit_diff_follows_ard_structure"/>
  </testsuite>
  <testsuite name="ard_tabulate.survey.design" timestamp="2025-08-18T15:01:21Z" hostname="cb0956403d36" tests="54" skipped="0" failures="0" errors="0" time="23.083">
    <testcase time="23.043" classname="character(0)" name="ard_tabulate.survey.design_works"/>
    <testcase time="0.000999999999997669" classname="character(0)" name="ard_tabulate.survey.design_works"/>
    <testcase time="0.00100000000000477" classname="character(0)" name="ard_tabulate.survey.design_works"/>
    <testcase time="0.000999999999997669" classname="character(0)" name="ard_tabulate.survey.design_works"/>
    <testcase time="0.000999999999997669" classname="character(0)" name="ard_tabulate.survey.design_works"/>
    <testcase time="0.00100000000000477" classname="character(0)" name="ard_tabulate.survey.design_works"/>
    <testcase time="0.000999999999997669" classname="character(0)" name="ard_tabulate.survey.design_works"/>
    <testcase time="0.000999999999997669" classname="character(0)" name="ard_tabulate.survey.design_works"/>
    <testcase time="0.00100000000000477" classname="character(0)" name="ard_tabulate.survey.design_works"/>
    <testcase time="0.000999999999997669" classname="character(0)" name="ard_tabulate.survey.design_works"/>
    <testcase time="0" classname="character(0)" name="ard_tabulate.survey.design_works"/>
    <testcase time="0.000999999999997669" classname="character(0)" name="ard_tabulate.survey.design_works"/>
    <testcase time="0.00100000000000477" classname="character(0)" name="ard_tabulate.survey.design_works"/>
    <testcase time="0" classname="character(0)" name="ard_tabulate.survey.design_works"/>
    <testcase time="0.000999999999997669" classname="character(0)" name="ard_tabulate.survey.design_works"/>
    <testcase time="0" classname="character(0)" name="ard_tabulate.survey.design_works"/>
    <testcase time="0.000999999999997669" classname="character(0)" name="ard_tabulate.survey.design_works"/>
    <testcase time="0.00100000000000477" classname="character(0)" name="ard_tabulate.survey.design_works"/>
    <testcase time="0" classname="character(0)" name="ard_tabulate.survey.design_works"/>
    <testcase time="0.000999999999997669" classname="character(0)" name="ard_tabulate.survey.design_works"/>
    <testcase time="0" classname="character(0)" name="ard_tabulate.survey.design_works"/>
    <testcase time="0.000999999999997669" classname="character(0)" name="ard_tabulate.survey.design_works"/>
    <testcase time="0.00100000000000477" classname="character(0)" name="ard_tabulate.survey.design_works"/>
    <testcase time="0" classname="character(0)" name="ard_tabulate.survey.design_works"/>
    <testcase time="0.000999999999997669" classname="character(0)" name="ard_tabulate.survey.design_works"/>
    <testcase time="0.000999999999997669" classname="character(0)" name="ard_tabulate.survey.design_works"/>
    <testcase time="0" classname="character(0)" name="ard_tabulate.survey.design_works"/>
    <testcase time="0.00100000000000477" classname="character(0)" name="ard_tabulate.survey.design_works"/>
    <testcase time="0" classname="character(0)" name="ard_tabulate.survey.design_works"/>
    <testcase time="0.000999999999997669" classname="character(0)" name="ard_tabulate.survey.design_works"/>
    <testcase time="0.000999999999997669" classname="character(0)" name="ard_tabulate.survey.design_works"/>
    <testcase time="0" classname="character(0)" name="ard_tabulate.survey.design_works"/>
    <testcase time="0.00100000000000477" classname="character(0)" name="ard_tabulate.survey.design_works"/>
    <testcase time="0.000999999999997669" classname="character(0)" name="ard_tabulate.survey.design_works"/>
    <testcase time="0" classname="character(0)" name="ard_tabulate.survey.design_works"/>
    <testcase time="0.000999999999997669" classname="character(0)" name="ard_tabulate.survey.design_works"/>
    <testcase time="0.00100000000000477" classname="character(0)" name="ard_tabulate.survey.design_works"/>
    <testcase time="0" classname="character(0)" name="ard_tabulate.survey.design_works"/>
    <testcase time="0.000999999999997669" classname="character(0)" name="ard_tabulate.survey.design_works"/>
    <testcase time="0.000999999999997669" classname="character(0)" name="ard_tabulate.survey.design_works"/>
    <testcase time="0" classname="character(0)" name="ard_tabulate.survey.design_works"/>
    <testcase time="0.00100000000000477" classname="character(0)" name="ard_tabulate.survey.design_works"/>
    <testcase time="0.000999999999997669" classname="character(0)" name="ard_tabulate.survey.design_works"/>
    <testcase time="0" classname="character(0)" name="ard_tabulate.survey.design_works"/>
    <testcase time="0.000999999999997669" classname="character(0)" name="ard_tabulate.survey.design_works"/>
    <testcase time="0.00100000000000477" classname="character(0)" name="ard_tabulate.survey.design_works"/>
    <testcase time="0" classname="character(0)" name="ard_tabulate.survey.design_works"/>
    <testcase time="0.00399999999999778" classname="character(0)" name="ard_tabulate.survey.design_works"/>
    <testcase time="0.000999999999997669" classname="character(0)" name="ard_tabulate.survey.design_works"/>
    <testcase time="0" classname="character(0)" name="ard_tabulate.survey.design_works"/>
    <testcase time="0.00100000000000477" classname="character(0)" name="ard_tabulate.survey.design_works"/>
    <testcase time="0.000999999999997669" classname="character(0)" name="ard_tabulate.survey.design_works"/>
    <testcase time="0.000999999999997669" classname="character(0)" name="ard_tabulate.survey.design_works"/>
    <testcase time="0" classname="character(0)" name="ard_tabulate.survey.design_works"/>
[...]
    <testcase time="0.00199999999999534" classname="character(0)" name="ard_tabulate_max_works_without_any_variables"/>
  </testsuite>
  <testsuite name="ard_tabulate_max" timestamp="2025-08-18T15:01:26Z" hostname="cb0956403d36" tests="1" skipped="0" failures="0" errors="0" time="0.002">
    <testcase time="0.00200000000000244" classname="character(0)" name="ard_tabulate_max_follows_ard_structure"/>
  </testsuite>
  <testsuite name="ard_tabulate_max" timestamp="2025-08-18T15:01:26Z" hostname="cb0956403d36" tests="2" skipped="0" failures="0" errors="0" time="0.002">
    <testcase time="0.00200000000000244" classname="character(0)" name="ard_tabulate_max_strata_works"/>
    <testcase time="0" classname="character(0)" name="ard_tabulate_max_strata_works"/>
  </testsuite>
  <testsuite name="ard_total_n.survey.design" timestamp="2025-08-18T15:01:26Z" hostname="cb0956403d36" tests="1" skipped="0" failures="0" errors="1" time="0.199">
    <testcase time="0.198999999999998" classname="character(0)" name="ard_total_n.survey.design_works">
      <error type="error" message="Error in `ard_tabulate_value(data = data, ...)`: could not find function &quot;ard_tabulate_value&quot; ('test-ard_total_n.survey.design.R:4:3')">Error in `ard_tabulate_value(data = data, ...)`: could not find function "ard_tabulate_value"
Backtrace:
    ▆
 1. └─testthat::expect_snapshot(...) at test-ard_total_n.survey.design.R:4:3
 2.   └─rlang::cnd_signal(state$error)</error>
    </testcase>
  </testsuite>
  <testsuite name="ard_total_n.survey.design" timestamp="2025-08-18T15:01:26Z" hostname="cb0956403d36" tests="2" skipped="0" failures="0" errors="1" time="0.021">
    <testcase time="0.019999999999996" classname="character(0)" name="ard_total_n.survey.design_follows_ard_structure"/>
    <testcase time="0.00100000000000477" classname="character(0)" name="ard_total_n.survey.design_follows_ard_structure">
      <error type="error" message="Error in `ard_tabulate_value(data = data, ...)`: could not find function &quot;ard_tabulate_value&quot; ('test-ard_total_n.survey.design.R:11:3')">Error in `ard_tabulate_value(data = data, ...)`: could not find function "ard_tabulate_value"
Backtrace:
     ▆
  1. ├─testthat::expect_silent(...) at test-ard_total_n.survey.design.R:11:3
  2. │ └─testthat:::quasi_capture(enquo(object), NULL, evaluate_promise)
  3. │   ├─testthat (local) .capture(...)
  4. │   │ ├─withr::with_output_sink(...)
  5. │   │ │ └─base::force(code)
  6. │   │ ├─base::withCallingHandlers(...)
  7. │   │ └─base::withVisible(code)
  8. │   └─rlang::eval_bare(quo_get_expr(.quo), quo_get_env(.quo))
  9. ├─cards::check_ard_structure(...)
 10. ├─cards::ard_total_n(...)
 11. └─cardx:::ard_total_n.survey.design(...)
 12.   ├─dplyr::select(...)
 13.   ├─dplyr::mutate(...)
 14.   ├─cards::ard_dichotomous(...)
 15.   └─cardx:::ard_dichotomous.survey.design(...)
 16.     └─dplyr::mutate(ard_tabulate_value(data = data, ...), context = "dichotomous")</error>
    </testcase>
  </testsuite>
  <testsuite name="ard_total_n.survey.design" timestamp="2025-08-18T15:01:26Z" hostname="cb0956403d36" tests="2" skipped="0" failures="0" errors="1" time="0.02">
    <testcase time="0.0189999999999984" classname="character(0)" name="ard_total_n.survey.design_using_update_"/>
    <testcase time="0.000999999999997669" classname="character(0)" name="ard_total_n.survey.design_using_update_">
      <error type="error" message="Error in `ard_tabulate_value(data = data, ...)`: could not find function &quot;ard_tabulate_value&quot; ('test-ard_total_n.survey.design.R:29:3')">Error in `ard_tabulate_value(data = data, ...)`: could not find function "ard_tabulate_value"
Backtrace:
     ▆
  1. ├─testthat::expect_silent(...) at test-ard_total_n.survey.design.R:29:3
  2. │ └─testthat:::quasi_capture(enquo(object), NULL, evaluate_promise)
  3. │   ├─testthat (local) .capture(...)
  4. │   │ ├─withr::with_output_sink(...)
  5. │   │ │ └─base::force(code)
  6. │   │ ├─base::withCallingHandlers(...)
  7. │   │ └─base::withVisible(code)
  8. │   └─rlang::eval_bare(quo_get_expr(.quo), quo_get_env(.quo))
  9. ├─cards::ard_total_n(...)
 10. └─cardx:::ard_total_n.survey.design(...)
 11.   ├─dplyr::select(...)
 12.   ├─dplyr::mutate(...)
 13.   ├─cards::ard_dichotomous(...)
 14.   └─cardx:::ard_dichotomous.survey.design(...)
 15.     └─dplyr::mutate(ard_tabulate_value(data = data, ...), context = "dichotomous")</error>
    </testcase>
  </testsuite>
  <testsuite name="construction_helpers" timestamp="2025-08-18T15:01:28Z" hostname="cb0956403d36" tests="10" skipped="0" failures="0" errors="0" time="2.088">
    <testcase time="2.08300000000001" classname="character(0)" name="construct_model_works"/>
    <testcase time="0.000999999999997669" classname="character(0)" name="construct_model_works"/>
    <testcase time="0" classname="character(0)" name="construct_model_works"/>
    <testcase time="0.000999999999997669" classname="character(0)" name="construct_model_works"/>
    <testcase time="0" classname="character(0)" name="construct_model_works"/>
    <testcase time="0.00100000000000477" classname="character(0)" name="construct_model_works"/>
    <testcase time="0.000999999999997669" classname="character(0)" name="construct_model_works"/>
    <testcase time="0" classname="character(0)" name="construct_model_works"/>
    <testcase time="0.000999999999997669" classname="character(0)" name="construct_model_works"/>
    <testcase time="0" classname="character(0)" name="construct_model_works"/>
  </testsuite>
  <testsuite name="construction_helpers" timestamp="2025-08-18T15:01:28Z" hostname="cb0956403d36" tests="6" skipped="0" failures="0" errors="0" time="0.005">
    <testcase time="0.00200000000000244" classname="character(0)" name="construct_model_messaging"/>
    <testcase time="0.000999999999997669" classname="character(0)" name="construct_model_messaging"/>
    <testcase time="0.00100000000000477" classname="character(0)" name="construct_model_messaging"/>
    <testcase time="0" classname="character(0)" name="construct_model_messaging"/>
    <testcase time="0.000999999999997669" classname="character(0)" name="construct_model_messaging"/>
    <testcase time="0" classname="character(0)" name="construct_model_messaging"/>
  </testsuite>
  <testsuite name="proportion_ci" timestamp="2025-08-18T15:01:30Z" hostname="cb0956403d36" tests="34" skipped="0" failures="0" errors="0" time="1.692">
    <testcase time="1.672" classname="character(0)" name="check_the_proportion_ci__functions_work"/>
    <testcase time="0.00100000000000477" classname="character(0)" name="check_the_proportion_ci__functions_work"/>
    <testcase time="0" classname="character(0)" name="check_the_proportion_ci__functions_work"/>
    <testcase time="0.000999999999997669" classname="character(0)" name="check_the_proportion_ci__functions_work"/>
    <testcase time="0.000999999999997669" classname="character(0)" name="check_the_proportion_ci__functions_work"/>
    <testcase time="0" classname="character(0)" name="check_the_proportion_ci__functions_work"/>
    <testcase time="0.00100000000000477" classname="character(0)" name="check_the_proportion_ci__functions_work"/>
    <testcase time="0" classname="character(0)" name="check_the_proportion_ci__functions_work"/>
    <testcase time="0.000999999999997669" classname="character(0)" name="check_the_proportion_ci__functions_work"/>
    <testcase time="0" classname="character(0)" name="check_the_proportion_ci__functions_work"/>
    <testcase time="0.000999999999997669" classname="character(0)" name="check_the_proportion_ci__functions_work"/>
    <testcase time="0" classname="character(0)" name="check_the_proportion_ci__functions_work"/>
    <testcase time="0.00100000000000477" classname="character(0)" name="check_the_proportion_ci__functions_work"/>
    <testcase time="0.000999999999997669" classname="character(0)" name="check_the_proportion_ci__functions_work"/>
    <testcase time="0" classname="character(0)" name="check_the_proportion_ci__functions_work"/>
    <testcase time="0.000999999999997669" classname="character(0)" name="check_the_proportion_ci__functions_work"/>
    <testcase time="0" classname="character(0)" name="check_the_proportion_ci__functions_work"/>
    <testcase time="0.00100000000000477" classname="character(0)" name="check_the_proportion_ci__functions_work"/>
    <testcase time="0.000999999999997669" classname="character(0)" name="check_the_proportion_ci__functions_work"/>
    <testcase time="0" classname="character(0)" name="check_the_proportion_ci__functions_work"/>
    <testcase time="0.000999999999997669" classname="character(0)" name="check_the_proportion_ci__functions_work"/>
    <testcase time="0" classname="character(0)" name="check_the_proportion_ci__functions_work"/>
    <testcase time="0.00100000000000477" classname="character(0)" name="check_the_proportion_ci__functions_work"/>
    <testcase time="0.000999999999997669" classname="character(0)" name="check_the_proportion_ci__functions_work"/>
    <testcase time="0" classname="character(0)" name="check_the_proportion_ci__functions_work"/>
    <testcase time="0.000999999999997669" classname="character(0)" name="check_the_proportion_ci__functions_work"/>
    <testcase time="0" classname="character(0)" name="check_the_proportion_ci__functions_work"/>
    <testcase time="0.00100000000000477" classname="character(0)" name="check_the_proportion_ci__functions_work"/>
    <testcase time="0.000999999999997669" classname="character(0)" name="check_the_proportion_ci__functions_work"/>
    <testcase time="0" classname="character(0)" name="check_the_proportion_ci__functions_work"/>
    <testcase time="0.000999999999997669" classname="character(0)" name="check_the_proportion_ci__functions_work"/>
    <testcase time="0.00100000000000477" classname="character(0)" name="check_the_proportion_ci__functions_work"/>
    <testcase time="0" classname="character(0)" name="check_the_proportion_ci__functions_work"/>
    <testcase time="0.000999999999997669" classname="character(0)" name="check_the_proportion_ci__functions_work"/>
  </testsuite>
  <testsuite name="proportion_ci" timestamp="2025-08-18T15:01:30Z" hostname="cb0956403d36" tests="10" skipped="0" failures="0" errors="0" time="0.007">
    <testcase time="0.00199999999999534" classname="character(0)" name="check_the_proportion_ci_strat_wilson_function_works"/>
    <testcase time="0.00100000000000477" classname="character(0)" name="check_the_proportion_ci_strat_wilson_function_works"/>
    <testcase time="0" classname="character(0)" name="check_the_proportion_ci_strat_wilson_function_works"/>
    <testcase time="0.000999999999997669" classname="character(0)" name="check_the_proportion_ci_strat_wilson_function_works"/>
    <testcase time="0" classname="character(0)" name="check_the_proportion_ci_strat_wilson_function_works"/>
    <testcase time="0.000999999999997669" classname="character(0)" name="check_the_proportion_ci_strat_wilson_function_works"/>
    <testcase time="0" classname="character(0)" name="check_the_proportion_ci_strat_wilson_function_works"/>
    <testcase time="0.00100000000000477" classname="character(0)" name="check_the_proportion_ci_strat_wilson_function_works"/>
    <testcase time="0.000999999999997669" classname="character(0)" name="check_the_proportion_ci_strat_wilson_function_works"/>
    <testcase time="0" classname="character(0)" name="check_the_proportion_ci_strat_wilson_function_works"/>
  </testsuite>
  <testsuite name="ard_summary.survey.design" timestamp="2025-08-18T15:01:59Z" hostname="cb0956403d36" tests="12" skipped="0" failures="0" errors="0" time="28.481">
    <testcase time="28.475" classname="character(0)" name="unstratified_ard_summary.survey.design_works"/>
    <testcase time="0.00100000000000477" classname="character(0)" name="unstratified_ard_summary.survey.design_works"/>
    <testcase time="0" classname="character(0)" name="unstratified_ard_summary.survey.design_works"/>
    <testcase time="0.000999999999990564" classname="character(0)" name="unstratified_ard_summary.survey.design_works"/>
    <testcase time="0" classname="character(0)" name="unstratified_ard_summary.survey.design_works"/>
    <testcase time="0.00100000000000477" classname="character(0)" name="unstratified_ard_summary.survey.design_works"/>
    <testcase time="0" classname="character(0)" name="unstratified_ard_summary.survey.design_works"/>
    <testcase time="0.00100000000000477" classname="character(0)" name="unstratified_ard_summary.survey.design_works"/>
    <testcase time="0" classname="character(0)" name="unstratified_ard_summary.survey.design_works"/>
    <testcase time="0.000999999999990564" classname="character(0)" name="unstratified_ard_summary.survey.design_works"/>
    <testcase time="0.00100000000000477" classname="character(0)" name="unstratified_ard_summary.survey.design_works"/>
    <testcase time="0" classname="character(0)" name="unstratified_ard_summary.survey.design_works"/>
  </testsuite>
  <testsuite name="ard_summary.survey.design" timestamp="2025-08-18T15:01:59Z" hostname="cb0956403d36" tests="11" skipped="0" failures="0" errors="0" time="0.007">
    <testcase time="0.00199999999999534" classname="character(0)" name="stratified_ard_summary.survey.design_works"/>
    <testcase time="0.00100000000000477" classname="character(0)" name="stratified_ard_summary.survey.design_works"/>
    <testcase time="0" classname="character(0)" name="stratified_ard_summary.survey.design_works"/>
    <testcase time="0.00100000000000477" classname="character(0)" name="stratified_ard_summary.survey.design_works"/>
    <testcase time="0" classname="character(0)" name="stratified_ard_summary.survey.design_works"/>
    <testcase time="0.000999999999990564" classname="character(0)" name="stratified_ard_summary.survey.design_works"/>
    <testcase time="0" classname="character(0)" name="stratified_ard_summary.survey.design_works"/>
    <testcase time="0" classname="character(0)" name="stratified_ard_summary.survey.design_works"/>
    <testcase time="0.00100000000000477" classname="character(0)" name="stratified_ard_summary.survey.design_works"/>
    <testcase time="0" classname="character(0)" name="stratified_ard_summary.survey.design_works"/>
    <testcase time="0.000999999999990564" classname="character(0)" name="stratified_ard_summary.survey.design_works"/>
  </testsuite>
  <testsuite name="ard_summary.survey.design" timestamp="2025-08-18T15:01:59Z" hostname="cb0956403d36" tests="4" skipped="0" failures="0" errors="0" time="0.003">
    <testcase time="0.00200000000000955" classname="character(0)" name="ard_summary.survey.design_NA_handling"/>
    <testcase time="0" classname="character(0)" name="ard_summary.survey.design_NA_handling"/>
    <testcase time="0.000999999999990564" classname="character(0)" name="ard_summary.survey.design_NA_handling"/>
    <testcase time="0" classname="character(0)" name="ard_summary.survey.design_NA_handling"/>
  </testsuite>
  <testsuite name="ard_summary.survey.design" timestamp="2025-08-18T15:01:59Z" hostname="cb0956403d36" tests="2" skipped="0" failures="0" errors="0" time="0.003">
    <testcase time="0.00200000000000955" classname="character(0)" name="ard_summary.survey.design_error_handling"/>
    <testcase time="0.000999999999990564" classname="character(0)" name="ard_summary.survey.design_error_handling"/>
  </testsuite>
  <testsuite name="ard_summary.survey.design" timestamp="2025-08-18T15:01:59Z" hostname="cb0956403d36" tests="1" skipped="0" failures="0" errors="0" time="0.002">
    <testcase time="0.00200000000000955" classname="character(0)" name="ard_summary.survey.design_fmt_fun_"/>
  </testsuite>
  <testsuite name="ard_summary.survey.design" timestamp="2025-08-18T15:01:59Z" hostname="cb0956403d36" tests="1" skipped="0" failures="0" errors="0" time="0.002">
    <testcase time="0.00199999999999534" classname="character(0)" name="ard_summary.survey.design_stat_label_"/>
  </testsuite>
  <testsuite name="ard_summary.survey.design" timestamp="2025-08-18T15:01:59Z" hostname="cb0956403d36" tests="2" skipped="0" failures="0" errors="0" time="0.003">
    <testcase time="0.00199999999999534" classname="character(0)" name="ard_summary.survey.design_by_unobserved_levels_combinations"/>
    <testcase time="0.00100000000000477" classname="character(0)" name="ard_summary.survey.design_by_unobserved_levels_combinations"/>
  </testsuite>
  <testsuite name="ard_summary.survey.design" timestamp="2025-08-18T15:01:59Z" hostname="cb0956403d36" tests="19" skipped="0" failures="0" errors="0" time="0.012">
    <testcase time="0.00199999999999534" classname="character(0)" name="ard_summary.survey.design_works_when_using_generic_names_"/>
    <testcase time="0" classname="character(0)" name="ard_summary.survey.design_works_when_using_generic_names_"/>
    <testcase time="0.00100000000000477" classname="character(0)" name="ard_summary.survey.design_works_when_using_generic_names_"/>
    <testcase time="0" classname="character(0)" name="ard_summary.survey.design_works_when_using_generic_names_"/>
    <testcase time="0.00100000000000477" classname="character(0)" name="ard_summary.survey.design_works_when_using_generic_names_"/>
    <testcase time="0" classname="character(0)" name="ard_summary.survey.design_works_when_using_generic_names_"/>
    <testcase time="0.000999999999990564" classname="character(0)" name="ard_summary.survey.design_works_when_using_generic_names_"/>
    <testcase time="0.00100000000000477" classname="character(0)" name="ard_summary.survey.design_works_when_using_generic_names_"/>
    <testcase time="0" classname="character(0)" name="ard_summary.survey.design_works_when_using_generic_names_"/>
    <testcase time="0.00100000000000477" classname="character(0)" name="ard_summary.survey.design_works_when_using_generic_names_"/>
    <testcase time="0" classname="character(0)" name="ard_summary.survey.design_works_when_using_generic_names_"/>
    <testcase time="0.000999999999990564" classname="character(0)" name="ard_summary.survey.design_works_when_using_generic_names_"/>
    <testcase time="0" classname="character(0)" name="ard_summary.survey.design_works_when_using_generic_names_"/>
    <testcase time="0.00100000000000477" classname="character(0)" name="ard_summary.survey.design_works_when_using_generic_names_"/>
    <testcase time="0" classname="character(0)" name="ard_summary.survey.design_works_when_using_generic_names_"/>
    <testcase time="0.00100000000000477" classname="character(0)" name="ard_summary.survey.design_works_when_using_generic_names_"/>
    <testcase time="0.000999999999990564" classname="character(0)" name="ard_summary.survey.design_works_when_using_generic_names_"/>
    <testcase time="0" classname="character(0)" name="ard_summary.survey.design_works_when_using_generic_names_"/>
    <testcase time="0.00100000000000477" classname="character(0)" name="ard_summary.survey.design_works_when_using_generic_names_"/>
  </testsuite>
  <testsuite name="ard_summary.survey.design" timestamp="2025-08-18T15:01:59Z" hostname="cb0956403d36" tests="1" skipped="0" failures="0" errors="0" time="0.005">
    <testcase time="0.00499999999999545" classname="character(0)" name="ard_summary.survey.design_follows_ard_structure"/>
  </testsuite>
  <testsuite name="ard_summary.survey.design" timestamp="2025-08-18T15:01:59Z" hostname="cb0956403d36" tests="4" skipped="0" failures="0" errors="0" time="0.003">
    <testcase time="0.00200000000000955" classname="character(0)" name="ard_summary.survey.design_original_types_are_retained"/>
    <testcase time="0" classname="character(0)" name="ard_summary.survey.design_original_types_are_retained"/>
    <testcase time="0.000999999999990564" classname="character(0)" name="ard_summary.survey.design_original_types_are_retained"/>
    <testcase time="0" classname="character(0)" name="ard_summary.survey.design_original_types_are_retained"/>
  </testsuite>
</testsuites>
