<?xml version="1.0" encoding="UTF-8"?>
<testsuites>
  <testsuite name="ard_fishertest" timestamp="2024-02-22T02:15:03Z" hostname="384bf8769cc4" tests="2" skipped="0" failures="0" errors="0" time="0.766">
    <testcase time="0.749" classname="character(0)" name="ard_fishertest_works"/>
    <testcase time="0.0169999999999999" classname="character(0)" name="ard_fishertest_works"/>
  </testsuite>
  <testsuite name="ard_chisqtest" timestamp="2024-02-22T02:15:03Z" hostname="384bf8769cc4" tests="2" skipped="0" failures="0" errors="0" time="0.171">
    <testcase time="0.17" classname="character(0)" name="ard_chisqtest_works"/>
    <testcase time="0.00100000000000011" classname="character(0)" name="ard_chisqtest_works"/>
  </testsuite>
  <testsuite name="ard_chisqtest" timestamp="2024-02-22T02:15:03Z" hostname="384bf8769cc4" tests="1" skipped="1" failures="0" errors="0" time="0.011">
    <testcase time="0.0109999999999999" classname="character(0)" name="shuffle_ard_fills_missing_group_levels_if_the_group_is_meaningful">
      <skipped message="Reason: On CRAN ('test-ard_chisqtest.R:23:3')"/>
    </testcase>
  </testsuite>
  <testsuite name="ard_kruskaltest" timestamp="2024-02-22T02:15:03Z" hostname="384bf8769cc4" tests="3" skipped="1" failures="0" errors="0" time="0.033">
    <testcase time="0.032" classname="character(0)" name="ard_kurskaltest_works"/>
    <testcase time="0" classname="character(0)" name="ard_kurskaltest_works"/>
    <testcase time="0.00100000000000011" classname="character(0)" name="ard_kurskaltest_works">
      <skipped message="Reason: On CRAN ('test-ard_kruskaltest.R:20:3')"/>
    </testcase>
  </testsuite>
  <testsuite name="ard_moodtest" timestamp="2024-02-22T02:15:04Z" hostname="384bf8769cc4" tests="3" skipped="1" failures="0" errors="0" time="0.153">
    <testcase time="0.152" classname="character(0)" name="ard_moodtest_works"/>
    <testcase time="0" classname="character(0)" name="ard_moodtest_works"/>
    <testcase time="0.00100000000000011" classname="character(0)" name="ard_moodtest_works">
      <skipped message="Reason: On CRAN ('test-ard_moodtest.R:20:3')"/>
    </testcase>
  </testsuite>
  <testsuite name="ard_mcnemartest" timestamp="2024-02-22T02:15:04Z" hostname="384bf8769cc4" tests="4" skipped="0" failures="0" errors="0" time="0.029">
    <testcase time="0.026" classname="character(0)" name="ard_mcnemartest_works"/>
    <testcase time="0.00099999999999989" classname="character(0)" name="ard_mcnemartest_works"/>
    <testcase time="0.00100000000000011" classname="character(0)" name="ard_mcnemartest_works"/>
    <testcase time="0.00099999999999989" classname="character(0)" name="ard_mcnemartest_works"/>
  </testsuite>
  <testsuite name="ard_proportion_ci" timestamp="2024-02-22T02:15:04Z" hostname="384bf8769cc4" tests="1" skipped="0" failures="0" errors="0" time="0.436">
    <testcase time="0.436" classname="character(0)" name="ard_proportion_ci_works"/>
  </testsuite>
  <testsuite name="ard_proportion_ci" timestamp="2024-02-22T02:15:04Z" hostname="384bf8769cc4" tests="2" skipped="1" failures="0" errors="0" time="0.001">
    <testcase time="0.00099999999999989" classname="character(0)" name="ard_proportion_ci_method_strat_wilson_works"/>
    <testcase time="0" classname="character(0)" name="ard_proportion_ci_method_strat_wilson_works">
      <skipped message="Reason: On CRAN ('test-ard_proportion_ci.R:50:3')"/>
    </testcase>
  </testsuite>
  <testsuite name="ard_regression" timestamp="2024-02-22T02:15:05Z" hostname="384bf8769cc4" tests="1" skipped="1" failures="0" errors="0" time="0.381">
    <testcase time="0.381" classname="character(0)" name="ard_regression_works">
      <skipped message="Reason: On CRAN ('test-ard_regression.R:2:3')"/>
    </testcase>
  </testsuite>
  <testsuite name="ard_ttest" timestamp="2024-02-22T02:15:05Z" hostname="384bf8769cc4" tests="3" skipped="1" failures="0" errors="0" time="0.338">
    <testcase time="0.337" classname="character(0)" name="ard_ttest_works"/>
    <testcase time="0" classname="character(0)" name="ard_ttest_works"/>
    <testcase time="0.00099999999999989" classname="character(0)" name="ard_ttest_works">
      <skipped message="Reason: On CRAN ('test-ard_ttest.R:25:3')"/>
    </testcase>
  </testsuite>
  <testsuite name="ard_ttest" timestamp="2024-02-22T02:15:05Z" hostname="384bf8769cc4" tests="3" skipped="1" failures="0" errors="0" time="0.023">
    <testcase time="0.0209999999999999" classname="character(0)" name="ard_paired_ttest_works"/>
    <testcase time="0.00099999999999989" classname="character(0)" name="ard_paired_ttest_works"/>
    <testcase time="0.00100000000000033" classname="character(0)" name="ard_paired_ttest_works">
      <skipped message="Reason: On CRAN ('test-ard_ttest.R:70:3')"/>
    </testcase>
  </testsuite>
  <testsuite name="ard_wilcoxtest" timestamp="2024-02-22T02:15:05Z" hostname="384bf8769cc4" tests="2" skipped="0" failures="1" errors="1" time="0.179">
    <testcase time="0.155" classname="character(0)" name="ard_wilcoxtest_works">
      <failure type="failure" message="`... &lt;- NULL` threw an unexpected error. ('test-ard_wilcoxtest.R:2:3')">`... &lt;- NULL` threw an unexpected error.
Message: non-interactive browser() -- left over from debugging?
Class:   simpleError/error/condition
Backtrace:
    ▆
 1. ├─testthat::expect_error(...) at test-ard_wilcoxtest.R:2:3
 2. │ └─testthat:::expect_condition_matching(...)
 3. │   └─testthat:::quasi_capture(...)
 4. │     ├─testthat (local) .capture(...)
 5. │     │ └─base::withCallingHandlers(...)
 6. │     └─rlang::eval_bare(quo_get_expr(.quo), quo_get_env(.quo))
 7. └─cardx::ard_wilcoxtest(...)</failure>
    </testcase>
    <testcase time="0.024" classname="character(0)" name="ard_wilcoxtest_works">
      <error type="error" message="Error in `UseMethod(&quot;filter&quot;)`: no applicable method for 'filter' applied to an object of class &quot;function&quot; ('test-ard_wilcoxtest.R:10:3')">Error in `UseMethod("filter")`: no applicable method for 'filter' applied to an object of class "function"
Backtrace:
    ▆
 1. ├─testthat::expect_equal(...) at test-ard_wilcoxtest.R:10:3
 2. │ └─testthat::quasi_label(enquo(object), label, arg = "object")
 3. │   └─rlang::eval_bare(expr, quo_get_env(quo))
 4. └─cards::get_ard_statistics(...)
 5.   └─dplyr::filter(x, ...)</error>
    </testcase>
  </testsuite>
  <testsuite name="ard_wilcoxtest" timestamp="2024-02-22T02:15:05Z" hostname="384bf8769cc4" tests="2" skipped="0" failures="1" errors="1" time="0.033">
    <testcase time="0.0169999999999999" classname="character(0)" name="ard_paired_wilcoxtest_works">
      <failure type="failure" message="`... &lt;- NULL` threw an unexpected error. ('test-ard_wilcoxtest.R:41:3')">`... &lt;- NULL` threw an unexpected error.
Message: non-interactive browser() -- left over from debugging?
Class:   simpleError/error/condition
Backtrace:
    ▆
 1. ├─testthat::expect_error(...) at test-ard_wilcoxtest.R:41:3
 2. │ └─testthat:::expect_condition_matching(...)
 3. │   └─testthat:::quasi_capture(...)
 4. │     ├─testthat (local) .capture(...)
 5. │     │ └─base::withCallingHandlers(...)
 6. │     └─rlang::eval_bare(quo_get_expr(.quo), quo_get_env(.quo))
 7. └─cardx::ard_paired_wilcoxtest(...)
 8.   └─cardx:::.format_wilcoxtest_results(...)</failure>
    </testcase>
    <testcase time="0.016" classname="character(0)" name="ard_paired_wilcoxtest_works">
      <error type="error" message="Error in `UseMethod(&quot;filter&quot;)`: no applicable method for 'filter' applied to an object of class &quot;function&quot; ('test-ard_wilcoxtest.R:51:3')">Error in `UseMethod("filter")`: no applicable method for 'filter' applied to an object of class "function"
Backtrace:
    ▆
 1. ├─testthat::expect_equal(...) at test-ard_wilcoxtest.R:51:3
 2. │ └─testthat::quasi_label(enquo(object), label, arg = "object")
 3. │   └─rlang::eval_bare(expr, quo_get_env(quo))
 4. └─cards::get_ard_statistics(...)
 5.   └─dplyr::filter(x, ...)</error>
    </testcase>
  </testsuite>
  <testsuite name="ard_survfit" timestamp="2024-02-22T02:15:05Z" hostname="384bf8769cc4" tests="1" skipped="0" failures="0" errors="1" time="0.028">
    <testcase time="0.028" classname="character(0)" name="ard_survfit_works_with_times_provided">
      <error type="error" message="Error in `survfit(Surv(AVAL, CNSR) ~ TRTA, cards::ADTTE)`: could not find function &quot;survfit&quot; ('test-ard_survfit.R:2:3')">Error in `survfit(Surv(AVAL, CNSR) ~ TRTA, cards::ADTTE)`: could not find function "survfit"
Backtrace:
    ▆
 1. └─testthat::expect_snapshot(...) at test-ard_survfit.R:2:3
 2.   └─rlang::cnd_signal(state$error)</error>
    </testcase>
  </testsuite>
  <testsuite name="ard_survfit" timestamp="2024-02-22T02:15:05Z" hostname="384bf8769cc4" tests="1" skipped="0" failures="0" errors="1" time="0.02">
    <testcase time="0.02" classname="character(0)" name="ard_survfit_works_with_probs_provided">
      <error type="error" message="Error in `survfit(Surv(AVAL, CNSR) ~ TRTA, cards::ADTTE)`: could not find function &quot;survfit&quot; ('test-ard_survfit.R:13:3')">Error in `survfit(Surv(AVAL, CNSR) ~ TRTA, cards::ADTTE)`: could not find function "survfit"
Backtrace:
    ▆
 1. └─testthat::expect_snapshot(...) at test-ard_survfit.R:13:3
 2.   └─rlang::cnd_signal(state$error)</error>
    </testcase>
  </testsuite>
  <testsuite name="proportion_ci" timestamp="2024-02-22T02:15:05Z" hostname="384bf8769cc4" tests="1" skipped="1" failures="0" errors="0" time="0.082">
    <testcase time="0.0820000000000003" classname="character(0)" name="check_the_proportion_ci__functions_work">
      <skipped message="Reason: On CRAN ('test-proportion_ci.R:10:3')"/>
    </testcase>
  </testsuite>
  <testsuite name="proportion_ci" timestamp="2024-02-22T02:15:05Z" hostname="384bf8769cc4" tests="1" skipped="1" failures="0" errors="0" time="0.01">
    <testcase time="0.00999999999999979" classname="character(0)" name="check_the_proportion_ci_strat_wilson_function_works">
      <skipped message="Reason: On CRAN ('test-proportion_ci.R:136:3')"/>
    </testcase>
  </testsuite>
</testsuites>
