<?xml version="1.0" encoding="UTF-8"?>
<!DOCTYPE coverage SYSTEM "https://raw.githubusercontent.com/cobertura/cobertura/master/cobertura/src/site/htdocs/xml/coverage-04.dtd">
<coverage line-rate="0.977199649225373" branch-rate="0" lines-covered="3343" lines-valid="3421" branches-covered="0" branches-valid="0" complexity="0" version="3.6.4" timestamp="2024-10-09 11:45:54.694206">
  <sources>
    <source>/__w/cardx/cardx/cardx</source>
  </sources>
  <packages>
    <package name="cardx" line-rate="0.977199649225373" branch-rate="0" complexity="0">
      <classes>
        <class name="add_total_n.survey.design.R" filename="R/add_total_n.survey.design.R" line-rate="1" branch-rate="0" complexity="0">
          <methods>
            <method name="ard_total_n.survey.design" signature="" line-rate="1" branch-rate="0" complexity="0">
              <lines>
                <line number="18" hits="2" branch="false"/>
                <line number="19" hits="2" branch="false"/>
                <line number="22" hits="2" branch="false"/>
                <line number="23" hits="2" branch="false"/>
                <line number="24" hits="2" branch="false"/>
                <line number="26" hits="2" branch="false"/>
                <line number="27" hits="2" branch="false"/>
                <line number="28" hits="2" branch="false"/>
                <line number="29" hits="2" branch="false"/>
                <line number="30" hits="2" branch="false"/>
                <line number="31" hits="2" branch="false"/>
                <line number="32" hits="2" branch="false"/>
              </lines>
            </method>
          </methods>
          <lines>
            <line number="18" hits="2" branch="false"/>
            <line number="19" hits="2" branch="false"/>
            <line number="22" hits="2" branch="false"/>
            <line number="23" hits="2" branch="false"/>
            <line number="24" hits="2" branch="false"/>
            <line number="26" hits="2" branch="false"/>
            <line number="27" hits="2" branch="false"/>
            <line number="28" hits="2" branch="false"/>
            <line number="29" hits="2" branch="false"/>
            <line number="30" hits="2" branch="false"/>
            <line number="31" hits="2" branch="false"/>
            <line number="32" hits="2" branch="false"/>
          </lines>
        </class>
        <class name="ard_aod_wald_test.R" filename="R/ard_aod_wald_test.R" line-rate="0.896103896103896" branch-rate="0" complexity="0">
          <methods>
            <method name="ard_aod_wald_test" signature="" line-rate="0.89041095890411" branch-rate="0" complexity="0">
              <lines>
                <line number="18" hits="3" branch="false"/>
                <line number="21" hits="3" branch="false"/>
                <line number="24" hits="3" branch="false"/>
                <line number="27" hits="3" branch="false"/>
                <line number="28" hits="3" branch="false"/>
                <line number="29" hits="3" branch="false"/>
                <line number="30" hits="3" branch="false"/>
                <line number="31" hits="3" branch="false"/>
                <line number="32" hits="3" branch="false"/>
                <line number="33" hits="3" branch="false"/>
                <line number="34" hits="3" branch="false"/>
                <line number="35" hits="3" branch="false"/>
                <line number="37" hits="3" branch="false"/>
                <line number="38" hits="0" branch="false"/>
                <line number="39" hits="0" branch="false"/>
                <line number="40" hits="0" branch="false"/>
                <line number="41" hits="0" branch="false"/>
                <line number="42" hits="0" branch="false"/>
                <line number="43" hits="0" branch="false"/>
                <line number="45" hits="3" branch="false"/>
                <line number="46" hits="3" branch="false"/>
                <line number="47" hits="3" branch="false"/>
                <line number="48" hits="3" branch="false"/>
                <line number="49" hits="3" branch="false"/>
                <line number="50" hits="3" branch="false"/>
                <line number="51" hits="3" branch="false"/>
                <line number="52" hits="3" branch="false"/>
                <line number="53" hits="3" branch="false"/>
                <line number="54" hits="3" branch="false"/>
                <line number="55" hits="3" branch="false"/>
                <line number="56" hits="3" branch="false"/>
                <line number="57" hits="3" branch="false"/>
                <line number="59" hits="2" branch="false"/>
                <line number="60" hits="2" branch="false"/>
                <line number="61" hits="2" branch="false"/>
                <line number="62" hits="2" branch="false"/>
                <line number="63" hits="2" branch="false"/>
                <line number="64" hits="2" branch="false"/>
                <line number="65" hits="2" branch="false"/>
                <line number="68" hits="2" branch="false"/>
                <line number="70" hits="2" branch="false"/>
                <line number="71" hits="2" branch="false"/>
                <line number="72" hits="2" branch="false"/>
                <line number="73" hits="2" branch="false"/>
                <line number="74" hits="2" branch="false"/>
                <line number="75" hits="2" branch="false"/>
                <line number="76" hits="2" branch="false"/>
                <line number="77" hits="2" branch="false"/>
                <line number="78" hits="2" branch="false"/>
                <line number="79" hits="2" branch="false"/>
                <line number="80" hits="2" branch="false"/>
                <line number="81" hits="2" branch="false"/>
                <line number="82" hits="2" branch="false"/>
                <line number="83" hits="2" branch="false"/>
                <line number="84" hits="2" branch="false"/>
                <line number="85" hits="2" branch="false"/>
                <line number="86" hits="2" branch="false"/>
                <line number="87" hits="2" branch="false"/>
                <line number="88" hits="2" branch="false"/>
                <line number="89" hits="2" branch="false"/>
                <line number="90" hits="2" branch="false"/>
                <line number="91" hits="2" branch="false"/>
                <line number="93" hits="0" branch="false"/>
                <line number="94" hits="2" branch="false"/>
                <line number="96" hits="0" branch="false"/>
                <line number="97" hits="2" branch="false"/>
                <line number="98" hits="2" branch="false"/>
                <line number="99" hits="2" branch="false"/>
                <line number="100" hits="2" branch="false"/>
                <line number="101" hits="2" branch="false"/>
                <line number="102" hits="2" branch="false"/>
                <line number="103" hits="2" branch="false"/>
                <line number="104" hits="2" branch="false"/>
              </lines>
            </method>
            <method name=".extract_wald_results" signature="" line-rate="1" branch-rate="0" complexity="0">
              <lines>
                <line number="114" hits="4" branch="false"/>
                <line number="115" hits="4" branch="false"/>
                <line number="116" hits="4" branch="false"/>
                <line number="117" hits="4" branch="false"/>
              </lines>
            </method>
          </methods>
          <lines>
            <line number="18" hits="3" branch="false"/>
            <line number="21" hits="3" branch="false"/>
            <line number="24" hits="3" branch="false"/>
            <line number="27" hits="3" branch="false"/>
            <line number="28" hits="3" branch="false"/>
            <line number="29" hits="3" branch="false"/>
            <line number="30" hits="3" branch="false"/>
            <line number="31" hits="3" branch="false"/>
            <line number="32" hits="3" branch="false"/>
            <line number="33" hits="3" branch="false"/>
            <line number="34" hits="3" branch="false"/>
            <line number="35" hits="3" branch="false"/>
            <line number="37" hits="3" branch="false"/>
            <line number="38" hits="0" branch="false"/>
            <line number="39" hits="0" branch="false"/>
            <line number="40" hits="0" branch="false"/>
            <line number="41" hits="0" branch="false"/>
            <line number="42" hits="0" branch="false"/>
            <line number="43" hits="0" branch="false"/>
            <line number="45" hits="3" branch="false"/>
            <line number="46" hits="3" branch="false"/>
            <line number="47" hits="3" branch="false"/>
            <line number="48" hits="3" branch="false"/>
            <line number="49" hits="3" branch="false"/>
            <line number="50" hits="3" branch="false"/>
            <line number="51" hits="3" branch="false"/>
            <line number="52" hits="3" branch="false"/>
            <line number="53" hits="3" branch="false"/>
            <line number="54" hits="3" branch="false"/>
            <line number="55" hits="3" branch="false"/>
            <line number="56" hits="3" branch="false"/>
            <line number="57" hits="3" branch="false"/>
            <line number="59" hits="2" branch="false"/>
            <line number="60" hits="2" branch="false"/>
            <line number="61" hits="2" branch="false"/>
            <line number="62" hits="2" branch="false"/>
            <line number="63" hits="2" branch="false"/>
            <line number="64" hits="2" branch="false"/>
            <line number="65" hits="2" branch="false"/>
            <line number="68" hits="2" branch="false"/>
            <line number="70" hits="2" branch="false"/>
            <line number="71" hits="2" branch="false"/>
            <line number="72" hits="2" branch="false"/>
            <line number="73" hits="2" branch="false"/>
            <line number="74" hits="2" branch="false"/>
            <line number="75" hits="2" branch="false"/>
            <line number="76" hits="2" branch="false"/>
            <line number="77" hits="2" branch="false"/>
            <line number="78" hits="2" branch="false"/>
            <line number="79" hits="2" branch="false"/>
            <line number="80" hits="2" branch="false"/>
            <line number="81" hits="2" branch="false"/>
            <line number="82" hits="2" branch="false"/>
            <line number="83" hits="2" branch="false"/>
            <line number="84" hits="2" branch="false"/>
            <line number="85" hits="2" branch="false"/>
            <line number="86" hits="2" branch="false"/>
            <line number="87" hits="2" branch="false"/>
            <line number="88" hits="2" branch="false"/>
            <line number="89" hits="2" branch="false"/>
            <line number="90" hits="2" branch="false"/>
            <line number="91" hits="2" branch="false"/>
            <line number="93" hits="0" branch="false"/>
            <line number="94" hits="2" branch="false"/>
            <line number="96" hits="0" branch="false"/>
            <line number="97" hits="2" branch="false"/>
            <line number="98" hits="2" branch="false"/>
            <line number="99" hits="2" branch="false"/>
            <line number="100" hits="2" branch="false"/>
            <line number="101" hits="2" branch="false"/>
            <line number="102" hits="2" branch="false"/>
            <line number="103" hits="2" branch="false"/>
            <line number="104" hits="2" branch="false"/>
            <line number="114" hits="4" branch="false"/>
            <line number="115" hits="4" branch="false"/>
            <line number="116" hits="4" branch="false"/>
            <line number="117" hits="4" branch="false"/>
          </lines>
        </class>
        <class name="ard_attributes.survey.design.R" filename="R/ard_attributes.survey.design.R" line-rate="1" branch-rate="0" complexity="0">
          <methods>
            <method name="ard_attributes.survey.design" signature="" line-rate="1" branch-rate="0" complexity="0">
              <lines>
                <line number="34" hits="1" branch="false"/>
                <line number="36" hits="1" branch="false"/>
              </lines>
            </method>
          </methods>
          <lines>
            <line number="34" hits="1" branch="false"/>
            <line number="36" hits="1" branch="false"/>
          </lines>
        </class>
        <class name="ard_car_anova.R" filename="R/ard_car_anova.R" line-rate="0.955555555555556" branch-rate="0" complexity="0">
          <methods>
            <method name="ard_car_anova" signature="" line-rate="0.955555555555556" branch-rate="0" complexity="0">
              <lines>
                <line number="18" hits="3" branch="false"/>
                <line number="21" hits="3" branch="false"/>
                <line number="24" hits="3" branch="false"/>
                <line number="27" hits="3" branch="false"/>
                <line number="29" hits="3" branch="false"/>
                <line number="30" hits="1" branch="false"/>
                <line number="31" hits="1" branch="false"/>
                <line number="32" hits="1" branch="false"/>
                <line number="33" hits="1" branch="false"/>
                <line number="34" hits="1" branch="false"/>
                <line number="35" hits="1" branch="false"/>
                <line number="36" hits="1" branch="false"/>
                <line number="39" hits="2" branch="false"/>
                <line number="40" hits="2" branch="false"/>
                <line number="41" hits="2" branch="false"/>
                <line number="42" hits="2" branch="false"/>
                <line number="43" hits="2" branch="false"/>
                <line number="44" hits="2" branch="false"/>
                <line number="45" hits="2" branch="false"/>
                <line number="46" hits="2" branch="false"/>
                <line number="47" hits="2" branch="false"/>
                <line number="48" hits="2" branch="false"/>
                <line number="49" hits="2" branch="false"/>
                <line number="50" hits="2" branch="false"/>
                <line number="51" hits="2" branch="false"/>
                <line number="52" hits="2" branch="false"/>
                <line number="53" hits="2" branch="false"/>
                <line number="54" hits="2" branch="false"/>
                <line number="55" hits="2" branch="false"/>
                <line number="56" hits="2" branch="false"/>
                <line number="57" hits="2" branch="false"/>
                <line number="58" hits="2" branch="false"/>
                <line number="59" hits="2" branch="false"/>
                <line number="60" hits="2" branch="false"/>
                <line number="62" hits="0" branch="false"/>
                <line number="63" hits="2" branch="false"/>
                <line number="65" hits="0" branch="false"/>
                <line number="66" hits="2" branch="false"/>
                <line number="67" hits="2" branch="false"/>
                <line number="68" hits="2" branch="false"/>
                <line number="69" hits="2" branch="false"/>
                <line number="70" hits="2" branch="false"/>
                <line number="71" hits="2" branch="false"/>
                <line number="72" hits="2" branch="false"/>
                <line number="73" hits="2" branch="false"/>
              </lines>
            </method>
          </methods>
          <lines>
            <line number="18" hits="3" branch="false"/>
            <line number="21" hits="3" branch="false"/>
            <line number="24" hits="3" branch="false"/>
            <line number="27" hits="3" branch="false"/>
            <line number="29" hits="3" branch="false"/>
            <line number="30" hits="1" branch="false"/>
            <line number="31" hits="1" branch="false"/>
            <line number="32" hits="1" branch="false"/>
            <line number="33" hits="1" branch="false"/>
            <line number="34" hits="1" branch="false"/>
            <line number="35" hits="1" branch="false"/>
            <line number="36" hits="1" branch="false"/>
            <line number="39" hits="2" branch="false"/>
            <line number="40" hits="2" branch="false"/>
            <line number="41" hits="2" branch="false"/>
            <line number="42" hits="2" branch="false"/>
            <line number="43" hits="2" branch="false"/>
            <line number="44" hits="2" branch="false"/>
            <line number="45" hits="2" branch="false"/>
            <line number="46" hits="2" branch="false"/>
            <line number="47" hits="2" branch="false"/>
            <line number="48" hits="2" branch="false"/>
            <line number="49" hits="2" branch="false"/>
            <line number="50" hits="2" branch="false"/>
            <line number="51" hits="2" branch="false"/>
            <line number="52" hits="2" branch="false"/>
            <line number="53" hits="2" branch="false"/>
            <line number="54" hits="2" branch="false"/>
            <line number="55" hits="2" branch="false"/>
            <line number="56" hits="2" branch="false"/>
            <line number="57" hits="2" branch="false"/>
            <line number="58" hits="2" branch="false"/>
            <line number="59" hits="2" branch="false"/>
            <line number="60" hits="2" branch="false"/>
            <line number="62" hits="0" branch="false"/>
            <line number="63" hits="2" branch="false"/>
            <line number="65" hits="0" branch="false"/>
            <line number="66" hits="2" branch="false"/>
            <line number="67" hits="2" branch="false"/>
            <line number="68" hits="2" branch="false"/>
            <line number="69" hits="2" branch="false"/>
            <line number="70" hits="2" branch="false"/>
            <line number="71" hits="2" branch="false"/>
            <line number="72" hits="2" branch="false"/>
            <line number="73" hits="2" branch="false"/>
          </lines>
        </class>
        <class name="ard_car_vif.R" filename="R/ard_car_vif.R" line-rate="0.983870967741935" branch-rate="0" complexity="0">
          <methods>
            <method name="ard_car_vif" signature="" line-rate="0.983870967741935" branch-rate="0" complexity="0">
              <lines>
                <line number="21" hits="5" branch="false"/>
                <line number="24" hits="5" branch="false"/>
                <line number="27" hits="5" branch="false"/>
                <line number="29" hits="5" branch="false"/>
                <line number="32" hits="5" branch="false"/>
                <line number="34" hits="2" branch="false"/>
                <line number="36" hits="2" branch="false"/>
                <line number="37" hits="1" branch="false"/>
                <line number="38" hits="1" branch="false"/>
                <line number="39" hits="1" branch="false"/>
                <line number="40" hits="1" branch="false"/>
                <line number="42" hits="1" branch="false"/>
                <line number="43" hits="1" branch="false"/>
                <line number="44" hits="1" branch="false"/>
                <line number="45" hits="1" branch="false"/>
                <line number="46" hits="1" branch="false"/>
                <line number="47" hits="1" branch="false"/>
                <line number="48" hits="1" branch="false"/>
                <line number="51" hits="3" branch="false"/>
                <line number="52" hits="1" branch="false"/>
                <line number="55" hits="2" branch="false"/>
                <line number="56" hits="2" branch="false"/>
                <line number="57" hits="2" branch="false"/>
                <line number="58" hits="2" branch="false"/>
                <line number="59" hits="2" branch="false"/>
                <line number="60" hits="2" branch="false"/>
                <line number="61" hits="2" branch="false"/>
                <line number="62" hits="2" branch="false"/>
                <line number="63" hits="2" branch="false"/>
                <line number="64" hits="2" branch="false"/>
                <line number="68" hits="4" branch="false"/>
                <line number="69" hits="4" branch="false"/>
                <line number="70" hits="4" branch="false"/>
                <line number="71" hits="4" branch="false"/>
                <line number="72" hits="4" branch="false"/>
                <line number="73" hits="4" branch="false"/>
                <line number="74" hits="4" branch="false"/>
                <line number="75" hits="4" branch="false"/>
                <line number="76" hits="4" branch="false"/>
                <line number="77" hits="4" branch="false"/>
                <line number="78" hits="4" branch="false"/>
                <line number="79" hits="4" branch="false"/>
                <line number="80" hits="4" branch="false"/>
                <line number="81" hits="4" branch="false"/>
                <line number="82" hits="4" branch="false"/>
                <line number="83" hits="4" branch="false"/>
                <line number="84" hits="4" branch="false"/>
                <line number="85" hits="4" branch="false"/>
                <line number="87" hits="0" branch="false"/>
                <line number="88" hits="4" branch="false"/>
                <line number="90" hits="4" branch="false"/>
                <line number="91" hits="4" branch="false"/>
                <line number="92" hits="4" branch="false"/>
                <line number="93" hits="4" branch="false"/>
                <line number="96" hits="4" branch="false"/>
                <line number="97" hits="4" branch="false"/>
                <line number="98" hits="4" branch="false"/>
                <line number="99" hits="4" branch="false"/>
                <line number="100" hits="4" branch="false"/>
                <line number="103" hits="4" branch="false"/>
                <line number="104" hits="4" branch="false"/>
                <line number="105" hits="4" branch="false"/>
              </lines>
            </method>
          </methods>
          <lines>
            <line number="21" hits="5" branch="false"/>
            <line number="24" hits="5" branch="false"/>
            <line number="27" hits="5" branch="false"/>
            <line number="29" hits="5" branch="false"/>
            <line number="32" hits="5" branch="false"/>
            <line number="34" hits="2" branch="false"/>
            <line number="36" hits="2" branch="false"/>
            <line number="37" hits="1" branch="false"/>
            <line number="38" hits="1" branch="false"/>
            <line number="39" hits="1" branch="false"/>
            <line number="40" hits="1" branch="false"/>
            <line number="42" hits="1" branch="false"/>
            <line number="43" hits="1" branch="false"/>
            <line number="44" hits="1" branch="false"/>
            <line number="45" hits="1" branch="false"/>
            <line number="46" hits="1" branch="false"/>
            <line number="47" hits="1" branch="false"/>
            <line number="48" hits="1" branch="false"/>
            <line number="51" hits="3" branch="false"/>
            <line number="52" hits="1" branch="false"/>
            <line number="55" hits="2" branch="false"/>
            <line number="56" hits="2" branch="false"/>
            <line number="57" hits="2" branch="false"/>
            <line number="58" hits="2" branch="false"/>
            <line number="59" hits="2" branch="false"/>
            <line number="60" hits="2" branch="false"/>
            <line number="61" hits="2" branch="false"/>
            <line number="62" hits="2" branch="false"/>
            <line number="63" hits="2" branch="false"/>
            <line number="64" hits="2" branch="false"/>
            <line number="68" hits="4" branch="false"/>
            <line number="69" hits="4" branch="false"/>
            <line number="70" hits="4" branch="false"/>
            <line number="71" hits="4" branch="false"/>
            <line number="72" hits="4" branch="false"/>
            <line number="73" hits="4" branch="false"/>
            <line number="74" hits="4" branch="false"/>
            <line number="75" hits="4" branch="false"/>
            <line number="76" hits="4" branch="false"/>
            <line number="77" hits="4" branch="false"/>
            <line number="78" hits="4" branch="false"/>
            <line number="79" hits="4" branch="false"/>
            <line number="80" hits="4" branch="false"/>
            <line number="81" hits="4" branch="false"/>
            <line number="82" hits="4" branch="false"/>
            <line number="83" hits="4" branch="false"/>
            <line number="84" hits="4" branch="false"/>
            <line number="85" hits="4" branch="false"/>
            <line number="87" hits="0" branch="false"/>
            <line number="88" hits="4" branch="false"/>
            <line number="90" hits="4" branch="false"/>
            <line number="91" hits="4" branch="false"/>
            <line number="92" hits="4" branch="false"/>
            <line number="93" hits="4" branch="false"/>
            <line number="96" hits="4" branch="false"/>
            <line number="97" hits="4" branch="false"/>
            <line number="98" hits="4" branch="false"/>
            <line number="99" hits="4" branch="false"/>
            <line number="100" hits="4" branch="false"/>
            <line number="103" hits="4" branch="false"/>
            <line number="104" hits="4" branch="false"/>
            <line number="105" hits="4" branch="false"/>
          </lines>
        </class>
        <class name="ard_categorical_ci.R" filename="R/ard_categorical_ci.R" line-rate="0.989583333333333" branch-rate="0" complexity="0">
          <methods>
            <method name="ard_categorical_ci" signature="" line-rate="1" branch-rate="0" complexity="0">
              <lines>
                <line number="41" hits="25" branch="false"/>
                <line number="42" hits="25" branch="false"/>
              </lines>
            </method>
            <method name="ard_categorical_ci.data.frame" signature="" line-rate="0.975" branch-rate="0" complexity="0">
              <lines>
                <line number="62" hits="12" branch="false"/>
                <line number="63" hits="12" branch="false"/>
                <line number="66" hits="12" branch="false"/>
                <line number="69" hits="12" branch="false"/>
                <line number="70" hits="12" branch="false"/>
                <line number="71" hits="12" branch="false"/>
                <line number="72" hits="2" branch="false"/>
                <line number="73" hits="2" branch="false"/>
                <line number="75" hits="12" branch="false"/>
                <line number="76" hits="12" branch="false"/>
                <line number="77" hits="12" branch="false"/>
                <line number="78" hits="12" branch="false"/>
                <line number="79" hits="12" branch="false"/>
                <line number="82" hits="12" branch="false"/>
                <line number="83" hits="0" branch="false"/>
                <line number="87" hits="12" branch="false"/>
                <line number="88" hits="12" branch="false"/>
                <line number="89" hits="12" branch="false"/>
                <line number="90" hits="12" branch="false"/>
                <line number="92" hits="12" branch="false"/>
                <line number="93" hits="12" branch="false"/>
                <line number="94" hits="12" branch="false"/>
                <line number="95" hits="12" branch="false"/>
                <line number="96" hits="12" branch="false"/>
                <line number="97" hits="12" branch="false"/>
                <line number="98" hits="12" branch="false"/>
                <line number="99" hits="12" branch="false"/>
                <line number="100" hits="12" branch="false"/>
                <line number="101" hits="12" branch="false"/>
                <line number="103" hits="12" branch="false"/>
                <line number="104" hits="12" branch="false"/>
                <line number="105" hits="12" branch="false"/>
                <line number="106" hits="12" branch="false"/>
                <line number="107" hits="12" branch="false"/>
                <line number="108" hits="12" branch="false"/>
                <line number="110" hits="12" branch="false"/>
                <line number="111" hits="12" branch="false"/>
                <line number="112" hits="12" branch="false"/>
                <line number="113" hits="12" branch="false"/>
                <line number="114" hits="12" branch="false"/>
              </lines>
            </method>
            <method name=".calculate_ard_proportion" signature="" line-rate="1" branch-rate="0" complexity="0">
              <lines>
                <line number="118" hits="20" branch="false"/>
                <line number="119" hits="20" branch="false"/>
                <line number="120" hits="20" branch="false"/>
                <line number="121" hits="20" branch="false"/>
                <line number="122" hits="20" branch="false"/>
                <line number="123" hits="20" branch="false"/>
                <line number="124" hits="20" branch="false"/>
                <line number="125" hits="20" branch="false"/>
                <line number="126" hits="20" branch="false"/>
                <line number="127" hits="20" branch="false"/>
                <line number="128" hits="20" branch="false"/>
                <line number="129" hits="20" branch="false"/>
                <line number="130" hits="20" branch="false"/>
                <line number="131" hits="20" branch="false"/>
                <line number="132" hits="20" branch="false"/>
                <line number="133" hits="20" branch="false"/>
                <line number="134" hits="1" branch="false"/>
                <line number="135" hits="1" branch="false"/>
                <line number="136" hits="1" branch="false"/>
                <line number="137" hits="1" branch="false"/>
                <line number="138" hits="1" branch="false"/>
                <line number="139" hits="20" branch="false"/>
                <line number="140" hits="20" branch="false"/>
                <line number="141" hits="1" branch="false"/>
                <line number="142" hits="1" branch="false"/>
                <line number="143" hits="1" branch="false"/>
                <line number="144" hits="1" branch="false"/>
                <line number="145" hits="1" branch="false"/>
                <line number="146" hits="20" branch="false"/>
                <line number="147" hits="20" branch="false"/>
                <line number="148" hits="20" branch="false"/>
                <line number="149" hits="20" branch="false"/>
                <line number="150" hits="20" branch="false"/>
                <line number="151" hits="20" branch="false"/>
                <line number="152" hits="20" branch="false"/>
              </lines>
            </method>
            <method name=".unique_values_sort" signature="" line-rate="1" branch-rate="0" complexity="0">
              <lines>
                <line number="156" hits="250" branch="false"/>
                <line number="158" hits="250" branch="false"/>
                <line number="159" hits="250" branch="false"/>
                <line number="160" hits="250" branch="false"/>
                <line number="163" hits="250" branch="false"/>
                <line number="164" hits="1" branch="false"/>
                <line number="165" hits="1" branch="false"/>
                <line number="166" hits="1" branch="false"/>
                <line number="167" hits="1" branch="false"/>
                <line number="168" hits="1" branch="false"/>
                <line number="169" hits="1" branch="false"/>
                <line number="170" hits="1" branch="false"/>
                <line number="172" hits="250" branch="false"/>
                <line number="173" hits="19" branch="false"/>
                <line number="176" hits="250" branch="false"/>
              </lines>
            </method>
            <method name=".as_dummy" signature="" line-rate="1" branch-rate="0" complexity="0">
              <lines>
                <line number="181" hits="20" branch="false"/>
                <line number="182" hits="20" branch="false"/>
                <line number="183" hits="20" branch="false"/>
                <line number="184" hits="20" branch="false"/>
              </lines>
            </method>
          </methods>
          <lines>
            <line number="41" hits="25" branch="false"/>
            <line number="42" hits="25" branch="false"/>
            <line number="62" hits="12" branch="false"/>
            <line number="63" hits="12" branch="false"/>
            <line number="66" hits="12" branch="false"/>
            <line number="69" hits="12" branch="false"/>
            <line number="70" hits="12" branch="false"/>
            <line number="71" hits="12" branch="false"/>
            <line number="72" hits="2" branch="false"/>
            <line number="73" hits="2" branch="false"/>
            <line number="75" hits="12" branch="false"/>
            <line number="76" hits="12" branch="false"/>
            <line number="77" hits="12" branch="false"/>
            <line number="78" hits="12" branch="false"/>
            <line number="79" hits="12" branch="false"/>
            <line number="82" hits="12" branch="false"/>
            <line number="83" hits="0" branch="false"/>
            <line number="87" hits="12" branch="false"/>
            <line number="88" hits="12" branch="false"/>
            <line number="89" hits="12" branch="false"/>
            <line number="90" hits="12" branch="false"/>
            <line number="92" hits="12" branch="false"/>
            <line number="93" hits="12" branch="false"/>
            <line number="94" hits="12" branch="false"/>
            <line number="95" hits="12" branch="false"/>
            <line number="96" hits="12" branch="false"/>
            <line number="97" hits="12" branch="false"/>
            <line number="98" hits="12" branch="false"/>
            <line number="99" hits="12" branch="false"/>
            <line number="100" hits="12" branch="false"/>
            <line number="101" hits="12" branch="false"/>
            <line number="103" hits="12" branch="false"/>
            <line number="104" hits="12" branch="false"/>
            <line number="105" hits="12" branch="false"/>
            <line number="106" hits="12" branch="false"/>
            <line number="107" hits="12" branch="false"/>
            <line number="108" hits="12" branch="false"/>
            <line number="110" hits="12" branch="false"/>
            <line number="111" hits="12" branch="false"/>
            <line number="112" hits="12" branch="false"/>
            <line number="113" hits="12" branch="false"/>
            <line number="114" hits="12" branch="false"/>
            <line number="118" hits="20" branch="false"/>
            <line number="119" hits="20" branch="false"/>
            <line number="120" hits="20" branch="false"/>
            <line number="121" hits="20" branch="false"/>
            <line number="122" hits="20" branch="false"/>
            <line number="123" hits="20" branch="false"/>
            <line number="124" hits="20" branch="false"/>
            <line number="125" hits="20" branch="false"/>
            <line number="126" hits="20" branch="false"/>
            <line number="127" hits="20" branch="false"/>
            <line number="128" hits="20" branch="false"/>
            <line number="129" hits="20" branch="false"/>
            <line number="130" hits="20" branch="false"/>
            <line number="131" hits="20" branch="false"/>
            <line number="132" hits="20" branch="false"/>
            <line number="133" hits="20" branch="false"/>
            <line number="134" hits="1" branch="false"/>
            <line number="135" hits="1" branch="false"/>
            <line number="136" hits="1" branch="false"/>
            <line number="137" hits="1" branch="false"/>
            <line number="138" hits="1" branch="false"/>
            <line number="139" hits="20" branch="false"/>
            <line number="140" hits="20" branch="false"/>
            <line number="141" hits="1" branch="false"/>
            <line number="142" hits="1" branch="false"/>
            <line number="143" hits="1" branch="false"/>
            <line number="144" hits="1" branch="false"/>
            <line number="145" hits="1" branch="false"/>
            <line number="146" hits="20" branch="false"/>
            <line number="147" hits="20" branch="false"/>
            <line number="148" hits="20" branch="false"/>
            <line number="149" hits="20" branch="false"/>
            <line number="150" hits="20" branch="false"/>
            <line number="151" hits="20" branch="false"/>
            <line number="152" hits="20" branch="false"/>
            <line number="156" hits="250" branch="false"/>
            <line number="158" hits="250" branch="false"/>
            <line number="159" hits="250" branch="false"/>
            <line number="160" hits="250" branch="false"/>
            <line number="163" hits="250" branch="false"/>
            <line number="164" hits="1" branch="false"/>
            <line number="165" hits="1" branch="false"/>
            <line number="166" hits="1" branch="false"/>
            <line number="167" hits="1" branch="false"/>
            <line number="168" hits="1" branch="false"/>
            <line number="169" hits="1" branch="false"/>
            <line number="170" hits="1" branch="false"/>
            <line number="172" hits="250" branch="false"/>
            <line number="173" hits="19" branch="false"/>
            <line number="176" hits="250" branch="false"/>
            <line number="181" hits="20" branch="false"/>
            <line number="182" hits="20" branch="false"/>
            <line number="183" hits="20" branch="false"/>
            <line number="184" hits="20" branch="false"/>
          </lines>
        </class>
        <class name="ard_categorical_ci.survey.design.R" filename="R/ard_categorical_ci.survey.design.R" line-rate="0.9765625" branch-rate="0" complexity="0">
          <methods>
            <method name="ard_categorical_ci.survey.design" signature="" line-rate="1" branch-rate="0" complexity="0">
              <lines>
                <line number="32" hits="13" branch="false"/>
                <line number="33" hits="13" branch="false"/>
                <line number="36" hits="13" branch="false"/>
                <line number="37" hits="13" branch="false"/>
                <line number="38" hits="13" branch="false"/>
                <line number="40" hits="13" branch="false"/>
                <line number="41" hits="13" branch="false"/>
                <line number="42" hits="13" branch="false"/>
                <line number="43" hits="13" branch="false"/>
                <line number="44" hits="13" branch="false"/>
                <line number="45" hits="13" branch="false"/>
                <line number="46" hits="13" branch="false"/>
                <line number="47" hits="13" branch="false"/>
                <line number="48" hits="13" branch="false"/>
                <line number="49" hits="13" branch="false"/>
                <line number="50" hits="13" branch="false"/>
                <line number="51" hits="13" branch="false"/>
                <line number="54" hits="13" branch="false"/>
                <line number="55" hits="1" branch="false"/>
                <line number="59" hits="12" branch="false"/>
                <line number="60" hits="12" branch="false"/>
                <line number="61" hits="12" branch="false"/>
                <line number="62" hits="12" branch="false"/>
                <line number="63" hits="12" branch="false"/>
                <line number="64" hits="12" branch="false"/>
                <line number="65" hits="12" branch="false"/>
                <line number="66" hits="12" branch="false"/>
                <line number="67" hits="12" branch="false"/>
                <line number="68" hits="12" branch="false"/>
                <line number="69" hits="12" branch="false"/>
              </lines>
            </method>
            <method name=".calculate_ard_onesample_survey_ci" signature="" line-rate="1" branch-rate="0" complexity="0">
              <lines>
                <line number="74" hits="12" branch="false"/>
                <line number="75" hits="12" branch="false"/>
                <line number="76" hits="12" branch="false"/>
                <line number="77" hits="12" branch="false"/>
                <line number="78" hits="12" branch="false"/>
                <line number="79" hits="12" branch="false"/>
                <line number="80" hits="12" branch="false"/>
                <line number="81" hits="12" branch="false"/>
                <line number="82" hits="12" branch="false"/>
                <line number="83" hits="12" branch="false"/>
                <line number="84" hits="12" branch="false"/>
                <line number="85" hits="12" branch="false"/>
                <line number="86" hits="12" branch="false"/>
                <line number="87" hits="12" branch="false"/>
                <line number="88" hits="12" branch="false"/>
              </lines>
            </method>
            <method name=".calculate_one_ard_categorical_survey_ci" signature="" line-rate="0.966101694915254" branch-rate="0" complexity="0">
              <lines>
                <line number="92" hits="20" branch="false"/>
                <line number="93" hits="20" branch="false"/>
                <line number="94" hits="6" branch="false"/>
                <line number="95" hits="6" branch="false"/>
                <line number="96" hits="6" branch="false"/>
                <line number="97" hits="6" branch="false"/>
                <line number="98" hits="6" branch="false"/>
                <line number="99" hits="6" branch="false"/>
                <line number="100" hits="6" branch="false"/>
                <line number="103" hits="20" branch="false"/>
                <line number="104" hits="20" branch="false"/>
                <line number="105" hits="20" branch="false"/>
                <line number="106" hits="20" branch="false"/>
                <line number="107" hits="20" branch="false"/>
                <line number="108" hits="20" branch="false"/>
                <line number="109" hits="20" branch="false"/>
                <line number="110" hits="20" branch="false"/>
                <line number="111" hits="20" branch="false"/>
                <line number="112" hits="20" branch="false"/>
                <line number="113" hits="20" branch="false"/>
                <line number="114" hits="20" branch="false"/>
                <line number="115" hits="20" branch="false"/>
                <line number="116" hits="20" branch="false"/>
                <line number="117" hits="20" branch="false"/>
                <line number="118" hits="20" branch="false"/>
                <line number="119" hits="20" branch="false"/>
                <line number="120" hits="20" branch="false"/>
                <line number="121" hits="20" branch="false"/>
                <line number="122" hits="20" branch="false"/>
                <line number="123" hits="20" branch="false"/>
                <line number="124" hits="20" branch="false"/>
                <line number="125" hits="20" branch="false"/>
                <line number="126" hits="20" branch="false"/>
                <line number="127" hits="20" branch="false"/>
                <line number="128" hits="20" branch="false"/>
                <line number="129" hits="20" branch="false"/>
                <line number="130" hits="20" branch="false"/>
                <line number="131" hits="20" branch="false"/>
                <line number="132" hits="20" branch="false"/>
                <line number="133" hits="20" branch="false"/>
                <line number="134" hits="20" branch="false"/>
                <line number="135" hits="20" branch="false"/>
                <line number="136" hits="20" branch="false"/>
                <line number="137" hits="20" branch="false"/>
                <line number="138" hits="20" branch="false"/>
                <line number="139" hits="20" branch="false"/>
                <line number="140" hits="20" branch="false"/>
                <line number="141" hits="20" branch="false"/>
                <line number="142" hits="20" branch="false"/>
                <line number="143" hits="20" branch="false"/>
                <line number="144" hits="20" branch="false"/>
                <line number="145" hits="20" branch="false"/>
                <line number="146" hits="20" branch="false"/>
                <line number="147" hits="20" branch="false"/>
                <line number="148" hits="20" branch="false"/>
                <line number="151" hits="20" branch="false"/>
                <line number="152" hits="0" branch="false"/>
                <line number="153" hits="0" branch="false"/>
                <line number="156" hits="20" branch="false"/>
              </lines>
            </method>
            <method name=".svyciprop_wrapper" signature="" line-rate="0.947368421052632" branch-rate="0" complexity="0">
              <lines>
                <line number="161" hits="52" branch="false"/>
                <line number="162" hits="52" branch="false"/>
                <line number="163" hits="52" branch="false"/>
                <line number="164" hits="52" branch="false"/>
                <line number="165" hits="52" branch="false"/>
                <line number="166" hits="52" branch="false"/>
                <line number="167" hits="52" branch="false"/>
                <line number="168" hits="52" branch="false"/>
                <line number="169" hits="52" branch="false"/>
                <line number="170" hits="52" branch="false"/>
                <line number="171" hits="52" branch="false"/>
                <line number="172" hits="52" branch="false"/>
                <line number="173" hits="52" branch="false"/>
                <line number="174" hits="52" branch="false"/>
                <line number="175" hits="52" branch="false"/>
                <line number="178" hits="52" branch="false"/>
                <line number="179" hits="0" branch="false"/>
                <line number="183" hits="52" branch="false"/>
                <line number="186" hits="52" branch="false"/>
              </lines>
            </method>
            <method name="case_switch" signature="" line-rate="1" branch-rate="0" complexity="0">
              <lines>
                <line number="191" hits="729" branch="false"/>
                <line number="193" hits="729" branch="false"/>
                <line number="194" hits="956" branch="false"/>
                <line number="195" hits="584" branch="false"/>
                <line number="199" hits="145" branch="false"/>
              </lines>
            </method>
          </methods>
          <lines>
            <line number="32" hits="13" branch="false"/>
            <line number="33" hits="13" branch="false"/>
            <line number="36" hits="13" branch="false"/>
            <line number="37" hits="13" branch="false"/>
            <line number="38" hits="13" branch="false"/>
            <line number="40" hits="13" branch="false"/>
            <line number="41" hits="13" branch="false"/>
            <line number="42" hits="13" branch="false"/>
            <line number="43" hits="13" branch="false"/>
            <line number="44" hits="13" branch="false"/>
            <line number="45" hits="13" branch="false"/>
            <line number="46" hits="13" branch="false"/>
            <line number="47" hits="13" branch="false"/>
            <line number="48" hits="13" branch="false"/>
            <line number="49" hits="13" branch="false"/>
            <line number="50" hits="13" branch="false"/>
            <line number="51" hits="13" branch="false"/>
            <line number="54" hits="13" branch="false"/>
            <line number="55" hits="1" branch="false"/>
            <line number="59" hits="12" branch="false"/>
            <line number="60" hits="12" branch="false"/>
            <line number="61" hits="12" branch="false"/>
            <line number="62" hits="12" branch="false"/>
            <line number="63" hits="12" branch="false"/>
            <line number="64" hits="12" branch="false"/>
            <line number="65" hits="12" branch="false"/>
            <line number="66" hits="12" branch="false"/>
            <line number="67" hits="12" branch="false"/>
            <line number="68" hits="12" branch="false"/>
            <line number="69" hits="12" branch="false"/>
            <line number="74" hits="12" branch="false"/>
            <line number="75" hits="12" branch="false"/>
            <line number="76" hits="12" branch="false"/>
            <line number="77" hits="12" branch="false"/>
            <line number="78" hits="12" branch="false"/>
            <line number="79" hits="12" branch="false"/>
            <line number="80" hits="12" branch="false"/>
            <line number="81" hits="12" branch="false"/>
            <line number="82" hits="12" branch="false"/>
            <line number="83" hits="12" branch="false"/>
            <line number="84" hits="12" branch="false"/>
            <line number="85" hits="12" branch="false"/>
            <line number="86" hits="12" branch="false"/>
            <line number="87" hits="12" branch="false"/>
            <line number="88" hits="12" branch="false"/>
            <line number="92" hits="20" branch="false"/>
            <line number="93" hits="20" branch="false"/>
            <line number="94" hits="6" branch="false"/>
            <line number="95" hits="6" branch="false"/>
            <line number="96" hits="6" branch="false"/>
            <line number="97" hits="6" branch="false"/>
            <line number="98" hits="6" branch="false"/>
            <line number="99" hits="6" branch="false"/>
            <line number="100" hits="6" branch="false"/>
            <line number="103" hits="20" branch="false"/>
            <line number="104" hits="20" branch="false"/>
            <line number="105" hits="20" branch="false"/>
            <line number="106" hits="20" branch="false"/>
            <line number="107" hits="20" branch="false"/>
            <line number="108" hits="20" branch="false"/>
            <line number="109" hits="20" branch="false"/>
            <line number="110" hits="20" branch="false"/>
            <line number="111" hits="20" branch="false"/>
            <line number="112" hits="20" branch="false"/>
            <line number="113" hits="20" branch="false"/>
            <line number="114" hits="20" branch="false"/>
            <line number="115" hits="20" branch="false"/>
            <line number="116" hits="20" branch="false"/>
            <line number="117" hits="20" branch="false"/>
            <line number="118" hits="20" branch="false"/>
            <line number="119" hits="20" branch="false"/>
            <line number="120" hits="20" branch="false"/>
            <line number="121" hits="20" branch="false"/>
            <line number="122" hits="20" branch="false"/>
            <line number="123" hits="20" branch="false"/>
            <line number="124" hits="20" branch="false"/>
            <line number="125" hits="20" branch="false"/>
            <line number="126" hits="20" branch="false"/>
            <line number="127" hits="20" branch="false"/>
            <line number="128" hits="20" branch="false"/>
            <line number="129" hits="20" branch="false"/>
            <line number="130" hits="20" branch="false"/>
            <line number="131" hits="20" branch="false"/>
            <line number="132" hits="20" branch="false"/>
            <line number="133" hits="20" branch="false"/>
            <line number="134" hits="20" branch="false"/>
            <line number="135" hits="20" branch="false"/>
            <line number="136" hits="20" branch="false"/>
            <line number="137" hits="20" branch="false"/>
            <line number="138" hits="20" branch="false"/>
            <line number="139" hits="20" branch="false"/>
            <line number="140" hits="20" branch="false"/>
            <line number="141" hits="20" branch="false"/>
            <line number="142" hits="20" branch="false"/>
            <line number="143" hits="20" branch="false"/>
            <line number="144" hits="20" branch="false"/>
            <line number="145" hits="20" branch="false"/>
            <line number="146" hits="20" branch="false"/>
            <line number="147" hits="20" branch="false"/>
            <line number="148" hits="20" branch="false"/>
            <line number="151" hits="20" branch="false"/>
            <line number="152" hits="0" branch="false"/>
            <line number="153" hits="0" branch="false"/>
            <line number="156" hits="20" branch="false"/>
            <line number="161" hits="52" branch="false"/>
            <line number="162" hits="52" branch="false"/>
            <line number="163" hits="52" branch="false"/>
            <line number="164" hits="52" branch="false"/>
            <line number="165" hits="52" branch="false"/>
            <line number="166" hits="52" branch="false"/>
            <line number="167" hits="52" branch="false"/>
            <line number="168" hits="52" branch="false"/>
            <line number="169" hits="52" branch="false"/>
            <line number="170" hits="52" branch="false"/>
            <line number="171" hits="52" branch="false"/>
            <line number="172" hits="52" branch="false"/>
            <line number="173" hits="52" branch="false"/>
            <line number="174" hits="52" branch="false"/>
            <line number="175" hits="52" branch="false"/>
            <line number="178" hits="52" branch="false"/>
            <line number="179" hits="0" branch="false"/>
            <line number="183" hits="52" branch="false"/>
            <line number="186" hits="52" branch="false"/>
            <line number="191" hits="729" branch="false"/>
            <line number="193" hits="729" branch="false"/>
            <line number="194" hits="956" branch="false"/>
            <line number="195" hits="584" branch="false"/>
            <line number="199" hits="145" branch="false"/>
          </lines>
        </class>
        <class name="ard_categorical.survey.design.R" filename="R/ard_categorical.survey.design.R" line-rate="0.979539641943734" branch-rate="0" complexity="0">
          <methods>
            <method name="ard_categorical.survey.design" signature="" line-rate="0.991735537190083" branch-rate="0" complexity="0">
              <lines>
                <line number="60" hits="83" branch="false"/>
                <line number="61" hits="83" branch="false"/>
                <line number="62" hits="83" branch="false"/>
                <line number="63" hits="83" branch="false"/>
                <line number="66" hits="83" branch="false"/>
                <line number="67" hits="83" branch="false"/>
                <line number="68" hits="83" branch="false"/>
                <line number="69" hits="83" branch="false"/>
                <line number="70" hits="83" branch="false"/>
                <line number="71" hits="83" branch="false"/>
                <line number="72" hits="83" branch="false"/>
                <line number="73" hits="83" branch="false"/>
                <line number="76" hits="83" branch="false"/>
                <line number="77" hits="0" branch="false"/>
                <line number="80" hits="83" branch="false"/>
                <line number="82" hits="83" branch="false"/>
                <line number="83" hits="83" branch="false"/>
                <line number="84" hits="83" branch="false"/>
                <line number="85" hits="83" branch="false"/>
                <line number="86" hits="83" branch="false"/>
                <line number="87" hits="83" branch="false"/>
                <line number="88" hits="83" branch="false"/>
                <line number="89" hits="83" branch="false"/>
                <line number="90" hits="83" branch="false"/>
                <line number="91" hits="83" branch="false"/>
                <line number="92" hits="83" branch="false"/>
                <line number="93" hits="83" branch="false"/>
                <line number="94" hits="83" branch="false"/>
                <line number="95" hits="83" branch="false"/>
                <line number="96" hits="83" branch="false"/>
                <line number="97" hits="83" branch="false"/>
                <line number="98" hits="83" branch="false"/>
                <line number="99" hits="83" branch="false"/>
                <line number="100" hits="83" branch="false"/>
                <line number="103" hits="83" branch="false"/>
                <line number="104" hits="83" branch="false"/>
                <line number="105" hits="83" branch="false"/>
                <line number="106" hits="83" branch="false"/>
                <line number="107" hits="3" branch="false"/>
                <line number="108" hits="3" branch="false"/>
                <line number="109" hits="3" branch="false"/>
                <line number="110" hits="3" branch="false"/>
                <line number="111" hits="3" branch="false"/>
                <line number="112" hits="3" branch="false"/>
                <line number="113" hits="83" branch="false"/>
                <line number="114" hits="83" branch="false"/>
                <line number="115" hits="83" branch="false"/>
                <line number="118" hits="80" branch="false"/>
                <line number="119" hits="2" branch="false"/>
                <line number="120" hits="2" branch="false"/>
                <line number="121" hits="2" branch="false"/>
                <line number="122" hits="2" branch="false"/>
                <line number="125" hits="78" branch="false"/>
                <line number="126" hits="2" branch="false"/>
                <line number="127" hits="2" branch="false"/>
                <line number="128" hits="2" branch="false"/>
                <line number="129" hits="2" branch="false"/>
                <line number="136" hits="76" branch="false"/>
                <line number="139" hits="76" branch="false"/>
                <line number="142" hits="76" branch="false"/>
                <line number="143" hits="76" branch="false"/>
                <line number="145" hits="76" branch="false"/>
                <line number="146" hits="76" branch="false"/>
                <line number="147" hits="76" branch="false"/>
                <line number="148" hits="76" branch="false"/>
                <line number="150" hits="76" branch="false"/>
                <line number="151" hits="76" branch="false"/>
                <line number="152" hits="76" branch="false"/>
                <line number="153" hits="76" branch="false"/>
                <line number="154" hits="76" branch="false"/>
                <line number="155" hits="76" branch="false"/>
                <line number="157" hits="76" branch="false"/>
                <line number="158" hits="76" branch="false"/>
                <line number="159" hits="76" branch="false"/>
                <line number="160" hits="76" branch="false"/>
                <line number="163" hits="76" branch="false"/>
                <line number="164" hits="76" branch="false"/>
                <line number="165" hits="76" branch="false"/>
                <line number="167" hits="76" branch="false"/>
                <line number="168" hits="76" branch="false"/>
                <line number="169" hits="76" branch="false"/>
                <line number="170" hits="76" branch="false"/>
                <line number="171" hits="76" branch="false"/>
                <line number="172" hits="76" branch="false"/>
                <line number="173" hits="76" branch="false"/>
                <line number="174" hits="76" branch="false"/>
                <line number="175" hits="76" branch="false"/>
                <line number="177" hits="76" branch="false"/>
                <line number="178" hits="76" branch="false"/>
                <line number="179" hits="76" branch="false"/>
                <line number="180" hits="76" branch="false"/>
                <line number="181" hits="76" branch="false"/>
                <line number="182" hits="76" branch="false"/>
                <line number="183" hits="76" branch="false"/>
                <line number="184" hits="76" branch="false"/>
                <line number="185" hits="76" branch="false"/>
                <line number="186" hits="76" branch="false"/>
                <line number="187" hits="76" branch="false"/>
                <line number="188" hits="76" branch="false"/>
                <line number="192" hits="76" branch="false"/>
                <line number="193" hits="76" branch="false"/>
                <line number="194" hits="76" branch="false"/>
                <line number="195" hits="76" branch="false"/>
                <line number="196" hits="76" branch="false"/>
                <line number="197" hits="76" branch="false"/>
                <line number="200" hits="76" branch="false"/>
                <line number="201" hits="76" branch="false"/>
                <line number="202" hits="76" branch="false"/>
                <line number="203" hits="76" branch="false"/>
                <line number="204" hits="76" branch="false"/>
                <line number="205" hits="76" branch="false"/>
                <line number="206" hits="76" branch="false"/>
                <line number="209" hits="76" branch="false"/>
                <line number="210" hits="76" branch="false"/>
                <line number="211" hits="76" branch="false"/>
                <line number="212" hits="76" branch="false"/>
                <line number="213" hits="76" branch="false"/>
                <line number="214" hits="76" branch="false"/>
                <line number="215" hits="76" branch="false"/>
                <line number="216" hits="76" branch="false"/>
                <line number="217" hits="76" branch="false"/>
              </lines>
            </method>
            <method name="check_na_factor_levels" signature="" line-rate="0.636363636363636" branch-rate="0" complexity="0">
              <lines>
                <line number="222" hits="132" branch="false"/>
                <line number="223" hits="132" branch="false"/>
                <line number="224" hits="132" branch="false"/>
                <line number="225" hits="132" branch="false"/>
                <line number="226" hits="0" branch="false"/>
                <line number="227" hits="0" branch="false"/>
                <line number="228" hits="0" branch="false"/>
                <line number="229" hits="0" branch="false"/>
                <line number="230" hits="132" branch="false"/>
                <line number="231" hits="132" branch="false"/>
                <line number="232" hits="132" branch="false"/>
              </lines>
            </method>
            <method name=".svytable_rate_stats" signature="" line-rate="0.981481481481482" branch-rate="0" complexity="0">
              <lines>
                <line number="237" hits="54" branch="false"/>
                <line number="238" hits="76" branch="false"/>
                <line number="239" hits="6" branch="false"/>
                <line number="240" hits="6" branch="false"/>
                <line number="241" hits="6" branch="false"/>
                <line number="242" hits="6" branch="false"/>
                <line number="243" hits="6" branch="false"/>
                <line number="245" hits="76" branch="false"/>
                <line number="246" hits="9" branch="false"/>
                <line number="248" hits="76" branch="false"/>
                <line number="249" hits="3" branch="false"/>
                <line number="252" hits="76" branch="false"/>
                <line number="253" hits="76" branch="false"/>
                <line number="254" hits="76" branch="false"/>
                <line number="256" hits="76" branch="false"/>
                <line number="257" hits="6" branch="false"/>
                <line number="258" hits="76" branch="false"/>
                <line number="261" hits="76" branch="false"/>
                <line number="262" hits="76" branch="false"/>
                <line number="263" hits="6" branch="false"/>
                <line number="264" hits="6" branch="false"/>
                <line number="265" hits="6" branch="false"/>
                <line number="266" hits="6" branch="false"/>
                <line number="267" hits="6" branch="false"/>
                <line number="268" hits="76" branch="false"/>
                <line number="269" hits="76" branch="false"/>
                <line number="270" hits="22" branch="false"/>
                <line number="271" hits="76" branch="false"/>
                <line number="272" hits="76" branch="false"/>
                <line number="273" hits="0" branch="false"/>
                <line number="274" hits="76" branch="false"/>
                <line number="277" hits="76" branch="false"/>
                <line number="278" hits="76" branch="false"/>
                <line number="280" hits="76" branch="false"/>
                <line number="281" hits="76" branch="false"/>
                <line number="283" hits="76" branch="false"/>
                <line number="284" hits="76" branch="false"/>
                <line number="286" hits="76" branch="false"/>
                <line number="287" hits="76" branch="false"/>
                <line number="289" hits="76" branch="false"/>
                <line number="290" hits="76" branch="false"/>
                <line number="292" hits="76" branch="false"/>
                <line number="293" hits="76" branch="false"/>
                <line number="294" hits="76" branch="false"/>
                <line number="297" hits="76" branch="false"/>
                <line number="298" hits="6" branch="false"/>
                <line number="299" hits="76" branch="false"/>
                <line number="300" hits="76" branch="false"/>
                <line number="301" hits="12" branch="false"/>
                <line number="302" hits="76" branch="false"/>
                <line number="304" hits="76" branch="false"/>
                <line number="305" hits="76" branch="false"/>
                <line number="306" hits="76" branch="false"/>
                <line number="307" hits="76" branch="false"/>
              </lines>
            </method>
            <method name=".one_svytable_rates_no_by_row" signature="" line-rate="1" branch-rate="0" complexity="0">
              <lines>
                <line number="311" hits="10" branch="false"/>
                <line number="312" hits="10" branch="false"/>
                <line number="313" hits="10" branch="false"/>
                <line number="314" hits="10" branch="false"/>
                <line number="315" hits="10" branch="false"/>
                <line number="316" hits="10" branch="false"/>
                <line number="317" hits="10" branch="false"/>
              </lines>
            </method>
            <method name=".one_svytable_rates_no_by_column_and_cell" signature="" line-rate="1" branch-rate="0" complexity="0">
              <lines>
                <line number="321" hits="29" branch="false"/>
                <line number="322" hits="29" branch="false"/>
                <line number="323" hits="29" branch="false"/>
                <line number="324" hits="29" branch="false"/>
                <line number="325" hits="29" branch="false"/>
                <line number="326" hits="29" branch="false"/>
                <line number="327" hits="29" branch="false"/>
              </lines>
            </method>
            <method name=".one_svytable_rates_by_cell" signature="" line-rate="1" branch-rate="0" complexity="0">
              <lines>
                <line number="331" hits="20" branch="false"/>
                <line number="332" hits="20" branch="false"/>
                <line number="333" hits="20" branch="false"/>
                <line number="334" hits="20" branch="false"/>
                <line number="335" hits="20" branch="false"/>
                <line number="336" hits="20" branch="false"/>
                <line number="338" hits="20" branch="false"/>
                <line number="339" hits="20" branch="false"/>
                <line number="340" hits="20" branch="false"/>
                <line number="341" hits="20" branch="false"/>
                <line number="342" hits="20" branch="false"/>
                <line number="343" hits="20" branch="false"/>
                <line number="344" hits="20" branch="false"/>
                <line number="345" hits="20" branch="false"/>
                <line number="346" hits="20" branch="false"/>
                <line number="347" hits="20" branch="false"/>
                <line number="348" hits="20" branch="false"/>
                <line number="349" hits="20" branch="false"/>
              </lines>
            </method>
            <method name=".one_svytable_rates_by_row" signature="" line-rate="1" branch-rate="0" complexity="0">
              <lines>
                <line number="353" hits="60" branch="false"/>
                <line number="354" hits="60" branch="false"/>
                <line number="355" hits="60" branch="false"/>
                <line number="356" hits="60" branch="false"/>
                <line number="357" hits="60" branch="false"/>
                <line number="358" hits="60" branch="false"/>
                <line number="359" hits="60" branch="false"/>
                <line number="360" hits="60" branch="false"/>
                <line number="361" hits="60" branch="false"/>
                <line number="362" hits="60" branch="false"/>
                <line number="363" hits="60" branch="false"/>
                <line number="364" hits="60" branch="false"/>
                <line number="365" hits="60" branch="false"/>
                <line number="366" hits="60" branch="false"/>
                <line number="367" hits="60" branch="false"/>
                <line number="368" hits="60" branch="false"/>
                <line number="369" hits="60" branch="false"/>
                <line number="370" hits="60" branch="false"/>
                <line number="371" hits="60" branch="false"/>
                <line number="372" hits="60" branch="false"/>
                <line number="373" hits="60" branch="false"/>
                <line number="374" hits="60" branch="false"/>
                <line number="375" hits="60" branch="false"/>
                <line number="376" hits="60" branch="false"/>
                <line number="377" hits="60" branch="false"/>
                <line number="378" hits="60" branch="false"/>
                <line number="379" hits="60" branch="false"/>
                <line number="380" hits="60" branch="false"/>
                <line number="381" hits="60" branch="false"/>
                <line number="382" hits="60" branch="false"/>
              </lines>
            </method>
            <method name=".one_svytable_rates_by_column" signature="" line-rate="1" branch-rate="0" complexity="0">
              <lines>
                <line number="386" hits="23" branch="false"/>
                <line number="387" hits="23" branch="false"/>
                <line number="388" hits="23" branch="false"/>
                <line number="389" hits="23" branch="false"/>
                <line number="390" hits="23" branch="false"/>
                <line number="391" hits="23" branch="false"/>
                <line number="392" hits="23" branch="false"/>
                <line number="393" hits="23" branch="false"/>
                <line number="394" hits="23" branch="false"/>
                <line number="395" hits="23" branch="false"/>
                <line number="396" hits="23" branch="false"/>
                <line number="397" hits="23" branch="false"/>
                <line number="398" hits="23" branch="false"/>
                <line number="399" hits="23" branch="false"/>
                <line number="400" hits="23" branch="false"/>
                <line number="401" hits="23" branch="false"/>
                <line number="402" hits="23" branch="false"/>
                <line number="403" hits="23" branch="false"/>
                <line number="404" hits="23" branch="false"/>
                <line number="405" hits="23" branch="false"/>
                <line number="406" hits="23" branch="false"/>
                <line number="407" hits="23" branch="false"/>
                <line number="408" hits="23" branch="false"/>
                <line number="409" hits="23" branch="false"/>
                <line number="410" hits="23" branch="false"/>
                <line number="411" hits="23" branch="false"/>
                <line number="412" hits="23" branch="false"/>
                <line number="413" hits="23" branch="false"/>
                <line number="414" hits="23" branch="false"/>
                <line number="415" hits="23" branch="false"/>
              </lines>
            </method>
            <method name=".svytable_counts" signature="" line-rate="1" branch-rate="0" complexity="0">
              <lines>
                <line number="419" hits="76" branch="false"/>
                <line number="420" hits="76" branch="false"/>
                <line number="421" hits="76" branch="false"/>
                <line number="422" hits="76" branch="false"/>
                <line number="424" hits="76" branch="false"/>
                <line number="425" hits="76" branch="false"/>
                <line number="426" hits="76" branch="false"/>
                <line number="427" hits="76" branch="false"/>
                <line number="428" hits="39" branch="false"/>
                <line number="429" hits="39" branch="false"/>
                <line number="430" hits="76" branch="false"/>
                <line number="431" hits="76" branch="false"/>
                <line number="432" hits="76" branch="false"/>
                <line number="433" hits="76" branch="false"/>
                <line number="434" hits="76" branch="false"/>
                <line number="437" hits="76" branch="false"/>
                <line number="438" hits="76" branch="false"/>
                <line number="439" hits="76" branch="false"/>
                <line number="440" hits="76" branch="false"/>
                <line number="441" hits="76" branch="false"/>
                <line number="442" hits="76" branch="false"/>
                <line number="443" hits="76" branch="false"/>
                <line number="444" hits="76" branch="false"/>
                <line number="445" hits="76" branch="false"/>
                <line number="448" hits="76" branch="false"/>
                <line number="450" hits="24" branch="false"/>
                <line number="451" hits="24" branch="false"/>
                <line number="452" hits="24" branch="false"/>
                <line number="453" hits="24" branch="false"/>
                <line number="454" hits="24" branch="false"/>
                <line number="455" hits="24" branch="false"/>
                <line number="457" hits="37" branch="false"/>
                <line number="458" hits="37" branch="false"/>
                <line number="459" hits="37" branch="false"/>
                <line number="460" hits="37" branch="false"/>
                <line number="461" hits="37" branch="false"/>
                <line number="462" hits="37" branch="false"/>
                <line number="464" hits="15" branch="false"/>
                <line number="465" hits="15" branch="false"/>
                <line number="466" hits="15" branch="false"/>
                <line number="467" hits="15" branch="false"/>
                <line number="468" hits="15" branch="false"/>
                <line number="469" hits="15" branch="false"/>
              </lines>
            </method>
            <method name=".df_all_combos" signature="" line-rate="1" branch-rate="0" complexity="0">
              <lines>
                <line number="474" hits="162" branch="false"/>
                <line number="475" hits="162" branch="false"/>
                <line number="476" hits="162" branch="false"/>
                <line number="477" hits="162" branch="false"/>
                <line number="478" hits="162" branch="false"/>
                <line number="479" hits="162" branch="false"/>
                <line number="480" hits="162" branch="false"/>
                <line number="481" hits="162" branch="false"/>
                <line number="482" hits="123" branch="false"/>
                <line number="483" hits="162" branch="false"/>
                <line number="486" hits="162" branch="false"/>
                <line number="487" hits="162" branch="false"/>
                <line number="488" hits="162" branch="false"/>
                <line number="489" hits="162" branch="false"/>
                <line number="490" hits="162" branch="false"/>
                <line number="491" hits="162" branch="false"/>
                <line number="492" hits="162" branch="false"/>
              </lines>
            </method>
            <method name=".default_svy_cat_fmt_fn" signature="" line-rate="0.92" branch-rate="0" complexity="0">
              <lines>
                <line number="508" hits="81" branch="false"/>
                <line number="509" hits="81" branch="false"/>
                <line number="510" hits="81" branch="false"/>
                <line number="511" hits="81" branch="false"/>
                <line number="512" hits="81" branch="false"/>
                <line number="513" hits="81" branch="false"/>
                <line number="514" hits="81" branch="false"/>
                <line number="515" hits="0" branch="false"/>
                <line number="516" hits="81" branch="false"/>
                <line number="517" hits="81" branch="false"/>
                <line number="518" hits="81" branch="false"/>
                <line number="519" hits="81" branch="false"/>
                <line number="520" hits="81" branch="false"/>
                <line number="521" hits="81" branch="false"/>
                <line number="522" hits="81" branch="false"/>
                <line number="523" hits="81" branch="false"/>
                <line number="524" hits="33" branch="false"/>
                <line number="525" hits="81" branch="false"/>
                <line number="526" hits="81" branch="false"/>
                <line number="527" hits="81" branch="false"/>
                <line number="528" hits="81" branch="false"/>
                <line number="529" hits="0" branch="false"/>
                <line number="530" hits="81" branch="false"/>
                <line number="531" hits="81" branch="false"/>
                <line number="532" hits="81" branch="false"/>
              </lines>
            </method>
            <method name=".process_nested_list_as_df" signature="" line-rate="1" branch-rate="0" complexity="0">
              <lines>
                <line number="558" hits="162" branch="false"/>
                <line number="559" hits="162" branch="false"/>
                <line number="563" hits="162" branch="false"/>
                <line number="564" hits="81" branch="false"/>
                <line number="565" hits="81" branch="false"/>
                <line number="566" hits="81" branch="false"/>
[...]
                <line number="164" hits="7" branch="false"/>
                <line number="165" hits="7" branch="false"/>
                <line number="166" hits="7" branch="false"/>
                <line number="167" hits="7" branch="false"/>
                <line number="169" hits="7" branch="false"/>
                <line number="170" hits="7" branch="false"/>
                <line number="171" hits="7" branch="false"/>
                <line number="172" hits="7" branch="false"/>
                <line number="173" hits="7" branch="false"/>
                <line number="174" hits="7" branch="false"/>
                <line number="175" hits="7" branch="false"/>
                <line number="176" hits="7" branch="false"/>
              </lines>
            </method>
            <method name="proportion_ci_jeffreys" signature="" line-rate="1" branch-rate="0" complexity="0">
              <lines>
                <line number="187" hits="8" branch="false"/>
                <line number="190" hits="8" branch="false"/>
                <line number="191" hits="8" branch="false"/>
                <line number="192" hits="8" branch="false"/>
                <line number="193" hits="8" branch="false"/>
                <line number="194" hits="8" branch="false"/>
                <line number="196" hits="8" branch="false"/>
                <line number="197" hits="8" branch="false"/>
                <line number="199" hits="8" branch="false"/>
                <line number="200" hits="8" branch="false"/>
                <line number="201" hits="8" branch="false"/>
                <line number="202" hits="8" branch="false"/>
                <line number="203" hits="8" branch="false"/>
                <line number="204" hits="8" branch="false"/>
                <line number="206" hits="8" branch="false"/>
                <line number="207" hits="8" branch="false"/>
                <line number="208" hits="8" branch="false"/>
                <line number="209" hits="8" branch="false"/>
                <line number="210" hits="8" branch="false"/>
                <line number="212" hits="8" branch="false"/>
                <line number="213" hits="8" branch="false"/>
                <line number="214" hits="8" branch="false"/>
                <line number="215" hits="8" branch="false"/>
                <line number="216" hits="8" branch="false"/>
                <line number="217" hits="8" branch="false"/>
                <line number="218" hits="8" branch="false"/>
                <line number="219" hits="8" branch="false"/>
              </lines>
            </method>
            <method name="proportion_ci_strat_wilson" signature="" line-rate="1" branch-rate="0" complexity="0">
              <lines>
                <line number="274" hits="12" branch="false"/>
                <line number="277" hits="12" branch="false"/>
                <line number="278" hits="12" branch="false"/>
                <line number="279" hits="12" branch="false"/>
                <line number="280" hits="12" branch="false"/>
                <line number="281" hits="12" branch="false"/>
                <line number="282" hits="12" branch="false"/>
                <line number="283" hits="12" branch="false"/>
                <line number="284" hits="12" branch="false"/>
                <line number="287" hits="12" branch="false"/>
                <line number="288" hits="12" branch="false"/>
                <line number="289" hits="12" branch="false"/>
                <line number="290" hits="6" branch="false"/>
                <line number="292" hits="12" branch="false"/>
                <line number="293" hits="2" branch="false"/>
                <line number="296" hits="10" branch="false"/>
                <line number="297" hits="10" branch="false"/>
                <line number="300" hits="10" branch="false"/>
                <line number="301" hits="10" branch="false"/>
                <line number="302" hits="3" branch="false"/>
                <line number="303" hits="3" branch="false"/>
                <line number="306" hits="3" branch="false"/>
                <line number="307" hits="2" branch="false"/>
                <line number="310" hits="8" branch="false"/>
                <line number="311" hits="7" branch="false"/>
                <line number="312" hits="7" branch="false"/>
                <line number="313" hits="7" branch="false"/>
                <line number="314" hits="7" branch="false"/>
                <line number="315" hits="1" branch="false"/>
                <line number="318" hits="6" branch="false"/>
                <line number="319" hits="6" branch="false"/>
                <line number="320" hits="6" branch="false"/>
                <line number="321" hits="6" branch="false"/>
                <line number="322" hits="6" branch="false"/>
                <line number="323" hits="6" branch="false"/>
                <line number="324" hits="6" branch="false"/>
                <line number="326" hits="6" branch="false"/>
                <line number="329" hits="6" branch="false"/>
                <line number="330" hits="1" branch="false"/>
                <line number="331" hits="6" branch="false"/>
                <line number="332" hits="5" branch="false"/>
                <line number="333" hits="6" branch="false"/>
                <line number="335" hits="6" branch="false"/>
                <line number="337" hits="6" branch="false"/>
                <line number="338" hits="6" branch="false"/>
                <line number="340" hits="6" branch="false"/>
                <line number="341" hits="6" branch="false"/>
                <line number="342" hits="6" branch="false"/>
                <line number="343" hits="6" branch="false"/>
                <line number="344" hits="6" branch="false"/>
                <line number="345" hits="6" branch="false"/>
                <line number="346" hits="6" branch="false"/>
                <line number="348" hits="6" branch="false"/>
                <line number="349" hits="6" branch="false"/>
                <line number="352" hits="6" branch="false"/>
                <line number="353" hits="6" branch="false"/>
                <line number="354" hits="6" branch="false"/>
                <line number="355" hits="6" branch="false"/>
                <line number="356" hits="6" branch="false"/>
                <line number="357" hits="6" branch="false"/>
                <line number="358" hits="6" branch="false"/>
                <line number="359" hits="6" branch="false"/>
                <line number="360" hits="6" branch="false"/>
                <line number="361" hits="6" branch="false"/>
                <line number="362" hits="6" branch="false"/>
              </lines>
            </method>
            <method name="is_binary" signature="" line-rate="1" branch-rate="0" complexity="0">
              <lines>
                <line number="369" hits="526" branch="false"/>
              </lines>
            </method>
            <method name=".strata_normal_quantile" signature="" line-rate="1" branch-rate="0" complexity="0">
              <lines>
                <line number="399" hits="8" branch="false"/>
                <line number="401" hits="8" branch="false"/>
              </lines>
            </method>
            <method name=".update_weights_strat_wilson" signature="" line-rate="0.95" branch-rate="0" complexity="0">
              <lines>
                <line number="438" hits="1" branch="false"/>
                <line number="439" hits="1" branch="false"/>
                <line number="441" hits="1" branch="false"/>
                <line number="442" hits="1" branch="false"/>
                <line number="443" hits="1" branch="false"/>
                <line number="444" hits="1" branch="false"/>
                <line number="445" hits="1" branch="false"/>
                <line number="446" hits="1" branch="false"/>
                <line number="447" hits="1" branch="false"/>
                <line number="448" hits="1" branch="false"/>
                <line number="449" hits="1" branch="false"/>
                <line number="450" hits="1" branch="false"/>
                <line number="451" hits="1" branch="false"/>
                <line number="453" hits="1" branch="false"/>
                <line number="454" hits="0" branch="false"/>
                <line number="457" hits="1" branch="false"/>
                <line number="458" hits="1" branch="false"/>
                <line number="459" hits="1" branch="false"/>
                <line number="460" hits="1" branch="false"/>
                <line number="461" hits="1" branch="false"/>
              </lines>
            </method>
          </methods>
          <lines>
            <line number="32" hits="23" branch="false"/>
            <line number="35" hits="23" branch="false"/>
            <line number="36" hits="23" branch="false"/>
            <line number="37" hits="23" branch="false"/>
            <line number="38" hits="23" branch="false"/>
            <line number="39" hits="23" branch="false"/>
            <line number="40" hits="23" branch="false"/>
            <line number="42" hits="23" branch="false"/>
            <line number="44" hits="23" branch="false"/>
            <line number="45" hits="23" branch="false"/>
            <line number="46" hits="23" branch="false"/>
            <line number="47" hits="23" branch="false"/>
            <line number="48" hits="23" branch="false"/>
            <line number="50" hits="23" branch="false"/>
            <line number="51" hits="23" branch="false"/>
            <line number="52" hits="23" branch="false"/>
            <line number="54" hits="23" branch="false"/>
            <line number="55" hits="23" branch="false"/>
            <line number="56" hits="23" branch="false"/>
            <line number="57" hits="23" branch="false"/>
            <line number="58" hits="23" branch="false"/>
            <line number="59" hits="23" branch="false"/>
            <line number="60" hits="23" branch="false"/>
            <line number="61" hits="23" branch="false"/>
            <line number="62" hits="23" branch="false"/>
            <line number="75" hits="14" branch="false"/>
            <line number="78" hits="14" branch="false"/>
            <line number="81" hits="14" branch="false"/>
            <line number="82" hits="14" branch="false"/>
            <line number="83" hits="13" branch="false"/>
            <line number="84" hits="13" branch="false"/>
            <line number="85" hits="13" branch="false"/>
            <line number="86" hits="13" branch="false"/>
            <line number="88" hits="12" branch="false"/>
            <line number="90" hits="12" branch="false"/>
            <line number="91" hits="12" branch="false"/>
            <line number="93" hits="12" branch="false"/>
            <line number="94" hits="12" branch="false"/>
            <line number="95" hits="12" branch="false"/>
            <line number="96" hits="12" branch="false"/>
            <line number="97" hits="12" branch="false"/>
            <line number="98" hits="12" branch="false"/>
            <line number="99" hits="12" branch="false"/>
            <line number="100" hits="12" branch="false"/>
            <line number="113" hits="5" branch="false"/>
            <line number="116" hits="5" branch="false"/>
            <line number="119" hits="5" branch="false"/>
            <line number="120" hits="5" branch="false"/>
            <line number="121" hits="5" branch="false"/>
            <line number="122" hits="5" branch="false"/>
            <line number="124" hits="5" branch="false"/>
            <line number="125" hits="5" branch="false"/>
            <line number="127" hits="5" branch="false"/>
            <line number="129" hits="5" branch="false"/>
            <line number="130" hits="5" branch="false"/>
            <line number="131" hits="5" branch="false"/>
            <line number="144" hits="7" branch="false"/>
            <line number="147" hits="7" branch="false"/>
            <line number="148" hits="7" branch="false"/>
            <line number="149" hits="7" branch="false"/>
            <line number="150" hits="7" branch="false"/>
            <line number="152" hits="7" branch="false"/>
            <line number="154" hits="7" branch="false"/>
            <line number="155" hits="7" branch="false"/>
            <line number="156" hits="7" branch="false"/>
            <line number="159" hits="7" branch="false"/>
            <line number="160" hits="7" branch="false"/>
            <line number="163" hits="7" branch="false"/>
            <line number="164" hits="7" branch="false"/>
            <line number="165" hits="7" branch="false"/>
            <line number="166" hits="7" branch="false"/>
            <line number="167" hits="7" branch="false"/>
            <line number="169" hits="7" branch="false"/>
            <line number="170" hits="7" branch="false"/>
            <line number="171" hits="7" branch="false"/>
            <line number="172" hits="7" branch="false"/>
            <line number="173" hits="7" branch="false"/>
            <line number="174" hits="7" branch="false"/>
            <line number="175" hits="7" branch="false"/>
            <line number="176" hits="7" branch="false"/>
            <line number="187" hits="8" branch="false"/>
            <line number="190" hits="8" branch="false"/>
            <line number="191" hits="8" branch="false"/>
            <line number="192" hits="8" branch="false"/>
            <line number="193" hits="8" branch="false"/>
            <line number="194" hits="8" branch="false"/>
            <line number="196" hits="8" branch="false"/>
            <line number="197" hits="8" branch="false"/>
            <line number="199" hits="8" branch="false"/>
            <line number="200" hits="8" branch="false"/>
            <line number="201" hits="8" branch="false"/>
            <line number="202" hits="8" branch="false"/>
            <line number="203" hits="8" branch="false"/>
            <line number="204" hits="8" branch="false"/>
            <line number="206" hits="8" branch="false"/>
            <line number="207" hits="8" branch="false"/>
            <line number="208" hits="8" branch="false"/>
            <line number="209" hits="8" branch="false"/>
            <line number="210" hits="8" branch="false"/>
            <line number="212" hits="8" branch="false"/>
            <line number="213" hits="8" branch="false"/>
            <line number="214" hits="8" branch="false"/>
            <line number="215" hits="8" branch="false"/>
            <line number="216" hits="8" branch="false"/>
            <line number="217" hits="8" branch="false"/>
            <line number="218" hits="8" branch="false"/>
            <line number="219" hits="8" branch="false"/>
            <line number="274" hits="12" branch="false"/>
            <line number="277" hits="12" branch="false"/>
            <line number="278" hits="12" branch="false"/>
            <line number="279" hits="12" branch="false"/>
            <line number="280" hits="12" branch="false"/>
            <line number="281" hits="12" branch="false"/>
            <line number="282" hits="12" branch="false"/>
            <line number="283" hits="12" branch="false"/>
            <line number="284" hits="12" branch="false"/>
            <line number="287" hits="12" branch="false"/>
            <line number="288" hits="12" branch="false"/>
            <line number="289" hits="12" branch="false"/>
            <line number="290" hits="6" branch="false"/>
            <line number="292" hits="12" branch="false"/>
            <line number="293" hits="2" branch="false"/>
            <line number="296" hits="10" branch="false"/>
            <line number="297" hits="10" branch="false"/>
            <line number="300" hits="10" branch="false"/>
            <line number="301" hits="10" branch="false"/>
            <line number="302" hits="3" branch="false"/>
            <line number="303" hits="3" branch="false"/>
            <line number="306" hits="3" branch="false"/>
            <line number="307" hits="2" branch="false"/>
            <line number="310" hits="8" branch="false"/>
            <line number="311" hits="7" branch="false"/>
            <line number="312" hits="7" branch="false"/>
            <line number="313" hits="7" branch="false"/>
            <line number="314" hits="7" branch="false"/>
            <line number="315" hits="1" branch="false"/>
            <line number="318" hits="6" branch="false"/>
            <line number="319" hits="6" branch="false"/>
            <line number="320" hits="6" branch="false"/>
            <line number="321" hits="6" branch="false"/>
            <line number="322" hits="6" branch="false"/>
            <line number="323" hits="6" branch="false"/>
            <line number="324" hits="6" branch="false"/>
            <line number="326" hits="6" branch="false"/>
            <line number="329" hits="6" branch="false"/>
            <line number="330" hits="1" branch="false"/>
            <line number="331" hits="6" branch="false"/>
            <line number="332" hits="5" branch="false"/>
            <line number="333" hits="6" branch="false"/>
            <line number="335" hits="6" branch="false"/>
            <line number="337" hits="6" branch="false"/>
            <line number="338" hits="6" branch="false"/>
            <line number="340" hits="6" branch="false"/>
            <line number="341" hits="6" branch="false"/>
            <line number="342" hits="6" branch="false"/>
            <line number="343" hits="6" branch="false"/>
            <line number="344" hits="6" branch="false"/>
            <line number="345" hits="6" branch="false"/>
            <line number="346" hits="6" branch="false"/>
            <line number="348" hits="6" branch="false"/>
            <line number="349" hits="6" branch="false"/>
            <line number="352" hits="6" branch="false"/>
            <line number="353" hits="6" branch="false"/>
            <line number="354" hits="6" branch="false"/>
            <line number="355" hits="6" branch="false"/>
            <line number="356" hits="6" branch="false"/>
            <line number="357" hits="6" branch="false"/>
            <line number="358" hits="6" branch="false"/>
            <line number="359" hits="6" branch="false"/>
            <line number="360" hits="6" branch="false"/>
            <line number="361" hits="6" branch="false"/>
            <line number="362" hits="6" branch="false"/>
            <line number="369" hits="526" branch="false"/>
            <line number="399" hits="8" branch="false"/>
            <line number="401" hits="8" branch="false"/>
            <line number="438" hits="1" branch="false"/>
            <line number="439" hits="1" branch="false"/>
            <line number="441" hits="1" branch="false"/>
            <line number="442" hits="1" branch="false"/>
            <line number="443" hits="1" branch="false"/>
            <line number="444" hits="1" branch="false"/>
            <line number="445" hits="1" branch="false"/>
            <line number="446" hits="1" branch="false"/>
            <line number="447" hits="1" branch="false"/>
            <line number="448" hits="1" branch="false"/>
            <line number="449" hits="1" branch="false"/>
            <line number="450" hits="1" branch="false"/>
            <line number="451" hits="1" branch="false"/>
            <line number="453" hits="1" branch="false"/>
            <line number="454" hits="0" branch="false"/>
            <line number="457" hits="1" branch="false"/>
            <line number="458" hits="1" branch="false"/>
            <line number="459" hits="1" branch="false"/>
            <line number="460" hits="1" branch="false"/>
            <line number="461" hits="1" branch="false"/>
          </lines>
        </class>
      </classes>
    </package>
  </packages>
</coverage>
